2017-08-13 21:12:41,139 - db_util - INFO - Getting DB engine instance
2017-08-13 21:12:41,274 - core_websocket - INFO - Connecting to url: wss://ws-feed.gdax.com channel: {'type': 'subscribe', 'product_ids': ['BTC-USD']}
2017-08-13 21:12:41,443 - core_websocket - INFO - Turning on heartbeat
2017-08-13 21:12:41,443 - core_websocket - INFO - Listening for messages
2017-08-13 21:12:41,506 - gdax_msg_storage - ERROR - Out of sync: last sequence(-1), message(3836784172)
2017-08-13 21:12:51,651 - gdax_msg_storage - INFO - Storing 325 messages after 10.38s
2017-08-13 21:12:51,668 - db_util - INFO - ~~~~~~~~~~~~~~~~~~~~~~~~~~~~~~
2017-08-13 21:12:52,552 - db_util - INFO - Stored 109 rows in GdaxReceived
2017-08-13 21:12:52,552 - db_util - INFO - ~~~~~~~~~~~~~~~~~~~~~~~~~~~~~~
2017-08-13 21:12:52,553 - db_util - INFO - ~~~~~~~~~~~~~~~~~~~~~~~~~~~~~~
2017-08-13 21:12:53,093 - db_util - INFO - Stored 107 rows in GdaxOpen
2017-08-13 21:12:53,093 - db_util - INFO - ~~~~~~~~~~~~~~~~~~~~~~~~~~~~~~
2017-08-13 21:12:53,093 - db_util - INFO - ~~~~~~~~~~~~~~~~~~~~~~~~~~~~~~
2017-08-13 21:12:53,745 - db_util - INFO - Stored 2 rows in GdaxMatch
2017-08-13 21:12:53,745 - db_util - INFO - ~~~~~~~~~~~~~~~~~~~~~~~~~~~~~~
2017-08-13 21:12:53,745 - db_util - INFO - ~~~~~~~~~~~~~~~~~~~~~~~~~~~~~~
2017-08-13 21:12:54,284 - db_util - INFO - Stored 107 rows in GdaxDone
2017-08-13 21:12:54,284 - db_util - INFO - ~~~~~~~~~~~~~~~~~~~~~~~~~~~~~~
2017-08-13 21:12:54,285 - gdax_msg_storage - INFO - Took 2.63s to store 325 messages
2017-08-13 21:13:01,697 - gdax_msg_storage - INFO - Storing 413 messages after 10.05s
2017-08-13 21:13:01,718 - db_util - INFO - ~~~~~~~~~~~~~~~~~~~~~~~~~~~~~~
2017-08-13 21:13:03,446 - db_util - INFO - Stored 134 rows in GdaxDone
2017-08-13 21:13:03,446 - db_util - INFO - ~~~~~~~~~~~~~~~~~~~~~~~~~~~~~~
2017-08-13 21:13:03,447 - db_util - INFO - ~~~~~~~~~~~~~~~~~~~~~~~~~~~~~~
2017-08-13 21:13:04,145 - db_util - INFO - Stored 140 rows in GdaxOpen
2017-08-13 21:13:04,146 - db_util - INFO - ~~~~~~~~~~~~~~~~~~~~~~~~~~~~~~
2017-08-13 21:13:04,146 - db_util - INFO - ~~~~~~~~~~~~~~~~~~~~~~~~~~~~~~
2017-08-13 21:13:04,824 - db_util - INFO - Stored 139 rows in GdaxReceived
2017-08-13 21:13:04,824 - db_util - INFO - ~~~~~~~~~~~~~~~~~~~~~~~~~~~~~~
2017-08-13 21:13:04,825 - gdax_msg_storage - INFO - Took 3.12s to store 413 messages
2017-08-13 21:13:11,895 - gdax_msg_storage - INFO - Storing 400 messages after 10.20s
2017-08-13 21:13:11,916 - db_util - INFO - ~~~~~~~~~~~~~~~~~~~~~~~~~~~~~~
2017-08-13 21:13:14,170 - db_util - INFO - Stored 133 rows in GdaxReceived
2017-08-13 21:13:14,171 - db_util - INFO - ~~~~~~~~~~~~~~~~~~~~~~~~~~~~~~
2017-08-13 21:13:14,171 - db_util - INFO - ~~~~~~~~~~~~~~~~~~~~~~~~~~~~~~
2017-08-13 21:13:14,739 - db_util - INFO - Stored 132 rows in GdaxOpen
2017-08-13 21:13:14,740 - db_util - INFO - ~~~~~~~~~~~~~~~~~~~~~~~~~~~~~~
2017-08-13 21:13:14,740 - db_util - INFO - ~~~~~~~~~~~~~~~~~~~~~~~~~~~~~~
2017-08-13 21:13:14,924 - db_util - INFO - Stored 135 rows in GdaxDone
2017-08-13 21:13:14,925 - db_util - INFO - ~~~~~~~~~~~~~~~~~~~~~~~~~~~~~~
2017-08-13 21:13:14,925 - gdax_msg_storage - INFO - Took 3.02s to store 400 messages
2017-08-13 21:13:22,051 - gdax_msg_storage - INFO - Storing 375 messages after 10.16s
2017-08-13 21:13:22,071 - db_util - INFO - ~~~~~~~~~~~~~~~~~~~~~~~~~~~~~~
2017-08-13 21:13:24,034 - db_util - INFO - Stored 124 rows in GdaxReceived
2017-08-13 21:13:24,034 - db_util - INFO - ~~~~~~~~~~~~~~~~~~~~~~~~~~~~~~
2017-08-13 21:13:24,034 - db_util - INFO - ~~~~~~~~~~~~~~~~~~~~~~~~~~~~~~
2017-08-13 21:13:24,349 - db_util - INFO - Stored 123 rows in GdaxOpen
2017-08-13 21:13:24,349 - db_util - INFO - ~~~~~~~~~~~~~~~~~~~~~~~~~~~~~~
2017-08-13 21:13:24,350 - db_util - INFO - ~~~~~~~~~~~~~~~~~~~~~~~~~~~~~~
2017-08-13 21:13:24,513 - db_util - INFO - Stored 1 rows in GdaxMatch
2017-08-13 21:13:24,514 - db_util - INFO - ~~~~~~~~~~~~~~~~~~~~~~~~~~~~~~
2017-08-13 21:13:24,514 - db_util - INFO - ~~~~~~~~~~~~~~~~~~~~~~~~~~~~~~
2017-08-13 21:13:24,690 - db_util - INFO - Stored 127 rows in GdaxDone
2017-08-13 21:13:24,690 - db_util - INFO - ~~~~~~~~~~~~~~~~~~~~~~~~~~~~~~
2017-08-13 21:13:24,691 - gdax_msg_storage - INFO - Took 2.63s to store 375 messages
2017-08-13 21:13:32,187 - gdax_msg_storage - INFO - Storing 244 messages after 10.14s
2017-08-13 21:13:32,196 - db_util - INFO - ~~~~~~~~~~~~~~~~~~~~~~~~~~~~~~
2017-08-13 21:13:32,847 - db_util - INFO - Stored 79 rows in GdaxDone
2017-08-13 21:13:32,848 - db_util - INFO - ~~~~~~~~~~~~~~~~~~~~~~~~~~~~~~
2017-08-13 21:13:32,848 - db_util - INFO - ~~~~~~~~~~~~~~~~~~~~~~~~~~~~~~
2017-08-13 21:13:33,408 - db_util - INFO - Stored 83 rows in GdaxOpen
2017-08-13 21:13:33,408 - db_util - INFO - ~~~~~~~~~~~~~~~~~~~~~~~~~~~~~~
2017-08-13 21:13:33,409 - db_util - INFO - ~~~~~~~~~~~~~~~~~~~~~~~~~~~~~~
2017-08-13 21:13:33,832 - db_util - INFO - Stored 82 rows in GdaxReceived
2017-08-13 21:13:33,832 - db_util - INFO - ~~~~~~~~~~~~~~~~~~~~~~~~~~~~~~
2017-08-13 21:13:33,833 - gdax_msg_storage - INFO - Took 1.64s to store 244 messages
2017-08-13 21:13:42,363 - gdax_msg_storage - INFO - Storing 281 messages after 10.18s
2017-08-13 21:13:42,373 - db_util - INFO - ~~~~~~~~~~~~~~~~~~~~~~~~~~~~~~
2017-08-13 21:13:42,884 - db_util - INFO - Stored 94 rows in GdaxReceived
2017-08-13 21:13:42,885 - db_util - INFO - ~~~~~~~~~~~~~~~~~~~~~~~~~~~~~~
2017-08-13 21:13:42,885 - db_util - INFO - ~~~~~~~~~~~~~~~~~~~~~~~~~~~~~~
2017-08-13 21:13:43,296 - db_util - INFO - Stored 94 rows in GdaxOpen
2017-08-13 21:13:43,297 - db_util - INFO - ~~~~~~~~~~~~~~~~~~~~~~~~~~~~~~
2017-08-13 21:13:43,297 - db_util - INFO - ~~~~~~~~~~~~~~~~~~~~~~~~~~~~~~
2017-08-13 21:13:43,451 - db_util - INFO - Stored 93 rows in GdaxDone
2017-08-13 21:13:43,451 - db_util - INFO - ~~~~~~~~~~~~~~~~~~~~~~~~~~~~~~
2017-08-13 21:13:43,451 - gdax_msg_storage - INFO - Took 1.08s to store 281 messages
