2017-10-22 15:28:50,872 - core_websocket - INFO - Connecting to url: ws://ws.pusherapp.com/app/de504dc5763aeef9ff52?protocol=7 channel: {'data': {'channel': 'live_orders'}, 'event': 'pusher:subscribe'}
2017-10-22 15:28:50,872 - core_websocket - INFO - Connecting to url: ws://ws.pusherapp.com/app/de504dc5763aeef9ff52?protocol=7 channel: {'data': {'channel': 'live_trades'}, 'event': 'pusher:subscribe'}
2017-10-22 15:28:50,973 - core_websocket - INFO - Listening for messages
2017-10-22 15:28:50,974 - bitstamp_ws - DEBUG - {u'data': u'{"socket_id":"224444.6535206","activity_timeout":120}', u'event': u'pusher:connection_established'}
2017-10-22 15:28:50,976 - core_websocket - INFO - Listening for messages
2017-10-22 15:28:50,977 - bitstamp_ws - DEBUG - {u'data': u'{"socket_id":"224446.6533588","activity_timeout":120}', u'event': u'pusher:connection_established'}
2017-10-22 15:28:50,990 - bitstamp_ws - DEBUG - {u'data': u'{}', u'event': u'pusher_internal:subscription_succeeded', u'channel': u'live_orders'}
2017-10-22 15:28:50,997 - bitstamp_ws - DEBUG - {u'data': u'{}', u'event': u'pusher_internal:subscription_succeeded', u'channel': u'live_trades'}
2017-10-22 15:28:51,832 - bitstamp_ws - DEBUG - {u'data': u'{"price": 5852.7399999999998, "amount": 17.18, "datetime": "1508700523", "id": 405644337, "order_type": 0}', u'event': u'order_deleted', u'channel': u'live_orders'}
2017-10-22 15:28:51,832 - bitstamp_ws - DEBUG - {u'data': u'{"price": 5868.5, "amount": 0.46507694999999999, "datetime": "1508700531", "id": 405644592, "order_type": 0}', u'event': u'order_created', u'channel': u'live_orders'}
2017-10-22 15:28:51,832 - bitstamp_ws - DEBUG - {u'data': u'{"price": 5852.9899999999998, "amount": 1.0267500000000001, "datetime": "1508700528", "id": 405644510, "order_type": 0}', u'event': u'order_deleted', u'channel': u'live_orders'}
2017-10-22 15:28:51,833 - bitstamp_ws - DEBUG - {u'data': u'{"price": 5898.8199999999997, "amount": 4.1070000000000002, "datetime": "1508700516", "id": 405644092, "order_type": 1}', u'event': u'order_deleted', u'channel': u'live_orders'}
2017-10-22 15:28:51,833 - bitstamp_ws - DEBUG - {u'data': u'{"price": 5877.4099999999999, "amount": 0.00127574, "datetime": "1508700531", "id": 405644599, "order_type": 1}', u'event': u'order_created', u'channel': u'live_orders'}
2017-10-22 15:28:51,833 - bitstamp_ws - DEBUG - {u'data': u'{"price": 5878.3999999999996, "amount": 1.6999, "datetime": "1508700527", "id": 405644482, "order_type": 1}', u'event': u'order_deleted', u'channel': u'live_orders'}
2017-10-22 15:28:51,833 - bitstamp_ws - DEBUG - {u'data': u'{"price": 5852.9700000000003, "amount": 1.6991000000000001, "datetime": "1508700527", "id": 405644478, "order_type": 0}', u'event': u'order_deleted', u'channel': u'live_orders'}
2017-10-22 15:28:51,834 - bitstamp_ws - DEBUG - {u'data': u'{"price": 5898.8500000000004, "amount": 4.1070000000000002, "datetime": "1508700531", "id": 405644600, "order_type": 1}', u'event': u'order_created', u'channel': u'live_orders'}
2017-10-22 15:28:52,150 - bitstamp_ws - DEBUG - {u'data': u'{"price": 5853.0, "amount": 1.0267500000000001, "datetime": "1508700531", "id": 405644602, "order_type": 0}', u'event': u'order_created', u'channel': u'live_orders'}
2017-10-22 15:28:52,152 - bitstamp_ws - DEBUG - {u'data': u'{"price": 5867.29, "amount": 0.0016230000000000001, "datetime": "1508700529", "id": 405644563, "order_type": 0}', u'event': u'order_deleted', u'channel': u'live_orders'}
2017-10-22 15:28:52,173 - bitstamp_ws - DEBUG - {u'data': u'{"price": 5898.8699999999999, "amount": 1.2491367, "datetime": "1508700526", "id": 405644441, "order_type": 1}', u'event': u'order_deleted', u'channel': u'live_orders'}
2017-10-22 15:28:52,216 - bitstamp_ws - DEBUG - {u'data': u'{"price": 5867.5900000000001, "amount": 5.0, "datetime": "1508700531", "id": 405644601, "order_type": 0}', u'event': u'order_created', u'channel': u'live_orders'}
2017-10-22 15:28:52,355 - bitstamp_ws - DEBUG - {u'data': u'{"price": 5878.2799999999997, "amount": 1.6979, "datetime": "1508700532", "id": 405644611, "order_type": 1}', u'event': u'order_created', u'channel': u'live_orders'}
2017-10-22 15:28:52,499 - bitstamp_ws - DEBUG - {u'data': u'{"price": 5853.0900000000001, "amount": 1.6993, "datetime": "1508700532", "id": 405644612, "order_type": 0}', u'event': u'order_created', u'channel': u'live_orders'}
2017-10-22 15:28:52,627 - bitstamp_ws - DEBUG - {u'data': u'{"price": 5872.3699999999999, "amount": 5.0, "datetime": "1508700532", "id": 405644618, "order_type": 1}', u'event': u'order_created', u'channel': u'live_orders'}
2017-10-22 15:28:52,677 - bitstamp_ws - DEBUG - {u'data': u'{"price": 5852.9799999999996, "amount": 0.51092693, "datetime": "1508700528", "id": 405644511, "order_type": 0}', u'event': u'order_deleted', u'channel': u'live_orders'}
2017-10-22 15:28:52,769 - bitstamp_ws - DEBUG - {u'data': u'{"price": 5878.3800000000001, "amount": 1.0267500000000001, "datetime": "1508700529", "id": 405644537, "order_type": 1}', u'event': u'order_deleted', u'channel': u'live_orders'}
2017-10-22 15:28:52,788 - bitstamp_ws - DEBUG - {u'data': u'{"price": 5868.8500000000004, "amount": 0.0016230000000000001, "datetime": "1508700532", "id": 405644624, "order_type": 0}', u'event': u'order_created', u'channel': u'live_orders'}
2017-10-22 15:28:52,868 - bitstamp_ws - DEBUG - {u'data': u'{"price": 5878.3999999999996, "amount": 15.199999999999999, "datetime": "1508700530", "id": 405644585, "order_type": 1}', u'event': u'order_deleted', u'channel': u'live_orders'}
2017-10-22 15:28:52,938 - bitstamp_ws - DEBUG - {u'data': u'{"price": 5898.8599999999997, "amount": 1.24913882, "datetime": "1508700532", "id": 405644628, "order_type": 1}', u'event': u'order_created', u'channel': u'live_orders'}
2017-10-22 15:28:52,966 - bitstamp_ws - DEBUG - {u'data': u'{"price": 5849.1599999999999, "amount": 0.111577, "datetime": "1508700467", "id": 405642597, "order_type": 0}', u'event': u'order_deleted', u'channel': u'live_orders'}
2017-10-22 15:28:53,093 - bitstamp_ws - DEBUG - {u'data': u'{"price": 5887.1000000000004, "amount": 0.00086846999999999998, "datetime": "1508700532", "id": 405644637, "order_type": 0}', u'event': u'order_created', u'channel': u'live_orders'}
2017-10-22 15:28:53,239 - bitstamp_ws - DEBUG - {u'data': u'{"price": 5887.1000000000004, "amount": 0.0, "datetime": "1508700532", "id": 405644637, "order_type": 0}', u'event': u'order_deleted', u'channel': u'live_orders'}
2017-10-22 15:28:53,241 - bitstamp_ws - DEBUG - {u'data': u'{"price": 5872.3699999999999, "amount": 4.9991315299999997, "datetime": "1508700532", "id": 405644618, "order_type": 1}', u'event': u'order_changed', u'channel': u'live_orders'}
2017-10-22 15:28:53,280 - bitstamp_ws - DEBUG - {u'data': u'{"amount": 0.00086846999999999998, "buy_order_id": 405644637, "sell_order_id": 405644618, "amount_str": "0.00086847", "price_str": "5872.37", "timestamp": "1508700533", "price": 5872.3699999999999, "type": 0, "id": 24141142}', u'event': u'trade', u'channel': u'live_trades'}
2017-10-22 15:28:53,355 - bitstamp_ws - DEBUG - {u'data': u'{"price": 5878.2600000000002, "amount": 1.0267500000000001, "datetime": "1508700533", "id": 405644643, "order_type": 1}', u'event': u'order_created', u'channel': u'live_orders'}
2017-10-22 15:28:53,416 - bitstamp_ws - DEBUG - {u'data': u'{"price": 5877.3999999999996, "amount": 0.0011056, "datetime": "1508700533", "id": 405644650, "order_type": 1}', u'event': u'order_created', u'channel': u'live_orders'}
2017-10-22 15:28:53,522 - bitstamp_ws - DEBUG - {u'data': u'{"price": 5885.0699999999997, "amount": 15.44632981, "datetime": "1508700533", "id": 405644655, "order_type": 1}', u'event': u'order_created', u'channel': u'live_orders'}
2017-10-22 15:28:53,861 - bitstamp_ws - DEBUG - {u'data': u'{"price": 5847.1499999999996, "amount": 0.11161500000000001, "datetime": "1508700533", "id": 405644662, "order_type": 0}', u'event': u'order_created', u'channel': u'live_orders'}
2017-10-22 15:28:53,861 - bitstamp_ws - DEBUG - {u'data': u'{"price": 5872.5900000000001, "amount": 0.01, "datetime": "1508700533", "id": 405644663, "order_type": 0}', u'event': u'order_created', u'channel': u'live_orders'}
2017-10-22 15:28:53,989 - bitstamp_ws - DEBUG - {u'data': u'{"price": 5872.5900000000001, "amount": 0.0, "datetime": "1508700533", "id": 405644663, "order_type": 0}', u'event': u'order_deleted', u'channel': u'live_orders'}
2017-10-22 15:28:53,993 - bitstamp_ws - DEBUG - {u'data': u'{"price": 5872.3699999999999, "amount": 4.9891315299999999, "datetime": "1508700532", "id": 405644618, "order_type": 1}', u'event': u'order_changed', u'channel': u'live_orders'}
2017-10-22 15:28:54,036 - bitstamp_ws - DEBUG - {u'data': u'{"amount": 0.01, "buy_order_id": 405644663, "sell_order_id": 405644618, "amount_str": "0.01000000", "price_str": "5872.37", "timestamp": "1508700533", "price": 5872.3699999999999, "type": 0, "id": 24141144}', u'event': u'trade', u'channel': u'live_trades'}
2017-10-22 15:28:54,076 - bitstamp_ws - DEBUG - {u'data': u'{"price": 5944.6800000000003, "amount": 0.010345389999999999, "datetime": "1508700533", "id": 405644675, "order_type": 0}', u'event': u'order_created', u'channel': u'live_orders'}
2017-10-22 15:28:54,105 - bitstamp_ws - DEBUG - {u'data': u'{"price": 5885.0699999999997, "amount": 15.44632981, "datetime": "1508700533", "id": 405644655, "order_type": 1}', u'event': u'order_deleted', u'channel': u'live_orders'}
2017-10-22 15:28:54,164 - bitstamp_ws - DEBUG - {u'data': u'{"price": 5828.0699999999997, "amount": 0.050000000000000003, "datetime": "1508700510", "id": 405643919, "order_type": 0}', u'event': u'order_deleted', u'channel': u'live_orders'}
2017-10-22 15:28:54,177 - bitstamp_ws - DEBUG - {u'data': u'{"price": 5852.75, "amount": 0.002163, "datetime": "1508700529", "id": 405644534, "order_type": 0}', u'event': u'order_deleted', u'channel': u'live_orders'}
2017-10-22 15:28:54,204 - bitstamp_ws - DEBUG - {u'data': u'{"price": 5878.2799999999997, "amount": 1.6979, "datetime": "1508700532", "id": 405644611, "order_type": 1}', u'event': u'order_deleted', u'channel': u'live_orders'}
2017-10-22 15:28:54,215 - bitstamp_ws - DEBUG - {u'data': u'{"price": 5944.6800000000003, "amount": 0.0, "datetime": "1508700533", "id": 405644675, "order_type": 0}', u'event': u'order_deleted', u'channel': u'live_orders'}
2017-10-22 15:28:54,215 - bitstamp_ws - DEBUG - {u'data': u'{"price": 5872.3699999999999, "amount": 4.9787861400000004, "datetime": "1508700532", "id": 405644618, "order_type": 1}', u'event': u'order_changed', u'channel': u'live_orders'}
2017-10-22 15:28:54,267 - bitstamp_ws - DEBUG - {u'data': u'{"amount": 0.010345389999999999, "buy_order_id": 405644675, "sell_order_id": 405644618, "amount_str": "0.01034539", "price_str": "5872.37", "timestamp": "1508700533", "price": 5872.3699999999999, "type": 0, "id": 24141145}', u'event': u'trade', u'channel': u'live_trades'}
2017-10-22 15:28:54,292 - bitstamp_ws - DEBUG - {u'data': u'{"price": 5852.1400000000003, "amount": 0.0021640000000000001, "datetime": "1508700534", "id": 405644687, "order_type": 0}', u'event': u'order_created', u'channel': u'live_orders'}
2017-10-22 15:28:54,429 - bitstamp_ws - DEBUG - {u'data': u'{"price": 5880.1700000000001, "amount": 1.6968000000000001, "datetime": "1508700534", "id": 405644690, "order_type": 1}', u'event': u'order_created', u'channel': u'live_orders'}
2017-10-22 15:28:54,435 - bitstamp_ws - DEBUG - {u'data': u'{"price": 5853.0, "amount": 1.0267500000000001, "datetime": "1508700531", "id": 405644602, "order_type": 0}', u'event': u'order_deleted', u'channel': u'live_orders'}
2017-10-22 15:28:54,453 - bitstamp_ws - DEBUG - {u'data': u'{"price": 5885.0699999999997, "amount": 2.0535000000000001, "datetime": "1508700525", "id": 405644369, "order_type": 1}', u'event': u'order_deleted', u'channel': u'live_orders'}
2017-10-22 15:28:54,459 - bitstamp_ws - DEBUG - {u'data': u'{"price": 5852.6199999999999, "amount": 0.002163, "datetime": "1508700525", "id": 405644387, "order_type": 0}', u'event': u'order_deleted', u'channel': u'live_orders'}
2017-10-22 15:28:54,603 - bitstamp_ws - DEBUG - {u'data': u'{"price": 5885.0500000000002, "amount": 2.0535000000000001, "datetime": "1508700534", "id": 405644696, "order_type": 1}', u'event': u'order_created', u'channel': u'live_orders'}
2017-10-22 15:28:54,770 - bitstamp_ws - DEBUG - {u'data': u'{"price": 5851.4499999999998, "amount": 1.0267500000000001, "datetime": "1508700534", "id": 405644697, "order_type": 0}', u'event': u'order_created', u'channel': u'live_orders'}
2017-10-22 15:28:54,918 - bitstamp_ws - DEBUG - {u'data': u'{"price": 5878.7299999999996, "amount": 15.0, "datetime": "1508700534", "id": 405644699, "order_type": 1}', u'event': u'order_created', u'channel': u'live_orders'}
2017-10-22 15:28:54,955 - bitstamp_ws - DEBUG - {u'data': u'{"price": 5877.3699999999999, "amount": 0.91946298000000004, "datetime": "1508700534", "id": 405644701, "order_type": 1}', u'event': u'order_created', u'channel': u'live_orders'}
2017-10-22 15:28:54,975 - bitstamp_ws - DEBUG - {u'data': u'{"price": 5851.4300000000003, "amount": 17.129999999999999, "datetime": "1508700306", "id": 405636658, "order_type": 0}', u'event': u'order_deleted', u'channel': u'live_orders'}
2017-10-22 15:28:55,149 - bitstamp_ws - DEBUG - {u'data': u'{"price": 5880.1700000000001, "amount": 1.6968000000000001, "datetime": "1508700534", "id": 405644690, "order_type": 1}', u'event': u'order_deleted', u'channel': u'live_orders'}
2017-10-22 15:28:55,155 - bitstamp_ws - DEBUG - {u'data': u'{"price": 5878.7299999999996, "amount": 0.63292749999999998, "datetime": "1508700523", "id": 405644326, "order_type": 1}', u'event': u'order_deleted', u'channel': u'live_orders'}
2017-10-22 15:28:55,184 - bitstamp_ws - DEBUG - {u'data': u'{"price": 5853.0900000000001, "amount": 1.6993, "datetime": "1508700532", "id": 405644612, "order_type": 0}', u'event': u'order_deleted', u'channel': u'live_orders'}
2017-10-22 15:28:55,288 - bitstamp_ws - DEBUG - {u'data': u'{"price": 5852.1400000000003, "amount": 0.0021640000000000001, "datetime": "1508700534", "id": 405644687, "order_type": 0}', u'event': u'order_deleted', u'channel': u'live_orders'}
2017-10-22 15:28:55,298 - bitstamp_ws - DEBUG - {u'data': u'{"price": 5877.3699999999999, "amount": 0.91946298000000004, "datetime": "1508700534", "id": 405644701, "order_type": 1}', u'event': u'order_deleted', u'channel': u'live_orders'}
2017-10-22 15:28:55,337 - bitstamp_ws - DEBUG - {u'data': u'{"price": 5851.5299999999997, "amount": 1.6991000000000001, "datetime": "1508700535", "id": 405644725, "order_type": 0}', u'event': u'order_created', u'channel': u'live_orders'}
2017-10-22 15:28:55,384 - bitstamp_ws - DEBUG - {u'data': u'{"price": 5852.7399999999998, "amount": 0.26711390000000002, "datetime": "1508700522", "id": 405644311, "order_type": 0}', u'event': u'order_deleted', u'channel': u'live_orders'}
2017-10-22 15:28:55,535 - bitstamp_ws - DEBUG - {u'data': u'{"price": 5872.3400000000001, "amount": 0.91946298000000004, "datetime": "1508700535", "id": 405644732, "order_type": 1}', u'event': u'order_created', u'channel': u'live_orders'}
2017-10-22 15:28:55,581 - bitstamp_ws - DEBUG - {u'data': u'{"price": 5874.8699999999999, "amount": 18.0, "datetime": "1508700535", "id": 405644734, "order_type": 1}', u'event': u'order_created', u'channel': u'live_orders'}
2017-10-22 15:28:55,625 - bitstamp_ws - DEBUG - {u'data': u'{"price": 5878.1599999999999, "amount": 1.6996, "datetime": "1508700535", "id": 405644735, "order_type": 1}', u'event': u'order_created', u'channel': u'live_orders'}
2017-10-22 15:28:55,655 - bitstamp_ws - DEBUG - {u'data': u'{"price": 5943.5600000000004, "amount": 16.100000000000001, "datetime": "1508700311", "id": 405636800, "order_type": 1}', u'event': u'order_deleted', u'channel': u'live_orders'}
2017-10-22 15:28:55,676 - bitstamp_ws - DEBUG - {u'data': u'{"price": 5868.5, "amount": 0.46507694999999999, "datetime": "1508700531", "id": 405644592, "order_type": 0}', u'event': u'order_deleted', u'channel': u'live_orders'}
2017-10-22 15:28:55,711 - bitstamp_ws - DEBUG - {u'data': u'{"price": 5851.4499999999998, "amount": 1.0267500000000001, "datetime": "1508700534", "id": 405644697, "order_type": 0}', u'event': u'order_deleted', u'channel': u'live_orders'}
2017-10-22 15:28:55,741 - bitstamp_ws - DEBUG - {u'data': u'{"price": 5926.79, "amount": 8.2140000000000004, "datetime": "1508700428", "id": 405641276, "order_type": 1}', u'event': u'order_deleted', u'channel': u'live_orders'}
2017-10-22 15:28:55,757 - bitstamp_ws - DEBUG - {u'data': u'{"price": 5846.4499999999998, "amount": 2.0535000000000001, "datetime": "1508700518", "id": 405644180, "order_type": 0}', u'event': u'order_deleted', u'channel': u'live_orders'}
2017-10-22 15:28:55,820 - bitstamp_ws - DEBUG - {u'data': u'{"price": 5846.7600000000002, "amount": 1.0267500000000001, "datetime": "1508700535", "id": 405644746, "order_type": 0}', u'event': u'order_created', u'channel': u'live_orders'}
2017-10-22 15:28:55,844 - bitstamp_ws - DEBUG - {u'data': u'{"price": 5846.7600000000002, "amount": 2.0535000000000001, "datetime": "1508700535", "id": 405644748, "order_type": 0}', u'event': u'order_created', u'channel': u'live_orders'}
2017-10-22 15:28:55,858 - bitstamp_ws - DEBUG - {u'data': u'{"price": 5878.7299999999996, "amount": 15.0, "datetime": "1508700534", "id": 405644699, "order_type": 1}', u'event': u'order_deleted', u'channel': u'live_orders'}
2017-10-22 15:28:55,984 - bitstamp_ws - DEBUG - {u'data': u'{"price": 5872.3599999999997, "amount": 0.00127673, "datetime": "1508700535", "id": 405644749, "order_type": 1}', u'event': u'order_created', u'channel': u'live_orders'}
2017-10-22 15:28:56,029 - bitstamp_ws - DEBUG - {u'data': u'{"price": 5921.7600000000002, "amount": 8.2140000000000004, "datetime": "1508700535", "id": 405644752, "order_type": 1}', u'event': u'order_created', u'channel': u'live_orders'}
2017-10-22 15:28:56,135 - bitstamp_ws - DEBUG - {u'data': u'{"price": 5867.5900000000001, "amount": 5.0, "datetime": "1508700531", "id": 405644601, "order_type": 0}', u'event': u'order_deleted', u'channel': u'live_orders'}
2017-10-22 15:28:56,181 - bitstamp_ws - DEBUG - {u'data': u'{"price": 6459.8400000000001, "amount": 0.00194736, "datetime": "1508700535", "id": 405644755, "order_type": 0}', u'event': u'order_created', u'channel': u'live_orders'}
2017-10-22 15:28:56,265 - bitstamp_ws - DEBUG - {u'data': u'{"price": 5878.2600000000002, "amount": 1.0267500000000001, "datetime": "1508700533", "id": 405644643, "order_type": 1}', u'event': u'order_deleted', u'channel': u'live_orders'}
2017-10-22 15:28:56,267 - bitstamp_ws - DEBUG - {u'data': u'{"price": 5811.2299999999996, "amount": 8.2140000000000004, "datetime": "1508700372", "id": 405639323, "order_type": 0}', u'event': u'order_deleted', u'channel': u'live_orders'}
2017-10-22 15:28:56,307 - bitstamp_ws - DEBUG - {u'data': u'{"price": 5872.3400000000001, "amount": 0.91946298000000004, "datetime": "1508700535", "id": 405644732, "order_type": 1}', u'event': u'order_deleted', u'channel': u'live_orders'}
2017-10-22 15:28:56,357 - bitstamp_ws - DEBUG - {u'data': u'{"price": 6459.8400000000001, "amount": 0.00067062999999999997, "datetime": "1508700535", "id": 405644755, "order_type": 0}', u'event': u'order_changed', u'channel': u'live_orders'}
2017-10-22 15:28:56,362 - bitstamp_ws - DEBUG - {u'data': u'{"price": 5872.3599999999997, "amount": 0.0, "datetime": "1508700535", "id": 405644749, "order_type": 1}', u'event': u'order_deleted', u'channel': u'live_orders'}
2017-10-22 15:28:56,402 - bitstamp_ws - DEBUG - {u'data': u'{"amount": 0.00127673, "buy_order_id": 405644755, "sell_order_id": 405644749, "amount_str": "0.00127673", "price_str": "5872.36", "timestamp": "1508700536", "price": 5872.3599999999997, "type": 0, "id": 24141146}', u'event': u'trade', u'channel': u'live_trades'}
2017-10-22 15:28:56,463 - bitstamp_ws - DEBUG - {u'data': u'{"price": 6459.8400000000001, "amount": 0.0, "datetime": "1508700535", "id": 405644755, "order_type": 0}', u'event': u'order_deleted', u'channel': u'live_orders'}
2017-10-22 15:28:56,465 - bitstamp_ws - DEBUG - {u'data': u'{"price": 5872.3699999999999, "amount": 4.9781155100000003, "datetime": "1508700532", "id": 405644618, "order_type": 1}', u'event': u'order_changed', u'channel': u'live_orders'}
2017-10-22 15:28:56,516 - bitstamp_ws - DEBUG - {u'data': u'{"amount": 0.00067062999999999997, "buy_order_id": 405644755, "sell_order_id": 405644618, "amount_str": "0.00067063", "price_str": "5872.37", "timestamp": "1508700536", "price": 5872.3699999999999, "type": 0, "id": 24141147}', u'event': u'trade', u'channel': u'live_trades'}
2017-10-22 15:28:56,589 - bitstamp_ws - DEBUG - {u'data': u'{"price": 5872.3699999999999, "amount": 4.9781155100000003, "datetime": "1508700532", "id": 405644618, "order_type": 1}', u'event': u'order_deleted', u'channel': u'live_orders'}
2017-10-22 15:28:56,634 - bitstamp_ws - DEBUG - {u'data': u'{"price": 5783.4499999999998, "amount": 16.73, "datetime": "1508700536", "id": 405644757, "order_type": 0}', u'event': u'order_created', u'channel': u'live_orders'}
2017-10-22 15:28:56,738 - bitstamp_ws - DEBUG - {u'data': u'{"price": 5808.5699999999997, "amount": 8.2140000000000004, "datetime": "1508700536", "id": 405644763, "order_type": 0}', u'event': u'order_created', u'channel': u'live_orders'}
2017-10-22 15:28:56,910 - bitstamp_ws - DEBUG - {u'data': u'{"price": 5874.8500000000004, "amount": 1.0267500000000001, "datetime": "1508700536", "id": 405644766, "order_type": 1}', u'event': u'order_created', u'channel': u'live_orders'}
2017-10-22 15:28:56,962 - bitstamp_ws - DEBUG - {u'data': u'{"price": 5872.3299999999999, "amount": 0.91946298000000004, "datetime": "1508700536", "id": 405644772, "order_type": 1}', u'event': u'order_created', u'channel': u'live_orders'}
2017-10-22 15:28:57,004 - bitstamp_ws - DEBUG - {u'data': u'{"price": 5885.0500000000002, "amount": 16.632339000000002, "datetime": "1508700536", "id": 405644774, "order_type": 1}', u'event': u'order_created', u'channel': u'live_orders'}
2017-10-22 15:28:57,039 - bitstamp_ws - DEBUG - {u'data': u'{"price": 5872.3299999999999, "amount": 0.91946298000000004, "datetime": "1508700536", "id": 405644772, "order_type": 1}', u'event': u'order_deleted', u'channel': u'live_orders'}
2017-10-22 15:28:57,150 - bitstamp_ws - DEBUG - {u'data': u'{"price": 5825.1499999999996, "amount": 0.050000000000000003, "datetime": "1508700536", "id": 405644781, "order_type": 0}', u'event': u'order_created', u'channel': u'live_orders'}
2017-10-22 15:28:57,189 - bitstamp_ws - DEBUG - {u'data': u'{"price": 5857.3299999999999, "amount": 0.26686399999999999, "datetime": "1508700536", "id": 405644783, "order_type": 0}', u'event': u'order_created', u'channel': u'live_orders'}
2017-10-22 15:28:57,343 - bitstamp_ws - DEBUG - {u'data': u'{"price": 5884.04, "amount": 0.63233519999999999, "datetime": "1508700537", "id": 405644793, "order_type": 1}', u'event': u'order_created', u'channel': u'live_orders'}
2017-10-22 15:28:57,491 - bitstamp_ws - DEBUG - {u'data': u'{"price": 6459.8400000000001, "amount": 0.043695060000000001, "datetime": "1508700537", "id": 405644795, "order_type": 0}', u'event': u'order_created', u'channel': u'live_orders'}
2017-10-22 15:28:57,523 - bitstamp_ws - DEBUG - {u'data': u'{"price": 5870.1499999999996, "amount": 0.48629081000000002, "datetime": "1508700537", "id": 405644796, "order_type": 0}', u'event': u'order_created', u'channel': u'live_orders'}
2017-10-22 15:28:57,658 - bitstamp_ws - DEBUG - {u'data': u'{"price": 6459.8400000000001, "amount": 0.042418280000000003, "datetime": "1508700537", "id": 405644795, "order_type": 0}', u'event': u'order_changed', u'channel': u'live_orders'}
2017-10-22 15:28:57,661 - bitstamp_ws - DEBUG - {u'data': u'{"price": 5872.3800000000001, "amount": 0.0, "datetime": "1508700527", "id": 405644463, "order_type": 1}', u'event': u'order_deleted', u'channel': u'live_orders'}
2017-10-22 15:28:57,673 - bitstamp_ws - DEBUG - {u'data': u'{"price": 5828.9399999999996, "amount": 0.01, "datetime": "1508700504", "id": 405643721, "order_type": 0}', u'event': u'order_deleted', u'channel': u'live_orders'}
2017-10-22 15:28:57,701 - bitstamp_ws - DEBUG - {u'data': u'{"amount": 0.0012767799999999999, "buy_order_id": 405644795, "sell_order_id": 405644463, "amount_str": "0.00127678", "price_str": "5872.38", "timestamp": "1508700537", "price": 5872.3800000000001, "type": 0, "id": 24141148}', u'event': u'trade', u'channel': u'live_trades'}
2017-10-22 15:28:57,778 - bitstamp_ws - DEBUG - {u'data': u'{"price": 6459.8400000000001, "amount": 0.0, "datetime": "1508700537", "id": 405644795, "order_type": 0}', u'event': u'order_deleted', u'channel': u'live_orders'}
2017-10-22 15:28:57,779 - bitstamp_ws - DEBUG - {u'data': u'{"price": 5874.8500000000004, "amount": 0.98433172000000002, "datetime": "1508700536", "id": 405644766, "order_type": 1}', u'event': u'order_changed', u'channel': u'live_orders'}
2017-10-22 15:28:57,821 - bitstamp_ws - DEBUG - {u'data': u'{"amount": 0.042418280000000003, "buy_order_id": 405644795, "sell_order_id": 405644766, "amount_str": "0.04241828", "price_str": "5874.85", "timestamp": "1508700537", "price": 5874.8500000000004, "type": 0, "id": 24141149}', u'event': u'trade', u'channel': u'live_trades'}
2017-10-22 15:28:57,879 - bitstamp_ws - DEBUG - {u'data': u'{"price": 5888.7700000000004, "amount": 7.51044, "datetime": "1508700468", "id": 405642613, "order_type": 1}', u'event': u'order_deleted', u'channel': u'live_orders'}
2017-10-22 15:28:57,922 - bitstamp_ws - DEBUG - {u'data': u'{"price": 5872.3500000000004, "amount": 0.91946298000000004, "datetime": "1508700537", "id": 405644801, "order_type": 1}', u'event': u'order_created', u'channel': u'live_orders'}
2017-10-22 15:28:58,094 - bitstamp_ws - DEBUG - {u'data': u'{"price": 5851.54, "amount": 0.51105266000000005, "datetime": "1508700537", "id": 405644802, "order_type": 0}', u'event': u'order_created', u'channel': u'live_orders'}
2017-10-22 15:28:58,128 - bitstamp_ws - DEBUG - {u'data': u'{"price": 5846.7700000000004, "amount": 0.90000000000000002, "datetime": "1508700537", "id": 405644808, "order_type": 0}', u'event': u'order_created', u'channel': u'live_orders'}
2017-10-22 15:28:58,262 - bitstamp_ws - DEBUG - {u'data': u'{"price": 5870.1499999999996, "amount": 0.48629081000000002, "datetime": "1508700537", "id": 405644796, "order_type": 0}', u'event': u'order_deleted', u'channel': u'live_orders'}
2017-10-22 15:28:58,308 - bitstamp_ws - DEBUG - {u'data': u'{"price": 5872.3500000000004, "amount": 0.91946298000000004, "datetime": "1508700537", "id": 405644801, "order_type": 1}', u'event': u'order_deleted', u'channel': u'live_orders'}
2017-10-22 15:28:58,313 - bitstamp_ws - DEBUG - {u'data': u'{"price": 5874.8599999999997, "amount": 0.00127662, "datetime": "1508700538", "id": 405644810, "order_type": 1}', u'event': u'order_created', u'channel': u'live_orders'}
2017-10-22 15:28:58,471 - bitstamp_ws - DEBUG - {u'data': u'{"price": 5869.1499999999996, "amount": 5.0, "datetime": "1508700538", "id": 405644813, "order_type": 0}', u'event': u'order_created', u'channel': u'live_orders'}
2017-10-22 15:28:58,518 - bitstamp_ws - DEBUG - {u'data': u'{"price": 5874.8699999999999, "amount": 18.0, "datetime": "1508700535", "id": 405644734, "order_type": 1}', u'event': u'order_deleted', u'channel': u'live_orders'}
2017-10-22 15:28:58,617 - bitstamp_ws - DEBUG - {u'data': u'{"price": 5872.3699999999999, "amount": 4.9993293699999999, "datetime": "1508700538", "id": 405644826, "order_type": 1}', u'event': u'order_created', u'channel': u'live_orders'}
2017-10-22 15:28:58,635 - bitstamp_ws - DEBUG - {u'data': u'{"price": 5885.0500000000002, "amount": 2.0535000000000001, "datetime": "1508700534", "id": 405644696, "order_type": 1}', u'event': u'order_deleted', u'channel': u'live_orders'}
2017-10-22 15:28:58,646 - bitstamp_ws - DEBUG - {u'data': u'{"price": 5885.5100000000002, "amount": 7.51044, "datetime": "1508700538", "id": 405644839, "order_type": 1}', u'event': u'order_created', u'channel': u'live_orders'}
2017-10-22 15:28:58,701 - bitstamp_ws - DEBUG - {u'data': u'{"price": 5872.3199999999997, "amount": 0.91946298000000004, "datetime": "1508700538", "id": 405644841, "order_type": 1}', u'event': u'order_created', u'channel': u'live_orders'}
2017-10-22 15:28:58,712 - bitstamp_ws - DEBUG - {u'data': u'{"price": 5869.1499999999996, "amount": 5.0, "datetime": "1508700538", "id": 405644813, "order_type": 0}', u'event': u'order_deleted', u'channel': u'live_orders'}
2017-10-22 15:28:58,886 - bitstamp_ws - DEBUG - {u'data': u'{"price": 5872.3400000000001, "amount": 0.00093619000000000005, "datetime": "1508700538", "id": 405644850, "order_type": 1}', u'event': u'order_created', u'channel': u'live_orders'}
2017-10-22 15:28:58,921 - bitstamp_ws - DEBUG - {u'data': u'{"price": 5874.8500000000004, "amount": 0.042418280000000003, "datetime": "1508700538", "id": 405644857, "order_type": 1}', u'event': u'order_created', u'channel': u'live_orders'}
2017-10-22 15:28:58,965 - bitstamp_ws - DEBUG - {u'data': u'{"price": 5885.0299999999997, "amount": 2.0535000000000001, "datetime": "1508700538", "id": 405644861, "order_type": 1}', u'event': u'order_created', u'channel': u'live_orders'}
2017-10-22 15:28:59,137 - bitstamp_ws - DEBUG - {u'data': u'{"price": 5850.7799999999997, "amount": 17.0, "datetime": "1508700538", "id": 405644863, "order_type": 0}', u'event': u'order_created', u'channel': u'live_orders'}
2017-10-22 15:28:59,146 - bitstamp_ws - DEBUG - {u'data': u'{"price": 5851.54, "amount": 0.51105266000000005, "datetime": "1508700537", "id": 405644802, "order_type": 0}', u'event': u'order_deleted', u'channel': u'live_orders'}
2017-10-22 15:28:59,150 - bitstamp_ws - DEBUG - {u'data': u'{"price": 5872.3699999999999, "amount": 4.9993293699999999, "datetime": "1508700538", "id": 405644826, "order_type": 1}', u'event': u'order_deleted', u'channel': u'live_orders'}
2017-10-22 15:28:59,237 - bitstamp_ws - DEBUG - {u'data': u'{"price": 5872.3199999999997, "amount": 0.91946298000000004, "datetime": "1508700538", "id": 405644841, "order_type": 1}', u'event': u'order_deleted', u'channel': u'live_orders'}
2017-10-22 15:28:59,252 - bitstamp_ws - DEBUG - {u'data': u'{"price": 5878.1599999999999, "amount": 1.6996, "datetime": "1508700535", "id": 405644735, "order_type": 1}', u'event': u'order_deleted', u'channel': u'live_orders'}
2017-10-22 15:28:59,267 - bitstamp_ws - DEBUG - {u'data': u'{"price": 5851.5299999999997, "amount": 1.6991000000000001, "datetime": "1508700535", "id": 405644725, "order_type": 0}', u'event': u'order_deleted', u'channel': u'live_orders'}
2017-10-22 15:28:59,330 - bitstamp_ws - DEBUG - {u'data': u'{"price": 5846.7700000000004, "amount": 0.90000000000000002, "datetime": "1508700537", "id": 405644808, "order_type": 0}', u'event': u'order_deleted', u'channel': u'live_orders'}
2017-10-22 15:28:59,379 - bitstamp_ws - DEBUG - {u'data': u'{"price": 5783.4499999999998, "amount": 16.73, "datetime": "1508700536", "id": 405644757, "order_type": 0}', u'event': u'order_deleted', u'channel': u'live_orders'}
2017-10-22 15:28:59,450 - bitstamp_ws - DEBUG - {u'data': u'{"price": 5943.5600000000004, "amount": 16.066535999999999, "datetime": "1508700539", "id": 405644874, "order_type": 1}', u'event': u'order_created', u'channel': u'live_orders'}
2017-10-22 15:28:59,471 - bitstamp_ws - DEBUG - {u'data': u'{"price": 5880.2600000000002, "amount": 0.20999999999999999, "datetime": "1508700526", "id": 405644439, "order_type": 1}', u'event': u'order_deleted', u'channel': u'live_orders'}
2017-10-22 15:28:59,541 - bitstamp_ws - DEBUG - {u'data': u'{"price": 5872.29, "amount": 0.91946298000000004, "datetime": "1508700539", "id": 405644880, "order_type": 1}', u'event': u'order_created', u'channel': u'live_orders'}
2017-10-22 15:28:59,551 - bitstamp_ws - DEBUG - {u'data': u'{"price": 5876.6700000000001, "amount": 1.6970000000000001, "datetime": "1508700539", "id": 405644882, "order_type": 1}', u'event': u'order_created', u'channel': u'live_orders'}
2017-10-22 15:28:59,596 - bitstamp_ws - DEBUG - {u'data': u'{"price": 5885.0500000000002, "amount": 16.632339000000002, "datetime": "1508700536", "id": 405644774, "order_type": 1}', u'event': u'order_deleted', u'channel': u'live_orders'}
2017-10-22 15:28:59,680 - bitstamp_ws - DEBUG - {u'data': u'{"price": 5891.9399999999996, "amount": 0.040000000000000001, "datetime": "1508700526", "id": 405644449, "order_type": 1}', u'event': u'order_deleted', u'channel': u'live_orders'}
2017-10-22 15:28:59,691 - bitstamp_ws - DEBUG - {u'data': u'{"price": 5846.8699999999999, "amount": 1.6973, "datetime": "1508700539", "id": 405644883, "order_type": 0}', u'event': u'order_created', u'channel': u'live_orders'}
2017-10-22 15:28:59,795 - bitstamp_ws - DEBUG - {u'data': u'{"price": 5868.3900000000003, "amount": 0.48696144000000002, "datetime": "1508700539", "id": 405644885, "order_type": 0}', u'event': u'order_created', u'channel': u'live_orders'}
2017-10-22 15:28:59,954 - bitstamp_ws - DEBUG - {u'data': u'{"price": 5792.9300000000003, "amount": 4.9900000000000002, "datetime": "1508700505", "id": 405643752, "order_type": 0}', u'event': u'order_deleted', u'channel': u'live_orders'}
2017-10-22 15:28:59,983 - bitstamp_ws - DEBUG - {u'data': u'{"price": 5880.2600000000002, "amount": 0.20999999999999999, "datetime": "1508700539", "id": 405644886, "order_type": 1}', u'event': u'order_created', u'channel': u'live_orders'}
2017-10-22 15:29:00,056 - bitstamp_ws - DEBUG - {u'data': u'{"price": 5894.5799999999999, "amount": 0.040000000000000001, "datetime": "1508700539", "id": 405644893, "order_type": 1}', u'event': u'order_created', u'channel': u'live_orders'}
2017-10-22 15:29:00,113 - bitstamp_ws - DEBUG - {u'data': u'{"price": 5874.8500000000004, "amount": 0.042418280000000003, "datetime": "1508700538", "id": 405644857, "order_type": 1}', u'event': u'order_deleted', u'channel': u'live_orders'}
2017-10-22 15:29:00,126 - bitstamp_ws - DEBUG - {u'data': u'{"price": 5846.7600000000002, "amount": 1.0267500000000001, "datetime": "1508700535", "id": 405644746, "order_type": 0}', u'event': u'order_deleted', u'channel': u'live_orders'}
2017-10-22 15:29:00,136 - bitstamp_ws - DEBUG - {u'data': u'{"price": 5874.8500000000004, "amount": 0.98433172000000002, "datetime": "1508700536", "id": 405644766, "order_type": 1}', u'event': u'order_deleted', u'channel': u'live_orders'}
2017-10-22 15:29:00,137 - bitstamp_ws - DEBUG - {u'data': u'{"price": 5868.8500000000004, "amount": 0.0016230000000000001, "datetime": "1508700532", "id": 405644624, "order_type": 0}', u'event': u'order_deleted', u'channel': u'live_orders'}
2017-10-22 15:29:00,171 - bitstamp_ws - DEBUG - {u'data': u'{"price": 5872.29, "amount": 0.91946298000000004, "datetime": "1508700539", "id": 405644880, "order_type": 1}', u'event': u'order_deleted', u'channel': u'live_orders'}
2017-10-22 15:29:00,242 - bitstamp_ws - DEBUG - {u'data': u'{"price": 5851.5299999999997, "amount": 18.140000000000001, "datetime": "1508700539", "id": 405644894, "order_type": 0}', u'event': u'order_created', u'channel': u'live_orders'}
2017-10-22 15:29:00,303 - bitstamp_ws - DEBUG - {u'data': u'{"price": 5867.3900000000003, "amount": 5.0, "datetime": "1508700540", "id": 405644898, "order_type": 0}', u'event': u'order_created', u'channel': u'live_orders'}
2017-10-22 15:29:00,442 - bitstamp_ws - DEBUG - {u'data': u'{"price": 5880.25, "amount": 1.0267500000000001, "datetime": "1508700540", "id": 405644903, "order_type": 1}', u'event': u'order_created', u'channel': u'live_orders'}
2017-10-22 15:29:00,471 - bitstamp_ws - DEBUG - {u'data': u'{"price": 5872.2799999999997, "amount": 0.00093630000000000004, "datetime": "1508700540", "id": 405644905, "order_type": 1}', u'event': u'order_created', u'channel': u'live_orders'}
2017-10-22 15:29:00,476 - bitstamp_ws - DEBUG - {u'data': u'{"price": 5846.8699999999999, "amount": 1.6973, "datetime": "1508700539", "id": 405644883, "order_type": 0}', u'event': u'order_deleted', u'channel': u'live_orders'}
2017-10-22 15:29:00,628 - bitstamp_ws - DEBUG - {u'data': u'{"price": 5850.8000000000002, "amount": 1.0267500000000001, "datetime": "1508700540", "id": 405644907, "order_type": 0}', u'event': u'order_created', u'channel': u'live_orders'}
2017-10-22 15:29:00,701 - bitstamp_ws - DEBUG - {u'data': u'{"price": 5852.1400000000003, "amount": 0.002166, "datetime": "1508700540", "id": 405644908, "order_type": 0}', u'event': u'order_created', u'channel': u'live_orders'}
2017-10-22 15:29:00,805 - bitstamp_ws - DEBUG - {u'data': u'{"price": 5870.1599999999999, "amount": 0.001624, "datetime": "1508700540", "id": 405644909, "order_type": 0}', u'event': u'order_created', u'channel': u'live_orders'}
2017-10-22 15:29:00,868 - bitstamp_ws - DEBUG - {u'data': u'{"price": 5850.79, "amount": 0.51111817999999998, "datetime": "1508700540", "id": 405644913, "order_type": 0}', u'event': u'order_created', u'channel': u'live_orders'}
2017-10-22 15:29:00,887 - bitstamp_ws - DEBUG - {u'data': u'{"price": 5851.5299999999997, "amount": 18.140000000000001, "datetime": "1508700539", "id": 405644894, "order_type": 0}', u'event': u'order_deleted', u'channel': u'live_orders'}
2017-10-22 15:29:01,048 - bitstamp_ws - DEBUG - {u'data': u'{"price": 5884.04, "amount": 17.32, "datetime": "1508700540", "id": 405644916, "order_type": 1}', u'event': u'order_created', u'channel': u'live_orders'}
2017-10-22 15:29:01,088 - bitstamp_ws - DEBUG - {u'data': u'{"price": 5874.8199999999997, "amount": 0.91946298000000004, "datetime": "1508700540", "id": 405644919, "order_type": 1}', u'event': u'order_created', u'channel': u'live_orders'}
2017-10-22 15:29:01,261 - bitstamp_ws - DEBUG - {u'data': u'{"price": 5870.1599999999999, "amount": 0.001624, "datetime": "1508700540", "id": 405644909, "order_type": 0}', u'event': u'order_deleted', u'channel': u'live_orders'}
2017-10-22 15:29:01,292 - bitstamp_ws - DEBUG - {u'data': u'{"price": 5850.8800000000001, "amount": 1.7009000000000001, "datetime": "1508700541", "id": 405644923, "order_type": 0}', u'event': u'order_created', u'channel': u'live_orders'}
2017-10-22 15:29:01,300 - bitstamp_ws - DEBUG - {u'data': u'{"price": 5850.79, "amount": 0.51111817999999998, "datetime": "1508700540", "id": 405644913, "order_type": 0}', u'event': u'order_deleted', u'channel': u'live_orders'}
2017-10-22 15:29:01,346 - bitstamp_ws - DEBUG - {u'data': u'{"price": 5826.5500000000002, "amount": 0.01, "datetime": "1508700541", "id": 405644924, "order_type": 0}', u'event': u'order_created', u'channel': u'live_orders'}
2017-10-22 15:29:01,409 - bitstamp_ws - DEBUG - {u'data': u'{"price": 5846.8699999999999, "amount": 15.58, "datetime": "1508700541", "id": 405644925, "order_type": 0}', u'event': u'order_created', u'channel': u'live_orders'}
2017-10-22 15:29:01,426 - bitstamp_ws - DEBUG - {u'data': u'{"price": 5850.8800000000001, "amount": 1.7009000000000001, "datetime": "1508700541", "id": 405644923, "order_type": 0}', u'event': u'order_deleted', u'channel': u'live_orders'}
2017-10-22 15:29:01,434 - bitstamp_ws - DEBUG - {u'data': u'{"price": 5874.8199999999997, "amount": 0.91946298000000004, "datetime": "1508700540", "id": 405644919, "order_type": 1}', u'event': u'order_deleted', u'channel': u'live_orders'}
2017-10-22 15:29:01,434 - bitstamp_ws - DEBUG - {u'data': u'{"price": 5876.6700000000001, "amount": 1.6970000000000001, "datetime": "1508700539", "id": 405644882, "order_type": 1}', u'event': u'order_deleted', u'channel': u'live_orders'}
2017-10-22 15:29:01,587 - bitstamp_ws - DEBUG - {u'data': u'{"price": 5874.8400000000001, "amount": 5.0, "datetime": "1508700541", "id": 405644948, "order_type": 1}', u'event': u'order_created', u'channel': u'live_orders'}
2017-10-22 15:29:01,634 - bitstamp_ws - DEBUG - {u'data': u'{"price": 5867.3900000000003, "amount": 5.0, "datetime": "1508700540", "id": 405644898, "order_type": 0}', u'event': u'order_deleted', u'channel': u'live_orders'}
2017-10-22 15:29:01,713 - bitstamp_ws - DEBUG - {u'data': u'{"price": 5850.8000000000002, "amount": 1.0267500000000001, "datetime": "1508700540", "id": 405644907, "order_type": 0}', u'event': u'order_deleted', u'channel': u'live_orders'}
2017-10-22 15:29:01,738 - bitstamp_ws - DEBUG - {u'data': u'{"price": 5885.0299999999997, "amount": 2.0535000000000001, "datetime": "1508700538", "id": 405644861, "order_type": 1}', u'event': u'order_deleted', u'channel': u'live_orders'}
2017-10-22 15:29:01,760 - bitstamp_ws - DEBUG - {u'data': u'{"price": 5868.8500000000004, "amount": 0.001624, "datetime": "1508700541", "id": 405644949, "order_type": 0}', u'event': u'order_created', u'channel': u'live_orders'}
2017-10-22 15:29:01,815 - bitstamp_ws - DEBUG - {u'data': u'{"price": 5846.8699999999999, "amount": 15.58, "datetime": "1508700541", "id": 405644925, "order_type": 0}', u'event': u'order_deleted', u'channel': u'live_orders'}
2017-10-22 15:29:01,963 - bitstamp_ws - DEBUG - {u'data': u'{"price": 5880.1499999999996, "amount": 1.6982999999999999, "datetime": "1508700541", "id": 405644956, "order_type": 1}', u'event': u'order_created', u'channel': u'live_orders'}
2017-10-22 15:29:01,969 - bitstamp_ws - DEBUG - {u'data': u'{"price": 5880.25, "amount": 1.0267500000000001, "datetime": "1508700540", "id": 405644903, "order_type": 1}', u'event': u'order_deleted', u'channel': u'live_orders'}
2017-10-22 15:29:01,980 - bitstamp_ws - DEBUG - {u'data': u'{"price": 5846.7600000000002, "amount": 2.0535000000000001, "datetime": "1508700535", "id": 405644748, "order_type": 0}', u'event': u'order_deleted', u'channel': u'live_orders'}
2017-10-22 15:29:02,006 - bitstamp_ws - DEBUG - {u'data': u'{"price": 5874.79, "amount": 0.91946298000000004, "datetime": "1508700541", "id": 405644958, "order_type": 1}', u'event': u'order_created', u'channel': u'live_orders'}
2017-10-22 15:29:02,062 - bitstamp_ws - DEBUG - {u'data': u'{"price": 5874.8100000000004, "amount": 0.0011062999999999999, "datetime": "1508700541", "id": 405644959, "order_type": 1}', u'event': u'order_created', u'channel': u'live_orders'}
2017-10-22 15:29:02,101 - bitstamp_ws - DEBUG - {u'data': u'{"price": 5884.0200000000004, "amount": 2.0535000000000001, "datetime": "1508700541", "id": 405644962, "order_type": 1}', u'event': u'order_created', u'channel': u'live_orders'}
2017-10-22 15:29:02,250 - bitstamp_ws - DEBUG - {u'data': u'{"price": 5850.8999999999996, "amount": 1.0267500000000001, "datetime": "1508700542", "id": 405644963, "order_type": 0}', u'event': u'order_created', u'channel': u'live_orders'}
2017-10-22 15:29:02,313 - bitstamp_ws - DEBUG - {u'data': u'{"price": 5846.8900000000003, "amount": 2.0535000000000001, "datetime": "1508700542", "id": 405644974, "order_type": 0}', u'event': u'order_created', u'channel': u'live_orders'}
2017-10-22 15:29:02,468 - bitstamp_ws - DEBUG - {u'data': u'{"price": 5874.79, "amount": 0.91946298000000004, "datetime": "1508700541", "id": 405644958, "order_type": 1}', u'event': u'order_deleted', u'channel': u'live_orders'}
2017-10-22 15:29:02,470 - bitstamp_ws - DEBUG - {u'data': u'{"price": 5874.8199999999997, "amount": 1.0267500000000001, "datetime": "1508700542", "id": 405644975, "order_type": 1}', u'event': u'order_created', u'channel': u'live_orders'}
2017-10-22 15:29:02,651 - bitstamp_ws - DEBUG - {u'data': u'{"price": 5850.79, "amount": 0.51111817999999998, "datetime": "1508700542", "id": 405644986, "order_type": 0}', u'event': u'order_created', u'channel': u'live_orders'}
2017-10-22 15:29:02,894 - bitstamp_ws - DEBUG - {u'data': u'{"price": 5874.7700000000004, "amount": 1.0267500000000001, "datetime": "1508700542", "id": 405644988, "order_type": 1}', u'event': u'order_created', u'channel': u'live_orders'}
2017-10-22 15:29:02,950 - bitstamp_ws - DEBUG - {u'data': u'{"price": 5872.25, "amount": 0.91946298000000004, "datetime": "1508700542", "id": 405644992, "order_type": 1}', u'event': u'order_created', u'channel': u'live_orders'}
2017-10-22 15:29:03,136 - bitstamp_ws - DEBUG - {u'data': u'{"price": 5960.6400000000003, "amount": 4.5, "datetime": "1508700508", "id": 405643846, "order_type": 1}', u'event': u'order_deleted', u'channel': u'live_orders'}
2017-10-22 15:29:03,156 - bitstamp_ws - DEBUG - {u'data': u'{"price": 5877.4200000000001, "amount": 0.00110592, "datetime": "1508700530", "id": 405644564, "order_type": 1}', u'event': u'order_deleted', u'channel': u'live_orders'}
2017-10-22 15:29:03,156 - bitstamp_ws - DEBUG - {u'data': u'{"price": 5877.3999999999996, "amount": 0.0011056, "datetime": "1508700533", "id": 405644650, "order_type": 1}', u'event': u'order_deleted', u'channel': u'live_orders'}
2017-10-22 15:29:03,157 - bitstamp_ws - DEBUG - {u'data': u'{"price": 5887.0, "amount": 0.00086848999999999997, "datetime": "1508700542", "id": 405644995, "order_type": 0}', u'event': u'order_created', u'channel': u'live_orders'}
2017-10-22 15:29:03,185 - bitstamp_ws - DEBUG - {u'data': u'{"price": 5898.8699999999999, "amount": 1.2491367, "datetime": "1508700530", "id": 405644578, "order_type": 1}', u'event': u'order_deleted', u'channel': u'live_orders'}
2017-10-22 15:29:03,210 - bitstamp_ws - DEBUG - {u'data': u'{"price": 5850.8800000000001, "amount": 1.6979, "datetime": "1508700542", "id": 405644997, "order_type": 0}', u'event': u'order_created', u'channel': u'live_orders'}
2017-10-22 15:29:03,230 - bitstamp_ws - DEBUG - {u'data': u'{"price": 5857.3199999999997, "amount": 0.033937380000000003, "datetime": "1508700528", "id": 405644508, "order_type": 0}', u'event': u'order_deleted', u'channel': u'live_orders'}
2017-10-22 15:29:03,261 - bitstamp_ws - DEBUG - {u'data': u'{"price": 5846.7600000000002, "amount": 17.868236, "datetime": "1508700543", "id": 405645004, "order_type": 0}', u'event': u'order_created', u'channel': u'live_orders'}
2017-10-22 15:29:03,290 - bitstamp_ws - DEBUG - {u'data': u'{"price": 5872.25, "amount": 0.91946298000000004, "datetime": "1508700542", "id": 405644992, "order_type": 1}', u'event': u'order_deleted', u'channel': u'live_orders'}
2017-10-22 15:29:03,349 - bitstamp_ws - DEBUG - {u'data': u'{"price": 5852.1400000000003, "amount": 0.002166, "datetime": "1508700540", "id": 405644908, "order_type": 0}', u'event': u'order_deleted', u'channel': u'live_orders'}
2017-10-22 15:29:03,421 - bitstamp_ws - DEBUG - {u'data': u'{"price": 5887.0, "amount": 0.0, "datetime": "1508700542", "id": 405644995, "order_type": 0}', u'event': u'order_deleted', u'channel': u'live_orders'}
2017-10-22 15:29:03,428 - bitstamp_ws - DEBUG - {u'data': u'{"price": 5872.2799999999997, "amount": 6.7810000000000003e-05, "datetime": "1508700540", "id": 405644905, "order_type": 1}', u'event': u'order_changed', u'channel': u'live_orders'}
2017-10-22 15:29:03,442 - bitstamp_ws - DEBUG - {u'data': u'{"price": 5850.79, "amount": 0.51111817999999998, "datetime": "1508700542", "id": 405644986, "order_type": 0}', u'event': u'order_deleted', u'channel': u'live_orders'}
2017-10-22 15:29:03,464 - bitstamp_ws - DEBUG - {u'data': u'{"amount": 0.00086848999999999997, "buy_order_id": 405644995, "sell_order_id": 405644905, "amount_str": "0.00086849", "price_str": "5872.28", "timestamp": "1508700543", "price": 5872.2799999999997, "type": 0, "id": 24141150}', u'event': u'trade', u'channel': u'live_trades'}
2017-10-22 15:29:03,560 - bitstamp_ws - DEBUG - {u'data': u'{"price": 5874.7399999999998, "amount": 0.91946298000000004, "datetime": "1508700543", "id": 405645032, "order_type": 1}', u'event': u'order_created', u'channel': u'live_orders'}
2017-10-22 15:29:03,669 - bitstamp_ws - DEBUG - {u'data': u'{"price": 5894.5799999999999, "amount": 1.2471618, "datetime": "1508700543", "id": 405645035, "order_type": 1}', u'event': u'order_created', u'channel': u'live_orders'}
2017-10-22 15:29:03,670 - bitstamp_ws - DEBUG - {u'data': u'{"price": 5880.1499999999996, "amount": 1.6982999999999999, "datetime": "1508700541", "id": 405644956, "order_type": 1}', u'event': u'order_deleted', u'channel': u'live_orders'}
2017-10-22 15:29:03,715 - bitstamp_ws - DEBUG - {u'data': u'{"price": 5850.8800000000001, "amount": 1.6979, "datetime": "1508700542", "id": 405644997, "order_type": 0}', u'event': u'order_deleted', u'channel': u'live_orders'}
2017-10-22 15:29:03,839 - bitstamp_ws - DEBUG - {u'data': u'{"price": 5850.9099999999999, "amount": 0.51110769, "datetime": "1508700543", "id": 405645038, "order_type": 0}', u'event': u'order_created', u'channel': u'live_orders'}
2017-10-22 15:29:03,849 - bitstamp_ws - DEBUG - {u'data': u'{"price": 5884.04, "amount": 17.32, "datetime": "1508700540", "id": 405644916, "order_type": 1}', u'event': u'order_deleted', u'channel': u'live_orders'}
2017-10-22 15:29:03,969 - bitstamp_ws - DEBUG - {u'data': u'{"price": 5826.5500000000002, "amount": 0.01, "datetime": "1508700541", "id": 405644924, "order_type": 0}', u'event': u'order_deleted', u'channel': u'live_orders'}
2017-10-22 15:29:03,983 - bitstamp_ws - DEBUG - {u'data': u'{"price": 5874.7399999999998, "amount": 1.6984999999999999, "datetime": "1508700543", "id": 405645043, "order_type": 1}', u'event': u'order_created', u'channel': u'live_orders'}
2017-10-22 15:29:04,006 - bitstamp_ws - DEBUG - {u'data': u'{"price": 5874.7700000000004, "amount": 1.0267500000000001, "datetime": "1508700542", "id": 405644988, "order_type": 1}', u'event': u'order_deleted', u'channel': u'live_orders'}
2017-10-22 15:29:04,051 - bitstamp_ws - DEBUG - {u'data': u'{"price": 5874.7399999999998, "amount": 0.91946298000000004, "datetime": "1508700543", "id": 405645032, "order_type": 1}', u'event': u'order_deleted', u'channel': u'live_orders'}
2017-10-22 15:29:04,052 - bitstamp_ws - DEBUG - {u'data': u'{"price": 5846.7600000000002, "amount": 17.868236, "datetime": "1508700543", "id": 405645004, "order_type": 0}', u'event': u'order_deleted', u'channel': u'live_orders'}
2017-10-22 15:29:04,134 - bitstamp_ws - DEBUG - {u'data': u'{"price": 5850.8800000000001, "amount": 2.3631000000000002, "datetime": "1508700543", "id": 405645046, "order_type": 0}', u'event': u'order_created', u'channel': u'live_orders'}
2017-10-22 15:29:04,302 - bitstamp_ws - DEBUG - {u'data': u'{"price": 5874.7200000000003, "amount": 1.0267500000000001, "datetime": "1508700544", "id": 405645055, "order_type": 1}', u'event': u'order_created', u'channel': u'live_orders'}
2017-10-22 15:29:04,348 - bitstamp_ws - DEBUG - {u'data': u'{"price": 5872.25, "amount": 0.91946298000000004, "datetime": "1508700544", "id": 405645060, "order_type": 1}', u'event': u'order_created', u'channel': u'live_orders'}
2017-10-22 15:29:04,507 - bitstamp_ws - DEBUG - {u'data': u'{"price": 5898.8699999999999, "amount": 1.2472719400000001, "datetime": "1508700544", "id": 405645069, "order_type": 1}', u'event': u'order_created', u'channel': u'live_orders'}
2017-10-22 15:29:04,652 - bitstamp_ws - DEBUG - {u'data': u'{"price": 5852.1400000000003, "amount": 0.002166, "datetime": "1508700544", "id": 405645070, "order_type": 0}', u'event': u'order_created', u'channel': u'live_orders'}
2017-10-22 15:29:04,660 - bitstamp_ws - DEBUG - {u'data': u'{"price": 5850.8800000000001, "amount": 2.3631000000000002, "datetime": "1508700543", "id": 405645046, "order_type": 0}', u'event': u'order_deleted', u'channel': u'live_orders'}
2017-10-22 15:29:04,791 - bitstamp_ws - DEBUG - {u'data': u'{"price": 5872.25, "amount": 0.91946298000000004, "datetime": "1508700544", "id": 405645060, "order_type": 1}', u'event': u'order_deleted', u'channel': u'live_orders'}
2017-10-22 15:29:04,928 - bitstamp_ws - DEBUG - {u'data': u'{"price": 5851.1000000000004, "amount": 2.3307000000000002, "datetime": "1508700544", "id": 405645088, "order_type": 0}', u'event': u'order_created', u'channel': u'live_orders'}
2017-10-22 15:29:05,111 - bitstamp_ws - DEBUG - {u'data': u'{"price": 5850.8999999999996, "amount": 17.47064254, "datetime": "1508700544", "id": 405645085, "order_type": 0}', u'event': u'order_created', u'channel': u'live_orders'}
2017-10-22 15:29:05,150 - bitstamp_ws - DEBUG - {u'data': u'{"price": 5868.5, "amount": 0.01525023, "datetime": "1508700544", "id": 405645090, "order_type": 0}', u'event': u'order_created', u'channel': u'live_orders'}
                                                                                                                                                                                                                                                                                                                                                                                                                                                                                                                                                                                                                                                                                                                                                                                                                                                                                                                                                                                                                                                                     