2017-11-12 16:34:18,579 - core_websocket - INFO - Connecting to url: ws://ws.pusherapp.com/app/de504dc5763aeef9ff52?protocol=7 channel: {'data': {'channel': 'live_orders'}, 'event': 'pusher:subscribe'}
2017-11-12 16:34:18,579 - core_websocket - INFO - Connecting to url: ws://ws.pusherapp.com/app/de504dc5763aeef9ff52?protocol=7 channel: {'data': {'channel': 'live_trades'}, 'event': 'pusher:subscribe'}
2017-11-12 16:34:18,821 - core_websocket - INFO - Listening for messages
2017-11-12 16:34:18,822 - bitstamp_ws - DEBUG - {u'data': u'{"socket_id":"224098.17230584","activity_timeout":120}', u'event': u'pusher:connection_established'}
2017-11-12 16:34:18,824 - core_websocket - INFO - Listening for messages
2017-11-12 16:34:18,824 - bitstamp_ws - DEBUG - {u'data': u'{"socket_id":"224099.17234213","activity_timeout":120}', u'event': u'pusher:connection_established'}
2017-11-12 16:34:18,843 - bitstamp_ws - DEBUG - {u'data': u'{}', u'event': u'pusher_internal:subscription_succeeded', u'channel': u'live_trades'}
2017-11-12 16:34:18,847 - bitstamp_ws - DEBUG - {u'data': u'{}', u'event': u'pusher_internal:subscription_succeeded', u'channel': u'live_orders'}
2017-11-12 16:34:18,877 - bitstamp_ws - DEBUG - {u'data': u'{"price": 5934.8999999999996, "amount": 0.70962985999999995, "datetime": "1510522457", "id": 474535224, "order_type": 0}', u'event': u'order_deleted', u'channel': u'live_orders'}
2017-11-12 16:34:18,924 - bitstamp_ws - DEBUG - {u'data': u'{"price": 5905.29, "amount": 0.79679999999999995, "datetime": "1510522453", "id": 474535029, "order_type": 0}', u'event': u'order_deleted', u'channel': u'live_orders'}
2017-11-12 16:34:18,991 - bitstamp_ws - DEBUG - {u'data': u'{"price": 5900.0200000000004, "amount": 0.79679999999999995, "datetime": "1510522458", "id": 474535283, "order_type": 0}', u'event': u'order_created', u'channel': u'live_orders'}
2017-11-12 16:34:19,151 - bitstamp_ws - DEBUG - {u'data': u'{"price": 5934.9399999999996, "amount": 0.70962985999999995, "datetime": "1510522458", "id": 474535286, "order_type": 0}', u'event': u'order_created', u'channel': u'live_orders'}
2017-11-12 16:34:19,166 - bitstamp_ws - DEBUG - {u'data': u'{"price": 5822.0, "amount": 0.029162560000000001, "datetime": "1510522302", "id": 474528346, "order_type": 0}', u'event': u'order_deleted', u'channel': u'live_orders'}
2017-11-12 16:34:19,894 - bitstamp_ws - DEBUG - {u'data': u'{"price": 5934.9099999999999, "amount": 0.55009545000000004, "datetime": "1510522458", "id": 474535259, "order_type": 0}', u'event': u'order_deleted', u'channel': u'live_orders'}
2017-11-12 16:34:19,894 - bitstamp_ws - DEBUG - {u'data': u'{"price": 5909.2399999999998, "amount": 17.0, "datetime": "1510522456", "id": 474535146, "order_type": 0}', u'event': u'order_deleted', u'channel': u'live_orders'}
2017-11-12 16:34:19,895 - bitstamp_ws - DEBUG - {u'data': u'{"price": 5926.2200000000003, "amount": 1.6803999999999999, "datetime": "1510522457", "id": 474535228, "order_type": 0}', u'event': u'order_deleted', u'channel': u'live_orders'}
2017-11-12 16:34:19,896 - bitstamp_ws - DEBUG - {u'data': u'{"price": 5932.0100000000002, "amount": 0.55036437999999999, "datetime": "1510522459", "id": 474535306, "order_type": 0}', u'event': u'order_created', u'channel': u'live_orders'}
2017-11-12 16:34:19,896 - bitstamp_ws - DEBUG - {u'data': u'{"price": 5932.1000000000004, "amount": 1.6800999999999999, "datetime": "1510522459", "id": 474535308, "order_type": 0}', u'event': u'order_created', u'channel': u'live_orders'}
2017-11-12 16:34:19,896 - bitstamp_ws - DEBUG - {u'data': u'{"price": 6000.8999999999996, "amount": 0.050000000000000003, "datetime": "1510522459", "id": 474535309, "order_type": 1}', u'event': u'order_created', u'channel': u'live_orders'}
2017-11-12 16:34:20,051 - bitstamp_ws - DEBUG - {u'data': u'{"price": 5932.0, "amount": 17.296738999999999, "datetime": "1510522457", "id": 474535217, "order_type": 0}', u'event': u'order_deleted', u'channel': u'live_orders'}
2017-11-12 16:34:20,118 - bitstamp_ws - DEBUG - {u'data': u'{"price": 5948.3900000000003, "amount": 0.015921749999999998, "datetime": "1510522452", "id": 474534974, "order_type": 1}', u'event': u'order_deleted', u'channel': u'live_orders'}
2017-11-12 16:34:20,262 - bitstamp_ws - DEBUG - {u'data': u'{"price": 6504.2799999999997, "amount": 0.096672040000000001, "datetime": "1510522459", "id": 474535323, "order_type": 0}', u'event': u'order_created', u'channel': u'live_orders'}
2017-11-12 16:34:20,293 - bitstamp_ws - DEBUG - {u'data': u'{"price": 5909.2399999999998, "amount": 1.2, "datetime": "1510522448", "id": 474534816, "order_type": 0}', u'event': u'order_deleted', u'channel': u'live_orders'}
2017-11-12 16:34:20,343 - bitstamp_ws - DEBUG - {u'data': u'{"price": 5960.3800000000001, "amount": 0.29037014, "datetime": "1510522457", "id": 474535236, "order_type": 1}', u'event': u'order_deleted', u'channel': u'live_orders'}
2017-11-12 16:34:20,364 - bitstamp_ws - DEBUG - {u'data': u'{"price": 6504.2799999999997, "amount": 0.019989010000000001, "datetime": "1510522459", "id": 474535323, "order_type": 0}', u'event': u'order_changed', u'channel': u'live_orders'}
2017-11-12 16:34:20,375 - bitstamp_ws - DEBUG - {u'data': u'{"price": 5950.0, "amount": 0.0, "datetime": "1510522430", "id": 474534079, "order_type": 1}', u'event': u'order_deleted', u'channel': u'live_orders'}
2017-11-12 16:34:20,380 - bitstamp_ws - DEBUG - {u'data': u'{"price": 5840.0, "amount": 0.090693490000000002, "datetime": "1510522352", "id": 474530778, "order_type": 0}', u'event': u'order_deleted', u'channel': u'live_orders'}
2017-11-12 16:34:20,435 - bitstamp_ws - DEBUG - {u'data': u'{"amount": 0.076683029999999999, "buy_order_id": 474535323, "sell_order_id": 474534079, "amount_str": "0.07668303", "price_str": "5950.00", "timestamp": "1510522460", "price": 5950.0, "type": 0, "id": 26047287}', u'event': u'trade', u'channel': u'live_trades'}
2017-11-12 16:34:20,499 - bitstamp_ws - DEBUG - {u'data': u'{"price": 6504.2799999999997, "amount": 0.0, "datetime": "1510522459", "id": 474535323, "order_type": 0}', u'event': u'order_deleted', u'channel': u'live_orders'}
2017-11-12 16:34:20,502 - bitstamp_ws - DEBUG - {u'data': u'{"price": 5950.0, "amount": 0.14567099, "datetime": "1510522434", "id": 474534290, "order_type": 1}', u'event': u'order_changed', u'channel': u'live_orders'}
2017-11-12 16:34:20,559 - bitstamp_ws - DEBUG - {u'data': u'{"price": 5932.1000000000004, "amount": 1.6800999999999999, "datetime": "1510522459", "id": 474535308, "order_type": 0}', u'event': u'order_deleted', u'channel': u'live_orders'}
2017-11-12 16:34:20,566 - bitstamp_ws - DEBUG - {u'data': u'{"amount": 0.019989010000000001, "buy_order_id": 474535323, "sell_order_id": 474534290, "amount_str": "0.01998901", "price_str": "5950.00", "timestamp": "1510522460", "price": 5950.0, "type": 0, "id": 26047289}', u'event': u'trade', u'channel': u'live_trades'}
2017-11-12 16:34:20,599 - bitstamp_ws - DEBUG - {u'data': u'{"price": 5932.0100000000002, "amount": 0.55036437999999999, "datetime": "1510522459", "id": 474535306, "order_type": 0}', u'event': u'order_deleted', u'channel': u'live_orders'}
2017-11-12 16:34:20,655 - bitstamp_ws - DEBUG - {u'data': u'{"price": 5926.2200000000003, "amount": 18.300000000000001, "datetime": "1510522460", "id": 474535336, "order_type": 0}', u'event': u'order_created', u'channel': u'live_orders'}
2017-11-12 16:34:20,780 - bitstamp_ws - DEBUG - {u'data': u'{"price": 5874.3999999999996, "amount": 10.8561, "datetime": "1510522460", "id": 474535342, "order_type": 0}', u'event': u'order_created', u'channel': u'live_orders'}
2017-11-12 16:34:20,907 - bitstamp_ws - DEBUG - {u'data': u'{"price": 5951.79, "amount": 0.29037014, "datetime": "1510522460", "id": 474535346, "order_type": 1}', u'event': u'order_created', u'channel': u'live_orders'}
2017-11-12 16:34:20,974 - bitstamp_ws - DEBUG - {u'data': u'{"price": 5908.3000000000002, "amount": 1.2, "datetime": "1510522460", "id": 474535347, "order_type": 0}', u'event': u'order_created', u'channel': u'live_orders'}
2017-11-12 16:34:21,023 - bitstamp_ws - DEBUG - {u'data': u'{"price": 5933.1499999999996, "amount": 1.6829000000000001, "datetime": "1510522460", "id": 474535353, "order_type": 0}', u'event': u'order_created', u'channel': u'live_orders'}
2017-11-12 16:34:21,057 - bitstamp_ws - DEBUG - {u'data': u'{"price": 5926.2200000000003, "amount": 18.300000000000001, "datetime": "1510522460", "id": 474535336, "order_type": 0}', u'event': u'order_deleted', u'channel': u'live_orders'}
2017-11-12 16:34:21,058 - bitstamp_ws - DEBUG - {u'data': u'{"price": 5934.9499999999998, "amount": 0.55009174000000005, "datetime": "1510522460", "id": 474535356, "order_type": 0}', u'event': u'order_created', u'channel': u'live_orders'}
2017-11-12 16:34:21,737 - bitstamp_ws - DEBUG - {u'data': u'{"price": 5934.9399999999996, "amount": 0.70962985999999995, "datetime": "1510522458", "id": 474535286, "order_type": 0}', u'event': u'order_deleted', u'channel': u'live_orders'}
2017-11-12 16:34:21,738 - bitstamp_ws - DEBUG - {u'data': u'{"price": 5951.79, "amount": 0.29037014, "datetime": "1510522460", "id": 474535346, "order_type": 1}', u'event': u'order_deleted', u'channel': u'live_orders'}
2017-11-12 16:34:21,739 - bitstamp_ws - DEBUG - {u'data': u'{"price": 5934.9799999999996, "amount": 0.70962985999999995, "datetime": "1510522461", "id": 474535381, "order_type": 0}', u'event': u'order_created', u'channel': u'live_orders'}
2017-11-12 16:34:21,740 - bitstamp_ws - DEBUG - {u'data': u'{"price": 5934.9499999999998, "amount": 0.55009174000000005, "datetime": "1510522460", "id": 474535356, "order_type": 0}', u'event': u'order_deleted', u'channel': u'live_orders'}
2017-11-12 16:34:21,741 - bitstamp_ws - DEBUG - {u'data': u'{"price": 5960.3800000000001, "amount": 0.29037014, "datetime": "1510522461", "id": 474535383, "order_type": 1}', u'event': u'order_created', u'channel': u'live_orders'}
2017-11-12 16:34:21,742 - bitstamp_ws - DEBUG - {u'data': u'{"price": 5933.1499999999996, "amount": 1.6829000000000001, "datetime": "1510522460", "id": 474535353, "order_type": 0}', u'event': u'order_deleted', u'channel': u'live_orders'}
2017-11-12 16:34:21,860 - bitstamp_ws - DEBUG - {u'data': u'{"price": 5962.3000000000002, "amount": 0.79679999999999995, "datetime": "1510522445", "id": 474534700, "order_type": 1}', u'event': u'order_deleted', u'channel': u'live_orders'}
2017-11-12 16:34:21,862 - bitstamp_ws - DEBUG - {u'data': u'{"price": 5867.4700000000003, "amount": 6.3936000000000002, "datetime": "1510522445", "id": 474534699, "order_type": 0}', u'event': u'order_deleted', u'channel': u'live_orders'}
2017-11-12 16:34:21,868 - bitstamp_ws - DEBUG - {u'data': u'{"price": 5886.1300000000001, "amount": 1.5935999999999999, "datetime": "1510522442", "id": 474534598, "order_type": 0}', u'event': u'order_deleted', u'channel': u'live_orders'}
2017-11-12 16:34:21,963 - bitstamp_ws - DEBUG - {u'data': u'{"price": 5911.6199999999999, "amount": 0.5, "datetime": "1510522461", "id": 474535387, "order_type": 0}', u'event': u'order_created', u'channel': u'live_orders'}
2017-11-12 16:34:22,013 - bitstamp_ws - DEBUG - {u'data': u'{"price": 6350.0, "amount": 0.096204570000000003, "datetime": "1510522461", "id": 474535389, "order_type": 1}', u'event': u'order_created', u'channel': u'live_orders'}
2017-11-12 16:34:22,081 - bitstamp_ws - DEBUG - {u'data': u'{"price": 5933.1599999999999, "amount": 0.55025769999999996, "datetime": "1510522461", "id": 474535390, "order_type": 0}', u'event': u'order_created', u'channel': u'live_orders'}
2017-11-12 16:34:22,090 - bitstamp_ws - DEBUG - {u'data': u'{"price": 5960.3800000000001, "amount": 0.29037014, "datetime": "1510522461", "id": 474535383, "order_type": 1}', u'event': u'order_deleted', u'channel': u'live_orders'}
2017-11-12 16:34:22,156 - bitstamp_ws - DEBUG - {u'data': u'{"price": 5933.4300000000003, "amount": 19.4589, "datetime": "1510522461", "id": 474535392, "order_type": 0}', u'event': u'order_created', u'channel': u'live_orders'}
2017-11-12 16:34:22,164 - bitstamp_ws - DEBUG - {u'data': u'{"price": 5833.8900000000003, "amount": 18.338699999999999, "datetime": "1510522458", "id": 474535243, "order_type": 0}', u'event': u'order_deleted', u'channel': u'live_orders'}
2017-11-12 16:34:22,239 - bitstamp_ws - DEBUG - {u'data': u'{"price": 5930.7700000000004, "amount": 1.681, "datetime": "1510522462", "id": 474535396, "order_type": 0}', u'event': u'order_created', u'channel': u'live_orders'}
2017-11-12 16:34:22,376 - bitstamp_ws - DEBUG - {u'data': u'{"price": 6100.0, "amount": 0.096597569999999994, "datetime": "1510522462", "id": 474535403, "order_type": 1}', u'event': u'order_created', u'channel': u'live_orders'}
2017-11-12 16:34:22,457 - bitstamp_ws - DEBUG - {u'data': u'{"price": 5900.0200000000004, "amount": 1.5935999999999999, "datetime": "1510522462", "id": 474535405, "order_type": 0}', u'event': u'order_created', u'channel': u'live_orders'}
