2017-10-18 19:10:47,517 - core_websocket - INFO - Connecting to url: ws://ws.pusherapp.com/app/de504dc5763aeef9ff52?protocol=7 channel: {'data': {'channel': 'live_orders'}, 'event': 'pusher:subscribe'}
2017-10-18 19:10:47,602 - core_websocket - INFO - Listening for messages
2017-10-18 19:10:47,603 - bitstamp_ws - DEBUG - {u'data': u'{"socket_id":"224046.4675571","activity_timeout":120}', u'event': u'pusher:connection_established'}
2017-10-18 19:10:47,620 - bitstamp_ws - DEBUG - {u'data': u'{}', u'event': u'pusher_internal:subscription_succeeded', u'channel': u'live_orders'}
2017-10-18 19:10:47,660 - bitstamp_ws - DEBUG - {u'data': u'{"price": 5539.9499999999998, "amount": 15.0, "datetime": "1508368246", "id": 393371686, "order_type": 0}', u'event': u'order_deleted', u'channel': u'live_orders'}
2017-10-18 19:10:47,713 - bitstamp_ws - DEBUG - {u'data': u'{"price": 5544.0, "amount": 0.15267414000000001, "datetime": "1508368247", "id": 393371714, "order_type": 1}', u'event': u'order_created', u'channel': u'live_orders'}
2017-10-18 19:10:47,838 - bitstamp_ws - DEBUG - {u'data': u'{"price": 5568.9799999999996, "amount": 0.80510000000000004, "datetime": "1508368240", "id": 393371533, "order_type": 1}', u'event': u'order_deleted', u'channel': u'live_orders'}
2017-10-18 19:10:47,860 - bitstamp_ws - DEBUG - {u'data': u'{"price": 5556.8100000000004, "amount": 0.0, "datetime": "1508368234", "id": 393371371, "order_type": 0}', u'event': u'order_deleted', u'channel': u'live_orders'}
2017-10-18 19:10:47,861 - bitstamp_ws - DEBUG - {u'data': u'{"price": 5545.3400000000001, "amount": 5.0, "datetime": "1508368244", "id": 393371639, "order_type": 0}', u'event': u'order_deleted', u'channel': u'live_orders'}
2017-10-18 19:10:47,863 - bitstamp_ws - DEBUG - {u'data': u'{"price": 5544.0, "amount": 0.15067414000000001, "datetime": "1508368247", "id": 393371714, "order_type": 1}', u'event': u'order_changed', u'channel': u'live_orders'}
2017-10-18 19:10:47,893 - bitstamp_ws - DEBUG - {u'data': u'{"price": 5539.9499999999998, "amount": 1.6102000000000001, "datetime": "1508368240", "id": 393371532, "order_type": 0}', u'event': u'order_deleted', u'channel': u'live_orders'}
2017-10-18 19:10:47,894 - bitstamp_ws - DEBUG - {u'data': u'{"price": 5534.3299999999999, "amount": 17.0, "datetime": "1508368246", "id": 393371710, "order_type": 0}', u'event': u'order_deleted', u'channel': u'live_orders'}
2017-10-18 19:10:47,975 - bitstamp_ws - DEBUG - {u'data': u'{"price": 5549.4300000000003, "amount": 1.6451258600000001, "datetime": "1508368235", "id": 393371388, "order_type": 0}', u'event': u'order_changed', u'channel': u'live_orders'}
2017-10-18 19:10:47,981 - bitstamp_ws - DEBUG - {u'data': u'{"price": 5544.0, "amount": 0.0, "datetime": "1508368247", "id": 393371714, "order_type": 1}', u'event': u'order_deleted', u'channel': u'live_orders'}
2017-10-18 19:10:48,098 - bitstamp_ws - DEBUG - {u'data': u'{"price": 5568.9499999999998, "amount": 1.0, "datetime": "1508368247", "id": 393371717, "order_type": 1}', u'event': u'order_created', u'channel': u'live_orders'}
2017-10-18 19:10:48,151 - bitstamp_ws - DEBUG - {u'data': u'{"price": 5568.9399999999996, "amount": 0.80510000000000004, "datetime": "1508368247", "id": 393371722, "order_type": 1}', u'event': u'order_created', u'channel': u'live_orders'}
2017-10-18 19:10:48,241 - bitstamp_ws - DEBUG - {u'data': u'{"price": 5549.4300000000003, "amount": 1.6451258600000001, "datetime": "1508368235", "id": 393371388, "order_type": 0}', u'event': u'order_deleted', u'channel': u'live_orders'}
2017-10-18 19:10:48,301 - bitstamp_ws - DEBUG - {u'data': u'{"price": 5539.9700000000003, "amount": 1.6102000000000001, "datetime": "1508368247", "id": 393371724, "order_type": 0}', u'event': u'order_created', u'channel': u'live_orders'}
2017-10-18 19:10:48,436 - bitstamp_ws - DEBUG - {u'data': u'{"price": 5568.9499999999998, "amount": 1.0, "datetime": "1508368247", "id": 393371717, "order_type": 1}', u'event': u'order_deleted', u'channel': u'live_orders'}
2017-10-18 19:10:48,525 - bitstamp_ws - DEBUG - {u'data': u'{"price": 5561.0299999999997, "amount": 1.08773545, "datetime": "1508368247", "id": 393371732, "order_type": 1}', u'event': u'order_created', u'channel': u'live_orders'}
2017-10-18 19:10:48,687 - bitstamp_ws - DEBUG - {u'data': u'{"price": 5539.96, "amount": 0.39495229999999998, "datetime": "1508368248", "id": 393371742, "order_type": 0}', u'event': u'order_created', u'channel': u'live_orders'}
2017-10-18 19:10:48,870 - bitstamp_ws - DEBUG - {u'data': u'{"price": 5567.9700000000003, "amount": 0.18606639999999999, "datetime": "1508368248", "id": 393371749, "order_type": 1}', u'event': u'order_created', u'channel': u'live_orders'}
2017-10-18 19:10:48,895 - bitstamp_ws - DEBUG - {u'data': u'{"price": 5501.2600000000002, "amount": 1.8500000000000001, "datetime": "1508368239", "id": 393371512, "order_type": 0}', u'event': u'order_deleted', u'channel': u'live_orders'}
2017-10-18 19:10:48,987 - bitstamp_ws - DEBUG - {u'data': u'{"price": 5561.0299999999997, "amount": 5.0, "datetime": "1508368248", "id": 393371754, "order_type": 1}', u'event': u'order_created', u'channel': u'live_orders'}
2017-10-18 19:10:49,053 - bitstamp_ws - DEBUG - {u'data': u'{"price": 5561.21, "amount": 1.0, "datetime": "1508368248", "id": 393371758, "order_type": 1}', u'event': u'order_created', u'channel': u'live_orders'}
2017-10-18 19:10:49,064 - bitstamp_ws - DEBUG - {u'data': u'{"price": 5568.96, "amount": 0.50994956000000002, "datetime": "1508368246", "id": 393371696, "order_type": 1}', u'event': u'order_deleted', u'channel': u'live_orders'}
2017-10-18 19:10:49,224 - bitstamp_ws - DEBUG - {u'data': u'{"price": 5636.0900000000001, "amount": 0.050000000000000003, "datetime": "1508368248", "id": 393371765, "order_type": 1}', u'event': u'order_created', u'channel': u'live_orders'}
2017-10-18 19:10:49,319 - bitstamp_ws - DEBUG - {u'data': u'{"price": 5568.9200000000001, "amount": 0.50994956000000002, "datetime": "1508368248", "id": 393371767, "order_type": 1}', u'event': u'order_created', u'channel': u'live_orders'}
2017-10-18 19:10:49,428 - bitstamp_ws - DEBUG - {u'data': u'{"price": 5561.21, "amount": 1.0, "datetime": "1508368248", "id": 393371758, "order_type": 1}', u'event': u'order_deleted', u'channel': u'live_orders'}
2017-10-18 19:10:49,588 - bitstamp_ws - DEBUG - {u'data': u'{"price": 5539.9700000000003, "amount": 14.0, "datetime": "1508368249", "id": 393371781, "order_type": 0}', u'event': u'order_created', u'channel': u'live_orders'}
2017-10-18 19:10:49,681 - bitstamp_ws - DEBUG - {u'data': u'{"price": 5542.4899999999998, "amount": 1.6479999999999999, "datetime": "1508368249", "id": 393371782, "order_type": 0}', u'event': u'order_created', u'channel': u'live_orders'}
2017-10-18 19:10:49,824 - bitstamp_ws - DEBUG - {u'data': u'{"price": 5561.0, "amount": 1.0, "datetime": "1508368249", "id": 393371785, "order_type": 1}', u'event': u'order_created', u'channel': u'live_orders'}
2017-10-18 19:10:49,932 - bitstamp_ws - DEBUG - {u'data': u'{"price": 5542.4899999999998, "amount": 1.6479999999999999, "datetime": "1508368249", "id": 393371782, "order_type": 0}', u'event': u'order_deleted', u'channel': u'live_orders'}
2017-10-18 19:10:50,672 - bitstamp_ws - DEBUG - {u'data': u'{"price": 5568.9200000000001, "amount": 0.50994956000000002, "datetime": "1508368248", "id": 393371767, "order_type": 1}', u'event': u'order_deleted', u'channel': u'live_orders'}
2017-10-18 19:10:50,674 - bitstamp_ws - DEBUG - {u'data': u'{"price": 5577.1800000000003, "amount": 17.0, "datetime": "1508368245", "id": 393371652, "order_type": 1}', u'event': u'order_deleted', u'channel': u'live_orders'}
2017-10-18 19:10:50,674 - bitstamp_ws - DEBUG - {u'data': u'{"price": 5561.0100000000002, "amount": 0.50994956000000002, "datetime": "1508368249", "id": 393371809, "order_type": 1}', u'event': u'order_created', u'channel': u'live_orders'}
2017-10-18 19:10:50,674 - bitstamp_ws - DEBUG - {u'data': u'{"price": 5461.79, "amount": 4.3399999999999999, "datetime": "1508368228", "id": 393371185, "order_type": 0}', u'event': u'order_deleted', u'channel': u'live_orders'}
2017-10-18 19:10:50,675 - bitstamp_ws - DEBUG - {u'data': u'{"price": 5545.5600000000004, "amount": 1.7937000000000001, "datetime": "1508368250", "id": 393371812, "order_type": 0}', u'event': u'order_created', u'channel': u'live_orders'}
2017-10-18 19:10:50,859 - bitstamp_ws - DEBUG - {u'data': u'{"price": 5542.5, "amount": 1.1319999999999999, "datetime": "1508368250", "id": 393371817, "order_type": 0}', u'event': u'order_created', u'channel': u'live_orders'}
2017-10-18 19:10:50,916 - bitstamp_ws - DEBUG - {u'data': u'{"price": 5561.0, "amount": 1.0, "datetime": "1508368249", "id": 393371785, "order_type": 1}', u'event': u'order_deleted', u'channel': u'live_orders'}
2017-10-18 19:10:51,008 - bitstamp_ws - DEBUG - {u'data': u'{"price": 5573.3100000000004, "amount": 15.0, "datetime": "1508368250", "id": 393371825, "order_type": 1}', u'event': u'order_created', u'channel': u'live_orders'}
2017-10-18 19:10:51,097 - bitstamp_ws - DEBUG - {u'data': u'{"price": 5545.3599999999997, "amount": 0.80510000000000004, "datetime": "1508368246", "id": 393371685, "order_type": 0}', u'event': u'order_deleted', u'channel': u'live_orders'}
2017-10-18 19:10:51,106 - bitstamp_ws - DEBUG - {u'data': u'{"price": 5539.9700000000003, "amount": 1.6102000000000001, "datetime": "1508368247", "id": 393371724, "order_type": 0}', u'event': u'order_deleted', u'channel': u'live_orders'}
2017-10-18 19:10:51,180 - bitstamp_ws - DEBUG - {u'data': u'{"price": 5545.5799999999999, "amount": 0.80510000000000004, "datetime": "1508368250", "id": 393371836, "order_type": 0}', u'event': u'order_created', u'channel': u'live_orders'}
2017-10-18 19:10:51,256 - bitstamp_ws - DEBUG - {u'data': u'{"price": 5561.0100000000002, "amount": 0.50994956000000002, "datetime": "1508368249", "id": 393371809, "order_type": 1}', u'event': u'order_deleted', u'channel': u'live_orders'}
2017-10-18 19:10:51,337 - bitstamp_ws - DEBUG - {u'data': u'{"price": 5560.9799999999996, "amount": 1.0, "datetime": "1508368250", "id": 393371837, "order_type": 1}', u'event': u'order_created', u'channel': u'live_orders'}
2017-10-18 19:10:51,337 - bitstamp_ws - DEBUG - {u'data': u'{"price": 5545.5600000000004, "amount": 1.7937000000000001, "datetime": "1508368250", "id": 393371812, "order_type": 0}', u'event': u'order_deleted', u'channel': u'live_orders'}
2017-10-18 19:10:51,487 - bitstamp_ws - DEBUG - {u'data': u'{"price": 5539.9899999999998, "amount": 1.6102000000000001, "datetime": "1508368250", "id": 393371839, "order_type": 0}', u'event': u'order_created', u'channel': u'live_orders'}
2017-10-18 19:10:51,529 - bitstamp_ws - DEBUG - {u'data': u'{"price": 5501.2600000000002, "amount": 1.8500000000000001, "datetime": "1508368250", "id": 393371843, "order_type": 0}', u'event': u'order_created', u'channel': u'live_orders'}
2017-10-18 19:10:51,552 - bitstamp_ws - DEBUG - {u'data': u'{"price": 5542.5, "amount": 1.1319999999999999, "datetime": "1508368250", "id": 393371817, "order_type": 0}', u'event': u'order_deleted', u'channel': u'live_orders'}
2017-10-18 19:10:51,611 - bitstamp_ws - DEBUG - {u'data': u'{"price": 5651.5100000000002, "amount": 4.0899999999999999, "datetime": "1508368229", "id": 393371213, "order_type": 1}', u'event': u'order_deleted', u'channel': u'live_orders'}
2017-10-18 19:10:51,690 - bitstamp_ws - DEBUG - {u'data': u'{"price": 5560.9899999999998, "amount": 0.50994956000000002, "datetime": "1508368251", "id": 393371845, "order_type": 1}', u'event': u'order_created', u'channel': u'live_orders'}
2017-10-18 19:10:51,707 - bitstamp_ws - DEBUG - {u'data': u'{"price": 5560.9799999999996, "amount": 1.0, "datetime": "1508368250", "id": 393371837, "order_type": 1}', u'event': u'order_deleted', u'channel': u'live_orders'}
2017-10-18 19:10:51,856 - bitstamp_ws - DEBUG - {u'data': u'{"price": 5545.46, "amount": 1.7971999999999999, "datetime": "1508368251", "id": 393371850, "order_type": 0}', u'event': u'order_created', u'channel': u'live_orders'}
2017-10-18 19:10:52,042 - bitstamp_ws - DEBUG - {u'data': u'{"price": 5560.9499999999998, "amount": 1.0, "datetime": "1508368251", "id": 393371864, "order_type": 1}', u'event': u'order_created', u'channel': u'live_orders'}
2017-10-18 19:10:52,222 - bitstamp_ws - DEBUG - {u'data': u'{"price": 5554.4300000000003, "amount": 5.0, "datetime": "1508368251", "id": 393371868, "order_type": 0}', u'event': u'order_created', u'channel': u'live_orders'}
2017-10-18 19:10:52,324 - bitstamp_ws - DEBUG - {u'data': u'{"price": 5560.9899999999998, "amount": 0.50994956000000002, "datetime": "1508368251", "id": 393371845, "order_type": 1}', u'event': u'order_deleted', u'channel': u'live_orders'}
2017-10-18 19:10:52,449 - bitstamp_ws - DEBUG - {u'data': u'{"price": 5561.0299999999997, "amount": 1.08773545, "datetime": "1508368247", "id": 393371732, "order_type": 1}', u'event': u'order_deleted', u'channel': u'live_orders'}
2017-10-18 19:10:52,513 - bitstamp_ws - DEBUG - {u'data': u'{"price": 5561.0100000000002, "amount": 0.50994956000000002, "datetime": "1508368251", "id": 393371878, "order_type": 1}', u'event': u'order_created', u'channel': u'live_orders'}
2017-10-18 19:10:52,583 - bitstamp_ws - DEBUG - {u'data': u'{"price": 5545.46, "amount": 1.7971999999999999, "datetime": "1508368251", "id": 393371850, "order_type": 0}', u'event': u'order_deleted', u'channel': u'live_orders'}
2017-10-18 19:10:52,668 - bitstamp_ws - DEBUG - {u'data': u'{"price": 5461.6999999999998, "amount": 4.5899999999999999, "datetime": "1508368252", "id": 393371885, "order_type": 0}', u'event': u'order_created', u'channel': u'live_orders'}
2017-10-18 19:10:52,744 - bitstamp_ws - DEBUG - {u'data': u'{"price": 5545.6800000000003, "amount": 1.7954000000000001, "datetime": "1508368252", "id": 393371887, "order_type": 0}', u'event': u'order_created', u'channel': u'live_orders'}
2017-10-18 19:10:52,846 - bitstamp_ws - DEBUG - {u'data': u'{"price": 5561.0299999999997, "amount": 5.0, "datetime": "1508368248", "id": 393371754, "order_type": 1}', u'event': u'order_deleted', u'channel': u'live_orders'}
2017-10-18 19:10:53,433 - bitstamp_ws - DEBUG - {u'data': u'{"price": 5573.3100000000004, "amount": 1.6102000000000001, "datetime": "1508368245", "id": 393371665, "order_type": 1}', u'event': u'order_deleted', u'channel': u'live_orders'}
2017-10-18 19:10:53,433 - bitstamp_ws - DEBUG - {u'data': u'{"price": 5545.5799999999999, "amount": 0.80510000000000004, "datetime": "1508368250", "id": 393371836, "order_type": 0}', u'event': u'order_deleted', u'channel': u'live_orders'}
2017-10-18 19:10:53,434 - bitstamp_ws - DEBUG - {u'data': u'{"price": 5561.0100000000002, "amount": 0.50994956000000002, "datetime": "1508368251", "id": 393371878, "order_type": 1}', u'event': u'order_deleted', u'channel': u'live_orders'}
2017-10-18 19:10:53,434 - bitstamp_ws - DEBUG - {u'data': u'{"price": 5405.0, "amount": 1.0, "datetime": "1508368252", "id": 393371904, "order_type": 0}', u'event': u'order_created', u'channel': u'live_orders'}
2017-10-18 19:10:53,492 - bitstamp_ws - DEBUG - {u'data': u'{"price": 5545.6999999999998, "amount": 0.80510000000000004, "datetime": "1508368252", "id": 393371905, "order_type": 0}', u'event': u'order_created', u'channel': u'live_orders'}
2017-10-18 19:10:53,578 - bitstamp_ws - DEBUG - {u'data': u'{"price": 5539.9700000000003, "amount": 14.0, "datetime": "1508368249", "id": 393371781, "order_type": 0}', u'event': u'order_deleted', u'channel': u'live_orders'}
2017-10-18 19:10:53,651 - bitstamp_ws - DEBUG - {u'data': u'{"price": 5567.96, "amount": 0.50994956000000002, "datetime": "1508368253", "id": 393371912, "order_type": 1}', u'event': u'order_created', u'channel': u'live_orders'}
2017-10-18 19:10:53,692 - bitstamp_ws - DEBUG - {u'data': u'{"price": 5560.9499999999998, "amount": 1.0, "datetime": "1508368251", "id": 393371864, "order_type": 1}', u'event': u'order_deleted', u'channel': u'live_orders'}
2017-10-18 19:10:53,815 - bitstamp_ws - DEBUG - {u'data': u'{"price": 5300.0, "amount": 12.452294330000001, "datetime": "1508368253", "id": 393371915, "order_type": 0}', u'event': u'order_created', u'channel': u'live_orders'}
2017-10-18 19:10:53,818 - bitstamp_ws - DEBUG - {u'data': u'{"price": 5501.2600000000002, "amount": 1.8500000000000001, "datetime": "1508368250", "id": 393371843, "order_type": 0}', u'event': u'order_deleted', u'channel': u'live_orders'}
2017-10-18 19:10:53,901 - bitstamp_ws - DEBUG - {u'data': u'{"price": 5554.4300000000003, "amount": 5.0, "datetime": "1508368251", "id": 393371868, "order_type": 0}', u'event': u'order_deleted', u'channel': u'live_orders'}
2017-10-18 19:10:53,974 - bitstamp_ws - DEBUG - {u'data': u'{"price": 5567.9399999999996, "amount": 1.0, "datetime": "1508368253", "id": 393371924, "order_type": 1}', u'event': u'order_created', u'channel': u'live_orders'}
2017-10-18 19:10:54,354 - bitstamp_ws - DEBUG - {u'data': u'{"price": 5573.29, "amount": 1.6102000000000001, "datetime": "1508368253", "id": 393371935, "order_type": 1}', u'event': u'order_created', u'channel': u'live_orders'}
2017-10-18 19:10:54,432 - bitstamp_ws - DEBUG - {u'data': u'{"price": 5567.9399999999996, "amount": 1.0, "datetime": "1508368253", "id": 393371924, "order_type": 1}', u'event': u'order_deleted', u'channel': u'live_orders'}
2017-10-18 19:10:54,440 - bitstamp_ws - DEBUG - {u'data': u'{"price": 5567.96, "amount": 0.50994956000000002, "datetime": "1508368253", "id": 393371912, "order_type": 1}', u'event': u'order_deleted', u'channel': u'live_orders'}
2017-10-18 19:10:54,554 - bitstamp_ws - DEBUG - {u'data': u'{"price": 5560.9799999999996, "amount": 1.08773545, "datetime": "1508368253", "id": 393371942, "order_type": 1}', u'event': u'order_created', u'channel': u'live_orders'}
2017-10-18 19:10:54,599 - bitstamp_ws - DEBUG - {u'data': u'{"price": 5545.6800000000003, "amount": 1.7954000000000001, "datetime": "1508368252", "id": 393371887, "order_type": 0}', u'event': u'order_deleted', u'channel': u'live_orders'}
2017-10-18 19:10:54,756 - bitstamp_ws - DEBUG - {u'data': u'{"price": 5539.9899999999998, "amount": 15.100382, "datetime": "1508368254", "id": 393371945, "order_type": 0}', u'event': u'order_created', u'channel': u'live_orders'}
2017-10-18 19:10:54,795 - bitstamp_ws - DEBUG - {u'data': u'{"price": 5573.3100000000004, "amount": 15.0, "datetime": "1508368250", "id": 393371825, "order_type": 1}', u'event': u'order_deleted', u'channel': u'live_orders'}
2017-10-18 19:10:55,276 - bitstamp_ws - DEBUG - {u'data': u'{"price": 5567.9200000000001, "amount": 0.50994956000000002, "datetime": "1508368254", "id": 393371948, "order_type": 1}', u'event': u'order_created', u'channel': u'live_orders'}
2017-10-18 19:10:55,276 - bitstamp_ws - DEBUG - {u'data': u'{"price": 5545.8999999999996, "amount": 1.7974000000000001, "datetime": "1508368254", "id": 393371955, "order_type": 0}', u'event': u'order_created', u'channel': u'live_orders'}
2017-10-18 19:10:55,403 - bitstamp_ws - DEBUG - {u'data': u'{"price": 5560.9799999999996, "amount": 5.0, "datetime": "1508368254", "id": 393371956, "order_type": 1}', u'event': u'order_created', u'channel': u'live_orders'}
2017-10-18 19:10:55,490 - bitstamp_ws - DEBUG - {u'data': u'{"price": 5567.9200000000001, "amount": 0.50994956000000002, "datetime": "1508368254", "id": 393371948, "order_type": 1}', u'event': u'order_deleted', u'channel': u'live_orders'}
2017-10-18 19:10:55,552 - bitstamp_ws - DEBUG - {u'data': u'{"price": 5425.0, "amount": 1.0, "datetime": "1508368254", "id": 393371958, "order_type": 0}', u'event': u'order_created', u'channel': u'live_orders'}
2017-10-18 19:10:55,637 - bitstamp_ws - DEBUG - {u'data': u'{"price": 5539.9899999999998, "amount": 1.6102000000000001, "datetime": "1508368250", "id": 393371839, "order_type": 0}', u'event': u'order_deleted', u'channel': u'live_orders'}
2017-10-18 19:10:55,641 - bitstamp_ws - DEBUG - {u'data': u'{"price": 5568.9399999999996, "amount": 0.80510000000000004, "datetime": "1508368247", "id": 393371722, "order_type": 1}', u'event': u'order_deleted', u'channel': u'live_orders'}
2017-10-18 19:10:55,649 - bitstamp_ws - DEBUG - {u'data': u'{"price": 5545.6999999999998, "amount": 0.80510000000000004, "datetime": "1508368252", "id": 393371905, "order_type": 0}', u'event': u'order_deleted', u'channel': u'live_orders'}
2017-10-18 19:10:55,728 - bitstamp_ws - DEBUG - {u'data': u'{"price": 5561.21, "amount": 1.0, "datetime": "1508368255", "id": 393371961, "order_type": 1}', u'event': u'order_created', u'channel': u'live_orders'}
2017-10-18 19:10:55,787 - bitstamp_ws - DEBUG - {u'data': u'{"price": 5581.9899999999998, "amount": 13.199999999999999, "datetime": "1508368255", "id": 393371975, "order_type": 1}', u'event': u'order_created', u'channel': u'live_orders'}
2017-10-18 19:10:55,863 - bitstamp_ws - DEBUG - {u'data': u'{"price": 5567.96, "amount": 0.50994956000000002, "datetime": "1508368255", "id": 393371983, "order_type": 1}', u'event': u'order_created', u'channel': u'live_orders'}
2017-10-18 19:10:55,890 - bitstamp_ws - DEBUG - {u'data': u'{"price": 5561.21, "amount": 1.0, "datetime": "1508368255", "id": 393371961, "order_type": 1}', u'event': u'order_deleted', u'channel': u'live_orders'}
2017-10-18 19:10:56,045 - bitstamp_ws - DEBUG - {u'data': u'{"price": 5540.0100000000002, "amount": 1.6102000000000001, "datetime": "1508368255", "id": 393371984, "order_type": 0}', u'event': u'order_created', u'channel': u'live_orders'}
2017-10-18 19:10:56,077 - bitstamp_ws - DEBUG - {u'data': u'{"price": 5545.9200000000001, "amount": 0.80510000000000004, "datetime": "1508368255", "id": 393371993, "order_type": 0}', u'event': u'order_created', u'channel': u'live_orders'}
2017-10-18 19:10:56,217 - bitstamp_ws - DEBUG - {u'data': u'{"price": 5573.29, "amount": 15.52562, "datetime": "1508368255", "id": 393371995, "order_type": 1}', u'event': u'order_created', u'channel': u'live_orders'}
2017-10-18 19:10:56,349 - bitstamp_ws - DEBUG - {u'data': u'{"price": 5569.0, "amount": 16.0, "datetime": "1508368224", "id": 393371057, "order_type": 1}', u'event': u'order_deleted', u'channel': u'live_orders'}
2017-10-18 19:10:56,361 - bitstamp_ws - DEBUG - {u'data': u'{"price": 5568.9899999999998, "amount": 0.059999999999999998, "datetime": "1508368242", "id": 393371584, "order_type": 1}', u'event': u'order_deleted', u'channel': u'live_orders'}
2017-10-18 19:10:56,415 - bitstamp_ws - DEBUG - {u'data': u'{"price": 5567.8999999999996, "amount": 0.80510000000000004, "datetime": "1508368255", "id": 393371997, "order_type": 1}', u'event': u'order_created', u'channel': u'live_orders'}
2017-10-18 19:10:56,529 - bitstamp_ws - DEBUG - {u'data': u'{"price": 5539.9399999999996, "amount": 0.13, "datetime": "1508368242", "id": 393371591, "order_type": 0}', u'event': u'order_deleted', u'channel': u'live_orders'}
2017-10-18 19:10:56,562 - bitstamp_ws - DEBUG - {u'data': u'{"price": 5581.3900000000003, "amount": 0.01, "datetime": "1508368243", "id": 393371594, "order_type": 1}', u'event': u'order_deleted', u'channel': u'live_orders'}
2017-10-18 19:10:56,566 - bitstamp_ws - DEBUG - {u'data': u'{"price": 5542.4899999999998, "amount": 1.1619999999999999, "datetime": "1508368255", "id": 393372000, "order_type": 0}', u'event': u'order_created', u'channel': u'live_orders'}
2017-10-18 19:10:56,617 - bitstamp_ws - DEBUG - {u'data': u'{"price": 5567.96, "amount": 0.50994956000000002, "datetime": "1508368255", "id": 393371983, "order_type": 1}', u'event': u'order_deleted', u'channel': u'live_orders'}
2017-10-18 19:10:56,701 - bitstamp_ws - DEBUG - {u'data': u'{"price": 5560.9799999999996, "amount": 1.08773545, "datetime": "1508368253", "id": 393371942, "order_type": 1}', u'event': u'order_deleted', u'channel': u'live_orders'}
2017-10-18 19:10:56,748 - bitstamp_ws - DEBUG - {u'data': u'{"price": 5560.9499999999998, "amount": 1.0, "datetime": "1508368256", "id": 393372004, "order_type": 1}', u'event': u'order_created', u'channel': u'live_orders'}
2017-10-18 19:10:56,771 - bitstamp_ws - DEBUG - {u'data': u'{"price": 5545.8999999999996, "amount": 1.7974000000000001, "datetime": "1508368254", "id": 393371955, "order_type": 0}', u'event': u'order_deleted', u'channel': u'live_orders'}
2017-10-18 19:10:56,814 - bitstamp_ws - DEBUG - {u'data': u'{"price": 5532.5500000000002, "amount": 0.029999999999999999, "datetime": "1508368243", "id": 393371600, "order_type": 0}', u'event': u'order_deleted', u'channel': u'live_orders'}
2017-10-18 19:10:56,907 - bitstamp_ws - DEBUG - {u'data': u'{"price": 5276.5, "amount": 16.11066576, "datetime": "1508368256", "id": 393372006, "order_type": 0}', u'event': u'order_created', u'channel': u'live_orders'}
2017-10-18 19:10:56,948 - bitstamp_ws - DEBUG - {u'data': u'{"price": 5545.6899999999996, "amount": 5.0, "datetime": "1508368256", "id": 393372014, "order_type": 0}', u'event': u'order_created', u'channel': u'live_orders'}
2017-10-18 19:10:56,982 - bitstamp_ws - DEBUG - {u'data': u'{"price": 5400.0, "amount": 20.0, "datetime": "1508368256", "id": 393372015, "order_type": 0}', u'event': u'order_created', u'channel': u'live_orders'}
2017-10-18 19:10:57,091 - bitstamp_ws - DEBUG - {u'data': u'{"price": 5560.9799999999996, "amount": 5.0, "datetime": "1508368254", "id": 393371956, "order_type": 1}', u'event': u'order_deleted', u'channel': u'live_orders'}
2017-10-18 19:10:57,149 - bitstamp_ws - DEBUG - {u'data': u'{"price": 5623.4499999999998, "amount": 0.47212005000000001, "datetime": "1508368256", "id": 393372017, "order_type": 1}', u'event': u'order_created', u'channel': u'live_orders'}
2017-10-18 19:10:57,210 - bitstamp_ws - DEBUG - {u'data': u'{"price": 5573.2799999999997, "amount": 0.059999999999999998, "datetime": "1508368256", "id": 393372018, "order_type": 1}', u'event': u'order_created', u'channel': u'live_orders'}
2017-10-18 19:10:57,383 - bitstamp_ws - DEBUG - {u'data': u'{"price": 5455.0, "amount": 1.0, "datetime": "1508368256", "id": 393372020, "order_type": 0}', u'event': u'order_created', u'channel': u'live_orders'}
2017-10-18 19:10:57,399 - bitstamp_ws - DEBUG - {u'data': u'{"price": 5560.9499999999998, "amount": 1.0, "datetime": "1508368256", "id": 393372004, "order_type": 1}', u'event': u'order_deleted', u'channel': u'live_orders'}
2017-10-18 19:10:57,422 - bitstamp_ws - DEBUG - {u'data': u'{"price": 5544.8699999999999, "amount": 0.13, "datetime": "1508368256", "id": 393372023, "order_type": 0}', u'event': u'order_created', u'channel': u'live_orders'}
2017-10-18 19:10:57,551 - bitstamp_ws - DEBUG - {u'data': u'{"price": 5561.2399999999998, "amount": 0.019420130000000001, "datetime": "1508368241", "id": 393371543, "order_type": 1}', u'event': u'order_deleted', u'channel': u'live_orders'}
2017-10-18 19:10:57,597 - bitstamp_ws - DEBUG - {u'data': u'{"price": 5542.4899999999998, "amount": 1.1619999999999999, "datetime": "1508368255", "id": 393372000, "order_type": 0}', u'event': u'order_deleted', u'channel': u'live_orders'}
2017-10-18 19:10:57,612 - bitstamp_ws - DEBUG - {u'data': u'{"price": 5581.3900000000003, "amount": 0.01, "datetime": "1508368257", "id": 393372026, "order_type": 1}', u'event': u'order_created', u'channel': u'live_orders'}
2017-10-18 19:10:57,768 - bitstamp_ws - DEBUG - {u'data': u'{"price": 5546.0200000000004, "amount": 1.7939000000000001, "datetime": "1508368257", "id": 393372030, "order_type": 0}', u'event': u'order_created', u'channel': u'live_orders'}
2017-10-18 19:10:57,913 - bitstamp_ws - DEBUG - {u'data': u'{"price": 5560.96, "amount": 0.50994956000000002, "datetime": "1508368257", "id": 393372031, "order_type": 1}', u'event': u'order_created', u'channel': u'live_orders'}
2017-10-18 19:10:58,056 - bitstamp_ws - DEBUG - {u'data': u'{"price": 5539.9899999999998, "amount": 15.100382, "datetime": "1508368254", "id": 393371945, "order_type": 0}', u'event': u'order_deleted', u'channel': u'live_orders'}
2017-10-18 19:10:58,069 - bitstamp_ws - DEBUG - {u'data': u'{"price": 5495.7600000000002, "amount": 1.8500000000000001, "datetime": "1508368257", "id": 393372036, "order_type": 0}', u'event': u'order_created', u'channel': u'live_orders'}
2017-10-18 19:10:58,163 - bitstamp_ws - DEBUG - {u'data': u'{"price": 5573.29, "amount": 1.6102000000000001, "datetime": "1508368253", "id": 393371935, "order_type": 1}', u'event': u'order_deleted', u'channel': u'live_orders'}
2017-10-18 19:10:58,205 - bitstamp_ws - DEBUG - {u'data': u'{"price": 5560.96, "amount": 0.50994956000000002, "datetime": "1508368257", "id": 393372031, "order_type": 1}', u'event': u'order_deleted', u'channel': u'live_orders'}
2017-10-18 19:10:58,271 - bitstamp_ws - DEBUG - {u'data': u'{"price": 5638.9399999999996, "amount": 15.08, "datetime": "1508368257", "id": 393372039, "order_type": 1}', u'event': u'order_created', u'channel': u'live_orders'}
2017-10-18 19:10:58,363 - bitstamp_ws - DEBUG - {u'data': u'{"price": 5545.9200000000001, "amount": 0.80510000000000004, "datetime": "1508368255", "id": 393371993, "order_type": 0}', u'event': u'order_deleted', u'channel': u'live_orders'}
2017-10-18 19:10:58,367 - bitstamp_ws - DEBUG - {u'data': u'{"price": 5567.8999999999996, "amount": 0.80510000000000004, "datetime": "1508368255", "id": 393371997, "order_type": 1}', u'event': u'order_deleted', u'channel': u'live_orders'}
2017-10-18 19:10:58,472 - bitstamp_ws - DEBUG - {u'data': u'{"price": 5534.3299999999999, "amount": 0.029999999999999999, "datetime": "1508368257", "id": 393372041, "order_type": 0}', u'event': u'order_created', u'channel': u'live_orders'}
2017-10-18 19:10:58,532 - bitstamp_ws - DEBUG - {u'data': u'{"price": 5026.3100000000004, "amount": 0.014692419999999999, "datetime": "1508368257", "id": 393372052, "order_type": 0}', u'event': u'order_created', u'channel': u'live_orders'}
2017-10-18 19:10:58,688 - bitstamp_ws - DEBUG - {u'data': u'{"price": 5567.8699999999999, "amount": 1.0, "datetime": "1508368258", "id": 393372061, "order_type": 1}', u'event': u'order_created', u'channel': u'live_orders'}
2017-10-18 19:10:58,717 - bitstamp_ws - DEBUG - {u'data': u'{"price": 5581.9899999999998, "amount": 13.199999999999999, "datetime": "1508368255", "id": 393371975, "order_type": 1}', u'event': u'order_deleted', u'channel': u'live_orders'}
2017-10-18 19:10:58,850 - bitstamp_ws - DEBUG - {u'data': u'{"price": 5550.0, "amount": 0.5, "datetime": "1508368258", "id": 393372068, "order_type": 0}', u'event': u'order_created', u'channel': u'live_orders'}
2017-10-18 19:10:58,853 - bitstamp_ws - DEBUG - {u'data': u'{"price": 5546.04, "amount": 0.80510000000000004, "datetime": "1508368258", "id": 393372084, "order_type": 0}', u'event': u'order_created', u'channel': u'live_orders'}
2017-10-18 19:10:58,947 - bitstamp_ws - DEBUG - {u'data': u'{"price": 5495.7600000000002, "amount": 1.8500000000000001, "datetime": "1508368257", "id": 393372036, "order_type": 0}', u'event': u'order_deleted', u'channel': u'live_orders'}
2017-10-18 19:10:59,001 - bitstamp_ws - DEBUG - {u'data': u'{"price": 5573.2600000000002, "amount": 0.80510000000000004, "datetime": "1508368258", "id": 393372085, "order_type": 1}', u'event': u'order_created', u'channel': u'live_orders'}
2017-10-18 19:10:59,032 - bitstamp_ws - DEBUG - {u'data': u'{"price": 5567.8800000000001, "amount": 0.50994956000000002, "datetime": "1508368258", "id": 393372089, "order_type": 1}', u'event': u'order_created', u'channel': u'live_orders'}
2017-10-18 19:10:59,185 - bitstamp_ws - DEBUG - {u'data': u'{"price": 5545.6999999999998, "amount": 14.0191, "datetime": "1508368258", "id": 393372092, "order_type": 0}', u'event': u'order_created', u'channel': u'live_orders'}
2017-10-18 19:10:59,272 - bitstamp_ws - DEBUG - {u'data': u'{"price": 5567.8800000000001, "amount": 0.50994956000000002, "datetime": "1508368258", "id": 393372089, "order_type": 1}', u'event': u'order_deleted', u'channel': u'live_orders'}
2017-10-18 19:10:59,341 - bitstamp_ws - DEBUG - {u'data': u'{"price": 5573.2600000000002, "amount": 1.6102000000000001, "datetime": "1508368258", "id": 393372093, "order_type": 1}', u'event': u'order_created', u'channel': u'live_orders'}
2017-10-18 19:10:59,396 - bitstamp_ws - DEBUG - {u'data': u'{"price": 5561.04, "amount": 0.17946282999999999, "datetime": "1508368258", "id": 393372107, "order_type": 1}', u'event': u'order_created', u'channel': u'live_orders'}
2017-10-18 19:10:59,579 - bitstamp_ws - DEBUG - {u'data': u'{"price": 5581.9899999999998, "amount": 15.441248, "datetime": "1508368258", "id": 393372120, "order_type": 1}', u'event': u'order_created', u'channel': u'live_orders'}
2017-10-18 19:10:59,593 - bitstamp_ws - DEBUG - {u'data': u'{"price": 5571.3000000000002, "amount": 0.50994956000000002, "datetime": "1508368259", "id": 393372121, "order_type": 1}', u'event': u'order_created', u'channel': u'live_orders'}
2017-10-18 19:10:59,885 - bitstamp_ws - DEBUG - {u'data': u'{"price": 5573.29, "amount": 15.52562, "datetime": "1508368255", "id": 393371995, "order_type": 1}', u'event': u'order_deleted', u'channel': u'live_orders'}
2017-10-18 19:11:00,408 - bitstamp_ws - DEBUG - {u'data': u'{"price": 5546.0200000000004, "amount": 1.7939000000000001, "datetime": "1508368257", "id": 393372030, "order_type": 0}', u'event': u'order_deleted', u'channel': u'live_orders'}
2017-10-18 19:11:00,411 - bitstamp_ws - DEBUG - {u'data': u'{"price": 5581.9899999999998, "amount": 15.441248, "datetime": "1508368258", "id": 393372120, "order_type": 1}', u'event': u'order_deleted', u'channel': u'live_orders'}
2017-10-18 19:11:00,468 - bitstamp_ws - DEBUG - {u'data': u'{"price": 5545.6899999999996, "amount": 5.0, "datetime": "1508368256", "id": 393372014, "order_type": 0}', u'event': u'order_deleted', u'channel': u'live_orders'}
2017-10-18 19:11:01,726 - bitstamp_ws - DEBUG - {u'data': u'{"price": 5561.2299999999996, "amount": 1.08773545, "datetime": "1508368261", "id": 393372155, "order_type": 1}', u'event': u'order_created', u'channel': u'live_orders'}
2017-10-18 19:11:01,898 - bitstamp_ws - DEBUG - {u'data': u'{"price": 5573.2600000000002, "amount": 16.609000000000002, "datetime": "1508368261", "id": 393372161, "order_type": 1}', u'event': u'order_created', u'channel': u'live_orders'}
2017-10-18 19:11:02,649 - bitstamp_ws - DEBUG - {u'data': u'{"price": 5561.2299999999996, "amount": 5.0, "datetime": "1508368261", "id": 393372166, "order_type": 1}', u'event': u'order_created', u'channel': u'live_orders'}
2017-10-18 19:11:02,650 - bitstamp_ws - DEBUG - {u'data': u'{"price": 5545.6999999999998, "amount": 14.0191, "datetime": "1508368258", "id": 393372092, "order_type": 0}', u'event': u'order_deleted', u'channel': u'live_orders'}
2017-10-18 19:11:02,651 - bitstamp_ws - DEBUG - {u'data': u'{"price": 5654.5, "amount": 0.002, "datetime": "1508368261", "id": 393372169, "order_type": 1}', u'event': u'order_created', u'channel': u'live_orders'}
2017-10-18 19:11:02,703 - bitstamp_ws - DEBUG - {u'data': u'{"price": 5567.8699999999999, "amount": 1.0, "datetime": "1508368258", "id": 393372061, "order_type": 1}', u'event': u'order_deleted', u'channel': u'live_orders'}
2017-10-18 19:11:02,774 - bitstamp_ws - DEBUG - {u'data': u'{"price": 5550.0100000000002, "amount": 5.0, "datetime": "1508368262", "id": 393372188, "order_type": 0}', u'event': u'order_created', u'channel': u'live_orders'}
2017-10-18 19:11:02,913 - bitstamp_ws - DEBUG - {u'data': u'{"price": 5561.0100000000002, "amount": 1.0, "datetime": "1508368262", "id": 393372191, "order_type": 1}', u'event': u'order_created', u'channel': u'live_orders'}
2017-10-18 19:11:03,032 - bitstamp_ws - DEBUG - {u'data': u'{"price": 5571.3000000000002, "amount": 0.50994956000000002, "datetime": "1508368259", "id": 393372121, "order_type": 1}', u'event': u'order_deleted', u'channel': u'live_orders'}
2017-10-18 19:11:03,054 - bitstamp_ws - DEBUG - {u'data': u'{"price": 5540.0100000000002, "amount": 13.300000000000001, "datetime": "1508368262", "id": 393372194, "order_type": 0}', u'event': u'order_created', u'channel': u'live_orders'}
2017-10-18 19:11:03,085 - bitstamp_ws - DEBUG - {u'data': u'{"price": 5493.96, "amount": 0.050000000000000003, "datetime": "1508368227", "id": 393371163, "order_type": 0}', u'event': u'order_deleted', u'channel': u'live_orders'}
2017-10-18 19:11:03,089 - bitstamp_ws - DEBUG - {u'data': u'{"price": 5561.2299999999996, "amount": 1.08773545, "datetime": "1508368261", "id": 393372155, "order_type": 1}', u'event': u'order_deleted', u'channel': u'live_orders'}
2017-10-18 19:11:03,195 - bitstamp_ws - DEBUG - {u'data': u'{"price": 5561.0299999999997, "amount": 0.50994956000000002, "datetime": "1508368262", "id": 393372199, "order_type": 1}', u'event': u'order_created', u'channel': u'live_orders'}
2017-10-18 19:11:03,283 - bitstamp_ws - DEBUG - {u'data': u'{"price": 5636.0900000000001, "amount": 0.050000000000000003, "datetime": "1508368248", "id": 393371765, "order_type": 1}', u'event': u'order_deleted', u'channel': u'live_orders'}
2017-10-18 19:11:03,570 - bitstamp_ws - DEBUG - {u'data': u'{"price": 5561.2299999999996, "amount": 5.0, "datetime": "1508368261", "id": 393372166, "order_type": 1}', u'event': u'order_deleted', u'channel': u'live_orders'}
2017-10-18 19:11:03,571 - bitstamp_ws - DEBUG - {u'data': u'{"price": 5561.0100000000002, "amount": 1.0, "datetime": "1508368262", "id": 393372191, "order_type": 1}', u'event': u'order_deleted', u'channel': u'live_orders'}
2017-10-18 19:11:03,722 - bitstamp_ws - DEBUG - {u'data': u'{"price": 5561.0, "amount": 1.0, "datetime": "1508368263", "id": 393372217, "order_type": 1}', u'event': u'order_created', u'channel': u'live_orders'}
2017-10-18 19:11:04,492 - bitstamp_ws - DEBUG - {u'data': u'{"price": 5550.0100000000002, "amount": 5.0, "datetime": "1508368262", "id": 393372188, "order_type": 0}', u'event': u'order_deleted', u'channel': u'live_orders'}
2017-10-18 19:11:04,493 - bitstamp_ws - DEBUG - {u'data': u'{"price": 5561.0299999999997, "amount": 0.50994956000000002, "datetime": "1508368262", "id": 393372199, "order_type": 1}', u'event': u'order_deleted', u'channel': u'live_orders'}
2017-10-18 19:11:04,493 - bitstamp_ws - DEBUG - {u'data': u'{"price": 5571.3000000000002, "amount": 0.50994956000000002, "datetime": "1508368263", "id": 393372228, "order_type": 1}', u'event': u'order_created', u'channel': u'live_orders'}
2017-10-18 19:11:04,494 - bitstamp_ws - DEBUG - {u'data': u'{"price": 5561.0, "amount": 1.0, "datetime": "1508368263", "id": 393372217, "order_type": 1}', u'event': u'order_deleted', u'channel': u'live_orders'}
2017-10-18 19:11:04,494 - bitstamp_ws - DEBUG - {u'data': u'{"price": 5560.9700000000003, "amount": 1.0, "datetime": "1508368263", "id": 393372233, "order_type": 1}', u'event': u'order_created', u'channel': u'live_orders'}
2017-10-18 19:11:04,494 - bitstamp_ws - DEBUG - {u'data': u'{"price": 5561.0299999999997, "amount": 1.08773545, "datetime": "1508368263", "id": 393372234, "order_type": 1}', u'event': u'order_created', u'channel': u'live_orders'}
2017-10-18 19:11:04,508 - bitstamp_ws - DEBUG - {u'data': u'{"price": 5560.9700000000003, "amount": 1.0, "datetime": "1508368263", "id": 393372233, "order_type": 1}', u'event': u'order_deleted', u'channel': u'live_orders'}
2017-10-18 19:11:04,627 - bitstamp_ws - DEBUG - {u'data': u'{"price": 5567.9399999999996, "amount": 1.0, "datetime": "1508368264", "id": 393372241, "order_type": 1}', u'event': u'order_created', u'channel': u'live_orders'}
2017-10-18 19:11:05,414 - bitstamp_ws - DEBUG - {u'data': u'{"price": 5567.9399999999996, "amount": 1.0, "datetime": "1508368264", "id": 393372241, "order_type": 1}', u'event': u'order_deleted', u'channel': u'live_orders'}
2017-10-18 19:11:05,414 - bitstamp_ws - DEBUG - {u'data': u'{"price": 5560.9399999999996, "amount": 1.0, "datetime": "1508368264", "id": 393372254, "order_type": 1}', u'event': u'order_created', u'channel': u'live_orders'}
2017-10-18 19:11:05,415 - bitstamp_ws - DEBUG - {u'data': u'{"price": 5571.3000000000002, "amount": 0.50994956000000002, "datetime": "1508368263", "id": 393372228, "order_type": 1}', u'event': u'order_deleted', u'channel': u'live_orders'}
2017-10-18 19:11:05,415 - bitstamp_ws - DEBUG - {u'data': u'{"price": 5567.9200000000001, "amount": 0.50994956000000002, "datetime": "1508368264", "id": 393372262, "order_type": 1}', u'event': u'order_created', u'channel': u'live_orders'}
