2017-08-20 16:39:45,206 - core_websocket - INFO - Connecting to url: ws://ws.pusherapp.com/app/de504dc5763aeef9ff52?protocol=7 channel: {'data': {'channel': 'live_orders'}, 'event': 'pusher:subscribe'}
2017-08-20 16:39:45,408 - core_websocket - INFO - Listening for messages
2017-08-20 16:39:45,408 - bitstamp_ws - DEBUG - {u'data': u'{"socket_id":"217403.66413046","activity_timeout":120}', u'event': u'pusher:connection_established'}
2017-08-20 16:39:45,427 - bitstamp_ws - DEBUG - {u'data': u'{}', u'event': u'pusher_internal:subscription_succeeded', u'channel': u'live_orders'}
2017-08-20 16:39:45,461 - bitstamp_ws - DEBUG - {u'data': u'{"price": 4063.0100000000002, "amount": 3.1301999999999999, "datetime": "1503261585", "id": 237361666, "order_type": 1}', u'event': u'order_created', u'channel': u'live_orders'}
2017-08-20 16:39:48,544 - bitstamp_ws - DEBUG - {u'data': u'{"price": 4063.0300000000002, "amount": 4.0, "datetime": "1503261584", "id": 237361657, "order_type": 1}', u'event': u'order_deleted', u'channel': u'live_orders'}
2017-08-20 16:39:48,545 - bitstamp_ws - DEBUG - {u'data': u'{"price": 4063.0, "amount": 3.9282870700000001, "datetime": "1503261586", "id": 237361681, "order_type": 1}', u'event': u'order_created', u'channel': u'live_orders'}
2017-08-20 16:39:48,571 - bitstamp_ws - DEBUG - {u'data': u'{"price": 4063.0100000000002, "amount": 3.1301999999999999, "datetime": "1503261585", "id": 237361666, "order_type": 1}', u'event': u'order_deleted', u'channel': u'live_orders'}
2017-08-20 16:39:48,571 - bitstamp_ws - DEBUG - {u'data': u'{"price": 4062.98, "amount": 3.1301999999999999, "datetime": "1503261587", "id": 237361686, "order_type": 1}', u'event': u'order_created', u'channel': u'live_orders'}
2017-08-20 16:39:48,572 - bitstamp_ws - DEBUG - {u'data': u'{"price": 4042.04, "amount": 4.2000000000000002, "datetime": "1503261588", "id": 237361704, "order_type": 0}', u'event': u'order_created', u'channel': u'live_orders'}
2017-08-20 16:39:48,776 - bitstamp_ws - DEBUG - {u'data': u'{"price": 4060.0700000000002, "amount": 4.1916580000000003, "datetime": "1503261371", "id": 237358112, "order_type": 1}', u'event': u'order_deleted', u'channel': u'live_orders'}
2017-08-20 16:39:49,190 - bitstamp_ws - DEBUG - {u'data': u'{"price": 3989.25, "amount": 4.04, "datetime": "1503261359", "id": 237357920, "order_type": 0}', u'event': u'order_deleted', u'channel': u'live_orders'}
2017-08-20 16:39:49,432 - bitstamp_ws - DEBUG - {u'data': u'{"price": 4063.0, "amount": 3.9282870700000001, "datetime": "1503261586", "id": 237361681, "order_type": 1}', u'event': u'order_deleted', u'channel': u'live_orders'}
2017-08-20 16:39:49,690 - bitstamp_ws - DEBUG - {u'data': u'{"price": 4113.8999999999996, "amount": 5.0, "datetime": "1503261589", "id": 237361720, "order_type": 1}', u'event': u'order_created', u'channel': u'live_orders'}
2017-08-20 16:39:49,950 - bitstamp_ws - DEBUG - {u'data': u'{"price": 4062.9699999999998, "amount": 3.7999999999999998, "datetime": "1503261589", "id": 237361723, "order_type": 1}', u'event': u'order_created', u'channel': u'live_orders'}
2017-08-20 16:39:50,124 - bitstamp_ws - DEBUG - {u'data': u'{"price": 4059.6500000000001, "amount": 1.5604, "datetime": "1503261581", "id": 237361618, "order_type": 1}', u'event': u'order_deleted', u'channel': u'live_orders'}
2017-08-20 16:39:50,124 - bitstamp_ws - DEBUG - {u'data': u'{"price": 4032.2199999999998, "amount": 1.5604, "datetime": "1503261579", "id": 237361599, "order_type": 0}', u'event': u'order_deleted', u'channel': u'live_orders'}
2017-08-20 16:39:50,298 - bitstamp_ws - DEBUG - {u'data': u'{"price": 4044.6900000000001, "amount": 1.5604, "datetime": "1503261589", "id": 237361725, "order_type": 0}', u'event': u'order_created', u'channel': u'live_orders'}
2017-08-20 16:39:50,329 - bitstamp_ws - DEBUG - {u'data': u'{"price": 4063.1399999999999, "amount": 1.5604, "datetime": "1503261590", "id": 237361726, "order_type": 1}', u'event': u'order_created', u'channel': u'live_orders'}
2017-08-20 16:39:50,476 - bitstamp_ws - DEBUG - {u'data': u'{"price": 4063.1399999999999, "amount": 1.5604, "datetime": "1503261590", "id": 237361726, "order_type": 1}', u'event': u'order_deleted', u'channel': u'live_orders'}
2017-08-20 16:39:50,477 - bitstamp_ws - DEBUG - {u'data': u'{"price": 4062.98, "amount": 3.1301999999999999, "datetime": "1503261587", "id": 237361686, "order_type": 1}', u'event': u'order_deleted', u'channel': u'live_orders'}
2017-08-20 16:39:50,477 - bitstamp_ws - DEBUG - {u'data': u'{"price": 4062.9499999999998, "amount": 3.1301999999999999, "datetime": "1503261590", "id": 237361730, "order_type": 1}', u'event': u'order_created', u'channel': u'live_orders'}
2017-08-20 16:39:50,608 - bitstamp_ws - DEBUG - {u'data': u'{"price": 4062.9499999999998, "amount": 1.5604, "datetime": "1503261590", "id": 237361732, "order_type": 1}', u'event': u'order_created', u'channel': u'live_orders'}
2017-08-20 16:39:51,301 - bitstamp_ws - DEBUG - {u'data': u'{"price": 4064.9899999999998, "amount": 0.20000000000000001, "datetime": "1503261577", "id": 237361572, "order_type": 1}', u'event': u'order_deleted', u'channel': u'live_orders'}
2017-08-20 16:39:51,476 - bitstamp_ws - DEBUG - {u'data': u'{"price": 4044.6700000000001, "amount": 0.25, "datetime": "1503261578", "id": 237361576, "order_type": 0}', u'event': u'order_deleted', u'channel': u'live_orders'}
2017-08-20 16:39:51,479 - bitstamp_ws - DEBUG - {u'data': u'{"price": 4064.98, "amount": 0.20000000000000001, "datetime": "1503261591", "id": 237361747, "order_type": 1}', u'event': u'order_created', u'channel': u'live_orders'}
2017-08-20 16:39:51,617 - bitstamp_ws - DEBUG - {u'data': u'{"price": 4044.6700000000001, "amount": 0.25, "datetime": "1503261591", "id": 237361748, "order_type": 0}', u'event': u'order_created', u'channel': u'live_orders'}
2017-08-20 16:39:51,646 - bitstamp_ws - DEBUG - {u'data': u'{"price": 4068.3099999999999, "amount": 0.040000000000000001, "datetime": "1503261578", "id": 237361578, "order_type": 1}', u'event': u'order_deleted', u'channel': u'live_orders'}
2017-08-20 16:39:51,802 - bitstamp_ws - DEBUG - {u'data': u'{"price": 4035.0100000000002, "amount": 0.050000000000000003, "datetime": "1503261578", "id": 237361581, "order_type": 0}', u'event': u'order_deleted', u'channel': u'live_orders'}
2017-08-20 16:39:51,950 - bitstamp_ws - DEBUG - {u'data': u'{"price": 4068.3000000000002, "amount": 0.040000000000000001, "datetime": "1503261591", "id": 237361754, "order_type": 1}', u'event': u'order_created', u'channel': u'live_orders'}
2017-08-20 16:39:51,951 - bitstamp_ws - DEBUG - {u'data': u'{"price": 4062.9699999999998, "amount": 3.7999999999999998, "datetime": "1503261589", "id": 237361723, "order_type": 1}', u'event': u'order_deleted', u'channel': u'live_orders'}
2017-08-20 16:39:51,951 - bitstamp_ws - DEBUG - {u'data': u'{"price": 4064.9899999999998, "amount": 4.8867000000000003, "datetime": "1503261577", "id": 237361563, "order_type": 1}', u'event': u'order_deleted', u'channel': u'live_orders'}
2017-08-20 16:39:52,123 - bitstamp_ws - DEBUG - {u'data': u'{"price": 4035.4400000000001, "amount": 0.050000000000000003, "datetime": "1503261591", "id": 237361756, "order_type": 0}', u'event': u'order_created', u'channel': u'live_orders'}
2017-08-20 16:39:52,294 - bitstamp_ws - DEBUG - {u'data': u'{"price": 4067.0999999999999, "amount": 4.8864000000000001, "datetime": "1503261591", "id": 237361759, "order_type": 1}', u'event': u'order_created', u'channel': u'live_orders'}
2017-08-20 16:39:52,295 - bitstamp_ws - DEBUG - {u'data': u'{"price": 4062.9400000000001, "amount": 4.0999999999999996, "datetime": "1503261591", "id": 237361760, "order_type": 1}', u'event': u'order_created', u'channel': u'live_orders'}
2017-08-20 16:39:53,151 - bitstamp_ws - DEBUG - {u'data': u'{"price": 4062.9499999999998, "amount": 1.5604, "datetime": "1503261590", "id": 237361732, "order_type": 1}', u'event': u'order_deleted', u'channel': u'live_orders'}
2017-08-20 16:39:53,152 - bitstamp_ws - DEBUG - {u'data': u'{"price": 4044.6900000000001, "amount": 1.5604, "datetime": "1503261589", "id": 237361725, "order_type": 0}', u'event': u'order_deleted', u'channel': u'live_orders'}
2017-08-20 16:39:53,152 - bitstamp_ws - DEBUG - {u'data': u'{"price": 4062.9499999999998, "amount": 3.1301999999999999, "datetime": "1503261590", "id": 237361730, "order_type": 1}', u'event': u'order_deleted', u'channel': u'live_orders'}
2017-08-20 16:39:53,152 - bitstamp_ws - DEBUG - {u'data': u'{"price": 4062.9200000000001, "amount": 1.5604, "datetime": "1503261592", "id": 237361770, "order_type": 1}', u'event': u'order_created', u'channel': u'live_orders'}
2017-08-20 16:39:53,153 - bitstamp_ws - DEBUG - {u'data': u'{"price": 4045.02, "amount": 1.5604, "datetime": "1503261592", "id": 237361771, "order_type": 0}', u'event': u'order_created', u'channel': u'live_orders'}
2017-08-20 16:39:53,153 - bitstamp_ws - DEBUG - {u'data': u'{"price": 4062.9200000000001, "amount": 3.1301999999999999, "datetime": "1503261592", "id": 237361776, "order_type": 1}', u'event': u'order_created', u'channel': u'live_orders'}
2017-08-20 16:39:54,995 - bitstamp_ws - DEBUG - {u'data': u'{"price": 4032.1999999999998, "amount": 7.3277000000000001, "datetime": "1503261579", "id": 237361589, "order_type": 0}', u'event': u'order_deleted', u'channel': u'live_orders'}
2017-08-20 16:39:54,995 - bitstamp_ws - DEBUG - {u'data': u'{"price": 4027.5500000000002, "amount": 4.883, "datetime": "1503261579", "id": 237361591, "order_type": 0}', u'event': u'order_deleted', u'channel': u'live_orders'}
2017-08-20 16:39:54,995 - bitstamp_ws - DEBUG - {u'data': u'{"price": 4127.3400000000001, "amount": 0.28000000000000003, "datetime": "1503261574", "id": 237361531, "order_type": 1}', u'event': u'order_deleted', u'channel': u'live_orders'}
2017-08-20 16:39:54,996 - bitstamp_ws - DEBUG - {u'data': u'{"price": 4033.8099999999999, "amount": 7.3224999999999998, "datetime": "1503261594", "id": 237361796, "order_type": 0}', u'event': u'order_created', u'channel': u'live_orders'}
2017-08-20 16:39:54,996 - bitstamp_ws - DEBUG - {u'data': u'{"price": 4029.1300000000001, "amount": 4.8800999999999997, "datetime": "1503261594", "id": 237361798, "order_type": 0}', u'event': u'order_created', u'channel': u'live_orders'}
2017-08-20 16:39:54,996 - bitstamp_ws - DEBUG - {u'data': u'{"price": 4152.25, "amount": 0.5, "datetime": "1503261574", "id": 237361535, "order_type": 1}', u'event': u'order_deleted', u'channel': u'live_orders'}
2017-08-20 16:39:54,997 - bitstamp_ws - DEBUG - {u'data': u'{"price": 4062.9400000000001, "amount": 4.0999999999999996, "datetime": "1503261591", "id": 237361760, "order_type": 1}', u'event': u'order_deleted', u'channel': u'live_orders'}
2017-08-20 16:39:54,997 - bitstamp_ws - DEBUG - {u'data': u'{"price": 4151.6400000000003, "amount": 0.5, "datetime": "1503261594", "id": 237361805, "order_type": 1}', u'event': u'order_created', u'channel': u'live_orders'}
2017-08-20 16:39:54,997 - bitstamp_ws - DEBUG - {u'data': u'{"price": 4063.1599999999999, "amount": 4.6822999999999997, "datetime": "1503261136", "id": 237354053, "order_type": 1}', u'event': u'order_deleted', u'channel': u'live_orders'}
2017-08-20 16:39:55,103 - bitstamp_ws - DEBUG - {u'data': u'{"price": 4045.3699999999999, "amount": 4.6909000000000001, "datetime": "1503261594", "id": 237361810, "order_type": 0}', u'event': u'order_created', u'channel': u'live_orders'}
2017-08-20 16:39:55,808 - bitstamp_ws - DEBUG - {u'data': u'{"price": 4117.5200000000004, "amount": 4.4000000000000004, "datetime": "1503261595", "id": 237361814, "order_type": 1}', u'event': u'order_created', u'channel': u'live_orders'}
2017-08-20 16:39:55,808 - bitstamp_ws - DEBUG - {u'data': u'{"price": 4032.2199999999998, "amount": 3.1301999999999999, "datetime": "1503261579", "id": 237361600, "order_type": 0}', u'event': u'order_deleted', u'channel': u'live_orders'}
2017-08-20 16:39:55,809 - bitstamp_ws - DEBUG - {u'data': u'{"price": 4062.9200000000001, "amount": 3.1301999999999999, "datetime": "1503261592", "id": 237361776, "order_type": 1}', u'event': u'order_deleted', u'channel': u'live_orders'}
2017-08-20 16:39:55,809 - bitstamp_ws - DEBUG - {u'data': u'{"price": 4062.9200000000001, "amount": 1.5604, "datetime": "1503261592", "id": 237361770, "order_type": 1}', u'event': u'order_deleted', u'channel': u'live_orders'}
2017-08-20 16:39:55,809 - bitstamp_ws - DEBUG - {u'data': u'{"price": 4064.96, "amount": 1.5604, "datetime": "1503261595", "id": 237361815, "order_type": 1}', u'event': u'order_created', u'channel': u'live_orders'}
2017-08-20 16:39:55,809 - bitstamp_ws - DEBUG - {u'data': u'{"price": 3992.5100000000002, "amount": 4.5, "datetime": "1503260995", "id": 237351523, "order_type": 0}', u'event': u'order_deleted', u'channel': u'live_orders'}
2017-08-20 16:39:55,810 - bitstamp_ws - DEBUG - {u'data': u'{"price": 4033.8299999999999, "amount": 3.1301999999999999, "datetime": "1503261595", "id": 237361816, "order_type": 0}', u'event': u'order_created', u'channel': u'live_orders'}
2017-08-20 16:39:55,859 - bitstamp_ws - DEBUG - {u'data': u'{"price": 4067.0799999999999, "amount": 3.1301999999999999, "datetime": "1503261595", "id": 237361823, "order_type": 1}', u'event': u'order_created', u'channel': u'live_orders'}
2017-08-20 16:39:55,897 - bitstamp_ws - DEBUG - {u'data': u'{"price": 4064.9899999999998, "amount": 3.7305000000000001, "datetime": "1503261595", "id": 237361827, "order_type": 1}', u'event': u'order_created', u'channel': u'live_orders'}
2017-08-20 16:39:56,077 - bitstamp_ws - DEBUG - {u'data': u'{"price": 4067.0999999999999, "amount": 4.8864000000000001, "datetime": "1503261591", "id": 237361759, "order_type": 1}', u'event': u'order_deleted', u'channel': u'live_orders'}
2017-08-20 16:39:56,107 - bitstamp_ws - DEBUG - {u'data': u'{"price": 4055.7800000000002, "amount": 2.4411999999999998, "datetime": "1503261565", "id": 237361396, "order_type": 1}', u'event': u'order_deleted', u'channel': u'live_orders'}
2017-08-20 16:39:56,175 - bitstamp_ws - DEBUG - {u'data': u'{"price": 4045.1300000000001, "amount": 4.2999999999999998, "datetime": "1503261595", "id": 237361835, "order_type": 0}', u'event': u'order_created', u'channel': u'live_orders'}
2017-08-20 16:39:56,340 - bitstamp_ws - DEBUG - {u'data': u'{"price": 4064.9899999999998, "amount": 3.7305000000000001, "datetime": "1503261595", "id": 237361827, "order_type": 1}', u'event': u'order_deleted', u'channel': u'live_orders'}
2017-08-20 16:39:56,341 - bitstamp_ws - DEBUG - {u'data': u'{"price": 4064.9899999999998, "amount": 2.4365999999999999, "datetime": "1503261596", "id": 237361836, "order_type": 1}', u'event': u'order_created', u'channel': u'live_orders'}
2017-08-20 16:39:56,389 - bitstamp_ws - DEBUG - {u'data': u'{"price": 4071.3699999999999, "amount": 4.8841999999999999, "datetime": "1503261596", "id": 237361837, "order_type": 1}', u'event': u'order_created', u'channel': u'live_orders'}
2017-08-20 16:39:56,591 - bitstamp_ws - DEBUG - {u'data': u'{"price": 4045.02, "amount": 1.5604, "datetime": "1503261592", "id": 237361771, "order_type": 0}', u'event': u'order_deleted', u'channel': u'live_orders'}
2017-08-20 16:39:56,592 - bitstamp_ws - DEBUG - {u'data': u'{"price": 4067.0799999999999, "amount": 3.1301999999999999, "datetime": "1503261595", "id": 237361823, "order_type": 1}', u'event': u'order_deleted', u'channel': u'live_orders'}
2017-08-20 16:39:56,633 - bitstamp_ws - DEBUG - {u'data': u'{"price": 4064.96, "amount": 3.1301999999999999, "datetime": "1503261596", "id": 237361842, "order_type": 1}', u'event': u'order_created', u'channel': u'live_orders'}
2017-08-20 16:39:56,793 - bitstamp_ws - DEBUG - {u'data': u'{"price": 4045.1500000000001, "amount": 1.5604, "datetime": "1503261596", "id": 237361843, "order_type": 0}', u'event': u'order_created', u'channel': u'live_orders'}
2017-08-20 16:39:56,930 - bitstamp_ws - DEBUG - {u'data': u'{"price": 4052.8800000000001, "amount": 1.0, "datetime": "1503261596", "id": 237361847, "order_type": 0}', u'event': u'order_created', u'channel': u'live_orders'}
2017-08-20 16:39:57,102 - bitstamp_ws - DEBUG - {u'data': u'{"price": 4052.8800000000001, "amount": 0.74027609000000005, "datetime": "1503261596", "id": 237361847, "order_type": 0}', u'event': u'order_changed', u'channel': u'live_orders'}
2017-08-20 16:39:57,111 - bitstamp_ws - DEBUG - {u'data': u'{"price": 4052.8800000000001, "amount": 0.0, "datetime": "1503261486", "id": 237360043, "order_type": 1}', u'event': u'order_deleted', u'channel': u'live_orders'}
2017-08-20 16:39:57,217 - bitstamp_ws - DEBUG - {u'data': u'{"price": 4064.9499999999998, "amount": 0.59125304999999995, "datetime": "1503261596", "id": 237361855, "order_type": 1}', u'event': u'order_created', u'channel': u'live_orders'}
2017-08-20 16:39:58,644 - bitstamp_ws - DEBUG - {u'data': u'{"price": 4064.96, "amount": 1.5604, "datetime": "1503261595", "id": 237361815, "order_type": 1}', u'event': u'order_deleted', u'channel': u'live_orders'}
2017-08-20 16:39:58,644 - bitstamp_ws - DEBUG - {u'data': u'{"price": 4089.9499999999998, "amount": 1.1499999999999999, "datetime": "1503261583", "id": 237361641, "order_type": 1}', u'event': u'order_deleted', u'channel': u'live_orders'}
2017-08-20 16:39:58,644 - bitstamp_ws - DEBUG - {u'data': u'{"price": 4064.9299999999998, "amount": 1.5604, "datetime": "1503261597", "id": 237361868, "order_type": 1}', u'event': u'order_created', u'channel': u'live_orders'}
2017-08-20 16:39:58,644 - bitstamp_ws - DEBUG - {u'data': u'{"price": 4064.9499999999998, "amount": 1.075, "datetime": "1503261597", "id": 237361871, "order_type": 1}', u'event': u'order_created', u'channel': u'live_orders'}
2017-08-20 16:39:58,645 - bitstamp_ws - DEBUG - {u'data': u'{"price": 4064.9899999999998, "amount": 2.4365999999999999, "datetime": "1503261596", "id": 237361836, "order_type": 1}', u'event': u'order_deleted', u'channel': u'live_orders'}
2017-08-20 16:39:58,645 - bitstamp_ws - DEBUG - {u'data': u'{"price": 4033.8099999999999, "amount": 7.3224999999999998, "datetime": "1503261594", "id": 237361796, "order_type": 0}', u'event': u'order_deleted', u'channel': u'live_orders'}
2017-08-20 16:39:58,645 - bitstamp_ws - DEBUG - {u'data': u'{"price": 4045.1300000000001, "amount": 4.2999999999999998, "datetime": "1503261595", "id": 237361835, "order_type": 0}', u'event': u'order_deleted', u'channel': u'live_orders'}
2017-08-20 16:39:58,646 - bitstamp_ws - DEBUG - {u'data': u'{"price": 4029.1300000000001, "amount": 4.8800999999999997, "datetime": "1503261594", "id": 237361798, "order_type": 0}', u'event': u'order_deleted', u'channel': u'live_orders'}
2017-08-20 16:39:58,646 - bitstamp_ws - DEBUG - {u'data': u'{"price": 4064.96, "amount": 3.1301999999999999, "datetime": "1503261596", "id": 237361842, "order_type": 1}', u'event': u'order_deleted', u'channel': u'live_orders'}
2017-08-20 16:39:58,646 - bitstamp_ws - DEBUG - {u'data': u'{"price": 4064.9299999999998, "amount": 3.1301999999999999, "datetime": "1503261598", "id": 237361879, "order_type": 1}', u'event': u'order_created', u'channel': u'live_orders'}
2017-08-20 16:39:58,662 - bitstamp_ws - DEBUG - {u'data': u'{"price": 4034.96, "amount": 7.3235000000000001, "datetime": "1503261598", "id": 237361882, "order_type": 0}', u'event': u'order_created', u'channel': u'live_orders'}
2017-08-20 16:39:58,732 - bitstamp_ws - DEBUG - {u'data': u'{"price": 4030.0100000000002, "amount": 4.8792, "datetime": "1503261598", "id": 237361885, "order_type": 0}', u'event': u'order_created', u'channel': u'live_orders'}
2017-08-20 16:39:58,891 - bitstamp_ws - DEBUG - {u'data': u'{"price": 4064.9499999999998, "amount": 2.4390000000000001, "datetime": "1503261598", "id": 237361887, "order_type": 1}', u'event': u'order_created', u'channel': u'live_orders'}
2017-08-20 16:39:59,141 - bitstamp_ws - DEBUG - {u'data': u'{"price": 4045.1599999999999, "amount": 4.5593769999999996, "datetime": "1503261598", "id": 237361888, "order_type": 0}', u'event': u'order_created', u'channel': u'live_orders'}
2017-08-20 16:39:59,143 - bitstamp_ws - DEBUG - {u'data': u'{"price": 4064.9499999999998, "amount": 0.59125304999999995, "datetime": "1503261596", "id": 237361855, "order_type": 1}', u'event': u'order_deleted', u'channel': u'live_orders'}
2017-08-20 16:39:59,230 - bitstamp_ws - DEBUG - {u'data': u'{"price": 4064.9499999999998, "amount": 1.075, "datetime": "1503261597", "id": 237361871, "order_type": 1}', u'event': u'order_deleted', u'channel': u'live_orders'}
2017-08-20 16:39:59,303 - bitstamp_ws - DEBUG - {u'data': u'{"price": 4064.9099999999999, "amount": 0.59125304999999995, "datetime": "1503261599", "id": 237361901, "order_type": 1}', u'event': u'order_created', u'channel': u'live_orders'}
2017-08-20 16:39:59,304 - bitstamp_ws - DEBUG - {u'data': u'{"price": 4080.4000000000001, "amount": 0.0050000000000000001, "datetime": "1503261517", "id": 237360520, "order_type": 1}', u'event': u'order_deleted', u'channel': u'live_orders'}
2017-08-20 16:39:59,647 - bitstamp_ws - DEBUG - {u'data': u'{"price": 4045.1500000000001, "amount": 1.5604, "datetime": "1503261596", "id": 237361843, "order_type": 0}', u'event': u'order_deleted', u'channel': u'live_orders'}
2017-08-20 16:39:59,648 - bitstamp_ws - DEBUG - {u'data': u'{"price": 4103.1599999999999, "amount": 1.1499999999999999, "datetime": "1503261599", "id": 237361903, "order_type": 1}', u'event': u'order_created', u'channel': u'live_orders'}
2017-08-20 16:39:59,648 - bitstamp_ws - DEBUG - {u'data': u'{"price": 4089.9299999999998, "amount": 6.2603999999999997, "datetime": "1503261584", "id": 237361651, "order_type": 1}', u'event': u'order_deleted', u'channel': u'live_orders'}
2017-08-20 16:39:59,648 - bitstamp_ws - DEBUG - {u'data': u'{"price": 4089.96, "amount": 6.2603999999999997, "datetime": "1503261599", "id": 237361906, "order_type": 1}', u'event': u'order_created', u'channel': u'live_orders'}
2017-08-20 16:39:59,821 - bitstamp_ws - DEBUG - {u'data': u'{"price": 4045.1799999999998, "amount": 1.5604, "datetime": "1503261599", "id": 237361907, "order_type": 0}', u'event': u'order_created', u'channel': u'live_orders'}
2017-08-20 16:39:59,823 - bitstamp_ws - DEBUG - {u'data': u'{"price": 4064.9299999999998, "amount": 1.5604, "datetime": "1503261597", "id": 237361868, "order_type": 1}', u'event': u'order_deleted', u'channel': u'live_orders'}
2017-08-20 16:39:59,854 - bitstamp_ws - DEBUG - {u'data': u'{"price": 4095.4200000000001, "amount": 0.0050000000000000001, "datetime": "1503261599", "id": 237361910, "order_type": 1}', u'event': u'order_created', u'channel': u'live_orders'}
2017-08-20 16:39:59,997 - bitstamp_ws - DEBUG - {u'data': u'{"price": 4064.8899999999999, "amount": 1.5604, "datetime": "1503261599", "id": 237361913, "order_type": 1}', u'event': u'order_created', u'channel': u'live_orders'}
2017-08-20 16:39:59,998 - bitstamp_ws - DEBUG - {u'data': u'{"price": 4052.8800000000001, "amount": 0.74027609000000005, "datetime": "1503261596", "id": 237361847, "order_type": 0}', u'event': u'order_deleted', u'channel': u'live_orders'}
2017-08-20 16:40:00,482 - bitstamp_ws - DEBUG - {u'data': u'{"price": 4103.1499999999996, "amount": 12.530200000000001, "datetime": "1503261583", "id": 237361638, "order_type": 1}', u'event': u'order_deleted', u'channel': u'live_orders'}
2017-08-20 16:40:00,483 - bitstamp_ws - DEBUG - {u'data': u'{"price": 4045.1599999999999, "amount": 4.5593769999999996, "datetime": "1503261598", "id": 237361888, "order_type": 0}', u'event': u'order_deleted', u'channel': u'live_orders'}
2017-08-20 16:40:00,483 - bitstamp_ws - DEBUG - {u'data': u'{"price": 4034.96, "amount": 7.3235000000000001, "datetime": "1503261598", "id": 237361882, "order_type": 0}', u'event': u'order_deleted', u'channel': u'live_orders'}
2017-08-20 16:40:00,484 - bitstamp_ws - DEBUG - {u'data': u'{"price": 4030.0100000000002, "amount": 4.8792, "datetime": "1503261598", "id": 237361885, "order_type": 0}', u'event': u'order_deleted', u'channel': u'live_orders'}
2017-08-20 16:40:00,830 - bitstamp_ws - DEBUG - {u'data': u'{"price": 4064.9499999999998, "amount": 2.4390000000000001, "datetime": "1503261598", "id": 237361887, "order_type": 1}', u'event': u'order_deleted', u'channel': u'live_orders'}
2017-08-20 16:40:00,831 - bitstamp_ws - DEBUG - {u'data': u'{"price": 4103.1400000000003, "amount": 12.530200000000001, "datetime": "1503261600", "id": 237361932, "order_type": 1}', u'event': u'order_created', u'channel': u'live_orders'}
2017-08-20 16:40:00,831 - bitstamp_ws - DEBUG - {u'data': u'{"price": 4052.8800000000001, "amount": 1.0, "datetime": "1503261600", "id": 237361933, "order_type": 0}', u'event': u'order_created', u'channel': u'live_orders'}
2017-08-20 16:40:00,831 - bitstamp_ws - DEBUG - {u'data': u'{"price": 4038.7199999999998, "amount": 7.3177000000000003, "datetime": "1503261600", "id": 237361937, "order_type": 0}', u'event': u'order_created', u'channel': u'live_orders'}
2017-08-20 16:40:00,832 - bitstamp_ws - DEBUG - {u'data': u'{"price": 4103.1599999999999, "amount": 1.1499999999999999, "datetime": "1503261599", "id": 237361903, "order_type": 1}', u'event': u'order_deleted', u'channel': u'live_orders'}
2017-08-20 16:40:00,832 - bitstamp_ws - DEBUG - {u'data': u'{"price": 4045.1900000000001, "amount": 4.5999999999999996, "datetime": "1503261600", "id": 237361940, "order_type": 0}', u'event': u'order_created', u'channel': u'live_orders'}
2017-08-20 16:40:00,832 - bitstamp_ws - DEBUG - {u'data': u'{"price": 4064.9099999999999, "amount": 2.4373999999999998, "datetime": "1503261600", "id": 237361941, "order_type": 1}', u'event': u'order_created', u'channel': u'live_orders'}
2017-08-20 16:40:01,005 - bitstamp_ws - DEBUG - {u'data': u'{"price": 4033.8400000000001, "amount": 4.8743999999999996, "datetime": "1503261600", "id": 237361942, "order_type": 0}', u'event': u'order_created', u'channel': u'live_orders'}
2017-08-20 16:40:01,136 - bitstamp_ws - DEBUG - {u'data': u'{"price": 4045.1799999999998, "amount": 1.5604, "datetime": "1503261599", "id": 237361907, "order_type": 0}', u'event': u'order_deleted', u'channel': u'live_orders'}
2017-08-20 16:40:01,137 - bitstamp_ws - DEBUG - {u'data': u'{"price": 4064.9299999999998, "amount": 3.1301999999999999, "datetime": "1503261598", "id": 237361879, "order_type": 1}', u'event': u'order_deleted', u'channel': u'live_orders'}
2017-08-20 16:40:01,137 - bitstamp_ws - DEBUG - {u'data': u'{"price": 4096.9399999999996, "amount": 1.1499999999999999, "datetime": "1503261600", "id": 237361944, "order_type": 1}', u'event': u'order_created', u'channel': u'live_orders'}
2017-08-20 16:40:01,313 - bitstamp_ws - DEBUG - {u'data': u'{"price": 4067.0900000000001, "amount": 3.1301999999999999, "datetime": "1503261601", "id": 237361950, "order_type": 1}', u'event': u'order_created', u'channel': u'live_orders'}
2017-08-20 16:40:01,313 - bitstamp_ws - DEBUG - {u'data': u'{"price": 4064.9099999999999, "amount": 0.59125304999999995, "datetime": "1503261599", "id": 237361901, "order_type": 1}', u'event': u'order_deleted', u'channel': u'live_orders'}
2017-08-20 16:40:01,484 - bitstamp_ws - DEBUG - {u'data': u'{"price": 4045.3899999999999, "amount": 1.5604, "datetime": "1503261601", "id": 237361951, "order_type": 0}', u'event': u'order_created', u'channel': u'live_orders'}
2017-08-20 16:40:01,659 - bitstamp_ws - DEBUG - {u'data': u'{"price": 4064.8699999999999, "amount": 0.59125304999999995, "datetime": "1503261601", "id": 237361955, "order_type": 1}', u'event': u'order_created', u'channel': u'live_orders'}
2017-08-20 16:40:02,074 - bitstamp_ws - DEBUG - {u'data': u'{"price": 4096.9399999999996, "amount": 1.1499999999999999, "datetime": "1503261600", "id": 237361944, "order_type": 1}', u'event': u'order_deleted', u'channel': u'live_orders'}
2017-08-20 16:40:03,290 - bitstamp_ws - DEBUG - {u'data': u'{"price": 4064.8899999999999, "amount": 3.1301999999999999, "datetime": "1503261602", "id": 237361965, "order_type": 1}', u'event': u'order_created', u'channel': u'live_orders'}
2017-08-20 16:40:03,291 - bitstamp_ws - DEBUG - {u'data': u'{"price": 4067.0900000000001, "amount": 3.1301999999999999, "datetime": "1503261601", "id": 237361950, "order_type": 1}', u'event': u'order_deleted', u'channel': u'live_orders'}
2017-08-20 16:40:03,291 - bitstamp_ws - DEBUG - {u'data': u'{"price": 4038.7199999999998, "amount": 7.3177000000000003, "datetime": "1503261600", "id": 237361937, "order_type": 0}', u'event': u'order_deleted', u'channel': u'live_orders'}
2017-08-20 16:40:03,292 - bitstamp_ws - DEBUG - {u'data': u'{"price": 4064.9099999999999, "amount": 2.4373999999999998, "datetime": "1503261600", "id": 237361941, "order_type": 1}', u'event': u'order_deleted', u'channel': u'live_orders'}
2017-08-20 16:40:03,292 - bitstamp_ws - DEBUG - {u'data': u'{"price": 4089.9499999999998, "amount": 1.075, "datetime": "1503261602", "id": 237361969, "order_type": 1}', u'event': u'order_created', u'channel': u'live_orders'}
2017-08-20 16:40:03,292 - bitstamp_ws - DEBUG - {u'data': u'{"price": 4033.8400000000001, "amount": 4.8743999999999996, "datetime": "1503261600", "id": 237361942, "order_type": 0}', u'event': u'order_deleted', u'channel': u'live_orders'}
2017-08-20 16:40:03,293 - bitstamp_ws - DEBUG - {u'data': u'{"price": 4043.5799999999999, "amount": 7.3121, "datetime": "1503261602", "id": 237361975, "order_type": 0}', u'event': u'order_created', u'channel': u'live_orders'}
2017-08-20 16:40:03,293 - bitstamp_ws - DEBUG - {u'data': u'{"price": 4045.1900000000001, "amount": 4.5999999999999996, "datetime": "1503261600", "id": 237361940, "order_type": 0}', u'event': u'order_deleted', u'channel': u'live_orders'}
2017-08-20 16:40:03,316 - bitstamp_ws - DEBUG - {u'data': u'{"price": 4038.9400000000001, "amount": 4.8754999999999997, "datetime": "1503261603", "id": 237361978, "order_type": 0}', u'event': u'order_created', u'channel': u'live_orders'}
2017-08-20 16:40:03,373 - bitstamp_ws - DEBUG - {u'data': u'{"price": 4064.8899999999999, "amount": 3.1301999999999999, "datetime": "1503261602", "id": 237361965, "order_type": 1}', u'event': u'order_deleted', u'channel': u'live_orders'}
2017-08-20 16:40:03,385 - bitstamp_ws - DEBUG - {u'data': u'{"price": 4064.8899999999999, "amount": 1.5604, "datetime": "1503261599", "id": 237361913, "order_type": 1}', u'event': u'order_deleted', u'channel': u'live_orders'}
2017-08-20 16:40:03,402 - bitstamp_ws - DEBUG - {u'data': u'{"price": 4033.8299999999999, "amount": 3.1301999999999999, "datetime": "1503261595", "id": 237361816, "order_type": 0}', u'event': u'order_deleted', u'channel': u'live_orders'}
2017-08-20 16:40:04,217 - bitstamp_ws - DEBUG - {u'data': u'{"price": 4064.8699999999999, "amount": 2.4379, "datetime": "1503261603", "id": 237361981, "order_type": 1}', u'event': u'order_created', u'channel': u'live_orders'}
2017-08-20 16:40:04,217 - bitstamp_ws - DEBUG - {u'data': u'{"price": 4045.4000000000001, "amount": 3.5406, "datetime": "1503261603", "id": 237361988, "order_type": 0}', u'event': u'order_created', u'channel': u'live_orders'}
2017-08-20 16:40:04,218 - bitstamp_ws - DEBUG - {u'data': u'{"price": 4064.8499999999999, "amount": 1.5604, "datetime": "1503261603", "id": 237361996, "order_type": 1}', u'event': u'order_created', u'channel': u'live_orders'}
2017-08-20 16:40:04,218 - bitstamp_ws - DEBUG - {u'data': u'{"price": 4032.02, "amount": 3.1301999999999999, "datetime": "1503261603", "id": 237361997, "order_type": 0}', u'event': u'order_created', u'channel': u'live_orders'}
2017-08-20 16:40:04,219 - bitstamp_ws - DEBUG - {u'data': u'{"price": 4045.3899999999999, "amount": 1.5604, "datetime": "1503261601", "id": 237361951, "order_type": 0}', u'event': u'order_deleted', u'channel': u'live_orders'}
2017-08-20 16:40:04,321 - bitstamp_ws - DEBUG - {u'data': u'{"price": 4067.0900000000001, "amount": 3.1301999999999999, "datetime": "1503261604", "id": 237362003, "order_type": 1}', u'event': u'order_created', u'channel': u'live_orders'}
2017-08-20 16:40:04,440 - bitstamp_ws - DEBUG - {u'data': u'{"price": 4064.98, "amount": 0.20000000000000001, "datetime": "1503261591", "id": 237361747, "order_type": 1}', u'event': u'order_deleted', u'channel': u'live_orders'}
2017-08-20 16:40:04,482 - bitstamp_ws - DEBUG - {u'data': u'{"price": 4064.8699999999999, "amount": 0.59125304999999995, "datetime": "1503261601", "id": 237361955, "order_type": 1}', u'event': u'order_deleted', u'channel': u'live_orders'}
2017-08-20 16:40:04,513 - bitstamp_ws - DEBUG - {u'data': u'{"price": 4052.8800000000001, "amount": 1.0, "datetime": "1503261600", "id": 237361933, "order_type": 0}', u'event': u'order_deleted', u'channel': u'live_orders'}
2017-08-20 16:40:04,520 - bitstamp_ws - DEBUG - {u'data': u'{"price": 4045.4200000000001, "amount": 1.5604, "datetime": "1503261604", "id": 237362014, "order_type": 0}', u'event': u'order_created', u'channel': u'live_orders'}
2017-08-20 16:40:04,557 - bitstamp_ws - DEBUG - {u'data': u'{"price": 4044.6700000000001, "amount": 0.25, "datetime": "1503261591", "id": 237361748, "order_type": 0}', u'event': u'order_deleted', u'channel': u'live_orders'}
2017-08-20 16:40:04,658 - bitstamp_ws - DEBUG - {u'data': u'{"price": 4064.8699999999999, "amount": 2.4379, "datetime": "1503261603", "id": 237361981, "order_type": 1}', u'event': u'order_deleted', u'channel': u'live_orders'}
2017-08-20 16:40:04,706 - bitstamp_ws - DEBUG - {u'data': u'{"price": 4043.5799999999999, "amount": 7.3121, "datetime": "1503261602", "id": 237361975, "order_type": 0}', u'event': u'order_deleted', u'channel': u'live_orders'}
2017-08-20 16:40:04,729 - bitstamp_ws - DEBUG - {u'data': u'{"price": 4038.9400000000001, "amount": 4.8754999999999997, "datetime": "1503261603", "id": 237361978, "order_type": 0}', u'event': u'order_deleted', u'channel': u'live_orders'}
2017-08-20 16:40:04,812 - bitstamp_ws - DEBUG - {u'data': u'{"price": 4064.8299999999999, "amount": 0.59125304999999995, "datetime": "1503261604", "id": 237362022, "order_type": 1}', u'event': u'order_created', u'channel': u'live_orders'}
2017-08-20 16:40:04,829 - bitstamp_ws - DEBUG - {u'data': u'{"price": 4068.3000000000002, "amount": 0.040000000000000001, "datetime": "1503261591", "id": 237361754, "order_type": 1}', u'event': u'order_deleted', u'channel': u'live_orders'}
2017-08-20 16:40:04,845 - bitstamp_ws - DEBUG - {u'data': u'{"price": 4067.0999999999999, "amount": 0.22, "datetime": "1503261604", "id": 237362023, "order_type": 1}', u'event': u'order_created', u'channel': u'live_orders'}
2017-08-20 16:40:04,967 - bitstamp_ws - DEBUG - {u'data': u'{"price": 4035.4400000000001, "amount": 0.050000000000000003, "datetime": "1503261591", "id": 237361756, "order_type": 0}', u'event': u'order_deleted', u'channel': u'live_orders'}
2017-08-20 16:40:05,041 - bitstamp_ws - DEBUG - {u'data': u'{"price": 4045.1399999999999, "amount": 0.25, "datetime": "1503261604", "id": 237362025, "order_type": 0}', u'event': u'order_created', u'channel': u'live_orders'}
2017-08-20 16:40:05,083 - bitstamp_ws - DEBUG - {u'data': u'{"price": 4038.6700000000001, "amount": 7.3151000000000002, "datetime": "1503261604", "id": 237362026, "order_type": 0}', u'event': u'order_created', u'channel': u'live_orders'}
2017-08-20 16:40:05,136 - bitstamp_ws - DEBUG - {u'data': u'{"price": 4032.0100000000002, "amount": 4.8761999999999999, "datetime": "1503261604", "id": 237362027, "order_type": 0}', u'event': u'order_created', u'channel': u'live_orders'}
2017-08-20 16:40:05,169 - bitstamp_ws - DEBUG - {u'data': u'{"price": 4064.8499999999999, "amount": 1.5604, "datetime": "1503261603", "id": 237361996, "order_type": 1}', u'event': u'order_deleted', u'channel': u'live_orders'}
2017-08-20 16:40:05,318 - bitstamp_ws - DEBUG - {u'data': u'{"price": 4073.21, "amount": 0.040000000000000001, "datetime": "1503261605", "id": 237362029, "order_type": 1}', u'event': u'order_created', u'channel': u'live_orders'}
2017-08-20 16:40:05,345 - bitstamp_ws - DEBUG - {u'data': u'{"price": 4064.8400000000001, "amount": 2.4359999999999999, "datetime": "1503261605", "id": 237362031, "order_type": 1}', u'event': u'order_created', u'channel': u'live_orders'}
2017-08-20 16:40:05,513 - bitstamp_ws - DEBUG - {u'data': u'{"price": 4064.9099999999999, "amount": 1.0, "datetime": "1503261605", "id": 237362032, "order_type": 0}', u'event': u'order_created', u'channel': u'live_orders'}
2017-08-20 16:40:05,530 - bitstamp_ws - DEBUG - {u'data': u'{"price": 4039.0500000000002, "amount": 0.050000000000000003, "datetime": "1503261605", "id": 237362033, "order_type": 0}', u'event': u'order_created', u'channel': u'live_orders'}
2017-08-20 16:40:05,675 - bitstamp_ws - DEBUG - {u'data': u'{"price": 4089.9499999999998, "amount": 1.075, "datetime": "1503261602", "id": 237361969, "order_type": 1}', u'event': u'order_deleted', u'channel': u'live_orders'}
2017-08-20 16:40:05,762 - bitstamp_ws - DEBUG - {u'data': u'{"price": 4064.9099999999999, "amount": 0.40874695, "datetime": "1503261605", "id": 237362032, "order_type": 0}', u'event': u'order_changed', u'channel': u'live_orders'}
2017-08-20 16:40:05,783 - bitstamp_ws - DEBUG - {u'data': u'{"price": 4064.8299999999999, "amount": 0.0, "datetime": "1503261604", "id": 237362022, "order_type": 1}', u'event': u'order_deleted', u'channel': u'live_orders'}
2017-08-20 16:40:06,808 - bitstamp_ws - DEBUG - {u'data': u'{"price": 4045.4000000000001, "amount": 3.5406, "datetime": "1503261603", "id": 237361988, "order_type": 0}', u'event': u'order_deleted', u'channel': u'live_orders'}
2017-08-20 16:40:06,809 - bitstamp_ws - DEBUG - {u'data': u'{"price": 4064.8400000000001, "amount": 2.0272530500000001, "datetime": "1503261605", "id": 237362031, "order_type": 1}', u'event': u'order_changed', u'channel': u'live_orders'}
2017-08-20 16:40:06,809 - bitstamp_ws - DEBUG - {u'data': u'{"price": 4064.9099999999999, "amount": 0.0, "datetime": "1503261605", "id": 237362032, "order_type": 0}', u'event': u'order_deleted', u'channel': u'live_orders'}
2017-08-20 16:40:06,810 - bitstamp_ws - DEBUG - {u'data': u'{"price": 4064.8099999999999, "amount": 1.5604, "datetime": "1503261606", "id": 237362037, "order_type": 1}', u'event': u'order_created', u'channel': u'live_orders'}
2017-08-20 16:40:06,811 - bitstamp_ws - DEBUG - {u'data': u'{"price": 4089.9499999999998, "amount": 0.92500000000000004, "datetime": "1503261606", "id": 237362044, "order_type": 1}', u'event': u'order_created', u'channel': u'live_orders'}
2017-08-20 16:40:06,811 - bitstamp_ws - DEBUG - {u'data': u'{"price": 4067.0799999999999, "amount": 3.7202899999999999, "datetime": "1503261606", "id": 237362053, "order_type": 1}', u'event': u'order_created', u'channel': u'live_orders'}
2017-08-20 16:40:06,812 - bitstamp_ws - DEBUG - {u'data': u'{"price": 4045.3800000000001, "amount": 0.59349742000000005, "datetime": "1503261606", "id": 237362060, "order_type": 0}', u'event': u'order_created', u'channel': u'live_orders'}
2017-08-20 16:40:06,813 - bitstamp_ws - DEBUG - {u'data': u'{"price": 4172.7399999999998, "amount": 1.0, "datetime": "1503261550", "id": 237361149, "order_type": 1}', u'event': u'order_deleted', u'channel': u'live_orders'}
2017-08-20 16:40:06,813 - bitstamp_ws - DEBUG - {u'data': u'{"price": 4032.0100000000002, "amount": 4.8761999999999999, "datetime": "1503261604", "id": 237362027, "order_type": 0}', u'event': u'order_deleted', u'channel': u'live_orders'}
2017-08-20 16:40:06,826 - bitstamp_ws - DEBUG - {u'data': u'{"price": 4045.4299999999998, "amount": 3.7000000000000002, "datetime": "1503261606", "id": 237362061, "order_type": 0}', u'event': u'order_created', u'channel': u'live_orders'}
2017-08-20 16:40:06,829 - bitstamp_ws - DEBUG - {u'data': u'{"price": 4038.6700000000001, "amount": 7.3151000000000002, "datetime": "1503261604", "id": 237362026, "order_type": 0}', u'event': u'order_deleted', u'channel': u'live_orders'}
2017-08-20 16:40:06,931 - bitstamp_ws - DEBUG - {u'data': u'{"price": 4067.0900000000001, "amount": 3.1301999999999999, "datetime": "1503261604", "id": 237362003, "order_type": 1}', u'event': u'order_deleted', u'channel': u'live_orders'}
2017-08-20 16:40:06,995 - bitstamp_ws - DEBUG - {u'data': u'{"price": 4067.0599999999999, "amount": 3.1301999999999999, "datetime": "1503261606", "id": 237362068, "order_type": 1}', u'event': u'order_created', u'channel': u'live_orders'}
2017-08-20 16:40:07,168 - bitstamp_ws - DEBUG - {u'data': u'{"price": 4040.6300000000001, "amount": 7.3146000000000004, "datetime": "1503261606", "id": 237362071, "order_type": 0}', u'event': u'order_created', u'channel': u'live_orders'}
2017-08-20 16:40:07,204 - bitstamp_ws - DEBUG - {u'data': u'{"price": 4035.4400000000001, "amount": 4.8735999999999997, "datetime": "1503261606", "id": 237362074, "order_type": 0}', u'event': u'order_created', u'channel': u'live_orders'}
2017-08-20 16:40:07,227 - bitstamp_ws - DEBUG - {u'data': u'{"price": 4045.4200000000001, "amount": 1.5604, "datetime": "1503261604", "id": 237362014, "order_type": 0}', u'event': u'order_deleted', u'channel': u'live_orders'}
2017-08-20 16:40:07,409 - bitstamp_ws - DEBUG - {u'data': u'{"price": 4045.4499999999998, "amount": 1.5604, "datetime": "1503261607", "id": 237362080, "order_type": 0}', u'event': u'order_created', u'channel': u'live_orders'}
2017-08-20 16:40:07,904 - bitstamp_ws - DEBUG - {u'data': u'{"price": 4045.3800000000001, "amount": 0.59349742000000005, "datetime": "1503261606", "id": 237362060, "order_type": 0}', u'event': u'order_deleted', u'channel': u'live_orders'}
2017-08-20 16:40:07,905 - bitstamp_ws - DEBUG - {u'data': u'{"price": 4071.3699999999999, "amount": 4.8841999999999999, "datetime": "1503261596", "id": 237361837, "order_type": 1}', u'event': u'order_deleted', u'channel': u'live_orders'}
2017-08-20 16:40:07,905 - bitstamp_ws - DEBUG - {u'data': u'{"price": 4045.4400000000001, "amount": 0.59289502000000005, "datetime": "1503261607", "id": 237362088, "order_type": 0}', u'event': u'order_created', u'channel': u'live_orders'}
2017-08-20 16:40:07,905 - bitstamp_ws - DEBUG - {u'data': u'{"price": 4064.8400000000001, "amount": 2.0272530500000001, "datetime": "1503261605", "id": 237362031, "order_type": 1}', u'event': u'order_deleted', u'channel': u'live_orders'}
2017-08-20 16:40:08,084 - bitstamp_ws - DEBUG - {u'data': u'{"price": 4067.0799999999999, "amount": 3.7202899999999999, "datetime": "1503261606", "id": 237362053, "order_type": 1}', u'event': u'order_deleted', u'channel': u'live_orders'}
2017-08-20 16:40:08,306 - bitstamp_ws - DEBUG - {u'data': u'{"price": 4089.9499999999998, "amount": 0.92500000000000004, "datetime": "1503261606", "id": 237362044, "order_type": 1}', u'event': u'order_deleted', u'channel': u'live_orders'}
2017-08-20 16:40:08,546 - bitstamp_ws - DEBUG - {u'data': u'{"price": 4067.0500000000002, "amount": 3.8174320000000002, "datetime": "1503261608", "id": 237362096, "order_type": 1}', u'event': u'order_created', u'channel': u'live_orders'}
2017-08-20 16:40:08,546 - bitstamp_ws - DEBUG - {u'data': u'{"price": 4089.9699999999998, "amount": 1.075, "datetime": "1503261608", "id": 237362098, "order_type": 1}', u'event': u'order_created', u'channel': u'live_orders'}
2017-08-20 16:40:08,793 - bitstamp_ws - DEBUG - {u'data': u'{"price": 4180.6599999999999, "amount": 0.92000000000000004, "datetime": "1503261608", "id": 237362101, "order_type": 1}', u'event': u'order_created', u'channel': u'live_orders'}
2017-08-20 16:40:08,830 - bitstamp_ws - DEBUG - {u'data': u'{"price": 4064.9099999999999, "amount": 1.0, "datetime": "1503261608", "id": 237362103, "order_type": 0}', u'event': u'order_created', u'channel': u'live_orders'}
2017-08-20 16:40:08,880 - bitstamp_ws - DEBUG - {u'data': u'{"price": 4040.6300000000001, "amount": 7.3146000000000004, "datetime": "1503261606", "id": 237362071, "order_type": 0}', u'event': u'order_deleted', u'channel': u'live_orders'}
2017-08-20 16:40:08,884 - bitstamp_ws - DEBUG - {u'data': u'{"price": 4067.0599999999999, "amount": 3.1301999999999999, "datetime": "1503261606", "id": 237362068, "order_type": 1}', u'event': u'order_deleted', u'channel': u'live_orders'}
2017-08-20 16:40:08,888 - bitstamp_ws - DEBUG - {u'data': u'{"price": 4035.4400000000001, "amount": 4.8735999999999997, "datetime": "1503261606", "id": 237362074, "order_type": 0}', u'event': u'order_deleted', u'channel': u'live_orders'}
2017-08-20 16:40:09,045 - bitstamp_ws - DEBUG - {u'data': u'{"price": 4045.4499999999998, "amount": 1.5604, "datetime": "1503261607", "id": 237362080, "order_type": 0}', u'event': u'order_deleted', u'channel': u'live_orders'}
2017-08-20 16:40:09,055 - bitstamp_ws - DEBUG - {u'data': u'{"price": 4064.9099999999999, "amount": 0.0, "datetime": "1503261608", "id": 237362103, "order_type": 0}', u'event': u'order_deleted', u'channel': u'live_orders'}
2017-08-20 16:40:09,056 - bitstamp_ws - DEBUG - {u'data': u'{"price": 4064.8099999999999, "amount": 0.56040000000000001, "datetime": "1503261606", "id": 237362037, "order_type": 1}', u'event': u'order_changed', u'channel': u'live_orders'}
2017-08-20 16:40:09,289 - bitstamp_ws - DEBUG - {u'data': u'{"price": 4067.0300000000002, "amount": 3.1301999999999999, "datetime": "1503261608", "id": 237362109, "order_type": 1}', u'event': u'order_created', u'channel': u'live_orders'}
2017-08-20 16:40:09,289 - bitstamp_ws - DEBUG - {u'data': u'{"price": 4045.4299999999998, "amount": 3.7000000000000002, "datetime": "1503261606", "id": 237362061, "order_type": 0}', u'event': u'order_deleted', u'channel': u'live_orders'}
2017-08-20 16:40:09,290 - bitstamp_ws - DEBUG - {u'data': u'{"price": 4045.46, "amount": 1.5604, "datetime": "1503261609", "id": 237362110, "order_type": 0}', u'event': u'order_created', u'channel': u'live_orders'}
2017-08-20 16:40:09,301 - bitstamp_ws - DEBUG - {u'data': u'{"price": 4038.7600000000002, "amount": 7.3201999999999998, "datetime": "1503261609", "id": 237362113, "order_type": 0}', u'event': u'order_created', u'channel': u'live_orders'}
2017-08-20 16:40:09,333 - bitstamp_ws - DEBUG - {u'data': u'{"price": 4032.0300000000002, "amount": 4.8826000000000001, "datetime": "1503261609", "id": 237362116, "order_type": 0}', u'event': u'order_created', u'channel': u'live_orders'}
2017-08-20 16:40:09,783 - bitstamp_ws - DEBUG - {u'data': u'{"price": 4045.4400000000001, "amount": 0.59289502000000005, "datetime": "1503261607", "id": 237362088, "order_type": 0}', u'event': u'order_deleted', u'channel': u'live_orders'}
2017-08-20 16:40:09,784 - bitstamp_ws - DEBUG - {u'data': u'{"price": 4045.46, "amount": 3.8856201000000001, "datetime": "1503261609", "id": 237362123, "order_type": 0}', u'event': u'order_created', u'channel': u'live_orders'}
2017-08-20 16:40:09,818 - bitstamp_ws - DEBUG - {u'data': u'{"price": 4064.8099999999999, "amount": 0.56040000000000001, "datetime": "1503261606", "id": 237362037, "order_type": 1}', u'event': u'order_deleted', u'channel': u'live_orders'}
2017-08-20 16:40:09,826 - bitstamp_ws - DEBUG - {u'data': u'{"price": 4032.02, "amount": 3.1301999999999999, "datetime": "1503261603", "id": 237361997, "order_type": 0}', u'event': u'order_deleted', u'channel': u'live_orders'}
2017-08-20 16:40:09,956 - bitstamp_ws - DEBUG - {u'data': u'{"price": 4045.46, "amount": 1.5604, "datetime": "1503261609", "id": 237362110, "order_type": 0}', u'event': u'order_deleted', u'channel': u'live_orders'}
2017-08-20 16:40:09,956 - bitstamp_ws - DEBUG - {u'data': u'{"price": 4103.1400000000003, "amount": 12.530200000000001, "datetime": "1503261600", "id": 237361932, "order_type": 1}', u'event': u'order_deleted', u'channel': u'live_orders'}
2017-08-20 16:40:09,956 - bitstamp_ws - DEBUG - {u'data': u'{"price": 4089.96, "amount": 6.2603999999999997, "datetime": "1503261599", "id": 237361906, "order_type": 1}', u'event': u'order_deleted', u'channel': u'live_orders'}
2017-08-20 16:40:09,962 - bitstamp_ws - DEBUG - {u'data': u'{"price": 4045.3800000000001, "amount": 0.59290381000000003, "datetime": "1503261609", "id": 237362128, "order_type": 0}', u'event': u'order_created', u'channel': u'live_orders'}
2017-08-20 16:40:09,962 - bitstamp_ws - DEBUG - {u'data': u'{"price": 4089.9699999999998, "amount": 1.075, "datetime": "1503261608", "id": 237362098, "order_type": 1}', u'event': u'order_deleted', u'channel': u'live_orders'}
2017-08-20 16:40:10,130 - bitstamp_ws - DEBUG - {u'data': u'{"price": 4067.0500000000002, "amount": 3.8174320000000002, "datetime": "1503261608", "id": 237362096, "order_type": 1}', u'event': u'order_deleted', u'channel': u'live_orders'}
2017-08-20 16:40:10,131 - bitstamp_ws - DEBUG - {u'data': u'{"price": 4045.48, "amount": 1.5604, "datetime": "1503261609", "id": 237362131, "order_type": 0}', u'event': u'order_created', u'channel': u'live_orders'}
2017-08-20 16:40:10,369 - bitstamp_ws - DEBUG - {u'data': u'{"price": 4089.9499999999998, "amount": 6.2603999999999997, "datetime": "1503261610", "id": 237362133, "order_type": 1}', u'event': u'order_created', u'channel': u'live_orders'}
2017-08-20 16:40:10,501 - bitstamp_ws - DEBUG - {u'data': u'{"price": 4089.9499999999998, "amount": 1.1499999999999999, "datetime": "1503261610", "id": 237362134, "order_type": 1}', u'event': u'order_created', u'channel': u'live_orders'}
2017-08-20 16:40:10,673 - bitstamp_ws - DEBUG - {u'data': u'{"price": 4064.98, "amount": 1.5604, "datetime": "1503261610", "id": 237362132, "order_type": 1}', u'event': u'order_created', u'channel': u'live_orders'}
2017-08-20 16:40:10,845 - bitstamp_ws - DEBUG - {u'data': u'{"price": 4032.0500000000002, "amount": 3.1301999999999999, "datetime": "1503261610", "id": 237362136, "order_type": 0}', u'event': u'order_created', u'channel': u'live_orders'}
2017-08-20 16:40:10,858 - bitstamp_ws - DEBUG - {u'data': u'{"price": 4045.3800000000001, "amount": 0.59290381000000003, "datetime": "1503261609", "id": 237362128, "order_type": 0}', u'event': u'order_deleted', u'channel': u'live_orders'}
2017-08-20 16:40:11,016 - bitstamp_ws - DEBUG - {u'data': u'{"price": 4038.7600000000002, "amount": 7.3201999999999998, "datetime": "1503261609", "id": 237362113, "order_type": 0}', u'event': u'order_deleted', u'channel': u'live_orders'}
2017-08-20 16:40:11,016 - bitstamp_ws - DEBUG - {u'data': u'{"price": 4103.1499999999996, "amount": 12.530200000000001, "datetime": "1503261610", "id": 237362137, "order_type": 1}', u'event': u'order_created', u'channel': u'live_orders'}
2017-08-20 16:40:11,189 - bitstamp_ws - DEBUG - {u'data': u'{"price": 4067.02, "amount": 4.5999999999999996, "datetime": "1503261610", "id": 237362139, "order_type": 1}', u'event': u'order_created', u'channel': u'live_orders'}
2017-08-20 16:40:11,190 - bitstamp_ws - DEBUG - {u'data': u'{"price": 4068.3299999999999, "amount": 4.0, "datetime": "1503261610", "id": 237362149, "order_type": 1}', u'event': u'order_created', u'channel': u'live_orders'}
2017-08-20 16:40:11,225 - bitstamp_ws - DEBUG - {u'data': u'{"price": 4045.4699999999998, "amount": 0.59289062000000003, "datetime": "1503261610", "id": 237362151, "order_type": 0}', u'event': u'order_created', u'channel': u'live_orders'}
2017-08-20 16:40:11,363 - bitstamp_ws - DEBUG - {u'data': u'{"price": 4022.4099999999999, "amount": 1.0, "datetime": "1503261610", "id": 237362152, "order_type": 0}', u'event': u'order_created', u'channel': u'live_orders'}
2017-08-20 16:40:11,364 - bitstamp_ws - DEBUG - {u'data': u'{"price": 4045.46, "amount": 3.8856201000000001, "datetime": "1503261609", "id": 237362123, "order_type": 0}', u'event': u'order_deleted', u'channel': u'live_orders'}
2017-08-20 16:40:11,432 - bitstamp_ws - DEBUG - {u'data': u'{"price": 4071.3699999999999, "amount": 4.8792, "datetime": "1503261611", "id": 237362156, "order_type": 1}', u'event': u'order_created', u'channel': u'live_orders'}
2017-08-20 16:40:11,459 - bitstamp_ws - DEBUG - {u'data': u'{"price": 4064.9899999999998, "amount": 2.4367999999999999, "datetime": "1503261611", "id": 237362160, "order_type": 1}', u'event': u'order_created', u'channel': u'live_orders'}
2017-08-20 16:40:11,605 - bitstamp_ws - DEBUG - {u'data': u'{"price": 4067.0300000000002, "amount": 3.1301999999999999, "datetime": "1503261608", "id": 237362109, "order_type": 1}', u'event': u'order_deleted', u'channel': u'live_orders'}
2017-08-20 16:40:11,605 - bitstamp_ws - DEBUG - {u'data': u'{"price": 4067.02, "amount": 4.5999999999999996, "datetime": "1503261610", "id": 237362139, "order_type": 1}', u'event': u'order_deleted', u'channel': u'live_orders'}
2017-08-20 16:40:11,605 - bitstamp_ws - DEBUG - {u'data': u'{"price": 4037.8499999999999, "amount": 7.3216000000000001, "datetime": "1503261611", "id": 237362163, "order_type": 0}', u'event': u'order_created', u'channel': u'live_orders'}
2017-08-20 16:40:11,617 - bitstamp_ws - DEBUG - {u'data': u'{"price": 4064.8400000000001, "amount": 1.0, "datetime": "1503261611", "id": 237362170, "order_type": 0}', u'event': u'order_created', u'channel': u'live_orders'}
2017-08-20 16:40:11,776 - bitstamp_ws - DEBUG - {u'data': u'{"price": 4067.0, "amount": 3.1301999999999999, "datetime": "1503261611", "id": 237362171, "order_type": 1}', u'event': u'order_created', u'channel': u'live_orders'}
2017-08-20 16:40:11,946 - bitstamp_ws - DEBUG - {u'data': u'{"price": 4045.4899999999998, "amount": 4.6600000000000001, "datetime": "1503261611", "id": 237362175, "order_type": 0}', u'event': u'order_created', u'channel': u'live_orders'}
2017-08-20 16:40:11,946 - bitstamp_ws - DEBUG - {u'data': u'{"price": 4045.4699999999998, "amount": 0.59289062000000003, "datetime": "1503261610", "id": 237362151, "order_type": 0}', u'event': u'order_deleted', u'channel': u'live_orders'}
2017-08-20 16:40:11,948 - bitstamp_ws - DEBUG - {u'data': u'{"price": 4089.9499999999998, "amount": 1.1499999999999999, "datetime": "1503261610", "id": 237362134, "order_type": 1}', u'event': u'order_deleted', u'channel': u'live_orders'}
2017-08-20 16:40:12,249 - bitstamp_ws - DEBUG - {u'data': u'{"price": 4103.1599999999999, "amount": 1.1499999999999999, "datetime": "1503261611", "id": 237362177, "order_type": 1}', u'event': u'order_created', u'channel': u'live_orders'}
2017-08-20 16:40:12,286 - bitstamp_ws - DEBUG - {u'data': u'{"price": 4045.3800000000001, "amount": 0.59290381000000003, "datetime": "1503261612", "id": 237362178, "order_type": 0}', u'event': u'order_created', u'channel': u'live_orders'}
2017-08-20 16:40:12,422 - bitstamp_ws - DEBUG - {u'data': u'{"price": 4045.48, "amount": 1.5604, "datetime": "1503261609", "id": 237362131, "order_type": 0}', u'event': u'order_deleted', u'channel': u'live_orders'}
2017-08-20 16:40:12,422 - bitstamp_ws - DEBUG - {u'data': u'{"price": 4064.98, "amount": 1.5604, "datetime": "1503261610", "id": 237362132, "order_type": 1}', u'event': u'order_deleted', u'channel': u'live_orders'}
2017-08-20 16:40:12,454 - bitstamp_ws - DEBUG - {u'data': u'{"price": 4045.5100000000002, "amount": 1.5604, "datetime": "1503261612", "id": 237362184, "order_type": 0}', u'event': u'order_created', u'channel': u'live_orders'}
2017-08-20 16:40:12,616 - bitstamp_ws - DEBUG - {u'data': u'{"price": 4064.9699999999998, "amount": 1.5604, "datetime": "1503261612", "id": 237362186, "order_type": 1}', u'event': u'order_created', u'channel': u'live_orders'}
2017-08-20 16:40:12,805 - bitstamp_ws - DEBUG - {u'data': u'{"price": 4077.5599999999999, "amount": 0.029999999999999999, "datetime": "1503261568", "id": 237361453, "order_type": 1}', u'event': u'order_deleted', u'channel': u'live_orders'}
2017-08-20 16:40:12,948 - bitstamp_ws - DEBUG - {u'data': u'{"price": 4045.3800000000001, "amount": 0.59290381000000003, "datetime": "1503261612", "id": 237362178, "order_type": 0}', u'event': u'order_deleted', u'channel': u'live_orders'}
2017-08-20 16:40:13,111 - bitstamp_ws - DEBUG - {u'data': u'{"price": 4032.0300000000002, "amount": 4.8826000000000001, "datetime": "1503261609", "id": 237362116, "order_type": 0}', u'event': u'order_deleted', u'channel': u'live_orders'}
2017-08-20 16:40:13,112 - bitstamp_ws - DEBUG - {u'data': u'{"price": 4064.9899999999998, "amount": 2.4367999999999999, "datetime": "1503261611", "id": 237362160, "order_type": 1}', u'event': u'order_deleted', u'channel': u'live_orders'}
2017-08-20 16:40:13,241 - bitstamp_ws - DEBUG - {u'data': u'{"price": 4045.52, "amount": 0.59288328999999995, "datetime": "1503261612", "id": 237362193, "order_type": 0}', u'event': u'order_created', u'channel': u'live_orders'}
2017-08-20 16:40:13,242 - bitstamp_ws - DEBUG - {u'data': u'{"price": 4045.4899999999998, "amount": 4.6600000000000001, "datetime": "1503261611", "id": 237362175, "order_type": 0}', u'event': u'order_deleted', u'channel': u'live_orders'}
2017-08-20 16:40:13,413 - bitstamp_ws - DEBUG - {u'data': u'{"price": 4064.96, "amount": 2.4373999999999998, "datetime": "1503261613", "id": 237362199, "order_type": 1}', u'event': u'order_created', u'channel': u'live_orders'}
2017-08-20 16:40:13,413 - bitstamp_ws - DEBUG - {u'data': u'{"price": 4057.0900000000001, "amount": 7.0, "datetime": "1503261613", "id": 237362200, "order_type": 1}', u'event': u'order_created', u'channel': u'live_orders'}
2017-08-20 16:40:13,597 - bitstamp_ws - DEBUG - {u'data': u'{"price": 4045.5100000000002, "amount": 1.5604, "datetime": "1503261612", "id": 237362184, "order_type": 0}', u'event': u'order_deleted', u'channel': u'live_orders'}
2017-08-20 16:40:13,599 - bitstamp_ws - DEBUG - {u'data': u'{"price": 4064.8400000000001, "amount": 0.0, "datetime": "1503261611", "id": 237362170, "order_type": 0}', u'event': u'order_deleted', u'channel': u'live_orders'}
2017-08-20 16:40:13,613 - bitstamp_ws - DEBUG - {u'data': u'{"price": 4057.0900000000001, "amount": 6.0, "datetime": "1503261613", "id": 237362200, "order_type": 1}', u'event': u'order_changed', u'channel': u'live_orders'}
2017-08-20 16:40:13,760 - bitstamp_ws - DEBUG - {u'data': u'{"price": 4103.1599999999999, "amount": 1.1499999999999999, "datetime": "1503261611", "id": 237362177, "order_type": 1}', u'event': u'order_deleted', u'channel': u'live_orders'}
2017-08-20 16:40:13,760 - bitstamp_ws - DEBUG - {u'data': u'{"price": 4032.0599999999999, "amount": 4.8811, "datetime": "1503261613", "id": 237362202, "order_type": 0}', u'event': u'order_created', u'channel': u'live_orders'}
2017-08-20 16:40:13,782 - bitstamp_ws - DEBUG - {u'data': u'{"price": 4045.52, "amount": 4.5610809999999997, "datetime": "1503261613", "id": 237362204, "order_type": 0}', u'event': u'order_created', u'channel': u'live_orders'}
2017-08-20 16:40:13,927 - bitstamp_ws - DEBUG - {u'data': u'{"price": 4064.9699999999998, "amount": 1.5604, "datetime": "1503261612", "id": 237362186, "order_type": 1}', u'event': u'order_deleted', u'channel': u'live_orders'}
2017-08-20 16:40:13,929 - bitstamp_ws - DEBUG - {u'data': u'{"price": 4057.0900000000001, "amount": 6.0, "datetime": "1503261613", "id": 237362200, "order_type": 1}', u'event': u'order_deleted', u'channel': u'live_orders'}
2017-08-20 16:40:13,930 - bitstamp_ws - DEBUG - {u'data': u'{"price": 4067.0, "amount": 3.1301999999999999, "datetime": "1503261611", "id": 237362171, "order_type": 1}', u'event': u'order_deleted', u'channel': u'live_orders'}
2017-08-20 16:40:13,930 - bitstamp_ws - DEBUG - {u'data': u'{"price": 4057.0900000000001, "amount": 7.0, "datetime": "1503261613", "id": 237362205, "order_type": 1}', u'event': u'order_created', u'channel': u'live_orders'}
2017-08-20 16:40:14,102 - bitstamp_ws - DEBUG - {u'data': u'{"price": 4045.54, "amount": 1.5604, "datetime": "1503261613", "id": 237362207, "order_type": 0}', u'event': u'order_created', u'channel': u'live_orders'}
2017-08-20 16:40:14,258 - bitstamp_ws - DEBUG - {u'data': u'{"price": 4057.0900000000001, "amount": 7.0, "datetime": "1503261613", "id": 237362205, "order_type": 1}', u'event': u'order_deleted', u'channel': u'live_orders'}
2017-08-20 16:40:14,266 - bitstamp_ws - DEBUG - {u'data': u'{"price": 4103.1499999999996, "amount": 1.05, "datetime": "1503261614", "id": 237362214, "order_type": 1}', u'event': u'order_created', u'channel': u'live_orders'}
2017-08-20 16:40:14,408 - bitstamp_ws - DEBUG - {u'data': u'{"price": 4089.5500000000002, "amount": 0.029999999999999999, "datetime": "1503261614", "id": 237362215, "order_type": 1}', u'event': u'order_created', u'channel': u'live_orders'}
2017-08-20 16:40:14,408 - bitstamp_ws - DEBUG - {u'data': u'{"price": 4071.3499999999999, "amount": 3.1301999999999999, "datetime": "1503261614", "id": 237362216, "order_type": 1}', u'event': u'order_created', u'channel': u'live_orders'}
2017-08-20 16:40:14,409 - bitstamp_ws - DEBUG - {u'data': u'{"price": 4064.9400000000001, "amount": 1.5604, "datetime": "1503261614", "id": 237362217, "order_type": 1}', u'event': u'order_created', u'channel': u'live_orders'}
2017-08-20 16:40:14,615 - bitstamp_ws - DEBUG - {u'data': u'{"price": 4063.8200000000002, "amount": 6.0, "datetime": "1503261614", "id": 237362233, "order_type": 1}', u'event': u'order_created', u'channel': u'live_orders'}
2017-08-20 16:40:14,755 - bitstamp_ws - DEBUG - {u'data': u'{"price": 4151.6400000000003, "amount": 0.5, "datetime": "1503261594", "id": 237361805, "order_type": 1}', u'event': u'order_deleted', u'channel': u'live_orders'}
2017-08-20 16:40:14,928 - bitstamp_ws - DEBUG - {u'data': u'{"price": 4063.8200000000002, "amount": 6.0, "datetime": "1503261614", "id": 237362239, "order_type": 1}', u'event': u'order_created', u'channel': u'live_orders'}
2017-08-20 16:40:15,105 - bitstamp_ws - DEBUG - {u'data': u'{"price": 4045.52, "amount": 0.59288328999999995, "datetime": "1503261612", "id": 237362193, "order_type": 0}', u'event': u'order_deleted', u'channel': u'live_orders'}
2017-08-20 16:40:15,125 - bitstamp_ws - DEBUG - {u'data': u'{"price": 4063.8200000000002, "amount": 6.0, "datetime": "1503261614", "id": 237362233, "order_type": 1}', u'event': u'order_deleted', u'channel': u'live_orders'}
2017-08-20 16:40:15,144 - bitstamp_ws - DEBUG - {u'data': u'{"price": 4131.0600000000004, "amount": 0.5, "datetime": "1503261614", "id": 237362241, "order_type": 1}', u'event': u'order_created', u'channel': u'live_orders'}
2017-08-20 16:40:15,175 - bitstamp_ws - DEBUG - {u'data': u'{"price": 4064.96, "amount": 2.4373999999999998, "datetime": "1503261613", "id": 237362199, "order_type": 1}', u'event': u'order_deleted', u'channel': u'live_orders'}
2017-08-20 16:40:15,243 - bitstamp_ws - DEBUG - {u'data': u'{"price": 4068.3299999999999, "amount": 4.0, "datetime": "1503261610", "id": 237362149, "order_type": 1}', u'event': u'order_deleted', u'channel': u'live_orders'}
2017-08-20 16:40:15,283 - bitstamp_ws - DEBUG - {u'data': u'{"price": 4155.9899999999998, "amount": 0.5, "datetime": "1503261615", "id": 237362245, "order_type": 1}', u'event': u'order_created', u'channel': u'live_orders'}
2017-08-20 16:40:15,428 - bitstamp_ws - DEBUG - {u'data': u'{"price": 4103.1499999999996, "amount": 1.05, "datetime": "1503261614", "id": 237362214, "order_type": 1}', u'event': u'order_deleted', u'channel': u'live_orders'}
2017-08-20 16:40:15,428 - bitstamp_ws - DEBUG - {u'data': u'{"price": 4063.8200000000002, "amount": 6.0, "datetime": "1503261614", "id": 237362239, "order_type": 1}', u'event': u'order_deleted', u'channel': u'live_orders'}
2017-08-20 16:40:15,473 - bitstamp_ws - DEBUG - {u'data': u'{"price": 4045.5300000000002, "amount": 0.59288183000000005, "datetime": "1503261615", "id": 237362246, "order_type": 0}', u'event': u'order_created', u'channel': u'live_orders'}
2017-08-20 16:40:15,507 - bitstamp_ws - DEBUG - {u'data': u'{"price": 4045.52, "amount": 4.5610809999999997, "datetime": "1503261613", "id": 237362204, "order_type": 0}', u'event': u'order_deleted', u'channel': u'live_orders'}
2017-08-20 16:40:15,613 - bitstamp_ws - DEBUG - {u'data': u'{"price": 4064.9899999999998, "amount": 2.4407999999999999, "datetime": "1503261615", "id": 237362252, "order_type": 1}', u'event': u'order_created', u'channel': u'live_orders'}
2017-08-20 16:40:15,685 - bitstamp_ws - DEBUG - {u'data': u'{"price": 4092.9000000000001, "amount": 1.0, "datetime": "1503261615", "id": 237362255, "order_type": 1}', u'event': u'order_created', u'channel': u'live_orders'}
2017-08-20 16:40:16,194 - bitstamp_ws - DEBUG - {u'data': u'{"price": 4045.5500000000002, "amount": 3.9397000000000002, "datetime": "1503261615", "id": 237362267, "order_type": 0}', u'event': u'order_created', u'channel': u'live_orders'}
2017-08-20 16:40:16,195 - bitstamp_ws - DEBUG - {u'data': u'{"price": 4045.5300000000002, "amount": 0.59288183000000005, "datetime": "1503261615", "id": 237362246, "order_type": 0}', u'event': u'order_deleted', u'channel': u'live_orders'}
2017-08-20 16:40:16,233 - bitstamp_ws - DEBUG - {u'data': u'{"price": 4045.3800000000001, "amount": 0.59290381000000003, "datetime": "1503261615", "id": 237362270, "order_type": 0}', u'event': u'order_created', u'channel': u'live_orders'}
2017-08-20 16:40:17,117 - bitstamp_ws - DEBUG - {u'data': u'{"price": 4068.3299999999999, "amount": 4.3177000000000003, "datetime": "1503261616", "id": 237362278, "order_type": 1}', u'event': u'order_created', u'channel': u'live_orders'}
2017-08-20 16:40:17,117 - bitstamp_ws - DEBUG - {u'data': u'{"price": 4045.54, "amount": 1.5604, "datetime": "1503261613", "id": 237362207, "order_type": 0}', u'event': u'order_deleted', u'channel': u'live_orders'}
2017-08-20 16:40:17,118 - bitstamp_ws - DEBUG - {u'data': u'{"price": 4045.5700000000002, "amount": 1.5604, "datetime": "1503261616", "id": 237362279, "order_type": 0}', u'event': u'order_created', u'channel': u'live_orders'}
2017-08-20 16:40:17,118 - bitstamp_ws - DEBUG - {u'data': u'{"price": 4092.9000000000001, "amount": 1.0, "datetime": "1503261615", "id": 237362255, "order_type": 1}', u'event': u'order_deleted', u'channel': u'live_orders'}
2017-08-20 16:40:17,118 - bitstamp_ws - DEBUG - {u'data': u'{"price": 4092.9000000000001, "amount": 0.22500000000000001, "datetime": "1503261616", "id": 237362290, "order_type": 1}', u'event': u'order_created', u'channel': u'live_orders'}
2017-08-20 16:40:17,197 - bitstamp_ws - DEBUG - {u'data': u'{"price": 4045.3800000000001, "amount": 0.59290381000000003, "datetime": "1503261615", "id": 237362270, "order_type": 0}', u'event': u'order_deleted', u'channel': u'live_orders'}
2017-08-20 16:40:17,247 - bitstamp_ws - DEBUG - {u'data': u'{"price": 4064.9899999999998, "amount": 2.4407999999999999, "datetime": "1503261615", "id": 237362252, "order_type": 1}', u'event': u'order_deleted', u'channel': u'live_orders'}
2017-08-20 16:40:17,287 - bitstamp_ws - DEBUG - {u'data': u'{"price": 4071.3699999999999, "amount": 4.8792, "datetime": "1503261611", "id": 237362156, "order_type": 1}', u'event': u'order_deleted', u'channel': u'live_orders'}
2017-08-20 16:40:17,381 - bitstamp_ws - DEBUG - {u'data': u'{"price": 4045.5599999999999, "amount": 0.59287743000000004, "datetime": "1503261617", "id": 237362296, "order_type": 0}', u'event': u'order_created', u'channel': u'live_orders'}
2017-08-20 16:40:17,515 - bitstamp_ws - DEBUG - {u'data': u'{"price": 4067.0999999999999, "amount": 0.22, "datetime": "1503261604", "id": 237362023, "order_type": 1}', u'event': u'order_deleted', u'channel': u'live_orders'}
2017-08-20 16:40:17,515 - bitstamp_ws - DEBUG - {u'data': u'{"price": 4064.9299999999998, "amount": 2.4373, "datetime": "1503261617", "id": 237362298, "order_type": 1}', u'event': u'order_created', u'channel': u'live_orders'}
2017-08-20 16:40:17,540 - bitstamp_ws - DEBUG - {u'data': u'{"price": 4071.3400000000001, "amount": 4.8803000000000001, "datetime": "1503261617", "id": 237362299, "order_type": 1}', u'event': u'order_created', u'channel': u'live_orders'}
2017-08-20 16:40:17,667 - bitstamp_ws - DEBUG - {u'data': u'{"price": 4045.5500000000002, "amount": 3.9397000000000002, "datetime": "1503261615", "id": 237362267, "order_type": 0}', u'event': u'order_deleted', u'channel': u'live_orders'}
2017-08-20 16:40:17,686 - bitstamp_ws - DEBUG - {u'data': u'{"price": 4045.1399999999999, "amount": 0.25, "datetime": "1503261604", "id": 237362025, "order_type": 0}', u'event': u'order_deleted', u'channel': u'live_orders'}
2017-08-20 16:40:17,692 - bitstamp_ws - DEBUG - {u'data': u'{"price": 4067.02, "amount": 0.23000000000000001, "datetime": "1503261617", "id": 237362303, "order_type": 1}', u'event': u'order_created', u'channel': u'live_orders'}
2017-08-20 16:40:17,864 - bitstamp_ws - DEBUG - {u'data': u'{"price": 4045.46, "amount": 0.25, "datetime": "1503261617", "id": 237362304, "order_type": 0}', u'event': u'order_created', u'channel': u'live_orders'}
2017-08-20 16:40:17,890 - bitstamp_ws - DEBUG - {u'data': u'{"price": 4064.9400000000001, "amount": 1.5604, "datetime": "1503261614", "id": 237362217, "order_type": 1}', u'event': u'order_deleted', u'channel': u'live_orders'}
2017-08-20 16:40:17,892 - bitstamp_ws - DEBUG - {u'data': u'{"price": 4045.5700000000002, "amount": 1.5604, "datetime": "1503261616", "id": 237362279, "order_type": 0}', u'event': u'order_deleted', u'channel': u'live_orders'}
2017-08-20 16:40:17,896 - bitstamp_ws - DEBUG - {u'data': u'{"price": 4073.21, "amount": 0.040000000000000001, "datetime": "1503261605", "id": 237362029, "order_type": 1}', u'event': u'order_deleted', u'channel': u'live_orders'}
2017-08-20 16:40:17,897 - bitstamp_ws - DEBUG - {u'data': u'{"price": 4071.3499999999999, "amount": 3.1301999999999999, "datetime": "1503261614", "id": 237362216, "order_type": 1}', u'event': u'order_deleted', u'channel': u'live_orders'}
2017-08-20 16:40:18,006 - bitstamp_ws - DEBUG - {u'data': u'{"price": 4067.0900000000001, "amount": 3.1301999999999999, "datetime": "1503261617", "id": 237362307, "order_type": 1}', u'event': u'order_created', u'channel': u'live_orders'}
2017-08-20 16:40:18,050 - bitstamp_ws - DEBUG - {u'data': u'{"price": 4039.0500000000002, "amount": 0.050000000000000003, "datetime": "1503261605", "id": 237362033, "order_type": 0}', u'event': u'order_deleted', u'channel': u'live_orders'}
2017-08-20 16:40:18,145 - bitstamp_ws - DEBUG - {u'data': u'{"price": 4045.5900000000001, "amount": 1.5604, "datetime": "1503261617", "id": 237362308, "order_type": 0}', u'event': u'order_created', u'channel': u'live_orders'}
2017-08-20 16:40:18,168 - bitstamp_ws - DEBUG - {u'data': u'{"price": 4045.5799999999999, "amount": 4.0, "datetime": "1503261617", "id": 237362310, "order_type": 0}', u'event': u'order_created', u'channel': u'live_orders'}
2017-08-20 16:40:18,321 - bitstamp_ws - DEBUG - {u'data': u'{"price": 4073.21, "amount": 0.050000000000000003, "datetime": "1503261618", "id": 237362311, "order_type": 1}', u'event': u'order_created', u'channel': u'live_orders'}
2017-08-20 16:40:18,321 - bitstamp_ws - DEBUG - {u'data': u'{"price": 4092.9000000000001, "amount": 0.22500000000000001, "datetime": "1503261616", "id": 237362290, "order_type": 1}', u'event': u'order_deleted', u'channel': u'live_orders'}
2017-08-20 16:40:18,344 - bitstamp_ws - DEBUG - {u'data': u'{"price": 4064.9099999999999, "amount": 1.5604, "datetime": "1503261618", "id": 237362312, "order_type": 1}', u'event': u'order_created', u'channel': u'live_orders'}
2017-08-20 16:40:18,427 - bitstamp_ws - DEBUG - {u'data': u'{"price": 4045.5599999999999, "amount": 0.59287743000000004, "datetime": "1503261617", "id": 237362296, "order_type": 0}', u'event': u'order_deleted', u'channel': u'live_orders'}
2017-08-20 16:40:18,500 - bitstamp_ws - DEBUG - {u'data': u'{"price": 4039.3899999999999, "amount": 0.050000000000000003, "datetime": "1503261618", "id": 237362313, "order_type": 0}', u'event': u'order_created', u'channel': u'live_orders'}
2017-08-20 16:40:18,693 - bitstamp_ws - DEBUG - {u'data': u'{"price": 4089.9699999999998, "amount": 0.97499999999999998, "datetime": "1503261618", "id": 237362322, "order_type": 1}', u'event': u'order_created', u'channel': u'live_orders'}
2017-08-20 16:40:18,780 - bitstamp_ws - DEBUG - {u'data': u'{"price": 4045.3800000000001, "amount": 0.59290381000000003, "datetime": "1503261618", "id": 237362325, "order_type": 0}', u'event': u'order_created', u'channel': u'live_orders'}
