2017-12-06 04:31:37,917 - core_websocket - INFO - Connecting to url: wss://ws-feed.gdax.com channel: {'type': 'subscribe', 'product_ids': ['ETH-USD']}
2017-12-06 04:31:38,107 - core_websocket - INFO - Turning on heartbeat
2017-12-06 04:31:38,107 - core_websocket - INFO - Listening for messages
2017-12-06 04:31:38,184 - gdax_msgs - INFO - ==============================
2017-12-06 04:31:38,184 - gdax_msgs - INFO - Storing ETH-USD order book
2017-12-06 04:31:43,613 - gdax_msgs - INFO - ==============================
2017-12-06 04:32:38,586 - gdax_msgs - INFO - Stored 3164 messages in GdaxEthUsdMessage in 0.62s
2017-12-06 04:33:39,143 - gdax_msgs - INFO - Stored 4310 messages in GdaxEthUsdMessage in 1.14s
2017-12-06 04:34:38,586 - gdax_msgs - INFO - Stored 2549 messages in GdaxEthUsdMessage in 0.50s
2017-12-06 04:35:38,540 - gdax_msgs - INFO - Stored 2958 messages in GdaxEthUsdMessage in 0.40s
2017-12-06 04:36:38,605 - gdax_msgs - INFO - Stored 3826 messages in GdaxEthUsdMessage in 0.46s
2017-12-06 04:37:38,801 - gdax_msgs - INFO - Stored 3629 messages in GdaxEthUsdMessage in 0.54s
2017-12-06 04:38:38,897 - gdax_msgs - INFO - Stored 2577 messages in GdaxEthUsdMessage in 0.63s
2017-12-06 04:39:38,767 - gdax_msgs - INFO - Stored 2500 messages in GdaxEthUsdMessage in 0.43s
2017-12-06 04:40:39,412 - gdax_msgs - INFO - Stored 4479 messages in GdaxEthUsdMessage in 1.06s
2017-12-06 04:41:39,284 - gdax_msgs - INFO - Stored 3018 messages in GdaxEthUsdMessage in 0.58s
2017-12-06 04:42:38,982 - gdax_msgs - INFO - Stored 2855 messages in GdaxEthUsdMessage in 0.27s
2017-12-06 04:43:39,081 - gdax_msgs - INFO - Stored 3458 messages in GdaxEthUsdMessage in 0.36s
2017-12-06 04:44:39,151 - gdax_msgs - INFO - Stored 3694 messages in GdaxEthUsdMessage in 0.43s
2017-12-06 04:45:39,289 - gdax_msgs - INFO - Stored 2775 messages in GdaxEthUsdMessage in 0.29s
2017-12-06 04:46:39,498 - gdax_msgs - INFO - Stored 3983 messages in GdaxEthUsdMessage in 0.36s
2017-12-06 04:47:39,496 - gdax_msgs - INFO - Stored 3329 messages in GdaxEthUsdMessage in 0.33s
2017-12-06 04:48:39,655 - gdax_msgs - INFO - Stored 5302 messages in GdaxEthUsdMessage in 0.43s
2017-12-06 04:49:39,854 - gdax_msgs - INFO - Stored 5464 messages in GdaxEthUsdMessage in 0.62s
2017-12-06 04:50:39,743 - gdax_msgs - INFO - Stored 5641 messages in GdaxEthUsdMessage in 0.48s
2017-12-06 04:51:40,015 - gdax_msgs - INFO - Stored 3249 messages in GdaxEthUsdMessage in 0.59s
2017-12-06 04:52:39,719 - gdax_msgs - INFO - Stored 2661 messages in GdaxEthUsdMessage in 0.25s
2017-12-06 04:53:39,900 - gdax_msgs - INFO - Stored 3180 messages in GdaxEthUsdMessage in 0.41s
2017-12-06 04:54:39,998 - gdax_msgs - INFO - Stored 4762 messages in GdaxEthUsdMessage in 0.44s
2017-12-06 04:55:40,308 - gdax_msgs - INFO - Stored 3414 messages in GdaxEthUsdMessage in 0.73s
2017-12-06 04:56:40,650 - gdax_msgs - INFO - Stored 5594 messages in GdaxEthUsdMessage in 1.06s
2017-12-06 04:57:40,424 - gdax_msgs - INFO - Stored 4283 messages in GdaxEthUsdMessage in 0.82s
2017-12-06 04:58:41,953 - gdax_msgs - INFO - Stored 6069 messages in GdaxEthUsdMessage in 2.29s
2017-12-06 04:59:41,707 - gdax_msgs - INFO - Stored 6152 messages in GdaxEthUsdMessage in 2.04s
2017-12-06 05:00:41,193 - gdax_msgs - INFO - Stored 3837 messages in GdaxEthUsdMessage in 1.53s
2017-12-06 05:01:42,707 - gdax_msgs - INFO - Stored 7245 messages in GdaxEthUsdMessage in 3.01s
2017-12-06 05:02:42,440 - gdax_msgs - INFO - Stored 5596 messages in GdaxEthUsdMessage in 2.73s
2017-12-06 05:03:42,513 - gdax_msgs - INFO - Stored 3310 messages in GdaxEthUsdMessage in 2.80s
2017-12-06 05:04:40,485 - gdax_msgs - INFO - Stored 2560 messages in GdaxEthUsdMessage in 0.75s
2017-12-06 05:05:41,931 - gdax_msgs - INFO - Stored 4080 messages in GdaxEthUsdMessage in 2.15s
2017-12-06 05:06:41,457 - gdax_msgs - INFO - Stored 5252 messages in GdaxEthUsdMessage in 1.55s
2017-12-06 05:07:41,445 - gdax_msgs - INFO - Stored 5441 messages in GdaxEthUsdMessage in 1.50s
2017-12-06 05:08:41,695 - gdax_msgs - INFO - Stored 5114 messages in GdaxEthUsdMessage in 1.53s
2017-12-06 05:09:42,441 - gdax_msgs - INFO - Stored 4974 messages in GdaxEthUsdMessage in 2.24s
2017-12-06 05:10:41,011 - gdax_msgs - INFO - Stored 2915 messages in GdaxEthUsdMessage in 0.77s
2017-12-06 05:11:41,688 - gdax_msgs - INFO - Stored 4570 messages in GdaxEthUsdMessage in 1.44s
2017-12-06 05:12:41,933 - gdax_msgs - INFO - Stored 3176 messages in GdaxEthUsdMessage in 1.52s
2017-12-06 05:13:41,178 - gdax_msgs - INFO - Stored 2793 messages in GdaxEthUsdMessage in 0.74s
2017-12-06 05:14:40,929 - gdax_msgs - INFO - Stored 2178 messages in GdaxEthUsdMessage in 0.47s
2017-12-06 05:15:43,706 - gdax_msgs - INFO - Stored 5274 messages in GdaxEthUsdMessage in 3.21s
2017-12-06 05:16:41,433 - gdax_msgs - INFO - Stored 2151 messages in GdaxEthUsdMessage in 0.77s
2017-12-06 05:17:42,936 - gdax_msgs - INFO - Stored 2526 messages in GdaxEthUsdMessage in 2.25s
2017-12-06 05:18:41,535 - gdax_msgs - INFO - Stored 2399 messages in GdaxEthUsdMessage in 0.63s
2017-12-06 05:19:41,678 - gdax_msgs - INFO - Stored 2131 messages in GdaxEthUsdMessage in 0.76s
2017-12-06 05:20:41,780 - gdax_msgs - INFO - Stored 2667 messages in GdaxEthUsdMessage in 0.84s
2017-12-06 05:21:42,195 - gdax_msgs - INFO - Stored 3638 messages in GdaxEthUsdMessage in 1.24s
2017-12-06 05:22:43,943 - gdax_msgs - INFO - Stored 3247 messages in GdaxEthUsdMessage in 2.96s
2017-12-06 05:23:43,187 - gdax_msgs - INFO - Stored 3063 messages in GdaxEthUsdMessage in 2.18s
2017-12-06 05:24:43,433 - gdax_msgs - INFO - Stored 4086 messages in GdaxEthUsdMessage in 2.27s
2017-12-06 05:25:42,275 - gdax_msgs - INFO - Stored 1834 messages in GdaxEthUsdMessage in 1.09s
2017-12-06 05:26:43,006 - gdax_msgs - INFO - Stored 2651 messages in GdaxEthUsdMessage in 1.81s
2017-12-06 05:27:42,955 - gdax_msgs - INFO - Stored 4900 messages in GdaxEthUsdMessage in 1.75s
2017-12-06 05:28:43,014 - gdax_msgs - INFO - Stored 3456 messages in GdaxEthUsdMessage in 1.61s
2017-12-06 05:29:42,528 - gdax_msgs - INFO - Stored 3036 messages in GdaxEthUsdMessage in 0.87s
2017-12-06 05:30:42,217 - gdax_msgs - INFO - Stored 1994 messages in GdaxEthUsdMessage in 0.52s
2017-12-06 05:31:38,283 - gdax_msgs - INFO - ==============================
2017-12-06 05:31:38,283 - gdax_msgs - INFO - Storing ETH-USD order book
2017-12-06 05:31:43,505 - gdax_msgs - INFO - Stored 2111 messages in GdaxEthUsdMessage in 1.10s
2017-12-06 05:31:48,276 - gdax_msgs - INFO - ==============================
2017-12-06 05:32:43,282 - gdax_msgs - INFO - Stored 1983 messages in GdaxEthUsdMessage in 0.81s
2017-12-06 05:33:43,423 - gdax_msgs - INFO - Stored 1757 messages in GdaxEthUsdMessage in 0.94s
2017-12-06 05:34:43,257 - gdax_msgs - INFO - Stored 1415 messages in GdaxEthUsdMessage in 0.60s
2017-12-06 05:35:43,034 - gdax_msgs - INFO - Stored 2099 messages in GdaxEthUsdMessage in 0.37s
2017-12-06 05:36:43,426 - gdax_msgs - INFO - Stored 2575 messages in GdaxEthUsdMessage in 0.73s
2017-12-06 05:37:43,502 - gdax_msgs - INFO - Stored 2912 messages in GdaxEthUsdMessage in 0.72s
2017-12-06 05:38:43,931 - gdax_msgs - INFO - Stored 5238 messages in GdaxEthUsdMessage in 1.02s
2017-12-06 05:39:44,072 - gdax_msgs - INFO - Stored 4017 messages in GdaxEthUsdMessage in 1.16s
2017-12-06 05:40:43,942 - gdax_msgs - INFO - Stored 3894 messages in GdaxEthUsdMessage in 1.03s
2017-12-06 05:41:43,682 - gdax_msgs - INFO - Stored 2195 messages in GdaxEthUsdMessage in 0.76s
2017-12-06 05:42:44,416 - gdax_msgs - INFO - Stored 3000 messages in GdaxEthUsdMessage in 1.47s
2017-12-06 05:43:44,032 - gdax_msgs - INFO - Stored 3241 messages in GdaxEthUsdMessage in 1.08s
2017-12-06 05:44:44,004 - gdax_msgs - INFO - Stored 2381 messages in GdaxEthUsdMessage in 1.00s
2017-12-06 05:45:44,183 - gdax_msgs - INFO - Stored 4336 messages in GdaxEthUsdMessage in 1.02s
2017-12-06 05:46:44,429 - gdax_msgs - INFO - Stored 4354 messages in GdaxEthUsdMessage in 1.26s
2017-12-06 05:47:44,514 - gdax_msgs - INFO - Stored 3694 messages in GdaxEthUsdMessage in 1.10s
2017-12-06 05:48:44,696 - gdax_msgs - INFO - Stored 4630 messages in GdaxEthUsdMessage in 1.26s
2017-12-06 05:49:45,436 - gdax_msgs - INFO - Stored 4601 messages in GdaxEthUsdMessage in 1.99s
2017-12-06 05:50:44,708 - gdax_msgs - INFO - Stored 5275 messages in GdaxEthUsdMessage in 1.23s
2017-12-06 05:51:44,534 - gdax_msgs - INFO - Stored 4242 messages in GdaxEthUsdMessage in 1.05s
2017-12-06 05:52:44,682 - gdax_msgs - INFO - Stored 3326 messages in GdaxEthUsdMessage in 1.02s
2017-12-06 05:53:44,914 - gdax_msgs - INFO - Stored 2444 messages in GdaxEthUsdMessage in 1.16s
2017-12-06 05:54:44,508 - gdax_msgs - INFO - Stored 2578 messages in GdaxEthUsdMessage in 0.60s
2017-12-06 05:55:44,957 - gdax_msgs - INFO - Stored 4581 messages in GdaxEthUsdMessage in 1.01s
2017-12-06 05:56:45,163 - gdax_msgs - INFO - Stored 3363 messages in GdaxEthUsdMessage in 1.20s
2017-12-06 05:57:44,331 - gdax_msgs - INFO - Stored 1879 messages in GdaxEthUsdMessage in 0.21s
2017-12-06 05:58:45,161 - gdax_msgs - INFO - Stored 2023 messages in GdaxEthUsdMessage in 0.75s
2017-12-06 05:59:44,932 - gdax_msgs - INFO - Stored 2056 messages in GdaxEthUsdMessage in 0.52s
2017-12-06 06:00:45,928 - gdax_msgs - INFO - Stored 3030 messages in GdaxEthUsdMessage in 1.21s
2017-12-06 06:01:45,679 - gdax_msgs - INFO - Stored 1759 messages in GdaxEthUsdMessage in 0.74s
2017-12-06 06:02:45,534 - gdax_msgs - INFO - Stored 1896 messages in GdaxEthUsdMessage in 0.59s
2017-12-06 06:03:45,761 - gdax_msgs - INFO - Stored 2913 messages in GdaxEthUsdMessage in 0.80s
2017-12-06 06:04:46,411 - gdax_msgs - INFO - Stored 3030 messages in GdaxEthUsdMessage in 1.21s
2017-12-06 06:05:45,980 - gdax_msgs - INFO - Stored 2241 messages in GdaxEthUsdMessage in 0.72s
2017-12-06 06:06:45,929 - gdax_msgs - INFO - Stored 2485 messages in GdaxEthUsdMessage in 0.51s
2017-12-06 06:07:46,018 - gdax_msgs - INFO - Stored 1814 messages in GdaxEthUsdMessage in 0.53s
2017-12-06 06:08:46,414 - gdax_msgs - INFO - Stored 2912 messages in GdaxEthUsdMessage in 0.89s
2017-12-06 06:09:46,526 - gdax_msgs - INFO - Stored 2543 messages in GdaxEthUsdMessage in 0.97s
2017-12-06 06:10:46,426 - gdax_msgs - INFO - Stored 1707 messages in GdaxEthUsdMessage in 0.76s
2017-12-06 06:11:46,288 - gdax_msgs - INFO - Stored 2299 messages in GdaxEthUsdMessage in 0.59s
2017-12-06 06:12:46,181 - gdax_msgs - INFO - Stored 2820 messages in GdaxEthUsdMessage in 0.45s
2017-12-06 06:13:46,476 - gdax_msgs - INFO - Stored 2060 messages in GdaxEthUsdMessage in 0.57s
2017-12-06 06:14:46,911 - gdax_msgs - INFO - Stored 2000 messages in GdaxEthUsdMessage in 0.86s
2017-12-06 06:15:46,660 - gdax_msgs - INFO - Stored 2311 messages in GdaxEthUsdMessage in 0.50s
2017-12-06 06:16:47,164 - gdax_msgs - INFO - Stored 2187 messages in GdaxEthUsdMessage in 0.99s
2017-12-06 06:17:46,916 - gdax_msgs - INFO - Stored 2246 messages in GdaxEthUsdMessage in 0.66s
2017-12-06 06:18:47,264 - gdax_msgs - INFO - Stored 2610 messages in GdaxEthUsdMessage in 0.99s
2017-12-06 06:19:46,909 - gdax_msgs - INFO - Stored 2569 messages in GdaxEthUsdMessage in 0.50s
2017-12-06 06:20:47,177 - gdax_msgs - INFO - Stored 2967 messages in GdaxEthUsdMessage in 0.77s
2017-12-06 06:21:47,428 - gdax_msgs - INFO - Stored 2950 messages in GdaxEthUsdMessage in 0.99s
2017-12-06 06:22:47,185 - gdax_msgs - INFO - Stored 3157 messages in GdaxEthUsdMessage in 0.70s
2017-12-06 06:23:47,679 - gdax_msgs - INFO - Stored 3805 messages in GdaxEthUsdMessage in 1.17s
2017-12-06 06:24:47,688 - gdax_msgs - INFO - Stored 3169 messages in GdaxEthUsdMessage in 1.16s
2017-12-06 06:25:47,179 - gdax_msgs - INFO - Stored 1863 messages in GdaxEthUsdMessage in 0.52s
2017-12-06 06:26:47,281 - gdax_msgs - INFO - Stored 2633 messages in GdaxEthUsdMessage in 0.62s
2017-12-06 06:27:47,200 - gdax_msgs - INFO - Stored 2468 messages in GdaxEthUsdMessage in 0.49s
2017-12-06 06:28:47,541 - gdax_msgs - INFO - Stored 2349 messages in GdaxEthUsdMessage in 0.78s
2017-12-06 06:29:47,809 - gdax_msgs - INFO - Stored 3115 messages in GdaxEthUsdMessage in 0.89s
2017-12-06 06:30:48,191 - gdax_msgs - INFO - Stored 2587 messages in GdaxEthUsdMessage in 1.23s
2017-12-06 06:31:38,472 - gdax_msgs - INFO - ==============================
2017-12-06 06:31:38,473 - gdax_msgs - INFO - Storing ETH-USD order book
