2017-12-06 04:31:37,919 - core_websocket - INFO - Connecting to url: wss://ws-feed.gdax.com channel: {'type': 'subscribe', 'product_ids': ['BTC-USD']}
2017-12-06 04:31:38,191 - core_websocket - INFO - Turning on heartbeat
2017-12-06 04:31:38,191 - core_websocket - INFO - Listening for messages
2017-12-06 04:31:38,235 - gdax_msgs - INFO - ==============================
2017-12-06 04:31:38,235 - gdax_msgs - INFO - Storing BTC-USD order book
2017-12-06 04:31:44,202 - gdax_msgs - INFO - ==============================
2017-12-06 04:32:38,570 - gdax_msgs - INFO - Stored 2420 messages in GdaxBtcUsdMessage in 0.57s
2017-12-06 04:33:38,723 - gdax_msgs - INFO - Stored 2022 messages in GdaxBtcUsdMessage in 0.68s
2017-12-06 04:34:38,499 - gdax_msgs - INFO - Stored 1634 messages in GdaxBtcUsdMessage in 0.38s
2017-12-06 04:35:38,422 - gdax_msgs - INFO - Stored 1812 messages in GdaxBtcUsdMessage in 0.27s
2017-12-06 04:36:38,465 - gdax_msgs - INFO - Stored 1680 messages in GdaxBtcUsdMessage in 0.27s
2017-12-06 04:37:38,665 - gdax_msgs - INFO - Stored 3198 messages in GdaxBtcUsdMessage in 0.47s
2017-12-06 04:38:39,034 - gdax_msgs - INFO - Stored 4305 messages in GdaxBtcUsdMessage in 0.83s
2017-12-06 04:39:38,960 - gdax_msgs - INFO - Stored 6166 messages in GdaxBtcUsdMessage in 0.72s
2017-12-06 04:40:39,024 - gdax_msgs - INFO - Stored 3178 messages in GdaxBtcUsdMessage in 0.76s
2017-12-06 04:41:38,821 - gdax_msgs - INFO - Stored 4649 messages in GdaxBtcUsdMessage in 0.47s
2017-12-06 04:42:38,799 - gdax_msgs - INFO - Stored 5407 messages in GdaxBtcUsdMessage in 0.43s
2017-12-06 04:43:38,941 - gdax_msgs - INFO - Stored 5689 messages in GdaxBtcUsdMessage in 0.55s
2017-12-06 04:44:38,812 - gdax_msgs - INFO - Stored 3077 messages in GdaxBtcUsdMessage in 0.27s
2017-12-06 04:45:39,268 - gdax_msgs - INFO - Stored 6816 messages in GdaxBtcUsdMessage in 0.63s
2017-12-06 04:46:38,981 - gdax_msgs - INFO - Stored 3560 messages in GdaxBtcUsdMessage in 0.30s
2017-12-06 04:47:39,043 - gdax_msgs - INFO - Stored 3666 messages in GdaxBtcUsdMessage in 0.36s
2017-12-06 04:48:39,209 - gdax_msgs - INFO - Stored 5119 messages in GdaxBtcUsdMessage in 0.50s
2017-12-06 04:49:39,039 - gdax_msgs - INFO - Stored 3770 messages in GdaxBtcUsdMessage in 0.32s
2017-12-06 04:50:39,259 - gdax_msgs - INFO - Stored 5051 messages in GdaxBtcUsdMessage in 0.49s
2017-12-06 04:51:39,215 - gdax_msgs - INFO - Stored 5154 messages in GdaxBtcUsdMessage in 0.43s
2017-12-06 04:52:39,227 - gdax_msgs - INFO - Stored 3466 messages in GdaxBtcUsdMessage in 0.29s
2017-12-06 04:53:39,403 - gdax_msgs - INFO - Stored 4846 messages in GdaxBtcUsdMessage in 0.39s
2017-12-06 04:54:39,673 - gdax_msgs - INFO - Stored 4554 messages in GdaxBtcUsdMessage in 0.58s
2017-12-06 04:55:40,444 - gdax_msgs - INFO - Stored 6506 messages in GdaxBtcUsdMessage in 1.30s
2017-12-06 04:56:40,351 - gdax_msgs - INFO - Stored 6025 messages in GdaxBtcUsdMessage in 1.20s
2017-12-06 04:57:40,181 - gdax_msgs - INFO - Stored 4919 messages in GdaxBtcUsdMessage in 1.02s
2017-12-06 04:58:41,716 - gdax_msgs - INFO - Stored 5793 messages in GdaxBtcUsdMessage in 2.55s
2017-12-06 04:59:42,188 - gdax_msgs - INFO - Stored 7326 messages in GdaxBtcUsdMessage in 2.90s
2017-12-06 05:00:41,197 - gdax_msgs - INFO - Stored 4874 messages in GdaxBtcUsdMessage in 1.78s
2017-12-06 05:01:44,467 - gdax_msgs - INFO - Stored 10640 messages in GdaxBtcUsdMessage in 5.05s
2017-12-06 05:02:42,965 - gdax_msgs - INFO - Stored 6587 messages in GdaxBtcUsdMessage in 3.53s
2017-12-06 05:03:42,191 - gdax_msgs - INFO - Stored 5857 messages in GdaxBtcUsdMessage in 2.74s
2017-12-06 05:04:41,447 - gdax_msgs - INFO - Stored 6464 messages in GdaxBtcUsdMessage in 1.99s
2017-12-06 05:05:41,446 - gdax_msgs - INFO - Stored 6202 messages in GdaxBtcUsdMessage in 1.98s
2017-12-06 05:06:41,942 - gdax_msgs - INFO - Stored 4464 messages in GdaxBtcUsdMessage in 2.44s
2017-12-06 05:07:40,271 - gdax_msgs - INFO - Stored 3203 messages in GdaxBtcUsdMessage in 0.61s
2017-12-06 05:08:40,515 - gdax_msgs - INFO - Stored 2301 messages in GdaxBtcUsdMessage in 0.83s
2017-12-06 05:09:40,751 - gdax_msgs - INFO - Stored 2213 messages in GdaxBtcUsdMessage in 0.84s
2017-12-06 05:10:40,733 - gdax_msgs - INFO - Stored 1923 messages in GdaxBtcUsdMessage in 0.80s
2017-12-06 05:11:40,927 - gdax_msgs - INFO - Stored 2606 messages in GdaxBtcUsdMessage in 0.95s
2017-12-06 05:12:41,497 - gdax_msgs - INFO - Stored 2880 messages in GdaxBtcUsdMessage in 1.48s
2017-12-06 05:13:40,752 - gdax_msgs - INFO - Stored 1717 messages in GdaxBtcUsdMessage in 0.73s
2017-12-06 05:14:40,669 - gdax_msgs - INFO - Stored 1943 messages in GdaxBtcUsdMessage in 0.50s
2017-12-06 05:15:43,464 - gdax_msgs - INFO - Stored 5353 messages in GdaxBtcUsdMessage in 3.29s
2017-12-06 05:16:41,438 - gdax_msgs - INFO - Stored 3036 messages in GdaxBtcUsdMessage in 1.23s
2017-12-06 05:17:42,904 - gdax_msgs - INFO - Stored 5050 messages in GdaxBtcUsdMessage in 2.67s
2017-12-06 05:18:41,180 - gdax_msgs - INFO - Stored 3097 messages in GdaxBtcUsdMessage in 0.87s
2017-12-06 05:19:41,685 - gdax_msgs - INFO - Stored 3476 messages in GdaxBtcUsdMessage in 1.27s
2017-12-06 05:20:41,423 - gdax_msgs - INFO - Stored 3628 messages in GdaxBtcUsdMessage in 0.93s
2017-12-06 05:21:42,189 - gdax_msgs - INFO - Stored 3511 messages in GdaxBtcUsdMessage in 1.69s
2017-12-06 05:22:43,973 - gdax_msgs - INFO - Stored 5937 messages in GdaxBtcUsdMessage in 3.30s
2017-12-06 05:23:42,946 - gdax_msgs - INFO - Stored 6300 messages in GdaxBtcUsdMessage in 2.26s
2017-12-06 05:24:43,972 - gdax_msgs - INFO - Stored 6531 messages in GdaxBtcUsdMessage in 3.27s
2017-12-06 05:25:43,195 - gdax_msgs - INFO - Stored 7670 messages in GdaxBtcUsdMessage in 2.49s
2017-12-06 05:26:43,444 - gdax_msgs - INFO - Stored 4904 messages in GdaxBtcUsdMessage in 2.53s
2017-12-06 05:27:42,933 - gdax_msgs - INFO - Stored 4294 messages in GdaxBtcUsdMessage in 1.90s
2017-12-06 05:28:44,701 - gdax_msgs - INFO - Stored 10189 messages in GdaxBtcUsdMessage in 3.53s
2017-12-06 05:29:42,411 - gdax_msgs - INFO - Stored 4114 messages in GdaxBtcUsdMessage in 1.22s
2017-12-06 05:30:42,184 - gdax_msgs - INFO - Stored 2554 messages in GdaxBtcUsdMessage in 0.98s
2017-12-06 05:31:38,278 - gdax_msgs - INFO - ==============================
2017-12-06 05:31:38,279 - gdax_msgs - INFO - Storing BTC-USD order book
2017-12-06 05:31:45,916 - gdax_msgs - INFO - Stored 4899 messages in GdaxBtcUsdMessage in 4.51s
2017-12-06 05:31:50,229 - gdax_msgs - INFO - ==============================
2017-12-06 05:32:43,203 - gdax_msgs - INFO - Stored 5712 messages in GdaxBtcUsdMessage in 1.77s
2017-12-06 05:33:42,938 - gdax_msgs - INFO - Stored 6006 messages in GdaxBtcUsdMessage in 1.50s
2017-12-06 05:34:41,925 - gdax_msgs - INFO - Stored 2172 messages in GdaxBtcUsdMessage in 0.48s
2017-12-06 05:35:42,278 - gdax_msgs - INFO - Stored 2101 messages in GdaxBtcUsdMessage in 0.62s
2017-12-06 05:36:42,021 - gdax_msgs - INFO - Stored 1461 messages in GdaxBtcUsdMessage in 0.27s
2017-12-06 05:37:42,421 - gdax_msgs - INFO - Stored 1333 messages in GdaxBtcUsdMessage in 0.50s
2017-12-06 05:38:42,768 - gdax_msgs - INFO - Stored 1535 messages in GdaxBtcUsdMessage in 0.75s
2017-12-06 05:39:42,991 - gdax_msgs - INFO - Stored 3110 messages in GdaxBtcUsdMessage in 0.82s
2017-12-06 05:40:42,771 - gdax_msgs - INFO - Stored 2373 messages in GdaxBtcUsdMessage in 0.58s
2017-12-06 05:41:43,689 - gdax_msgs - INFO - Stored 2952 messages in GdaxBtcUsdMessage in 1.28s
2017-12-06 05:42:44,530 - gdax_msgs - INFO - Stored 4439 messages in GdaxBtcUsdMessage in 2.10s
2017-12-06 05:43:43,768 - gdax_msgs - INFO - Stored 3467 messages in GdaxBtcUsdMessage in 1.33s
2017-12-06 05:44:43,434 - gdax_msgs - INFO - Stored 4389 messages in GdaxBtcUsdMessage in 0.96s
2017-12-06 05:45:43,406 - gdax_msgs - INFO - Stored 2612 messages in GdaxBtcUsdMessage in 0.92s
2017-12-06 05:46:44,286 - gdax_msgs - INFO - Stored 4243 messages in GdaxBtcUsdMessage in 1.76s
2017-12-06 05:47:43,936 - gdax_msgs - INFO - Stored 4189 messages in GdaxBtcUsdMessage in 1.41s
2017-12-06 05:48:44,706 - gdax_msgs - INFO - Stored 6550 messages in GdaxBtcUsdMessage in 2.16s
2017-12-06 05:49:43,713 - gdax_msgs - INFO - Stored 4140 messages in GdaxBtcUsdMessage in 1.15s
2017-12-06 05:50:44,785 - gdax_msgs - INFO - Stored 4105 messages in GdaxBtcUsdMessage in 2.12s
2017-12-06 05:51:43,685 - gdax_msgs - INFO - Stored 4659 messages in GdaxBtcUsdMessage in 1.01s
2017-12-06 05:52:43,929 - gdax_msgs - INFO - Stored 3157 messages in GdaxBtcUsdMessage in 1.21s
2017-12-06 05:53:44,691 - gdax_msgs - INFO - Stored 4395 messages in GdaxBtcUsdMessage in 1.97s
2017-12-06 05:54:43,542 - gdax_msgs - INFO - Stored 2225 messages in GdaxBtcUsdMessage in 0.76s
2017-12-06 05:55:44,192 - gdax_msgs - INFO - Stored 4009 messages in GdaxBtcUsdMessage in 1.28s
2017-12-06 05:56:43,936 - gdax_msgs - INFO - Stored 5222 messages in GdaxBtcUsdMessage in 1.00s
2017-12-06 05:57:43,526 - gdax_msgs - INFO - Stored 4927 messages in GdaxBtcUsdMessage in 0.52s
2017-12-06 05:58:44,436 - gdax_msgs - INFO - Stored 4979 messages in GdaxBtcUsdMessage in 1.40s
2017-12-06 05:59:43,770 - gdax_msgs - INFO - Stored 2523 messages in GdaxBtcUsdMessage in 0.61s
2017-12-06 06:00:43,939 - gdax_msgs - INFO - Stored 3399 messages in GdaxBtcUsdMessage in 0.77s
2017-12-06 06:01:44,002 - gdax_msgs - INFO - Stored 2848 messages in GdaxBtcUsdMessage in 0.81s
2017-12-06 06:02:44,520 - gdax_msgs - INFO - Stored 3991 messages in GdaxBtcUsdMessage in 1.28s
2017-12-06 06:03:43,927 - gdax_msgs - INFO - Stored 2308 messages in GdaxBtcUsdMessage in 0.68s
2017-12-06 06:04:44,972 - gdax_msgs - INFO - Stored 5282 messages in GdaxBtcUsdMessage in 1.72s
2017-12-06 06:05:44,189 - gdax_msgs - INFO - Stored 4288 messages in GdaxBtcUsdMessage in 0.93s
2017-12-06 06:06:44,300 - gdax_msgs - INFO - Stored 4303 messages in GdaxBtcUsdMessage in 1.03s
2017-12-06 06:07:45,496 - gdax_msgs - INFO - Stored 7568 messages in GdaxBtcUsdMessage in 2.23s
2017-12-06 06:08:45,969 - gdax_msgs - INFO - Stored 10237 messages in GdaxBtcUsdMessage in 2.68s
2017-12-06 06:09:45,666 - gdax_msgs - INFO - Stored 8075 messages in GdaxBtcUsdMessage in 2.36s
2017-12-06 06:10:46,015 - gdax_msgs - INFO - Stored 10494 messages in GdaxBtcUsdMessage in 2.61s
2017-12-06 06:11:44,433 - gdax_msgs - INFO - Stored 2886 messages in GdaxBtcUsdMessage in 0.97s
2017-12-06 06:12:44,015 - gdax_msgs - INFO - Stored 1770 messages in GdaxBtcUsdMessage in 0.36s
2017-12-06 06:13:44,158 - gdax_msgs - INFO - Stored 1930 messages in GdaxBtcUsdMessage in 0.45s
2017-12-06 06:14:44,242 - gdax_msgs - INFO - Stored 1638 messages in GdaxBtcUsdMessage in 0.44s
2017-12-06 06:15:44,688 - gdax_msgs - INFO - Stored 3435 messages in GdaxBtcUsdMessage in 0.78s
2017-12-06 06:16:45,186 - gdax_msgs - INFO - Stored 2789 messages in GdaxBtcUsdMessage in 1.24s
2017-12-06 06:17:45,951 - gdax_msgs - INFO - Stored 7164 messages in GdaxBtcUsdMessage in 1.99s
2017-12-06 06:18:44,691 - gdax_msgs - INFO - Stored 2739 messages in GdaxBtcUsdMessage in 0.71s
2017-12-06 06:19:44,939 - gdax_msgs - INFO - Stored 3286 messages in GdaxBtcUsdMessage in 0.77s
2017-12-06 06:20:44,774 - gdax_msgs - INFO - Stored 1808 messages in GdaxBtcUsdMessage in 0.58s
2017-12-06 06:21:44,932 - gdax_msgs - INFO - Stored 2344 messages in GdaxBtcUsdMessage in 0.72s
2017-12-06 06:22:44,766 - gdax_msgs - INFO - Stored 1907 messages in GdaxBtcUsdMessage in 0.50s
2017-12-06 06:23:44,929 - gdax_msgs - INFO - Stored 1802 messages in GdaxBtcUsdMessage in 0.46s
2017-12-06 06:24:45,704 - gdax_msgs - INFO - Stored 4325 messages in GdaxBtcUsdMessage in 1.20s
2017-12-06 06:25:45,243 - gdax_msgs - INFO - Stored 2693 messages in GdaxBtcUsdMessage in 0.71s
2017-12-06 06:26:45,283 - gdax_msgs - INFO - Stored 2153 messages in GdaxBtcUsdMessage in 0.62s
2017-12-06 06:27:45,219 - gdax_msgs - INFO - Stored 1515 messages in GdaxBtcUsdMessage in 0.55s
2017-12-06 06:28:46,197 - gdax_msgs - INFO - Stored 2945 messages in GdaxBtcUsdMessage in 1.40s
2017-12-06 06:29:45,759 - gdax_msgs - INFO - Stored 2788 messages in GdaxBtcUsdMessage in 0.82s
2017-12-06 06:30:48,200 - gdax_msgs - INFO - Stored 7046 messages in GdaxBtcUsdMessage in 3.24s
2017-12-06 06:31:38,288 - gdax_msgs - INFO - ==============================
2017-12-06 06:31:38,290 - gdax_msgs - INFO - Storing BTC-USD order book
