2017-08-20 07:40:16,029 - core_websocket - INFO - Connecting to url: wss://ws-feed.gdax.com channel: {'type': 'subscribe', 'product_ids': ['ETH-USD']}
2017-08-20 07:40:16,149 - core_websocket - INFO - Turning on heartbeat
2017-08-20 07:40:16,150 - core_websocket - INFO - Listening for messages
2017-08-20 07:40:16,638 - gdax_msgs - INFO - ==============================
2017-08-20 07:40:16,639 - gdax_msgs - INFO - Storing ETH-USD order book
2017-08-20 07:40:18,535 - gdax_msgs - INFO - ==============================
2017-08-20 07:40:46,059 - core_websocket - INFO - Connecting to url: wss://ws-feed.gdax.com channel: {'type': 'subscribe', 'product_ids': ['BTC-USD']}
2017-08-20 07:40:46,129 - core_websocket - INFO - Turning on heartbeat
2017-08-20 07:40:46,129 - core_websocket - INFO - Listening for messages
2017-08-20 07:40:46,175 - gdax_msgs - INFO - ==============================
2017-08-20 07:40:46,175 - gdax_msgs - INFO - Storing BTC-USD order book
2017-08-20 07:40:47,379 - gdax_msgs - INFO - ==============================
2017-08-20 07:41:16,579 - gdax_msgs - INFO - Stored 3183 messages in GdaxEthMessage in 0.53s
2017-08-20 07:41:46,624 - gdax_msgs - INFO - Stored 4508 messages in GdaxBtcMessage in 0.56s
2017-08-20 07:42:16,419 - gdax_msgs - INFO - Stored 3160 messages in GdaxEthMessage in 0.28s
2017-08-20 07:42:46,532 - gdax_msgs - INFO - Stored 2923 messages in GdaxBtcMessage in 0.27s
2017-08-20 07:43:16,594 - gdax_msgs - INFO - Stored 3806 messages in GdaxEthMessage in 0.34s
2017-08-20 07:43:46,546 - gdax_msgs - INFO - Stored 1972 messages in GdaxBtcMessage in 0.21s
2017-08-20 07:44:16,586 - gdax_msgs - INFO - Stored 3509 messages in GdaxEthMessage in 0.33s
2017-08-20 07:44:46,619 - gdax_msgs - INFO - Stored 3051 messages in GdaxBtcMessage in 0.28s
2017-08-20 07:45:16,804 - gdax_msgs - INFO - Stored 5110 messages in GdaxEthMessage in 0.51s
2017-08-20 07:45:46,937 - gdax_msgs - INFO - Stored 3787 messages in GdaxBtcMessage in 0.51s
2017-08-20 07:46:16,641 - gdax_msgs - INFO - Stored 3689 messages in GdaxEthMessage in 0.34s
2017-08-20 07:46:46,810 - gdax_msgs - INFO - Stored 2455 messages in GdaxBtcMessage in 0.23s
2017-08-20 07:47:16,751 - gdax_msgs - INFO - Stored 4253 messages in GdaxEthMessage in 0.37s
2017-08-20 07:47:46,833 - gdax_msgs - INFO - Stored 2247 messages in GdaxBtcMessage in 0.21s
2017-08-20 07:48:16,657 - gdax_msgs - INFO - Stored 2913 messages in GdaxEthMessage in 0.28s
2017-08-20 07:48:47,041 - gdax_msgs - INFO - Stored 3874 messages in GdaxBtcMessage in 0.35s
2017-08-20 07:49:16,700 - gdax_msgs - INFO - Stored 3421 messages in GdaxEthMessage in 0.31s
2017-08-20 07:49:46,952 - gdax_msgs - INFO - Stored 1908 messages in GdaxBtcMessage in 0.25s
2017-08-20 07:50:16,590 - gdax_msgs - INFO - Stored 1612 messages in GdaxEthMessage in 0.17s
2017-08-20 07:50:46,898 - gdax_msgs - INFO - Stored 1407 messages in GdaxBtcMessage in 0.15s
2017-08-20 07:51:16,683 - gdax_msgs - INFO - Stored 1864 messages in GdaxEthMessage in 0.24s
2017-08-20 07:51:46,955 - gdax_msgs - INFO - Stored 2212 messages in GdaxBtcMessage in 0.21s
2017-08-20 07:52:16,752 - gdax_msgs - INFO - Stored 2630 messages in GdaxEthMessage in 0.24s
2017-08-20 07:52:47,215 - gdax_msgs - INFO - Stored 1134 messages in GdaxBtcMessage in 0.17s
2017-08-20 07:53:16,811 - gdax_msgs - INFO - Stored 2694 messages in GdaxEthMessage in 0.26s
2017-08-20 07:53:47,888 - gdax_msgs - INFO - Stored 1357 messages in GdaxBtcMessage in 0.14s
2017-08-20 07:54:16,807 - gdax_msgs - INFO - Stored 2575 messages in GdaxEthMessage in 0.22s
2017-08-20 07:54:48,021 - gdax_msgs - INFO - Stored 1774 messages in GdaxBtcMessage in 0.19s
2017-08-20 07:55:16,878 - gdax_msgs - INFO - Stored 3019 messages in GdaxEthMessage in 0.29s
2017-08-20 07:55:48,101 - gdax_msgs - INFO - Stored 1744 messages in GdaxBtcMessage in 0.17s
2017-08-20 07:56:16,808 - gdax_msgs - INFO - Stored 1865 messages in GdaxEthMessage in 0.18s
2017-08-20 07:56:48,116 - gdax_msgs - INFO - Stored 1167 messages in GdaxBtcMessage in 0.12s
2017-08-20 07:57:16,879 - gdax_msgs - INFO - Stored 1867 messages in GdaxEthMessage in 0.19s
2017-08-20 07:57:48,538 - gdax_msgs - INFO - Stored 6029 messages in GdaxBtcMessage in 0.54s
2017-08-20 07:58:16,922 - gdax_msgs - INFO - Stored 1363 messages in GdaxEthMessage in 0.15s
2017-08-20 07:58:48,683 - gdax_msgs - INFO - Stored 6335 messages in GdaxBtcMessage in 0.68s
2017-08-20 07:59:17,020 - gdax_msgs - INFO - Stored 1407 messages in GdaxEthMessage in 0.14s
2017-08-20 07:59:48,927 - gdax_msgs - INFO - Stored 2616 messages in GdaxBtcMessage in 0.24s
2017-08-20 08:00:17,712 - gdax_msgs - INFO - Stored 2930 messages in GdaxEthMessage in 0.34s
2017-08-20 08:00:48,970 - gdax_msgs - INFO - Stored 1996 messages in GdaxBtcMessage in 0.27s
2017-08-20 08:01:17,671 - gdax_msgs - INFO - Stored 2831 messages in GdaxEthMessage in 0.27s
2017-08-20 08:01:48,963 - gdax_msgs - INFO - Stored 2304 messages in GdaxBtcMessage in 0.21s
2017-08-20 08:02:17,837 - gdax_msgs - INFO - Stored 3408 messages in GdaxEthMessage in 0.36s
2017-08-20 08:02:49,045 - gdax_msgs - INFO - Stored 1750 messages in GdaxBtcMessage in 0.24s
2017-08-20 08:03:18,061 - gdax_msgs - INFO - Stored 4471 messages in GdaxEthMessage in 0.57s
2017-08-20 08:03:49,382 - gdax_msgs - INFO - Stored 2148 messages in GdaxBtcMessage in 0.27s
2017-08-20 08:04:17,793 - gdax_msgs - INFO - Stored 1920 messages in GdaxEthMessage in 0.27s
2017-08-20 08:04:49,545 - gdax_msgs - INFO - Stored 1211 messages in GdaxBtcMessage in 0.13s
2017-08-20 08:05:17,674 - gdax_msgs - INFO - Stored 948 messages in GdaxEthMessage in 0.13s
2017-08-20 08:05:49,636 - gdax_msgs - INFO - Stored 1870 messages in GdaxBtcMessage in 0.18s
2017-08-20 08:06:17,786 - gdax_msgs - INFO - Stored 1583 messages in GdaxEthMessage in 0.23s
2017-08-20 08:06:49,823 - gdax_msgs - INFO - Stored 1950 messages in GdaxBtcMessage in 0.28s
2017-08-20 08:07:18,239 - gdax_msgs - INFO - Stored 4967 messages in GdaxEthMessage in 0.68s
2017-08-20 08:07:50,294 - gdax_msgs - INFO - Stored 2331 messages in GdaxBtcMessage in 0.22s
2017-08-20 08:08:17,845 - gdax_msgs - INFO - Stored 2640 messages in GdaxEthMessage in 0.25s
2017-08-20 08:08:50,315 - gdax_msgs - INFO - Stored 1984 messages in GdaxBtcMessage in 0.19s
2017-08-20 08:09:17,928 - gdax_msgs - INFO - Stored 1744 messages in GdaxEthMessage in 0.25s
2017-08-20 08:09:50,446 - gdax_msgs - INFO - Stored 3396 messages in GdaxBtcMessage in 0.31s
2017-08-20 08:10:18,141 - gdax_msgs - INFO - Stored 2811 messages in GdaxEthMessage in 0.44s
2017-08-20 08:10:50,615 - gdax_msgs - INFO - Stored 2360 messages in GdaxBtcMessage in 0.32s
2017-08-20 08:11:17,941 - gdax_msgs - INFO - Stored 2336 messages in GdaxEthMessage in 0.22s
2017-08-20 08:11:50,585 - gdax_msgs - INFO - Stored 2822 messages in GdaxBtcMessage in 0.27s
2017-08-20 08:12:17,977 - gdax_msgs - INFO - Stored 2079 messages in GdaxEthMessage in 0.20s
2017-08-20 08:12:50,686 - gdax_msgs - INFO - Stored 1968 messages in GdaxBtcMessage in 0.19s
2017-08-20 08:13:18,037 - gdax_msgs - INFO - Stored 2160 messages in GdaxEthMessage in 0.23s
2017-08-20 08:13:51,115 - gdax_msgs - INFO - Stored 4195 messages in GdaxBtcMessage in 0.46s
2017-08-20 08:14:18,295 - gdax_msgs - INFO - Stored 3522 messages in GdaxEthMessage in 0.47s
2017-08-20 08:14:51,146 - gdax_msgs - INFO - Stored 3633 messages in GdaxBtcMessage in 0.36s
2017-08-20 08:15:18,225 - gdax_msgs - INFO - Stored 4287 messages in GdaxEthMessage in 0.40s
2017-08-20 08:15:50,979 - gdax_msgs - INFO - Stored 1766 messages in GdaxBtcMessage in 0.19s
2017-08-20 08:16:18,284 - gdax_msgs - INFO - Stored 2526 messages in GdaxEthMessage in 0.25s
2017-08-20 08:16:51,329 - gdax_msgs - INFO - Stored 3493 messages in GdaxBtcMessage in 0.33s
2017-08-20 08:17:18,295 - gdax_msgs - INFO - Stored 2176 messages in GdaxEthMessage in 0.21s
2017-08-20 08:17:51,465 - gdax_msgs - INFO - Stored 4111 messages in GdaxBtcMessage in 0.45s
2017-08-20 08:18:18,488 - gdax_msgs - INFO - Stored 2236 messages in GdaxEthMessage in 0.21s
2017-08-20 08:18:51,382 - gdax_msgs - INFO - Stored 2587 messages in GdaxBtcMessage in 0.24s
2017-08-20 08:19:18,512 - gdax_msgs - INFO - Stored 2346 messages in GdaxEthMessage in 0.22s
2017-08-20 08:19:51,445 - gdax_msgs - INFO - Stored 1828 messages in GdaxBtcMessage in 0.20s
2017-08-20 08:20:18,768 - gdax_msgs - INFO - Stored 1842 messages in GdaxEthMessage in 0.18s
2017-08-20 08:20:51,503 - gdax_msgs - INFO - Stored 2797 messages in GdaxBtcMessage in 0.26s
2017-08-20 08:21:18,920 - gdax_msgs - INFO - Stored 3424 messages in GdaxEthMessage in 0.32s
2017-08-20 08:21:51,705 - gdax_msgs - INFO - Stored 4957 messages in GdaxBtcMessage in 0.45s
2017-08-20 08:22:19,006 - gdax_msgs - INFO - Stored 3286 messages in GdaxEthMessage in 0.34s
2017-08-20 08:22:51,551 - gdax_msgs - INFO - Stored 2792 messages in GdaxBtcMessage in 0.27s
2017-08-20 08:23:19,335 - gdax_msgs - INFO - Stored 5239 messages in GdaxEthMessage in 0.64s
2017-08-20 08:23:51,588 - gdax_msgs - INFO - Stored 1863 messages in GdaxBtcMessage in 0.29s
2017-08-20 08:24:19,132 - gdax_msgs - INFO - Stored 4261 messages in GdaxEthMessage in 0.40s
2017-08-20 08:24:51,719 - gdax_msgs - INFO - Stored 1459 messages in GdaxBtcMessage in 0.16s
2017-08-20 08:25:19,379 - gdax_msgs - INFO - Stored 4094 messages in GdaxEthMessage in 0.61s
2017-08-20 08:25:51,765 - gdax_msgs - INFO - Stored 1447 messages in GdaxBtcMessage in 0.15s
2017-08-20 08:26:19,441 - gdax_msgs - INFO - Stored 5700 messages in GdaxEthMessage in 0.66s
2017-08-20 08:26:51,918 - gdax_msgs - INFO - Stored 1541 messages in GdaxBtcMessage in 0.15s
2017-08-20 08:27:19,207 - gdax_msgs - INFO - Stored 3609 messages in GdaxEthMessage in 0.35s
2017-08-20 08:27:52,210 - gdax_msgs - INFO - Stored 1439 messages in GdaxBtcMessage in 0.14s
2017-08-20 08:28:19,057 - gdax_msgs - INFO - Stored 2057 messages in GdaxEthMessage in 0.20s
2017-08-20 08:28:52,272 - gdax_msgs - INFO - Stored 1366 messages in GdaxBtcMessage in 0.20s
2017-08-20 08:29:19,025 - gdax_msgs - INFO - Stored 1428 messages in GdaxEthMessage in 0.16s
2017-08-20 08:29:52,272 - gdax_msgs - INFO - Stored 823 messages in GdaxBtcMessage in 0.19s
2017-08-20 08:30:19,157 - gdax_msgs - INFO - Stored 1997 messages in GdaxEthMessage in 0.19s
2017-08-20 08:30:52,250 - gdax_msgs - INFO - Stored 872 messages in GdaxBtcMessage in 0.13s
2017-08-20 08:31:19,551 - gdax_msgs - INFO - Stored 3276 messages in GdaxEthMessage in 0.32s
2017-08-20 08:31:52,256 - gdax_msgs - INFO - Stored 1039 messages in GdaxBtcMessage in 0.11s
2017-08-20 08:32:19,797 - gdax_msgs - INFO - Stored 1591 messages in GdaxEthMessage in 0.25s
2017-08-20 08:32:52,288 - gdax_msgs - INFO - Stored 1324 messages in GdaxBtcMessage in 0.14s
2017-08-20 08:33:20,050 - gdax_msgs - INFO - Stored 4245 messages in GdaxEthMessage in 0.46s
2017-08-20 08:33:52,336 - gdax_msgs - INFO - Stored 1483 messages in GdaxBtcMessage in 0.15s
2017-08-20 08:34:19,925 - gdax_msgs - INFO - Stored 3614 messages in GdaxEthMessage in 0.33s
2017-08-20 08:34:52,478 - gdax_msgs - INFO - Stored 2510 messages in GdaxBtcMessage in 0.23s
2017-08-20 08:35:20,644 - gdax_msgs - INFO - Stored 4379 messages in GdaxEthMessage in 0.59s
2017-08-20 08:35:53,177 - gdax_msgs - INFO - Stored 2473 messages in GdaxBtcMessage in 0.25s
2017-08-20 08:36:20,794 - gdax_msgs - INFO - Stored 3383 messages in GdaxEthMessage in 0.30s
2017-08-20 08:36:53,253 - gdax_msgs - INFO - Stored 2557 messages in GdaxBtcMessage in 0.24s
2017-08-20 08:37:21,168 - gdax_msgs - INFO - Stored 4738 messages in GdaxEthMessage in 0.50s
2017-08-20 08:37:53,344 - gdax_msgs - INFO - Stored 2637 messages in GdaxBtcMessage in 0.25s
2017-08-20 08:38:20,974 - gdax_msgs - INFO - Stored 3235 messages in GdaxEthMessage in 0.30s
2017-08-20 08:38:53,487 - gdax_msgs - INFO - Stored 2913 messages in GdaxBtcMessage in 0.33s
2017-08-20 08:39:21,208 - gdax_msgs - INFO - Stored 3836 messages in GdaxEthMessage in 0.34s
2017-08-20 08:39:53,377 - gdax_msgs - INFO - Stored 2278 messages in GdaxBtcMessage in 0.21s
2017-08-20 08:40:16,643 - gdax_msgs - INFO - ==============================
2017-08-20 08:40:16,643 - gdax_msgs - INFO - Storing ETH-USD order book
2017-08-20 08:40:18,017 - gdax_msgs - INFO - ==============================
2017-08-20 08:40:21,291 - gdax_msgs - INFO - Stored 3883 messages in GdaxEthMessage in 0.42s
2017-08-20 08:40:46,176 - gdax_msgs - INFO - ==============================
2017-08-20 08:40:46,176 - gdax_msgs - INFO - Storing BTC-USD order book
2017-08-20 08:40:47,262 - gdax_msgs - INFO - ==============================
2017-08-20 08:40:53,767 - gdax_msgs - INFO - Stored 2396 messages in GdaxBtcMessage in 0.23s
2017-08-20 08:41:21,666 - gdax_msgs - INFO - Stored 5066 messages in GdaxEthMessage in 0.47s
2017-08-20 08:41:54,078 - gdax_msgs - INFO - Stored 1923 messages in GdaxBtcMessage in 0.24s
2017-08-20 08:42:21,679 - gdax_msgs - INFO - Stored 4584 messages in GdaxEthMessage in 0.44s
2017-08-20 08:42:54,338 - gdax_msgs - INFO - Stored 1923 messages in GdaxBtcMessage in 0.18s
2017-08-20 08:43:21,740 - gdax_msgs - INFO - Stored 4718 messages in GdaxEthMessage in 0.47s
2017-08-20 08:43:54,457 - gdax_msgs - INFO - Stored 1933 messages in GdaxBtcMessage in 0.18s
2017-08-20 08:44:22,262 - gdax_msgs - INFO - Stored 5199 messages in GdaxEthMessage in 0.49s
2017-08-20 08:44:54,876 - gdax_msgs - INFO - Stored 1891 messages in GdaxBtcMessage in 0.20s
2017-08-20 08:45:22,247 - gdax_msgs - INFO - Stored 3983 messages in GdaxEthMessage in 0.45s
2017-08-20 08:45:55,104 - gdax_msgs - INFO - Stored 1920 messages in GdaxBtcMessage in 0.18s
2017-08-20 08:46:22,300 - gdax_msgs - INFO - Stored 4990 messages in GdaxEthMessage in 0.47s
2017-08-20 08:46:55,348 - gdax_msgs - INFO - Stored 2485 messages in GdaxBtcMessage in 0.23s
2017-08-20 08:47:22,311 - gdax_msgs - INFO - Stored 5184 messages in GdaxEthMessage in 0.48s
2017-08-20 08:47:55,596 - gdax_msgs - INFO - Stored 2867 messages in GdaxBtcMessage in 0.26s
2017-08-20 08:48:22,531 - gdax_msgs - INFO - Stored 6285 messages in GdaxEthMessage in 0.70s
2017-08-20 08:48:55,593 - gdax_msgs - INFO - Stored 2663 messages in GdaxBtcMessage in 0.26s
2017-08-20 08:49:22,256 - gdax_msgs - INFO - Stored 4526 messages in GdaxEthMessage in 0.40s
2017-08-20 08:49:55,610 - gdax_msgs - INFO - Stored 2432 messages in GdaxBtcMessage in 0.23s
2017-08-20 08:50:22,432 - gdax_msgs - INFO - Stored 5135 messages in GdaxEthMessage in 0.55s
2017-08-20 08:50:55,900 - gdax_msgs - INFO - Stored 2791 messages in GdaxBtcMessage in 0.33s
2017-08-20 08:51:22,358 - gdax_msgs - INFO - Stored 4161 messages in GdaxEthMessage in 0.41s
2017-08-20 08:51:56,465 - gdax_msgs - INFO - Stored 1639 messages in GdaxBtcMessage in 0.19s
2017-08-20 08:52:22,912 - gdax_msgs - INFO - Stored 5456 messages in GdaxEthMessage in 0.49s
2017-08-20 08:52:56,597 - gdax_msgs - INFO - Stored 1536 messages in GdaxBtcMessage in 0.16s
2017-08-20 08:53:22,644 - gdax_msgs - INFO - Stored 2162 messages in GdaxEthMessage in 0.20s
2017-08-20 08:53:57,826 - gdax_msgs - INFO - Stored 1386 messages in GdaxBtcMessage in 0.20s
2017-08-20 08:54:22,633 - gdax_msgs - INFO - Stored 1515 messages in GdaxEthMessage in 0.15s
2017-08-20 08:54:57,764 - gdax_msgs - INFO - Stored 1041 messages in GdaxBtcMessage in 0.11s
2017-08-20 08:55:22,728 - gdax_msgs - INFO - Stored 2246 messages in GdaxEthMessage in 0.21s
2017-08-20 08:55:58,124 - gdax_msgs - INFO - Stored 1481 messages in GdaxBtcMessage in 0.15s
2017-08-20 08:56:23,004 - gdax_msgs - INFO - Stored 4792 messages in GdaxEthMessage in 0.49s
2017-08-20 08:56:58,728 - gdax_msgs - INFO - Stored 1523 messages in GdaxBtcMessage in 0.15s
2017-08-20 08:57:23,029 - gdax_msgs - INFO - Stored 4664 messages in GdaxEthMessage in 0.49s
2017-08-20 08:57:58,991 - gdax_msgs - INFO - Stored 1639 messages in GdaxBtcMessage in 0.19s
2017-08-20 08:58:22,918 - gdax_msgs - INFO - Stored 4366 messages in GdaxEthMessage in 0.38s
2017-08-20 08:58:59,061 - gdax_msgs - INFO - Stored 2369 messages in GdaxBtcMessage in 0.21s
2017-08-20 08:59:23,127 - gdax_msgs - INFO - Stored 4849 messages in GdaxEthMessage in 0.58s
2017-08-20 08:59:59,551 - gdax_msgs - INFO - Stored 1609 messages in GdaxBtcMessage in 0.16s
2017-08-20 09:00:23,294 - gdax_msgs - INFO - Stored 3625 messages in GdaxEthMessage in 0.35s
2017-08-20 09:00:59,633 - gdax_msgs - INFO - Stored 1727 messages in GdaxBtcMessage in 0.17s
2017-08-20 09:01:23,202 - gdax_msgs - INFO - Stored 1320 messages in GdaxEthMessage in 0.21s
2017-08-20 09:01:59,684 - gdax_msgs - INFO - Stored 1931 messages in GdaxBtcMessage in 0.19s
2017-08-20 09:02:23,350 - gdax_msgs - INFO - Stored 3417 messages in GdaxEthMessage in 0.31s
2017-08-20 09:02:59,712 - gdax_msgs - INFO - Stored 1592 messages in GdaxBtcMessage in 0.18s
2017-08-20 09:03:23,721 - gdax_msgs - INFO - Stored 5331 messages in GdaxEthMessage in 0.47s
2017-08-20 09:03:59,843 - gdax_msgs - INFO - Stored 1789 messages in GdaxBtcMessage in 0.20s
2017-08-20 09:04:23,509 - gdax_msgs - INFO - Stored 2662 messages in GdaxEthMessage in 0.25s
2017-08-20 09:05:00,247 - gdax_msgs - INFO - Stored 2610 messages in GdaxBtcMessage in 0.39s
2017-08-20 09:05:25,019 - gdax_msgs - INFO - Stored 2759 messages in GdaxEthMessage in 0.27s
2017-08-20 09:06:00,188 - gdax_msgs - INFO - Stored 2448 messages in GdaxBtcMessage in 0.32s
2017-08-20 09:06:25,259 - gdax_msgs - INFO - Stored 4191 messages in GdaxEthMessage in 0.45s
2017-08-20 09:07:00,301 - gdax_msgs - INFO - Stored 2131 messages in GdaxBtcMessage in 0.23s
2017-08-20 09:07:25,244 - gdax_msgs - INFO - Stored 4459 messages in GdaxEthMessage in 0.40s
2017-08-20 09:08:00,420 - gdax_msgs - INFO - Stored 1931 messages in GdaxBtcMessage in 0.19s
2017-08-20 09:08:25,316 - gdax_msgs - INFO - Stored 5326 messages in GdaxEthMessage in 0.46s
2017-08-20 09:09:00,790 - gdax_msgs - INFO - Stored 2828 messages in GdaxBtcMessage in 0.35s
2017-08-20 09:09:25,549 - gdax_msgs - INFO - Stored 1685 messages in GdaxEthMessage in 0.16s
2017-08-20 09:10:00,905 - gdax_msgs - INFO - Stored 2986 messages in GdaxBtcMessage in 0.28s
2017-08-20 09:10:25,670 - gdax_msgs - INFO - Stored 2173 messages in GdaxEthMessage in 0.27s
2017-08-20 09:11:02,168 - gdax_msgs - INFO - Stored 3155 messages in GdaxBtcMessage in 0.50s
2017-08-20 09:11:25,789 - gdax_msgs - INFO - Stored 2159 messages in GdaxEthMessage in 0.20s
2017-08-20 09:12:01,971 - gdax_msgs - INFO - Stored 2090 messages in GdaxBtcMessage in 0.24s
2017-08-20 09:12:26,441 - gdax_msgs - INFO - Stored 2165 messages in GdaxEthMessage in 0.23s
2017-08-20 09:13:02,132 - gdax_msgs - INFO - Stored 2467 messages in GdaxBtcMessage in 0.38s
2017-08-20 09:13:26,396 - gdax_msgs - INFO - Stored 1860 messages in GdaxEthMessage in 0.19s
2017-08-20 09:14:02,030 - gdax_msgs - INFO - Stored 2617 messages in GdaxBtcMessage in 0.27s
2017-08-20 09:14:26,458 - gdax_msgs - INFO - Stored 2678 messages in GdaxEthMessage in 0.24s
2017-08-20 09:15:02,108 - gdax_msgs - INFO - Stored 3610 messages in GdaxBtcMessage in 0.35s
2017-08-20 09:15:26,530 - gdax_msgs - INFO - Stored 3313 messages in GdaxEthMessage in 0.30s
2017-08-20 09:16:02,101 - gdax_msgs - INFO - Stored 3056 messages in GdaxBtcMessage in 0.33s
2017-08-20 09:16:26,518 - gdax_msgs - INFO - Stored 2457 messages in GdaxEthMessage in 0.25s
2017-08-20 09:17:02,584 - gdax_msgs - INFO - Stored 4218 messages in GdaxBtcMessage in 0.39s
2017-08-20 09:17:26,740 - gdax_msgs - INFO - Stored 4495 messages in GdaxEthMessage in 0.46s
2017-08-20 09:18:02,913 - gdax_msgs - INFO - Stored 5879 messages in GdaxBtcMessage in 0.55s
2017-08-20 09:18:26,727 - gdax_msgs - INFO - Stored 4633 messages in GdaxEthMessage in 0.43s
2017-08-20 09:19:02,940 - gdax_msgs - INFO - Stored 4817 messages in GdaxBtcMessage in 0.57s
2017-08-20 09:19:26,659 - gdax_msgs - INFO - Stored 3941 messages in GdaxEthMessage in 0.36s
2017-08-20 09:20:03,062 - gdax_msgs - INFO - Stored 5946 messages in GdaxBtcMessage in 0.68s
2017-08-20 09:20:26,703 - gdax_msgs - INFO - Stored 3931 messages in GdaxEthMessage in 0.36s
2017-08-20 09:21:02,782 - gdax_msgs - INFO - Stored 2885 messages in GdaxBtcMessage in 0.27s
2017-08-20 09:21:26,845 - gdax_msgs - INFO - Stored 5204 messages in GdaxEthMessage in 0.46s
2017-08-20 09:22:03,172 - gdax_msgs - INFO - Stored 3535 messages in GdaxBtcMessage in 0.34s
2017-08-20 09:22:27,044 - gdax_msgs - INFO - Stored 5637 messages in GdaxEthMessage in 0.51s
2017-08-20 09:23:03,336 - gdax_msgs - INFO - Stored 4080 messages in GdaxBtcMessage in 0.50s
2017-08-20 09:23:27,183 - gdax_msgs - INFO - Stored 5831 messages in GdaxEthMessage in 0.53s
2017-08-20 09:24:03,253 - gdax_msgs - INFO - Stored 3808 messages in GdaxBtcMessage in 0.40s
2017-08-20 09:24:27,317 - gdax_msgs - INFO - Stored 5791 messages in GdaxEthMessage in 0.66s
2017-08-20 09:25:03,333 - gdax_msgs - INFO - Stored 4226 messages in GdaxBtcMessage in 0.46s
2017-08-20 09:25:27,113 - gdax_msgs - INFO - Stored 5122 messages in GdaxEthMessage in 0.46s
2017-08-20 09:26:03,335 - gdax_msgs - INFO - Stored 3652 messages in GdaxBtcMessage in 0.45s
2017-08-20 09:26:27,018 - gdax_msgs - INFO - Stored 3732 messages in GdaxEthMessage in 0.34s
2017-08-20 09:27:03,424 - gdax_msgs - INFO - Stored 4493 messages in GdaxBtcMessage in 0.42s
2017-08-20 09:27:27,313 - gdax_msgs - INFO - Stored 4745 messages in GdaxEthMessage in 0.54s
2017-08-20 09:28:03,357 - gdax_msgs - INFO - Stored 3817 messages in GdaxBtcMessage in 0.35s
2017-08-20 09:28:27,223 - gdax_msgs - INFO - Stored 4926 messages in GdaxEthMessage in 0.44s
2017-08-20 09:29:03,403 - gdax_msgs - INFO - Stored 3859 messages in GdaxBtcMessage in 0.35s
2017-08-20 09:29:27,218 - gdax_msgs - INFO - Stored 4308 messages in GdaxEthMessage in 0.40s
2017-08-20 09:30:03,355 - gdax_msgs - INFO - Stored 2209 messages in GdaxBtcMessage in 0.22s
2017-08-20 09:30:27,151 - gdax_msgs - INFO - Stored 3169 messages in GdaxEthMessage in 0.28s
2017-08-20 09:31:03,551 - gdax_msgs - INFO - Stored 4019 messages in GdaxBtcMessage in 0.36s
2017-08-20 09:31:27,280 - gdax_msgs - INFO - Stored 4174 messages in GdaxEthMessage in 0.40s
2017-08-20 09:32:03,823 - gdax_msgs - INFO - Stored 6611 messages in GdaxBtcMessage in 0.60s
2017-08-20 09:32:27,288 - gdax_msgs - INFO - Stored 4498 messages in GdaxEthMessage in 0.41s
2017-08-20 09:33:03,935 - gdax_msgs - INFO - Stored 7163 messages in GdaxBtcMessage in 0.71s
2017-08-20 09:33:27,369 - gdax_msgs - INFO - Stored 3708 messages in GdaxEthMessage in 0.34s
2017-08-20 09:34:03,767 - gdax_msgs - INFO - Stored 6002 messages in GdaxBtcMessage in 0.54s
2017-08-20 09:34:27,498 - gdax_msgs - INFO - Stored 5120 messages in GdaxEthMessage in 0.47s
2017-08-20 09:35:03,802 - gdax_msgs - INFO - Stored 5386 messages in GdaxBtcMessage in 0.56s
2017-08-20 09:35:27,513 - gdax_msgs - INFO - Stored 5024 messages in GdaxEthMessage in 0.48s
2017-08-20 09:36:03,727 - gdax_msgs - INFO - Stored 5238 messages in GdaxBtcMessage in 0.48s
2017-08-20 09:36:27,519 - gdax_msgs - INFO - Stored 5263 messages in GdaxEthMessage in 0.47s
2017-08-20 09:37:03,669 - gdax_msgs - INFO - Stored 4526 messages in GdaxBtcMessage in 0.42s
2017-08-20 09:37:27,629 - gdax_msgs - INFO - Stored 4887 messages in GdaxEthMessage in 0.56s
2017-08-20 09:38:03,812 - gdax_msgs - INFO - Stored 4963 messages in GdaxBtcMessage in 0.56s
2017-08-20 09:38:27,573 - gdax_msgs - INFO - Stored 4334 messages in GdaxEthMessage in 0.38s
2017-08-20 09:39:03,705 - gdax_msgs - INFO - Stored 4473 messages in GdaxBtcMessage in 0.44s
2017-08-20 09:39:27,606 - gdax_msgs - INFO - Stored 4316 messages in GdaxEthMessage in 0.41s
2017-08-20 09:40:03,662 - gdax_msgs - INFO - Stored 3113 messages in GdaxBtcMessage in 0.29s
2017-08-20 09:40:16,673 - gdax_msgs - INFO - ==============================
2017-08-20 09:40:16,674 - gdax_msgs - INFO - Storing ETH-USD order book
2017-08-20 09:40:18,030 - gdax_msgs - INFO - ==============================
2017-08-20 09:40:27,902 - gdax_msgs - INFO - Stored 4329 messages in GdaxEthMessage in 0.56s
2017-08-20 09:40:46,179 - gdax_msgs - INFO - ==============================
2017-08-20 09:40:46,180 - gdax_msgs - INFO - Storing BTC-USD order book
2017-08-20 09:40:47,298 - gdax_msgs - INFO - ==============================
2017-08-20 09:41:03,843 - gdax_msgs - INFO - Stored 3228 messages in GdaxBtcMessage in 0.30s
2017-08-20 09:41:27,558 - gdax_msgs - INFO - Stored 2124 messages in GdaxEthMessage in 0.20s
2017-08-20 09:42:03,903 - gdax_msgs - INFO - Stored 3055 messages in GdaxBtcMessage in 0.27s
2017-08-20 09:42:27,666 - gdax_msgs - INFO - Stored 3170 messages in GdaxEthMessage in 0.30s
2017-08-20 09:43:03,944 - gdax_msgs - INFO - Stored 3457 messages in GdaxBtcMessage in 0.31s
2017-08-20 09:43:27,895 - gdax_msgs - INFO - Stored 5290 messages in GdaxEthMessage in 0.50s
2017-08-20 09:44:04,007 - gdax_msgs - INFO - Stored 3086 messages in GdaxBtcMessage in 0.36s
2017-08-20 09:44:28,103 - gdax_msgs - INFO - Stored 3988 messages in GdaxEthMessage in 0.44s
2017-08-20 09:45:04,044 - gdax_msgs - INFO - Stored 2621 messages in GdaxBtcMessage in 0.27s
2017-08-20 09:45:28,192 - gdax_msgs - INFO - Stored 4381 messages in GdaxEthMessage in 0.42s
2017-08-20 09:46:04,319 - gdax_msgs - INFO - Stored 3164 messages in GdaxBtcMessage in 0.44s
2017-08-20 09:46:28,229 - gdax_msgs - INFO - Stored 4538 messages in GdaxEthMessage in 0.40s
2017-08-20 09:47:04,553 - gdax_msgs - INFO - Stored 2497 messages in GdaxBtcMessage in 0.24s
2017-08-20 09:47:28,336 - gdax_msgs - INFO - Stored 4568 messages in GdaxEthMessage in 0.40s
2017-08-20 09:48:04,564 - gdax_msgs - INFO - Stored 2668 messages in GdaxBtcMessage in 0.25s
2017-08-20 09:48:28,340 - gdax_msgs - INFO - Stored 4149 messages in GdaxEthMessage in 0.39s
2017-08-20 09:49:04,629 - gdax_msgs - INFO - Stored 2519 messages in GdaxBtcMessage in 0.26s
2017-08-20 09:49:28,311 - gdax_msgs - INFO - Stored 3768 messages in GdaxEthMessage in 0.34s
2017-08-20 09:50:04,635 - gdax_msgs - INFO - Stored 2405 messages in GdaxBtcMessage in 0.26s
2017-08-20 09:50:28,374 - gdax_msgs - INFO - Stored 3487 messages in GdaxEthMessage in 0.31s
2017-08-20 09:51:04,842 - gdax_msgs - INFO - Stored 2575 messages in GdaxBtcMessage in 0.24s
2017-08-20 09:51:28,964 - gdax_msgs - INFO - Stored 3949 messages in GdaxEthMessage in 0.43s
2017-08-20 09:52:05,100 - gdax_msgs - INFO - Stored 3191 messages in GdaxBtcMessage in 0.32s
2017-08-20 09:52:29,013 - gdax_msgs - INFO - Stored 4946 messages in GdaxEthMessage in 0.46s
2017-08-20 09:53:05,161 - gdax_msgs - INFO - Stored 3603 messages in GdaxBtcMessage in 0.33s
2017-08-20 09:53:28,892 - gdax_msgs - INFO - Stored 3705 messages in GdaxEthMessage in 0.33s
2017-08-20 09:54:05,396 - gdax_msgs - INFO - Stored 5288 messages in GdaxBtcMessage in 0.55s
2017-08-20 09:54:29,137 - gdax_msgs - INFO - Stored 3310 messages in GdaxEthMessage in 0.42s
2017-08-20 09:55:05,434 - gdax_msgs - INFO - Stored 5767 messages in GdaxBtcMessage in 0.54s
2017-08-20 09:55:28,999 - gdax_msgs - INFO - Stored 2956 messages in GdaxEthMessage in 0.28s
2017-08-20 09:56:05,575 - gdax_msgs - INFO - Stored 6846 messages in GdaxBtcMessage in 0.65s
2017-08-20 09:56:29,363 - gdax_msgs - INFO - Stored 3589 messages in GdaxEthMessage in 0.41s
2017-08-20 09:57:05,673 - gdax_msgs - INFO - Stored 6198 messages in GdaxBtcMessage in 0.74s
2017-08-20 09:57:29,359 - gdax_msgs - INFO - Stored 3683 messages in GdaxEthMessage in 0.35s
2017-08-20 09:58:05,213 - gdax_msgs - INFO - Stored 2957 messages in GdaxBtcMessage in 0.28s
2017-08-20 09:58:29,630 - gdax_msgs - INFO - Stored 4087 messages in GdaxEthMessage in 0.37s
2017-08-20 09:59:05,416 - gdax_msgs - INFO - Stored 2703 messages in GdaxBtcMessage in 0.35s
2017-08-20 09:59:29,673 - gdax_msgs - INFO - Stored 2620 messages in GdaxEthMessage in 0.38s
2017-08-20 10:00:05,367 - gdax_msgs - INFO - Stored 2822 messages in GdaxBtcMessage in 0.29s
2017-08-20 10:00:29,535 - gdax_msgs - INFO - Stored 2275 messages in GdaxEthMessage in 0.22s
2017-08-20 10:01:05,490 - gdax_msgs - INFO - Stored 2836 messages in GdaxBtcMessage in 0.39s
2017-08-20 10:01:29,576 - gdax_msgs - INFO - Stored 2684 messages in GdaxEthMessage in 0.25s
2017-08-20 10:02:05,618 - gdax_msgs - INFO - Stored 3095 messages in GdaxBtcMessage in 0.30s
2017-08-20 10:02:29,647 - gdax_msgs - INFO - Stored 3457 messages in GdaxEthMessage in 0.32s
2017-08-20 10:03:05,676 - gdax_msgs - INFO - Stored 3266 messages in GdaxBtcMessage in 0.31s
2017-08-20 10:03:29,690 - gdax_msgs - INFO - Stored 3783 messages in GdaxEthMessage in 0.36s
2017-08-20 10:04:05,764 - gdax_msgs - INFO - Stored 3082 messages in GdaxBtcMessage in 0.29s
2017-08-20 10:04:29,719 - gdax_msgs - INFO - Stored 3660 messages in GdaxEthMessage in 0.36s
2017-08-20 10:05:05,865 - gdax_msgs - INFO - Stored 3166 messages in GdaxBtcMessage in 0.37s
2017-08-20 10:05:29,836 - gdax_msgs - INFO - Stored 5038 messages in GdaxEthMessage in 0.47s
2017-08-20 10:06:06,011 - gdax_msgs - INFO - Stored 3464 messages in GdaxBtcMessage in 0.34s
2017-08-20 10:06:29,874 - gdax_msgs - INFO - Stored 5431 messages in GdaxEthMessage in 0.49s
2017-08-20 10:07:06,068 - gdax_msgs - INFO - Stored 3517 messages in GdaxBtcMessage in 0.33s
2017-08-20 10:07:29,990 - gdax_msgs - INFO - Stored 5553 messages in GdaxEthMessage in 0.58s
2017-08-20 10:08:06,118 - gdax_msgs - INFO - Stored 3427 messages in GdaxBtcMessage in 0.36s
2017-08-20 10:08:29,835 - gdax_msgs - INFO - Stored 4505 messages in GdaxEthMessage in 0.42s
2017-08-20 10:09:06,183 - gdax_msgs - INFO - Stored 3561 messages in GdaxBtcMessage in 0.41s
2017-08-20 10:09:29,861 - gdax_msgs - INFO - Stored 4495 messages in GdaxEthMessage in 0.42s
2017-08-20 10:10:06,052 - gdax_msgs - INFO - Stored 2612 messages in GdaxBtcMessage in 0.28s
2017-08-20 10:10:30,325 - gdax_msgs - INFO - Stored 6412 messages in GdaxEthMessage in 0.88s
2017-08-20 10:11:06,073 - gdax_msgs - INFO - Stored 1993 messages in GdaxBtcMessage in 0.22s
2017-08-20 10:11:29,922 - gdax_msgs - INFO - Stored 4606 messages in GdaxEthMessage in 0.48s
2017-08-20 10:12:06,213 - gdax_msgs - INFO - Stored 2522 messages in GdaxBtcMessage in 0.23s
2017-08-20 10:12:29,841 - gdax_msgs - INFO - Stored 2503 messages in GdaxEthMessage in 0.25s
2017-08-20 10:13:06,282 - gdax_msgs - INFO - Stored 2292 messages in GdaxBtcMessage in 0.21s
2017-08-20 10:13:29,973 - gdax_msgs - INFO - Stored 2085 messages in GdaxEthMessage in 0.27s
2017-08-20 10:14:06,303 - gdax_msgs - INFO - Stored 2166 messages in GdaxBtcMessage in 0.20s
2017-08-20 10:14:30,170 - gdax_msgs - INFO - Stored 1645 messages in GdaxEthMessage in 0.17s
2017-08-20 10:15:06,338 - gdax_msgs - INFO - Stored 2395 messages in GdaxBtcMessage in 0.24s
2017-08-20 10:15:30,239 - gdax_msgs - INFO - Stored 2074 messages in GdaxEthMessage in 0.23s
2017-08-20 10:16:06,617 - gdax_msgs - INFO - Stored 4781 messages in GdaxBtcMessage in 0.48s
2017-08-20 10:16:30,358 - gdax_msgs - INFO - Stored 2426 messages in GdaxEthMessage in 0.23s
2017-08-20 10:17:06,954 - gdax_msgs - INFO - Stored 5898 messages in GdaxBtcMessage in 0.64s
2017-08-20 10:17:30,635 - gdax_msgs - INFO - Stored 2440 messages in GdaxEthMessage in 0.32s
2017-08-20 10:18:06,676 - gdax_msgs - INFO - Stored 2333 messages in GdaxBtcMessage in 0.24s
2017-08-20 10:18:30,682 - gdax_msgs - INFO - Stored 3133 messages in GdaxEthMessage in 0.30s
2017-08-20 10:19:06,709 - gdax_msgs - INFO - Stored 2388 messages in GdaxBtcMessage in 0.22s
2017-08-20 10:19:30,866 - gdax_msgs - INFO - Stored 2128 messages in GdaxEthMessage in 0.20s
2017-08-20 10:20:06,839 - gdax_msgs - INFO - Stored 2742 messages in GdaxBtcMessage in 0.27s
2017-08-20 10:20:30,961 - gdax_msgs - INFO - Stored 2543 messages in GdaxEthMessage in 0.24s
2017-08-20 10:21:07,062 - gdax_msgs - INFO - Stored 3055 messages in GdaxBtcMessage in 0.30s
2017-08-20 10:21:31,242 - gdax_msgs - INFO - Stored 3156 messages in GdaxEthMessage in 0.43s
2017-08-20 10:22:07,244 - gdax_msgs - INFO - Stored 2634 messages in GdaxBtcMessage in 0.26s
2017-08-20 10:22:31,061 - gdax_msgs - INFO - Stored 2227 messages in GdaxEthMessage in 0.22s
2017-08-20 10:23:07,400 - gdax_msgs - INFO - Stored 2338 messages in GdaxBtcMessage in 0.36s
2017-08-20 10:23:31,023 - gdax_msgs - INFO - Stored 1681 messages in GdaxEthMessage in 0.16s
2017-08-20 10:24:07,381 - gdax_msgs - INFO - Stored 2542 messages in GdaxBtcMessage in 0.30s
2017-08-20 10:24:31,249 - gdax_msgs - INFO - Stored 3992 messages in GdaxEthMessage in 0.37s
2017-08-20 10:25:07,982 - gdax_msgs - INFO - Stored 2806 messages in GdaxBtcMessage in 0.34s
2017-08-20 10:25:31,447 - gdax_msgs - INFO - Stored 4467 messages in GdaxEthMessage in 0.40s
2017-08-20 10:26:07,995 - gdax_msgs - INFO - Stored 2432 messages in GdaxBtcMessage in 0.23s
2017-08-20 10:26:31,248 - gdax_msgs - INFO - Stored 2018 messages in GdaxEthMessage in 0.20s
2017-08-20 10:27:08,037 - gdax_msgs - INFO - Stored 2077 messages in GdaxBtcMessage in 0.26s
2017-08-20 10:27:31,362 - gdax_msgs - INFO - Stored 1714 messages in GdaxEthMessage in 0.20s
2017-08-20 10:28:07,979 - gdax_msgs - INFO - Stored 2030 messages in GdaxBtcMessage in 0.20s
2017-08-20 10:28:31,424 - gdax_msgs - INFO - Stored 1635 messages in GdaxEthMessage in 0.19s
2017-08-20 10:29:08,031 - gdax_msgs - INFO - Stored 2185 messages in GdaxBtcMessage in 0.21s
2017-08-20 10:29:31,396 - gdax_msgs - INFO - Stored 1503 messages in GdaxEthMessage in 0.15s
2017-08-20 10:30:08,132 - gdax_msgs - INFO - Stored 2286 messages in GdaxBtcMessage in 0.31s
2017-08-20 10:30:31,538 - gdax_msgs - INFO - Stored 1639 messages in GdaxEthMessage in 0.17s
2017-08-20 10:31:09,008 - gdax_msgs - INFO - Stored 4724 messages in GdaxBtcMessage in 0.47s
2017-08-20 10:31:31,638 - gdax_msgs - INFO - Stored 1575 messages in GdaxEthMessage in 0.16s
2017-08-20 10:32:09,051 - gdax_msgs - INFO - Stored 4338 messages in GdaxBtcMessage in 0.50s
2017-08-20 10:32:31,748 - gdax_msgs - INFO - Stored 1722 messages in GdaxEthMessage in 0.22s
2017-08-20 10:33:09,039 - gdax_msgs - INFO - Stored 2751 messages in GdaxBtcMessage in 0.29s
2017-08-20 10:33:31,827 - gdax_msgs - INFO - Stored 1722 messages in GdaxEthMessage in 0.23s
2017-08-20 10:34:09,630 - gdax_msgs - INFO - Stored 5463 messages in GdaxBtcMessage in 0.79s
2017-08-20 10:34:31,802 - gdax_msgs - INFO - Stored 1640 messages in GdaxEthMessage in 0.16s
2017-08-20 10:35:10,157 - gdax_msgs - INFO - Stored 6370 messages in GdaxBtcMessage in 1.32s
2017-08-20 10:35:31,885 - gdax_msgs - INFO - Stored 1293 messages in GdaxEthMessage in 0.24s
2017-08-20 10:36:10,066 - gdax_msgs - INFO - Stored 3451 messages in GdaxBtcMessage in 0.50s
2017-08-20 10:36:31,939 - gdax_msgs - INFO - Stored 1741 messages in GdaxEthMessage in 0.27s
2017-08-20 10:37:09,784 - gdax_msgs - INFO - Stored 2165 messages in GdaxBtcMessage in 0.21s
2017-08-20 10:37:31,792 - gdax_msgs - INFO - Stored 1129 messages in GdaxEthMessage in 0.12s
2017-08-20 10:38:10,020 - gdax_msgs - INFO - Stored 2108 messages in GdaxBtcMessage in 0.28s
2017-08-20 10:38:32,092 - gdax_msgs - INFO - Stored 1815 messages in GdaxEthMessage in 0.17s
2017-08-20 10:39:10,091 - gdax_msgs - INFO - Stored 2080 messages in GdaxBtcMessage in 0.26s
2017-08-20 10:39:32,172 - gdax_msgs - INFO - Stored 1392 messages in GdaxEthMessage in 0.15s
2017-08-20 10:40:10,137 - gdax_msgs - INFO - Stored 2304 messages in GdaxBtcMessage in 0.23s
2017-08-20 10:40:16,684 - gdax_msgs - INFO - ==============================
2017-08-20 10:40:16,685 - gdax_msgs - INFO - Storing ETH-USD order book
2017-08-20 10:40:19,402 - gdax_msgs - INFO - ==============================
2017-08-20 10:40:32,367 - gdax_msgs - INFO - Stored 2569 messages in GdaxEthMessage in 0.34s
2017-08-20 10:40:46,222 - gdax_msgs - INFO - ==============================
2017-08-20 10:40:46,222 - gdax_msgs - INFO - Storing BTC-USD order book
2017-08-20 10:40:47,515 - gdax_msgs - INFO - ==============================
2017-08-20 10:41:10,681 - gdax_msgs - INFO - Stored 2308 messages in GdaxBtcMessage in 0.29s
2017-08-20 10:41:32,550 - gdax_msgs - INFO - Stored 3315 messages in GdaxEthMessage in 0.42s
2017-08-20 10:42:10,634 - gdax_msgs - INFO - Stored 2509 messages in GdaxBtcMessage in 0.24s
2017-08-20 10:42:32,453 - gdax_msgs - INFO - Stored 3218 messages in GdaxEthMessage in 0.29s
2017-08-20 10:43:10,849 - gdax_msgs - INFO - Stored 2498 messages in GdaxBtcMessage in 0.26s
2017-08-20 10:43:32,474 - gdax_msgs - INFO - Stored 3181 messages in GdaxEthMessage in 0.28s
2017-08-20 10:44:10,815 - gdax_msgs - INFO - Stored 2187 messages in GdaxBtcMessage in 0.20s
2017-08-20 10:44:32,464 - gdax_msgs - INFO - Stored 2685 messages in GdaxEthMessage in 0.27s
2017-08-20 10:45:11,056 - gdax_msgs - INFO - Stored 1622 messages in GdaxBtcMessage in 0.16s
2017-08-20 10:45:32,766 - gdax_msgs - INFO - Stored 2974 messages in GdaxEthMessage in 0.50s
2017-08-20 10:46:11,186 - gdax_msgs - INFO - Stored 2078 messages in GdaxBtcMessage in 0.28s
2017-08-20 10:46:32,507 - gdax_msgs - INFO - Stored 2443 messages in GdaxEthMessage in 0.23s
2017-08-20 10:47:11,321 - gdax_msgs - INFO - Stored 2605 messages in GdaxBtcMessage in 0.33s
2017-08-20 10:47:32,676 - gdax_msgs - INFO - Stored 3980 messages in GdaxEthMessage in 0.39s
2017-08-20 10:48:11,191 - gdax_msgs - INFO - Stored 1954 messages in GdaxBtcMessage in 0.18s
2017-08-20 10:48:32,615 - gdax_msgs - INFO - Stored 3622 messages in GdaxEthMessage in 0.33s
2017-08-20 10:49:11,363 - gdax_msgs - INFO - Stored 3866 messages in GdaxBtcMessage in 0.35s
2017-08-20 10:49:32,654 - gdax_msgs - INFO - Stored 3782 messages in GdaxEthMessage in 0.35s
2017-08-20 10:50:11,326 - gdax_msgs - INFO - Stored 2673 messages in GdaxBtcMessage in 0.25s
2017-08-20 10:50:32,596 - gdax_msgs - INFO - Stored 2757 messages in GdaxEthMessage in 0.26s
2017-08-20 10:51:11,340 - gdax_msgs - INFO - Stored 2396 messages in GdaxBtcMessage in 0.26s
2017-08-20 10:51:32,799 - gdax_msgs - INFO - Stored 1649 messages in GdaxEthMessage in 0.22s
2017-08-20 10:52:11,620 - gdax_msgs - INFO - Stored 3182 messages in GdaxBtcMessage in 0.41s
2017-08-20 10:52:33,161 - gdax_msgs - INFO - Stored 3435 messages in GdaxEthMessage in 0.40s
2017-08-20 10:53:11,522 - gdax_msgs - INFO - Stored 2674 messages in GdaxBtcMessage in 0.24s
2017-08-20 10:53:33,139 - gdax_msgs - INFO - Stored 3194 messages in GdaxEthMessage in 0.30s
2017-08-20 10:54:11,793 - gdax_msgs - INFO - Stored 2802 messages in GdaxBtcMessage in 0.25s
2017-08-20 10:54:33,266 - gdax_msgs - INFO - Stored 4486 messages in GdaxEthMessage in 0.42s
2017-08-20 10:55:12,014 - gdax_msgs - INFO - Stored 2843 messages in GdaxBtcMessage in 0.26s
2017-08-20 10:55:33,410 - gdax_msgs - INFO - Stored 6080 messages in GdaxEthMessage in 0.55s
2017-08-20 10:56:12,201 - gdax_msgs - INFO - Stored 3966 messages in GdaxBtcMessage in 0.41s
2017-08-20 10:56:33,524 - gdax_msgs - INFO - Stored 5323 messages in GdaxEthMessage in 0.64s
2017-08-20 10:57:12,110 - gdax_msgs - INFO - Stored 2338 messages in GdaxBtcMessage in 0.30s
2017-08-20 10:57:33,332 - gdax_msgs - INFO - Stored 4187 messages in GdaxEthMessage in 0.45s
2017-08-20 10:58:12,193 - gdax_msgs - INFO - Stored 2572 messages in GdaxBtcMessage in 0.35s
2017-08-20 10:58:33,440 - gdax_msgs - INFO - Stored 4435 messages in GdaxEthMessage in 0.48s
2017-08-20 10:59:12,097 - gdax_msgs - INFO - Stored 2682 messages in GdaxBtcMessage in 0.25s
2017-08-20 10:59:33,126 - gdax_msgs - INFO - Stored 1687 messages in GdaxEthMessage in 0.16s
2017-08-20 11:00:12,004 - gdax_msgs - INFO - Stored 1506 messages in GdaxBtcMessage in 0.15s
2017-08-20 11:00:33,649 - gdax_msgs - INFO - Stored 2266 messages in GdaxEthMessage in 0.21s
2017-08-20 11:01:12,032 - gdax_msgs - INFO - Stored 1420 messages in GdaxBtcMessage in 0.14s
2017-08-20 11:01:34,259 - gdax_msgs - INFO - Stored 1583 messages in GdaxEthMessage in 0.16s
2017-08-20 11:02:12,184 - gdax_msgs - INFO - Stored 3002 messages in GdaxBtcMessage in 0.27s
2017-08-20 11:02:34,327 - gdax_msgs - INFO - Stored 1270 messages in GdaxEthMessage in 0.15s
2017-08-20 11:03:12,329 - gdax_msgs - INFO - Stored 2480 messages in GdaxBtcMessage in 0.28s
2017-08-20 11:03:34,440 - gdax_msgs - INFO - Stored 1847 messages in GdaxEthMessage in 0.26s
2017-08-20 11:04:12,422 - gdax_msgs - INFO - Stored 4136 messages in GdaxBtcMessage in 0.36s
2017-08-20 11:04:34,410 - gdax_msgs - INFO - Stored 1889 messages in GdaxEthMessage in 0.18s
2017-08-20 11:05:12,493 - gdax_msgs - INFO - Stored 3332 messages in GdaxBtcMessage in 0.39s
2017-08-20 11:05:34,489 - gdax_msgs - INFO - Stored 2337 messages in GdaxEthMessage in 0.22s
2017-08-20 11:06:12,872 - gdax_msgs - INFO - Stored 4503 messages in GdaxBtcMessage in 0.42s
2017-08-20 11:06:34,478 - gdax_msgs - INFO - Stored 2102 messages in GdaxEthMessage in 0.21s
2017-08-20 11:07:12,974 - gdax_msgs - INFO - Stored 4125 messages in GdaxBtcMessage in 0.38s
2017-08-20 11:07:34,515 - gdax_msgs - INFO - Stored 2442 messages in GdaxEthMessage in 0.23s
2017-08-20 11:08:12,959 - gdax_msgs - INFO - Stored 3007 messages in GdaxBtcMessage in 0.36s
2017-08-20 11:08:35,034 - gdax_msgs - INFO - Stored 1703 messages in GdaxEthMessage in 0.17s
2017-08-20 11:09:12,980 - gdax_msgs - INFO - Stored 3140 messages in GdaxBtcMessage in 0.37s
2017-08-20 11:09:35,058 - gdax_msgs - INFO - Stored 1578 messages in GdaxEthMessage in 0.16s
2017-08-20 11:10:13,002 - gdax_msgs - INFO - Stored 1387 messages in GdaxBtcMessage in 0.16s
2017-08-20 11:10:40,976 - gdax_msgs - INFO - Stored 703 messages in GdaxEthMessage in 0.42s
2017-08-20 11:11:13,052 - gdax_msgs - INFO - Stored 1271 messages in GdaxBtcMessage in 0.14s
2017-08-20 11:11:40,796 - gdax_msgs - INFO - Stored 1153 messages in GdaxEthMessage in 0.12s
2017-08-20 11:12:13,267 - gdax_msgs - INFO - Stored 2628 messages in GdaxBtcMessage in 0.25s
2017-08-20 11:12:40,946 - gdax_msgs - INFO - Stored 831 messages in GdaxEthMessage in 0.12s
2017-08-20 11:13:13,323 - gdax_msgs - INFO - Stored 3313 messages in GdaxBtcMessage in 0.30s
2017-08-20 11:13:41,008 - gdax_msgs - INFO - Stored 1099 messages in GdaxEthMessage in 0.18s
2017-08-20 11:14:13,317 - gdax_msgs - INFO - Stored 3009 messages in GdaxBtcMessage in 0.29s
2017-08-20 11:14:41,419 - gdax_msgs - INFO - Stored 2960 messages in GdaxEthMessage in 0.31s
2017-08-20 11:15:13,536 - gdax_msgs - INFO - Stored 5103 messages in GdaxBtcMessage in 0.47s
2017-08-20 11:15:41,887 - gdax_msgs - INFO - Stored 5817 messages in GdaxEthMessage in 0.78s
2017-08-20 11:16:13,723 - gdax_msgs - INFO - Stored 6857 messages in GdaxBtcMessage in 0.64s
2017-08-20 11:16:41,528 - gdax_msgs - INFO - Stored 3100 messages in GdaxEthMessage in 0.38s
2017-08-20 11:17:13,552 - gdax_msgs - INFO - Stored 3240 messages in GdaxBtcMessage in 0.30s
2017-08-20 11:17:41,635 - gdax_msgs - INFO - Stored 4314 messages in GdaxEthMessage in 0.39s
2017-08-20 11:18:13,409 - gdax_msgs - INFO - Stored 1450 messages in GdaxBtcMessage in 0.15s
2017-08-20 11:18:41,676 - gdax_msgs - INFO - Stored 3594 messages in GdaxEthMessage in 0.42s
2017-08-20 11:19:13,448 - gdax_msgs - INFO - Stored 1437 messages in GdaxBtcMessage in 0.15s
2017-08-20 11:19:41,532 - gdax_msgs - INFO - Stored 2489 messages in GdaxEthMessage in 0.24s
2017-08-20 11:20:14,091 - gdax_msgs - INFO - Stored 1585 messages in GdaxBtcMessage in 0.16s
2017-08-20 11:20:41,606 - gdax_msgs - INFO - Stored 3066 messages in GdaxEthMessage in 0.28s
2017-08-20 11:21:14,240 - gdax_msgs - INFO - Stored 3262 messages in GdaxBtcMessage in 0.29s
2017-08-20 11:21:41,604 - gdax_msgs - INFO - Stored 2292 messages in GdaxEthMessage in 0.22s
2017-08-20 11:22:14,190 - gdax_msgs - INFO - Stored 2226 messages in GdaxBtcMessage in 0.20s
2017-08-20 11:22:41,644 - gdax_msgs - INFO - Stored 2676 messages in GdaxEthMessage in 0.25s
2017-08-20 11:23:14,187 - gdax_msgs - INFO - Stored 1851 messages in GdaxBtcMessage in 0.20s
2017-08-20 11:23:41,874 - gdax_msgs - INFO - Stored 3623 messages in GdaxEthMessage in 0.47s
2017-08-20 11:24:14,420 - gdax_msgs - INFO - Stored 3731 messages in GdaxBtcMessage in 0.39s
2017-08-20 11:24:41,985 - gdax_msgs - INFO - Stored 3806 messages in GdaxEthMessage in 0.41s
2017-08-20 11:25:14,661 - gdax_msgs - INFO - Stored 4845 messages in GdaxBtcMessage in 0.47s
2017-08-20 11:25:42,088 - gdax_msgs - INFO - Stored 4368 messages in GdaxEthMessage in 0.49s
2017-08-20 11:26:14,564 - gdax_msgs - INFO - Stored 3557 messages in GdaxBtcMessage in 0.34s
2017-08-20 11:26:41,959 - gdax_msgs - INFO - Stored 3876 messages in GdaxEthMessage in 0.36s
2017-08-20 11:27:14,567 - gdax_msgs - INFO - Stored 3447 messages in GdaxBtcMessage in 0.32s
2017-08-20 11:27:41,956 - gdax_msgs - INFO - Stored 3011 messages in GdaxEthMessage in 0.30s
2017-08-20 11:28:14,552 - gdax_msgs - INFO - Stored 1642 messages in GdaxBtcMessage in 0.16s
2017-08-20 11:28:41,976 - gdax_msgs - INFO - Stored 3247 messages in GdaxEthMessage in 0.31s
2017-08-20 11:29:14,812 - gdax_msgs - INFO - Stored 2003 messages in GdaxBtcMessage in 0.28s
2017-08-20 11:29:41,959 - gdax_msgs - INFO - Stored 3191 messages in GdaxEthMessage in 0.30s
2017-08-20 11:30:14,870 - gdax_msgs - INFO - Stored 2916 messages in GdaxBtcMessage in 0.29s
2017-08-20 11:30:42,097 - gdax_msgs - INFO - Stored 3527 messages in GdaxEthMessage in 0.33s
2017-08-20 11:31:14,877 - gdax_msgs - INFO - Stored 3303 messages in GdaxBtcMessage in 0.30s
2017-08-20 11:31:42,229 - gdax_msgs - INFO - Stored 4308 messages in GdaxEthMessage in 0.40s
2017-08-20 11:32:14,857 - gdax_msgs - INFO - Stored 2379 messages in GdaxBtcMessage in 0.27s
2017-08-20 11:32:42,172 - gdax_msgs - INFO - Stored 3577 messages in GdaxEthMessage in 0.34s
2017-08-20 11:33:14,980 - gdax_msgs - INFO - Stored 1880 messages in GdaxBtcMessage in 0.18s
2017-08-20 11:33:42,102 - gdax_msgs - INFO - Stored 2256 messages in GdaxEthMessage in 0.21s
2017-08-20 11:34:15,241 - gdax_msgs - INFO - Stored 2447 messages in GdaxBtcMessage in 0.24s
2017-08-20 11:34:42,433 - gdax_msgs - INFO - Stored 2601 messages in GdaxEthMessage in 0.24s
2017-08-20 11:35:15,424 - gdax_msgs - INFO - Stored 1949 messages in GdaxBtcMessage in 0.25s
2017-08-20 11:35:42,460 - gdax_msgs - INFO - Stored 1474 messages in GdaxEthMessage in 0.21s
2017-08-20 11:36:15,511 - gdax_msgs - INFO - Stored 2235 messages in GdaxBtcMessage in 0.20s
2017-08-20 11:36:42,492 - gdax_msgs - INFO - Stored 1391 messages in GdaxEthMessage in 0.15s
2017-08-20 11:37:15,580 - gdax_msgs - INFO - Stored 2721 messages in GdaxBtcMessage in 0.27s
2017-08-20 11:37:42,485 - gdax_msgs - INFO - Stored 1094 messages in GdaxEthMessage in 0.13s
2017-08-20 11:38:15,674 - gdax_msgs - INFO - Stored 2773 messages in GdaxBtcMessage in 0.29s
2017-08-20 11:38:42,669 - gdax_msgs - INFO - Stored 2096 messages in GdaxEthMessage in 0.20s
2017-08-20 11:39:15,801 - gdax_msgs - INFO - Stored 1410 messages in GdaxBtcMessage in 0.20s
2017-08-20 11:39:42,968 - gdax_msgs - INFO - Stored 1543 messages in GdaxEthMessage in 0.15s
2017-08-20 11:40:15,782 - gdax_msgs - INFO - Stored 1433 messages in GdaxBtcMessage in 0.15s
2017-08-20 11:40:16,707 - gdax_msgs - INFO - ==============================
2017-08-20 11:40:16,707 - gdax_msgs - INFO - Storing ETH-USD order book
2017-08-20 11:40:18,343 - gdax_msgs - INFO - ==============================
2017-08-20 11:40:43,204 - gdax_msgs - INFO - Stored 1768 messages in GdaxEthMessage in 0.29s
2017-08-20 11:40:46,227 - gdax_msgs - INFO - ==============================
2017-08-20 11:40:46,227 - gdax_msgs - INFO - Storing BTC-USD order book
2017-08-20 11:40:47,618 - gdax_msgs - INFO - ==============================
2017-08-20 11:41:15,968 - gdax_msgs - INFO - Stored 2608 messages in GdaxBtcMessage in 0.33s
2017-08-20 11:41:43,510 - gdax_msgs - INFO - Stored 1899 messages in GdaxEthMessage in 0.25s
2017-08-20 11:42:15,931 - gdax_msgs - INFO - Stored 3160 messages in GdaxBtcMessage in 0.28s
2017-08-20 11:42:43,535 - gdax_msgs - INFO - Stored 1799 messages in GdaxEthMessage in 0.22s
2017-08-20 11:43:16,089 - gdax_msgs - INFO - Stored 3375 messages in GdaxBtcMessage in 0.30s
2017-08-20 11:43:43,531 - gdax_msgs - INFO - Stored 1552 messages in GdaxEthMessage in 0.17s
2017-08-20 11:44:16,411 - gdax_msgs - INFO - Stored 2942 messages in GdaxBtcMessage in 0.31s
2017-08-20 11:44:43,686 - gdax_msgs - INFO - Stored 2022 messages in GdaxEthMessage in 0.26s
2017-08-20 11:45:16,401 - gdax_msgs - INFO - Stored 2592 messages in GdaxBtcMessage in 0.27s
2017-08-20 11:45:43,758 - gdax_msgs - INFO - Stored 1790 messages in GdaxEthMessage in 0.17s
2017-08-20 11:46:16,477 - gdax_msgs - INFO - Stored 2843 messages in GdaxBtcMessage in 0.26s
2017-08-20 11:46:43,915 - gdax_msgs - INFO - Stored 2567 messages in GdaxEthMessage in 0.24s
2017-08-20 11:47:16,720 - gdax_msgs - INFO - Stored 1997 messages in GdaxBtcMessage in 0.19s
2017-08-20 11:47:43,936 - gdax_msgs - INFO - Stored 1977 messages in GdaxEthMessage in 0.25s
2017-08-20 11:48:16,843 - gdax_msgs - INFO - Stored 1749 messages in GdaxBtcMessage in 0.20s
2017-08-20 11:48:43,859 - gdax_msgs - INFO - Stored 1792 messages in GdaxEthMessage in 0.17s
2017-08-20 11:49:16,872 - gdax_msgs - INFO - Stored 2393 messages in GdaxBtcMessage in 0.23s
2017-08-20 11:49:43,976 - gdax_msgs - INFO - Stored 2284 messages in GdaxEthMessage in 0.24s
2017-08-20 11:50:16,969 - gdax_msgs - INFO - Stored 1985 messages in GdaxBtcMessage in 0.21s
2017-08-20 11:50:44,456 - gdax_msgs - INFO - Stored 2088 messages in GdaxEthMessage in 0.20s
2017-08-20 11:51:17,021 - gdax_msgs - INFO - Stored 2538 messages in GdaxBtcMessage in 0.24s
2017-08-20 11:51:44,421 - gdax_msgs - INFO - Stored 1613 messages in GdaxEthMessage in 0.16s
2017-08-20 11:52:17,147 - gdax_msgs - INFO - Stored 3224 messages in GdaxBtcMessage in 0.36s
2017-08-20 11:52:44,470 - gdax_msgs - INFO - Stored 2205 messages in GdaxEthMessage in 0.21s
2017-08-20 11:53:17,220 - gdax_msgs - INFO - Stored 3032 messages in GdaxBtcMessage in 0.30s
2017-08-20 11:53:44,559 - gdax_msgs - INFO - Stored 3218 messages in GdaxEthMessage in 0.30s
2017-08-20 11:54:17,382 - gdax_msgs - INFO - Stored 3356 messages in GdaxBtcMessage in 0.44s
2017-08-20 11:54:44,555 - gdax_msgs - INFO - Stored 2249 messages in GdaxEthMessage in 0.22s
2017-08-20 11:55:17,282 - gdax_msgs - INFO - Stored 3132 messages in GdaxBtcMessage in 0.29s
2017-08-20 11:55:44,761 - gdax_msgs - INFO - Stored 2252 messages in GdaxEthMessage in 0.22s
2017-08-20 11:56:17,627 - gdax_msgs - INFO - Stored 3292 messages in GdaxBtcMessage in 0.30s
2017-08-20 11:56:44,834 - gdax_msgs - INFO - Stored 1848 messages in GdaxEthMessage in 0.18s
2017-08-20 11:57:17,646 - gdax_msgs - INFO - Stored 2624 messages in GdaxBtcMessage in 0.31s
2017-08-20 11:57:45,154 - gdax_msgs - INFO - Stored 3048 messages in GdaxEthMessage in 0.38s
2017-08-20 11:58:17,652 - gdax_msgs - INFO - Stored 3371 messages in GdaxBtcMessage in 0.31s
2017-08-20 11:58:45,112 - gdax_msgs - INFO - Stored 3676 messages in GdaxEthMessage in 0.33s
2017-08-20 11:59:17,890 - gdax_msgs - INFO - Stored 3438 messages in GdaxBtcMessage in 0.36s
2017-08-20 11:59:44,996 - gdax_msgs - INFO - Stored 2217 messages in GdaxEthMessage in 0.21s
2017-08-20 12:00:17,825 - gdax_msgs - INFO - Stored 3227 messages in GdaxBtcMessage in 0.29s
2017-08-20 12:00:45,079 - gdax_msgs - INFO - Stored 3166 messages in GdaxEthMessage in 0.30s
2017-08-20 12:01:18,282 - gdax_msgs - INFO - Stored 3336 messages in GdaxBtcMessage in 0.29s
2017-08-20 12:01:45,005 - gdax_msgs - INFO - Stored 1307 messages in GdaxEthMessage in 0.13s
2017-08-20 12:02:18,408 - gdax_msgs - INFO - Stored 2513 messages in GdaxBtcMessage in 0.24s
2017-08-20 12:02:45,269 - gdax_msgs - INFO - Stored 1877 messages in GdaxEthMessage in 0.18s
2017-08-20 12:03:18,513 - gdax_msgs - INFO - Stored 1180 messages in GdaxBtcMessage in 0.16s
2017-08-20 12:03:45,296 - gdax_msgs - INFO - Stored 2214 messages in GdaxEthMessage in 0.20s
2017-08-20 12:04:18,984 - gdax_msgs - INFO - Stored 1373 messages in GdaxBtcMessage in 0.15s
2017-08-20 12:04:45,282 - gdax_msgs - INFO - Stored 1932 messages in GdaxEthMessage in 0.18s
2017-08-20 12:05:19,031 - gdax_msgs - INFO - Stored 1492 messages in GdaxBtcMessage in 0.15s
2017-08-20 12:05:45,268 - gdax_msgs - INFO - Stored 1651 messages in GdaxEthMessage in 0.16s
2017-08-20 12:06:19,337 - gdax_msgs - INFO - Stored 2684 messages in GdaxBtcMessage in 0.25s
2017-08-20 12:06:45,535 - gdax_msgs - INFO - Stored 2587 messages in GdaxEthMessage in 0.34s
2017-08-20 12:07:19,517 - gdax_msgs - INFO - Stored 2772 messages in GdaxBtcMessage in 0.33s
2017-08-20 12:07:45,455 - gdax_msgs - INFO - Stored 2512 messages in GdaxEthMessage in 0.23s
2017-08-20 12:08:19,506 - gdax_msgs - INFO - Stored 2818 messages in GdaxBtcMessage in 0.27s
2017-08-20 12:08:45,806 - gdax_msgs - INFO - Stored 3575 messages in GdaxEthMessage in 0.48s
2017-08-20 12:09:20,457 - gdax_msgs - INFO - Stored 846 messages in GdaxBtcMessage in 0.18s
2017-08-20 12:09:45,694 - gdax_msgs - INFO - Stored 3528 messages in GdaxEthMessage in 0.32s
2017-08-20 12:09:50,444 - core_websocket - ERROR - Message error: Connection is already closed.
Message: None
Traceback (most recent call last):
  File "bitcoin/websocket/core.py", line 79, in _listen
    msg = self.ws.recv()
  File "/usr/local/lib/python2.7/site-packages/websocket/_core.py", line 293, in recv
    opcode, data = self.recv_data()
  File "/usr/local/lib/python2.7/site-packages/websocket/_core.py", line 310, in recv_data
    opcode, frame = self.recv_data_frame(control_frame)
  File "/usr/local/lib/python2.7/site-packages/websocket/_core.py", line 323, in recv_data_frame
    frame = self.recv_frame()
  File "/usr/local/lib/python2.7/site-packages/websocket/_core.py", line 357, in recv_frame
    return self.frame_buffer.recv_frame()
  File "/usr/local/lib/python2.7/site-packages/websocket/_abnf.py", line 340, in recv_frame
    self.recv_header()
  File "/usr/local/lib/python2.7/site-packages/websocket/_abnf.py", line 288, in recv_header
    header = self.recv_strict(2)
  File "/usr/local/lib/python2.7/site-packages/websocket/_abnf.py", line 375, in recv_strict
    bytes_ = self.recv(min(16384, shortage))
  File "/usr/local/lib/python2.7/site-packages/websocket/_core.py", line 427, in _recv
    return recv(self.sock, bufsize)
  File "/usr/local/lib/python2.7/site-packages/websocket/_socket.py", line 93, in recv
    "Connection is already closed.")
WebSocketConnectionClosedException: Connection is already closed.
2017-08-20 12:09:50,448 - core_websocket - INFO - Closing websocket
2017-08-20 12:10:46,044 - gdax_msgs - INFO - Stored 4004 messages in GdaxEthMessage in 0.63s
2017-08-20 12:11:45,850 - gdax_msgs - INFO - Stored 3958 messages in GdaxEthMessage in 0.41s
2017-08-20 12:12:45,867 - gdax_msgs - INFO - Stored 4159 messages in GdaxEthMessage in 0.42s
2017-08-20 12:13:45,967 - gdax_msgs - INFO - Stored 4875 messages in GdaxEthMessage in 0.48s
2017-08-20 12:14:45,817 - gdax_msgs - INFO - Stored 3204 messages in GdaxEthMessage in 0.32s
2017-08-20 12:15:45,844 - gdax_msgs - INFO - Stored 2605 messages in GdaxEthMessage in 0.23s
2017-08-20 12:16:46,209 - gdax_msgs - INFO - Stored 4648 messages in GdaxEthMessage in 0.59s
2017-08-20 12:17:46,122 - gdax_msgs - INFO - Stored 4240 messages in GdaxEthMessage in 0.47s
2017-08-20 12:18:46,065 - gdax_msgs - INFO - Stored 4470 messages in GdaxEthMessage in 0.40s
2017-08-20 12:19:46,137 - gdax_msgs - INFO - Stored 4434 messages in GdaxEthMessage in 0.48s
2017-08-20 12:20:46,227 - gdax_msgs - INFO - Stored 4171 messages in GdaxEthMessage in 0.37s
2017-08-20 12:21:46,348 - gdax_msgs - INFO - Stored 5239 messages in GdaxEthMessage in 0.48s
2017-08-20 12:22:46,999 - gdax_msgs - INFO - Stored 6083 messages in GdaxEthMessage in 1.13s
2017-08-20 12:23:46,514 - gdax_msgs - INFO - Stored 5586 messages in GdaxEthMessage in 0.50s
2017-08-20 12:24:46,921 - gdax_msgs - INFO - Stored 4695 messages in GdaxEthMessage in 0.55s
2017-08-20 12:25:47,019 - gdax_msgs - INFO - Stored 4346 messages in GdaxEthMessage in 0.49s
2017-08-20 12:26:47,088 - gdax_msgs - INFO - Stored 4242 messages in GdaxEthMessage in 0.52s
2017-08-20 12:27:46,907 - gdax_msgs - INFO - Stored 3687 messages in GdaxEthMessage in 0.34s
2017-08-20 12:28:47,071 - gdax_msgs - INFO - Stored 4503 messages in GdaxEthMessage in 0.45s
2017-08-20 12:29:47,164 - gdax_msgs - INFO - Stored 4837 messages in GdaxEthMessage in 0.52s
2017-08-20 12:30:47,394 - gdax_msgs - INFO - Stored 3206 messages in GdaxEthMessage in 0.28s
2017-08-20 12:31:47,379 - gdax_msgs - INFO - Stored 1252 messages in GdaxEthMessage in 0.13s
2017-08-20 12:32:47,867 - gdax_msgs - INFO - Stored 4592 messages in GdaxEthMessage in 0.53s
2017-08-20 12:33:47,738 - gdax_msgs - INFO - Stored 3281 messages in GdaxEthMessage in 0.33s
2017-08-20 12:34:47,817 - gdax_msgs - INFO - Stored 2712 messages in GdaxEthMessage in 0.26s
2017-08-20 12:35:47,870 - gdax_msgs - INFO - Stored 2160 messages in GdaxEthMessage in 0.20s
2017-08-20 12:36:47,982 - gdax_msgs - INFO - Stored 2406 messages in GdaxEthMessage in 0.23s
2017-08-20 12:37:48,084 - gdax_msgs - INFO - Stored 1988 messages in GdaxEthMessage in 0.18s
2017-08-20 12:38:48,213 - gdax_msgs - INFO - Stored 2986 messages in GdaxEthMessage in 0.27s
2017-08-20 12:39:48,250 - gdax_msgs - INFO - Stored 2572 messages in GdaxEthMessage in 0.30s
2017-08-20 12:40:16,746 - gdax_msgs - INFO - ==============================
2017-08-20 12:40:16,746 - gdax_msgs - INFO - Storing ETH-USD order book
2017-08-20 12:40:18,620 - gdax_msgs - INFO - ==============================
2017-08-20 12:40:48,296 - gdax_msgs - INFO - Stored 1899 messages in GdaxEthMessage in 0.32s
2017-08-20 12:41:48,337 - gdax_msgs - INFO - Stored 2911 messages in GdaxEthMessage in 0.35s
2017-08-20 12:42:48,732 - gdax_msgs - INFO - Stored 1924 messages in GdaxEthMessage in 0.24s
2017-08-20 12:43:48,762 - gdax_msgs - INFO - Stored 2753 messages in GdaxEthMessage in 0.25s
2017-08-20 12:44:48,749 - gdax_msgs - INFO - Stored 2201 messages in GdaxEthMessage in 0.20s
2017-08-20 12:45:48,785 - gdax_msgs - INFO - Stored 1809 messages in GdaxEthMessage in 0.18s
2017-08-20 12:46:48,820 - gdax_msgs - INFO - Stored 1398 messages in GdaxEthMessage in 0.15s
2017-08-20 12:47:48,841 - gdax_msgs - INFO - Stored 1317 messages in GdaxEthMessage in 0.15s
2017-08-20 12:48:49,169 - gdax_msgs - INFO - Stored 1138 messages in GdaxEthMessage in 0.15s
2017-08-20 12:49:49,347 - gdax_msgs - INFO - Stored 2204 messages in GdaxEthMessage in 0.31s
2017-08-20 12:50:49,450 - gdax_msgs - INFO - Stored 4297 messages in GdaxEthMessage in 0.40s
2017-08-20 12:51:49,709 - gdax_msgs - INFO - Stored 2853 messages in GdaxEthMessage in 0.29s
2017-08-20 12:52:49,749 - gdax_msgs - INFO - Stored 2394 messages in GdaxEthMessage in 0.22s
2017-08-20 12:53:50,075 - gdax_msgs - INFO - Stored 3100 messages in GdaxEthMessage in 0.36s
2017-08-20 12:54:50,067 - gdax_msgs - INFO - Stored 2881 messages in GdaxEthMessage in 0.34s
2017-08-20 12:55:49,958 - gdax_msgs - INFO - Stored 1427 messages in GdaxEthMessage in 0.19s
2017-08-20 12:56:50,276 - gdax_msgs - INFO - Stored 4585 messages in GdaxEthMessage in 0.51s
2017-08-20 12:57:50,097 - gdax_msgs - INFO - Stored 2569 messages in GdaxEthMessage in 0.23s
2017-08-20 12:58:50,579 - gdax_msgs - INFO - Stored 3319 messages in GdaxEthMessage in 0.37s
2017-08-20 12:59:50,543 - gdax_msgs - INFO - Stored 3443 messages in GdaxEthMessage in 0.30s
2017-08-20 13:00:50,791 - gdax_msgs - INFO - Stored 2602 messages in GdaxEthMessage in 0.24s
2017-08-20 13:01:50,946 - gdax_msgs - INFO - Stored 1678 messages in GdaxEthMessage in 0.16s
2017-08-20 13:02:50,979 - gdax_msgs - INFO - Stored 1463 messages in GdaxEthMessage in 0.14s
2017-08-20 13:03:51,120 - gdax_msgs - INFO - Stored 1708 messages in GdaxEthMessage in 0.16s
2017-08-20 13:04:51,718 - gdax_msgs - INFO - Stored 1315 messages in GdaxEthMessage in 0.13s
2017-08-20 13:05:51,898 - gdax_msgs - INFO - Stored 1311 messages in GdaxEthMessage in 0.14s
2017-08-20 13:06:51,945 - gdax_msgs - INFO - Stored 1346 messages in GdaxEthMessage in 0.14s
2017-08-20 13:07:52,175 - gdax_msgs - INFO - Stored 2459 messages in GdaxEthMessage in 0.25s
2017-08-20 13:08:52,457 - gdax_msgs - INFO - Stored 4880 messages in GdaxEthMessage in 0.51s
2017-08-20 13:09:52,406 - gdax_msgs - INFO - Stored 2349 messages in GdaxEthMessage in 0.23s
2017-08-20 13:10:52,679 - gdax_msgs - INFO - Stored 3216 messages in GdaxEthMessage in 0.50s
2017-08-20 13:11:52,702 - gdax_msgs - INFO - Stored 4199 messages in GdaxEthMessage in 0.51s
2017-08-20 13:12:52,667 - gdax_msgs - INFO - Stored 4901 messages in GdaxEthMessage in 0.44s
2017-08-20 13:13:52,649 - gdax_msgs - INFO - Stored 4005 messages in GdaxEthMessage in 0.41s
2017-08-20 13:14:52,608 - gdax_msgs - INFO - Stored 3532 messages in GdaxEthMessage in 0.32s
2017-08-20 13:15:52,657 - gdax_msgs - INFO - Stored 2172 messages in GdaxEthMessage in 0.21s
2017-08-20 13:16:52,863 - gdax_msgs - INFO - Stored 2972 messages in GdaxEthMessage in 0.33s
2017-08-20 13:17:52,957 - gdax_msgs - INFO - Stored 3257 messages in GdaxEthMessage in 0.30s
2017-08-20 13:18:52,853 - gdax_msgs - INFO - Stored 993 messages in GdaxEthMessage in 0.18s
2017-08-20 13:19:53,098 - gdax_msgs - INFO - Stored 3323 messages in GdaxEthMessage in 0.40s
2017-08-20 13:20:53,146 - gdax_msgs - INFO - Stored 2260 messages in GdaxEthMessage in 0.29s
2017-08-20 13:21:53,260 - gdax_msgs - INFO - Stored 1616 messages in GdaxEthMessage in 0.16s
2017-08-20 13:22:53,362 - gdax_msgs - INFO - Stored 1642 messages in GdaxEthMessage in 0.16s
2017-08-20 13:23:53,552 - gdax_msgs - INFO - Stored 1451 messages in GdaxEthMessage in 0.15s
2017-08-20 13:24:53,596 - gdax_msgs - INFO - Stored 1644 messages in GdaxEthMessage in 0.16s
2017-08-20 13:25:54,498 - gdax_msgs - INFO - Stored 3005 messages in GdaxEthMessage in 0.34s
2017-08-20 13:26:54,435 - gdax_msgs - INFO - Stored 1703 messages in GdaxEthMessage in 0.17s
2017-08-20 13:27:54,475 - gdax_msgs - INFO - Stored 1796 messages in GdaxEthMessage in 0.20s
2017-08-20 13:28:54,664 - gdax_msgs - INFO - Stored 2239 messages in GdaxEthMessage in 0.28s
2017-08-20 13:29:54,780 - gdax_msgs - INFO - Stored 2833 messages in GdaxEthMessage in 0.26s
2017-08-20 13:30:54,905 - gdax_msgs - INFO - Stored 2485 messages in GdaxEthMessage in 0.36s
2017-08-20 13:31:54,811 - gdax_msgs - INFO - Stored 2331 messages in GdaxEthMessage in 0.22s
2017-08-20 13:32:54,913 - gdax_msgs - INFO - Stored 3224 messages in GdaxEthMessage in 0.29s
2017-08-20 13:33:55,640 - gdax_msgs - INFO - Stored 2724 messages in GdaxEthMessage in 0.25s
2017-08-20 13:34:55,845 - gdax_msgs - INFO - Stored 3639 messages in GdaxEthMessage in 0.39s
2017-08-20 13:35:55,959 - gdax_msgs - INFO - Stored 4732 messages in GdaxEthMessage in 0.41s
2017-08-20 13:36:55,895 - gdax_msgs - INFO - Stored 3621 messages in GdaxEthMessage in 0.32s
2017-08-20 13:37:56,052 - gdax_msgs - INFO - Stored 3426 messages in GdaxEthMessage in 0.32s
2017-08-20 13:38:56,184 - gdax_msgs - INFO - Stored 4703 messages in GdaxEthMessage in 0.45s
2017-08-20 13:39:56,049 - gdax_msgs - INFO - Stored 2604 messages in GdaxEthMessage in 0.27s
2017-08-20 13:40:16,938 - gdax_msgs - INFO - ==============================
2017-08-20 13:40:16,938 - gdax_msgs - INFO - Storing ETH-USD order book
2017-08-20 13:40:19,615 - gdax_msgs - INFO - ==============================
2017-08-20 13:40:56,380 - gdax_msgs - INFO - Stored 3035 messages in GdaxEthMessage in 0.60s
2017-08-20 13:41:56,114 - gdax_msgs - INFO - Stored 2516 messages in GdaxEthMessage in 0.24s
2017-08-20 13:42:56,307 - gdax_msgs - INFO - Stored 3360 messages in GdaxEthMessage in 0.30s
2017-08-20 13:43:56,342 - gdax_msgs - INFO - Stored 3640 messages in GdaxEthMessage in 0.32s
2017-08-20 13:44:56,473 - gdax_msgs - INFO - Stored 3257 messages in GdaxEthMessage in 0.37s
2017-08-20 13:45:56,548 - gdax_msgs - INFO - Stored 3810 messages in GdaxEthMessage in 0.43s
2017-08-20 13:46:56,731 - gdax_msgs - INFO - Stored 3382 messages in GdaxEthMessage in 0.33s
2017-08-20 13:47:56,670 - gdax_msgs - INFO - Stored 2619 messages in GdaxEthMessage in 0.24s
2017-08-20 13:48:56,706 - gdax_msgs - INFO - Stored 2450 messages in GdaxEthMessage in 0.22s
2017-08-20 13:49:56,956 - gdax_msgs - INFO - Stored 2231 messages in GdaxEthMessage in 0.27s
2017-08-20 13:50:57,091 - gdax_msgs - INFO - Stored 2542 messages in GdaxEthMessage in 0.30s
2017-08-20 13:51:57,186 - gdax_msgs - INFO - Stored 3898 messages in GdaxEthMessage in 0.36s
2017-08-20 13:52:57,140 - gdax_msgs - INFO - Stored 2809 messages in GdaxEthMessage in 0.30s
2017-08-20 13:53:57,257 - gdax_msgs - INFO - Stored 3115 messages in GdaxEthMessage in 0.28s
2017-08-20 13:54:57,224 - gdax_msgs - INFO - Stored 1558 messages in GdaxEthMessage in 0.15s
2017-08-20 13:55:57,359 - gdax_msgs - INFO - Stored 2291 messages in GdaxEthMessage in 0.21s
2017-08-20 13:56:57,830 - gdax_msgs - INFO - Stored 2722 messages in GdaxEthMessage in 0.32s
2017-08-20 13:57:57,985 - gdax_msgs - INFO - Stored 3647 messages in GdaxEthMessage in 0.34s
2017-08-20 13:58:57,979 - gdax_msgs - INFO - Stored 2460 messages in GdaxEthMessage in 0.28s
2017-08-20 13:59:57,993 - gdax_msgs - INFO - Stored 1872 messages in GdaxEthMessage in 0.20s
2017-08-20 14:00:58,505 - gdax_msgs - INFO - Stored 1826 messages in GdaxEthMessage in 0.21s
2017-08-20 14:01:58,511 - gdax_msgs - INFO - Stored 1519 messages in GdaxEthMessage in 0.15s
2017-08-20 14:02:58,544 - gdax_msgs - INFO - Stored 1488 messages in GdaxEthMessage in 0.15s
2017-08-20 14:03:58,705 - gdax_msgs - INFO - Stored 2927 messages in GdaxEthMessage in 0.26s
2017-08-20 14:04:58,945 - gdax_msgs - INFO - Stored 3019 messages in GdaxEthMessage in 0.30s
2017-08-20 14:05:58,921 - gdax_msgs - INFO - Stored 2614 messages in GdaxEthMessage in 0.26s
2017-08-20 14:06:59,002 - gdax_msgs - INFO - Stored 3632 messages in GdaxEthMessage in 0.33s
2017-08-20 14:07:59,132 - gdax_msgs - INFO - Stored 5033 messages in GdaxEthMessage in 0.46s
2017-08-20 14:08:59,295 - gdax_msgs - INFO - Stored 4666 messages in GdaxEthMessage in 0.59s
2017-08-20 14:09:59,091 - gdax_msgs - INFO - Stored 4285 messages in GdaxEthMessage in 0.38s
2017-08-20 14:10:59,492 - gdax_msgs - INFO - Stored 4702 messages in GdaxEthMessage in 0.71s
2017-08-20 14:11:59,206 - gdax_msgs - INFO - Stored 3615 messages in GdaxEthMessage in 0.37s
2017-08-20 14:12:59,375 - gdax_msgs - INFO - Stored 2888 messages in GdaxEthMessage in 0.26s
2017-08-20 14:13:59,407 - gdax_msgs - INFO - Stored 2100 messages in GdaxEthMessage in 0.19s
2017-08-20 14:15:01,828 - gdax_msgs - INFO - Stored 1914 messages in GdaxEthMessage in 0.19s
2017-08-20 14:16:02,001 - gdax_msgs - INFO - Stored 3786 messages in GdaxEthMessage in 0.35s
2017-08-20 14:17:02,050 - gdax_msgs - INFO - Stored 3701 messages in GdaxEthMessage in 0.38s
2017-08-20 14:18:02,279 - gdax_msgs - INFO - Stored 3810 messages in GdaxEthMessage in 0.50s
2017-08-20 14:19:02,960 - gdax_msgs - INFO - Stored 4203 messages in GdaxEthMessage in 0.40s
2017-08-20 14:20:02,912 - gdax_msgs - INFO - Stored 3738 messages in GdaxEthMessage in 0.34s
2017-08-20 14:21:02,973 - gdax_msgs - INFO - Stored 3951 messages in GdaxEthMessage in 0.35s
2017-08-20 14:22:03,157 - gdax_msgs - INFO - Stored 4299 messages in GdaxEthMessage in 0.50s
2017-08-20 14:23:03,374 - gdax_msgs - INFO - Stored 5357 messages in GdaxEthMessage in 0.61s
2017-08-20 14:24:03,467 - gdax_msgs - INFO - Stored 4315 messages in GdaxEthMessage in 0.38s
2017-08-20 14:25:03,491 - gdax_msgs - INFO - Stored 3047 messages in GdaxEthMessage in 0.28s
2017-08-20 14:26:03,524 - gdax_msgs - INFO - Stored 3165 messages in GdaxEthMessage in 0.31s
2017-08-20 14:27:03,822 - gdax_msgs - INFO - Stored 4815 messages in GdaxEthMessage in 0.56s
2017-08-20 14:28:04,010 - gdax_msgs - INFO - Stored 5697 messages in GdaxEthMessage in 0.72s
2017-08-20 14:29:04,016 - gdax_msgs - INFO - Stored 4987 messages in GdaxEthMessage in 0.50s
2017-08-20 14:30:04,088 - gdax_msgs - INFO - Stored 5430 messages in GdaxEthMessage in 0.57s
2017-08-20 14:31:04,107 - gdax_msgs - INFO - Stored 4787 messages in GdaxEthMessage in 0.43s
2017-08-20 14:32:04,147 - gdax_msgs - INFO - Stored 4413 messages in GdaxEthMessage in 0.47s
2017-08-20 14:33:04,357 - gdax_msgs - INFO - Stored 5172 messages in GdaxEthMessage in 0.56s
2017-08-20 14:34:04,831 - gdax_msgs - INFO - Stored 5695 messages in GdaxEthMessage in 0.98s
2017-08-20 14:35:04,250 - gdax_msgs - INFO - Stored 4452 messages in GdaxEthMessage in 0.40s
2017-08-20 14:36:04,610 - gdax_msgs - INFO - Stored 5556 messages in GdaxEthMessage in 0.59s
2017-08-20 14:37:04,487 - gdax_msgs - INFO - Stored 4414 messages in GdaxEthMessage in 0.41s
2017-08-20 14:38:04,594 - gdax_msgs - INFO - Stored 4565 messages in GdaxEthMessage in 0.44s
2017-08-20 14:39:04,713 - gdax_msgs - INFO - Stored 5843 messages in GdaxEthMessage in 0.55s
2017-08-20 14:40:04,562 - gdax_msgs - INFO - Stored 3641 messages in GdaxEthMessage in 0.32s
2017-08-20 14:40:16,979 - gdax_msgs - INFO - ==============================
2017-08-20 14:40:16,979 - gdax_msgs - INFO - Storing ETH-USD order book
2017-08-20 14:40:18,637 - gdax_msgs - INFO - ==============================
2017-08-20 14:41:05,952 - gdax_msgs - INFO - Stored 5970 messages in GdaxEthMessage in 1.70s
2017-08-20 14:42:04,921 - gdax_msgs - INFO - Stored 4437 messages in GdaxEthMessage in 0.54s
2017-08-20 14:43:04,794 - gdax_msgs - INFO - Stored 4094 messages in GdaxEthMessage in 0.36s
2017-08-20 14:44:04,994 - gdax_msgs - INFO - Stored 4775 messages in GdaxEthMessage in 0.42s
2017-08-20 14:45:05,201 - gdax_msgs - INFO - Stored 3958 messages in GdaxEthMessage in 0.36s
2017-08-20 14:46:05,230 - gdax_msgs - INFO - Stored 3959 messages in GdaxEthMessage in 0.35s
2017-08-20 14:47:06,136 - gdax_msgs - INFO - Stored 4634 messages in GdaxEthMessage in 1.21s
2017-08-20 14:48:05,451 - gdax_msgs - INFO - Stored 4294 messages in GdaxEthMessage in 0.37s
2017-08-20 14:49:05,856 - gdax_msgs - INFO - Stored 5740 messages in GdaxEthMessage in 0.58s
2017-08-20 14:50:05,822 - gdax_msgs - INFO - Stored 5643 messages in GdaxEthMessage in 0.52s
2017-08-20 14:51:06,328 - gdax_msgs - INFO - Stored 5867 messages in GdaxEthMessage in 0.95s
2017-08-20 14:52:06,065 - gdax_msgs - INFO - Stored 4938 messages in GdaxEthMessage in 0.44s
2017-08-20 14:53:06,023 - gdax_msgs - INFO - Stored 3966 messages in GdaxEthMessage in 0.38s
2017-08-20 14:54:06,075 - gdax_msgs - INFO - Stored 3466 messages in GdaxEthMessage in 0.34s
2017-08-20 14:55:06,046 - gdax_msgs - INFO - Stored 3405 messages in GdaxEthMessage in 0.31s
2017-08-20 14:56:06,075 - gdax_msgs - INFO - Stored 3819 messages in GdaxEthMessage in 0.34s
2017-08-20 14:57:06,314 - gdax_msgs - INFO - Stored 3040 messages in GdaxEthMessage in 0.47s
2017-08-20 14:58:06,018 - gdax_msgs - INFO - Stored 1755 messages in GdaxEthMessage in 0.17s
2017-08-20 14:59:06,126 - gdax_msgs - INFO - Stored 2229 messages in GdaxEthMessage in 0.25s
2017-08-20 15:00:06,674 - gdax_msgs - INFO - Stored 3352 messages in GdaxEthMessage in 0.33s
2017-08-20 15:01:06,774 - gdax_msgs - INFO - Stored 3029 messages in GdaxEthMessage in 0.29s
2017-08-20 15:02:06,905 - gdax_msgs - INFO - Stored 4114 messages in GdaxEthMessage in 0.38s
2017-08-20 15:03:06,914 - gdax_msgs - INFO - Stored 4195 messages in GdaxEthMessage in 0.38s
2017-08-20 15:04:07,053 - gdax_msgs - INFO - Stored 5336 messages in GdaxEthMessage in 0.51s
2017-08-20 15:05:07,033 - gdax_msgs - INFO - Stored 5093 messages in GdaxEthMessage in 0.48s
2017-08-20 15:06:06,986 - gdax_msgs - INFO - Stored 3759 messages in GdaxEthMessage in 0.33s
2017-08-20 15:07:07,100 - gdax_msgs - INFO - Stored 4832 messages in GdaxEthMessage in 0.43s
2017-08-20 15:08:07,414 - gdax_msgs - INFO - Stored 5686 messages in GdaxEthMessage in 0.67s
2017-08-20 15:09:07,409 - gdax_msgs - INFO - Stored 5575 messages in GdaxEthMessage in 0.57s
2017-08-20 15:10:07,298 - gdax_msgs - INFO - Stored 5270 messages in GdaxEthMessage in 0.46s
2017-08-20 15:11:07,604 - gdax_msgs - INFO - Stored 5493 messages in GdaxEthMessage in 0.65s
2017-08-20 15:12:07,483 - gdax_msgs - INFO - Stored 5728 messages in GdaxEthMessage in 0.52s
2017-08-20 15:13:07,579 - gdax_msgs - INFO - Stored 4751 messages in GdaxEthMessage in 0.60s
2017-08-20 15:14:07,503 - gdax_msgs - INFO - Stored 5799 messages in GdaxEthMessage in 0.51s
2017-08-20 15:15:07,584 - gdax_msgs - INFO - Stored 5546 messages in GdaxEthMessage in 0.56s
2017-08-20 15:16:07,501 - gdax_msgs - INFO - Stored 4296 messages in GdaxEthMessage in 0.46s
2017-08-20 15:17:07,481 - gdax_msgs - INFO - Stored 3495 messages in GdaxEthMessage in 0.32s
2017-08-20 15:18:07,335 - gdax_msgs - INFO - Stored 1434 messages in GdaxEthMessage in 0.14s
2017-08-20 15:19:07,526 - gdax_msgs - INFO - Stored 3607 messages in GdaxEthMessage in 0.31s
2017-08-20 15:20:07,620 - gdax_msgs - INFO - Stored 3082 messages in GdaxEthMessage in 0.40s
2017-08-20 15:21:07,519 - gdax_msgs - INFO - Stored 2608 messages in GdaxEthMessage in 0.27s
2017-08-20 15:22:07,841 - gdax_msgs - INFO - Stored 4099 messages in GdaxEthMessage in 0.36s
2017-08-20 15:23:08,335 - gdax_msgs - INFO - Stored 5143 messages in GdaxEthMessage in 0.62s
2017-08-20 15:24:08,237 - gdax_msgs - INFO - Stored 3573 messages in GdaxEthMessage in 0.43s
2017-08-20 15:25:08,318 - gdax_msgs - INFO - Stored 4126 messages in GdaxEthMessage in 0.36s
2017-08-20 15:26:08,670 - gdax_msgs - INFO - Stored 6063 messages in GdaxEthMessage in 0.70s
2017-08-20 15:27:09,627 - gdax_msgs - INFO - Stored 6169 messages in GdaxEthMessage in 0.70s
2017-08-20 15:28:09,424 - gdax_msgs - INFO - Stored 5689 messages in GdaxEthMessage in 0.49s
2017-08-20 15:29:09,297 - gdax_msgs - INFO - Stored 2217 messages in GdaxEthMessage in 0.26s
2017-08-20 15:30:09,542 - gdax_msgs - INFO - Stored 4610 messages in GdaxEthMessage in 0.48s
2017-08-20 15:31:09,727 - gdax_msgs - INFO - Stored 3904 messages in GdaxEthMessage in 0.34s
2017-08-20 15:32:09,731 - gdax_msgs - INFO - Stored 3539 messages in GdaxEthMessage in 0.32s
2017-08-20 15:33:09,932 - gdax_msgs - INFO - Stored 5566 messages in GdaxEthMessage in 0.49s
2017-08-20 15:34:10,224 - gdax_msgs - INFO - Stored 6342 messages in GdaxEthMessage in 0.73s
2017-08-20 15:35:10,341 - gdax_msgs - INFO - Stored 6858 messages in GdaxEthMessage in 0.75s
2017-08-20 15:36:10,042 - gdax_msgs - INFO - Stored 4187 messages in GdaxEthMessage in 0.37s
2017-08-20 15:37:10,209 - gdax_msgs - INFO - Stored 4378 messages in GdaxEthMessage in 0.40s
2017-08-20 15:38:10,632 - gdax_msgs - INFO - Stored 6488 messages in GdaxEthMessage in 0.69s
2017-08-20 15:39:10,501 - gdax_msgs - INFO - Stored 6307 messages in GdaxEthMessage in 0.54s
2017-08-20 15:40:10,708 - gdax_msgs - INFO - Stored 7477 messages in GdaxEthMessage in 0.74s
2017-08-20 15:40:17,048 - gdax_msgs - INFO - ==============================
2017-08-20 15:40:17,049 - gdax_msgs - INFO - Storing ETH-USD order book
2017-08-20 15:40:18,392 - gdax_msgs - INFO - ==============================
2017-08-20 15:41:11,775 - gdax_msgs - INFO - Stored 6145 messages in GdaxEthMessage in 1.57s
2017-08-20 15:42:10,598 - gdax_msgs - INFO - Stored 4478 messages in GdaxEthMessage in 0.40s
2017-08-20 15:43:10,915 - gdax_msgs - INFO - Stored 6807 messages in GdaxEthMessage in 0.69s
2017-08-20 15:44:10,937 - gdax_msgs - INFO - Stored 6982 messages in GdaxEthMessage in 0.71s
2017-08-20 15:45:10,811 - gdax_msgs - INFO - Stored 5352 messages in GdaxEthMessage in 0.46s
2017-08-20 15:46:10,947 - gdax_msgs - INFO - Stored 5500 messages in GdaxEthMessage in 0.47s
2017-08-20 15:47:11,277 - gdax_msgs - INFO - Stored 6032 messages in GdaxEthMessage in 0.74s
2017-08-20 15:48:10,932 - gdax_msgs - INFO - Stored 3687 messages in GdaxEthMessage in 0.37s
2017-08-20 15:49:11,269 - gdax_msgs - INFO - Stored 5539 messages in GdaxEthMessage in 0.48s
2017-08-20 15:50:11,375 - gdax_msgs - INFO - Stored 5453 messages in GdaxEthMessage in 0.57s
2017-08-20 15:51:11,741 - gdax_msgs - INFO - Stored 6085 messages in GdaxEthMessage in 0.84s
2017-08-20 15:52:11,544 - gdax_msgs - INFO - Stored 2743 messages in GdaxEthMessage in 0.30s
2017-08-20 15:53:11,589 - gdax_msgs - INFO - Stored 3244 messages in GdaxEthMessage in 0.29s
2017-08-20 15:54:11,857 - gdax_msgs - INFO - Stored 2739 messages in GdaxEthMessage in 0.25s
2017-08-20 15:55:11,889 - gdax_msgs - INFO - Stored 2551 messages in GdaxEthMessage in 0.23s
2017-08-20 15:56:11,943 - gdax_msgs - INFO - Stored 2561 messages in GdaxEthMessage in 0.23s
2017-08-20 15:57:11,939 - gdax_msgs - INFO - Stored 1538 messages in GdaxEthMessage in 0.15s
