2017-12-01 08:52:38,887 - scripts - INFO - Current process: 33457
2017-12-01 08:52:38,891 - scripts - INFO - Starting process: {'cmdline': ['python', '-m', 'bitcoin.storage.gdax_msgs', 'BTC-USD'], 'pid': 33468, 'name': 'Gdax Storage: BTC-USD'}
2017-12-01 08:52:38,894 - scripts - INFO - Starting process: {'cmdline': ['python', '-m', 'bitcoin.storage.gdax_msgs', 'ETH-USD'], 'pid': 33469, 'name': 'Gdax Storage: ETH-USD'}
2017-12-01 08:52:38,898 - scripts - INFO - Starting process: {'cmdline': ['python', '-m', 'bitcoin.storage.gdax_msgs', 'ETH-BTC'], 'pid': 33470, 'name': 'Gdax Storage: ETH-BTC'}
2017-12-01 08:52:38,905 - scripts - INFO - Starting process: {'cmdline': ['python', '-m', 'bitcoin.storage.snapshots'], 'pid': 33471, 'name': 'Snapshot Storage'}
2017-12-01 09:24:37,510 - scripts - INFO - Checking processes
2017-12-01 09:25:37,521 - scripts - INFO - Checking processes
2017-12-01 09:26:37,531 - scripts - INFO - Checking processes
2017-12-01 09:27:37,542 - scripts - INFO - Checking processes
2017-12-01 09:28:37,550 - scripts - INFO - Checking processes
2017-12-01 09:29:37,563 - scripts - INFO - Checking processes
2017-12-01 10:01:36,626 - scripts - INFO - Checking processes
2017-12-01 10:02:37,133 - scripts - INFO - Checking processes
2017-12-01 10:03:37,143 - scripts - INFO - Checking processes
2017-12-01 10:04:37,147 - scripts - INFO - Checking processes
2017-12-01 10:05:37,150 - scripts - INFO - Checking processes
2017-12-01 10:06:37,162 - scripts - INFO - Checking processes
2017-12-01 10:07:37,169 - scripts - INFO - Checking processes
2017-12-01 10:08:37,175 - scripts - INFO - Checking processes
2017-12-01 10:09:37,184 - scripts - INFO - Checking processes
2017-12-01 10:10:37,190 - scripts - INFO - Checking processes
2017-12-01 10:11:37,193 - scripts - INFO - Checking processes
2017-12-01 10:12:37,197 - scripts - INFO - Checking processes
2017-12-01 10:13:37,201 - scripts - INFO - Checking processes
2017-12-01 10:14:37,205 - scripts - INFO - Checking processes
2017-12-01 10:15:37,209 - scripts - INFO - Checking processes
2017-12-01 10:16:37,212 - scripts - INFO - Checking processes
2017-12-01 10:17:37,223 - scripts - INFO - Checking processes
2017-12-01 10:18:37,231 - scripts - INFO - Checking processes
2017-12-01 10:19:37,242 - scripts - INFO - Checking processes
2017-12-01 10:20:37,247 - scripts - INFO - Checking processes
2017-12-01 10:21:37,256 - scripts - INFO - Checking processes
2017-12-01 10:22:37,261 - scripts - INFO - Checking processes
2017-12-01 10:23:37,274 - scripts - INFO - Checking processes
2017-12-01 10:24:37,287 - scripts - INFO - Checking processes
2017-12-01 10:25:37,299 - scripts - INFO - Checking processes
2017-12-01 10:26:37,312 - scripts - INFO - Checking processes
2017-12-01 10:27:37,315 - scripts - INFO - Checking processes
2017-12-01 10:28:37,328 - scripts - INFO - Checking processes
2017-12-01 10:29:37,341 - scripts - INFO - Checking processes
2017-12-01 10:30:37,351 - scripts - INFO - Checking processes
2017-12-01 10:31:37,364 - scripts - INFO - Checking processes
2017-12-01 10:44:57,635 - scripts - INFO - Checking processes
2017-12-01 10:45:57,648 - scripts - INFO - Checking processes
2017-12-01 10:46:57,660 - scripts - INFO - Checking processes
2017-12-01 10:47:57,673 - scripts - INFO - Checking processes
2017-12-01 10:48:57,684 - scripts - INFO - Checking processes
2017-12-01 10:49:57,696 - scripts - INFO - Checking processes
2017-12-01 10:50:57,703 - scripts - INFO - Checking processes
2017-12-01 10:51:57,709 - scripts - INFO - Checking processes
2017-12-01 10:52:57,721 - scripts - INFO - Checking processes
2017-12-01 10:53:57,734 - scripts - INFO - Checking processes
2017-12-01 10:54:57,744 - scripts - INFO - Checking processes
2017-12-01 10:55:57,748 - scripts - INFO - Checking processes
2017-12-01 10:56:57,753 - scripts - INFO - Checking processes
2017-12-01 10:57:57,759 - scripts - INFO - Checking processes
2017-12-01 10:58:57,767 - scripts - INFO - Checking processes
2017-12-01 10:59:57,779 - scripts - INFO - Checking processes
2017-12-01 11:00:57,787 - scripts - INFO - Checking processes
2017-12-01 11:01:57,792 - scripts - INFO - Checking processes
2017-12-01 11:02:57,805 - scripts - INFO - Checking processes
2017-12-01 11:03:57,818 - scripts - INFO - Checking processes
2017-12-01 11:04:57,822 - scripts - INFO - Checking processes
2017-12-01 11:05:57,828 - scripts - INFO - Checking processes
2017-12-01 11:06:57,841 - scripts - INFO - Checking processes
2017-12-01 11:07:57,849 - scripts - INFO - Checking processes
2017-12-01 11:08:57,854 - scripts - INFO - Checking processes
2017-12-01 11:09:57,858 - scripts - INFO - Checking processes
2017-12-01 11:10:57,862 - scripts - INFO - Checking processes
2017-12-01 11:11:57,865 - scripts - INFO - Checking processes
2017-12-01 11:12:57,869 - scripts - INFO - Checking processes
2017-12-01 11:13:57,875 - scripts - INFO - Checking processes
2017-12-01 11:22:13,692 - scripts - INFO - Checking processes
2017-12-01 11:23:13,704 - scripts - INFO - Checking processes
2017-12-01 11:24:13,717 - scripts - INFO - Checking processes
2017-12-01 11:25:13,728 - scripts - INFO - Checking processes
2017-12-01 11:26:13,733 - scripts - INFO - Checking processes
2017-12-01 11:27:13,746 - scripts - INFO - Checking processes
2017-12-01 11:28:13,758 - scripts - INFO - Checking processes
2017-12-01 11:29:13,764 - scripts - INFO - Checking processes
2017-12-01 11:30:13,771 - scripts - INFO - Checking processes
2017-12-01 11:31:13,782 - scripts - INFO - Checking processes
2017-12-01 11:32:13,785 - scripts - INFO - Checking processes
2017-12-01 11:33:13,789 - scripts - INFO - Checking processes
2017-12-01 11:34:13,793 - scripts - INFO - Checking processes
2017-12-01 11:35:13,806 - scripts - INFO - Checking processes
2017-12-01 11:36:13,818 - scripts - INFO - Checking processes
2017-12-01 11:37:13,825 - scripts - INFO - Checking processes
2017-12-01 11:38:13,827 - scripts - INFO - Checking processes
2017-12-01 11:39:13,835 - scripts - INFO - Checking processes
2017-12-01 11:40:13,843 - scripts - INFO - Checking processes
2017-12-01 11:41:13,854 - scripts - INFO - Checking processes
2017-12-01 11:42:13,860 - scripts - INFO - Checking processes
2017-12-01 11:43:13,866 - scripts - INFO - Checking processes
2017-12-01 11:44:13,879 - scripts - INFO - Checking processes
2017-12-01 11:45:13,886 - scripts - INFO - Checking processes
2017-12-01 11:46:13,899 - scripts - INFO - Checking processes
2017-12-01 11:47:13,907 - scripts - INFO - Checking processes
2017-12-01 11:48:13,921 - scripts - INFO - Checking processes
2017-12-01 11:49:13,924 - scripts - INFO - Checking processes
2017-12-01 11:50:13,934 - scripts - INFO - Checking processes
2017-12-01 11:51:13,947 - scripts - INFO - Checking processes
2017-12-01 11:52:36,557 - scripts - INFO - Checking processes
2017-12-01 11:55:46,107 - scripts - INFO - Checking processes
2017-12-01 12:07:41,645 - scripts - INFO - Checking processes
2017-12-01 12:33:30,183 - scripts - INFO - Checking processes
2017-12-01 12:34:30,186 - scripts - INFO - Checking processes
2017-12-01 12:35:30,200 - scripts - INFO - Checking processes
2017-12-01 12:36:30,203 - scripts - INFO - Checking processes
2017-12-01 12:37:30,215 - scripts - INFO - Checking processes
2017-12-01 12:38:30,220 - scripts - INFO - Checking processes
2017-12-01 12:39:30,232 - scripts - INFO - Checking processes
2017-12-01 12:40:30,246 - scripts - INFO - Checking processes
2017-12-01 12:41:30,260 - scripts - INFO - Checking processes
2017-12-01 12:42:30,272 - scripts - INFO - Checking processes
2017-12-01 12:43:30,277 - scripts - INFO - Checking processes
2017-12-01 12:44:30,290 - scripts - INFO - Checking processes
2017-12-01 12:45:30,303 - scripts - INFO - Checking processes
2017-12-01 12:46:30,309 - scripts - INFO - Checking processes
2017-12-01 12:47:30,322 - scripts - INFO - Checking processes
2017-12-01 12:48:30,328 - scripts - INFO - Checking processes
2017-12-01 12:49:30,337 - scripts - INFO - Checking processes
2017-12-01 12:50:30,343 - scripts - INFO - Checking processes
2017-12-01 12:51:30,347 - scripts - INFO - Checking processes
2017-12-01 12:52:30,359 - scripts - INFO - Checking processes
2017-12-01 12:53:30,372 - scripts - INFO - Checking processes
2017-12-01 12:54:30,378 - scripts - INFO - Checking processes
2017-12-01 12:55:30,391 - scripts - INFO - Checking processes
2017-12-01 12:56:30,397 - scripts - INFO - Checking processes
2017-12-01 12:57:30,402 - scripts - INFO - Checking processes
2017-12-01 12:58:30,412 - scripts - INFO - Checking processes
2017-12-01 12:59:30,419 - scripts - INFO - Checking processes
2017-12-01 13:00:30,425 - scripts - INFO - Checking processes
2017-12-01 13:01:30,428 - scripts - INFO - Checking processes
2017-12-01 13:02:30,432 - scripts - INFO - Checking processes
2017-12-01 13:17:53,106 - scripts - INFO - Checking processes
2017-12-01 13:18:53,111 - scripts - INFO - Checking processes
2017-12-01 13:19:53,117 - scripts - INFO - Checking processes
2017-12-01 13:20:53,124 - scripts - INFO - Checking processes
2017-12-01 13:21:53,136 - scripts - INFO - Checking processes
2017-12-01 13:22:53,141 - scripts - INFO - Checking processes
2017-12-01 13:23:53,148 - scripts - INFO - Checking processes
2017-12-01 13:24:53,160 - scripts - INFO - Checking processes
2017-12-01 13:25:53,173 - scripts - INFO - Checking processes
2017-12-01 13:26:53,185 - scripts - INFO - Checking processes
2017-12-01 13:27:53,188 - scripts - INFO - Checking processes
2017-12-01 13:28:53,199 - scripts - INFO - Checking processes
2017-12-01 13:29:53,202 - scripts - INFO - Checking processes
2017-12-01 13:30:53,207 - scripts - INFO - Checking processes
2017-12-01 13:31:53,211 - scripts - INFO - Checking processes
2017-12-01 13:32:53,215 - scripts - INFO - Checking processes
2017-12-01 13:33:53,219 - scripts - INFO - Checking processes
2017-12-01 13:34:53,225 - scripts - INFO - Checking processes
2017-12-01 13:35:53,236 - scripts - INFO - Checking processes
2017-12-01 13:36:53,249 - scripts - INFO - Checking processes
2017-12-01 13:37:53,254 - scripts - INFO - Checking processes
2017-12-01 13:38:53,258 - scripts - INFO - Checking processes
2017-12-01 13:39:53,271 - scripts - INFO - Checking processes
2017-12-01 13:40:53,279 - scripts - INFO - Checking processes
2017-12-01 13:41:53,285 - scripts - INFO - Checking processes
2017-12-01 13:42:53,291 - scripts - INFO - Checking processes
2017-12-01 13:43:53,297 - scripts - INFO - Checking processes
2017-12-01 13:44:53,311 - scripts - INFO - Checking processes
2017-12-01 13:45:53,317 - scripts - INFO - Checking processes
2017-12-01 13:46:53,331 - scripts - INFO - Checking processes
2017-12-01 13:59:46,553 - scripts - INFO - Checking processes
2017-12-01 14:00:46,566 - scripts - INFO - Checking processes
2017-12-01 14:01:46,580 - scripts - INFO - Checking processes
2017-12-01 14:02:46,584 - scripts - INFO - Checking processes
2017-12-01 14:03:46,589 - scripts - INFO - Checking processes
2017-12-01 14:04:46,595 - scripts - INFO - Checking processes
2017-12-01 14:05:46,605 - scripts - INFO - Checking processes
2017-12-01 14:06:46,611 - scripts - INFO - Checking processes
2017-12-01 14:07:46,617 - scripts - INFO - Checking processes
2017-12-01 14:08:46,622 - scripts - INFO - Checking processes
2017-12-01 14:09:46,630 - scripts - INFO - Checking processes
2017-12-01 14:10:46,635 - scripts - INFO - Checking processes
2017-12-01 14:11:46,639 - scripts - INFO - Checking processes
2017-12-01 14:12:46,646 - scripts - INFO - Checking processes
2017-12-01 14:13:46,653 - scripts - INFO - Checking processes
2017-12-01 14:14:46,657 - scripts - INFO - Checking processes
2017-12-01 14:15:46,663 - scripts - INFO - Checking processes
2017-12-01 14:16:46,668 - scripts - INFO - Checking processes
2017-12-01 14:17:46,674 - scripts - INFO - Checking processes
2017-12-01 14:18:46,678 - scripts - INFO - Checking processes
2017-12-01 14:19:46,685 - scripts - INFO - Checking processes
2017-12-01 14:20:46,692 - scripts - INFO - Checking processes
2017-12-01 14:21:46,696 - scripts - INFO - Checking processes
2017-12-01 14:22:46,702 - scripts - INFO - Checking processes
2017-12-01 14:23:46,707 - scripts - INFO - Checking processes
2017-12-01 14:24:46,713 - scripts - INFO - Checking processes
2017-12-01 14:25:46,717 - scripts - INFO - Checking processes
2017-12-01 14:26:46,723 - scripts - INFO - Checking processes
2017-12-01 14:27:46,730 - scripts - INFO - Checking processes
2017-12-01 14:28:46,735 - scripts - INFO - Checking processes
2017-12-01 14:45:01,744 - scripts - INFO - Checking processes
2017-12-01 14:46:01,749 - scripts - INFO - Checking processes
2017-12-01 14:47:01,755 - scripts - INFO - Checking processes
2017-12-01 14:48:01,769 - scripts - INFO - Checking processes
2017-12-01 14:49:01,777 - scripts - INFO - Checking processes
2017-12-01 14:50:01,783 - scripts - INFO - Checking processes
2017-12-01 14:51:01,788 - scripts - INFO - Checking processes
2017-12-01 14:52:01,801 - scripts - INFO - Checking processes
2017-12-01 14:53:01,813 - scripts - INFO - Checking processes
2017-12-01 14:54:01,819 - scripts - INFO - Checking processes
2017-12-01 14:55:01,830 - scripts - INFO - Checking processes
2017-12-01 14:56:01,834 - scripts - INFO - Checking processes
2017-12-01 14:57:01,844 - scripts - INFO - Checking processes
2017-12-01 14:58:01,857 - scripts - INFO - Checking processes
2017-12-01 14:59:01,870 - scripts - INFO - Checking processes
2017-12-01 15:00:01,876 - scripts - INFO - Checking processes
2017-12-01 15:01:01,878 - scripts - INFO - Checking processes
2017-12-01 15:02:01,882 - scripts - INFO - Checking processes
2017-12-01 15:03:01,886 - scripts - INFO - Checking processes
2017-12-01 15:04:01,891 - scripts - INFO - Checking processes
2017-12-01 15:05:01,903 - scripts - INFO - Checking processes
2017-12-01 15:06:01,916 - scripts - INFO - Checking processes
2017-12-01 15:07:01,924 - scripts - INFO - Checking processes
2017-12-01 15:08:01,937 - scripts - INFO - Checking processes
2017-12-01 15:09:01,943 - scripts - INFO - Checking processes
2017-12-01 15:10:01,947 - scripts - INFO - Checking processes
2017-12-01 15:11:01,955 - scripts - INFO - Checking processes
2017-12-01 15:12:01,961 - scripts - INFO - Checking processes
2017-12-01 15:13:01,973 - scripts - INFO - Checking processes
2017-12-01 15:14:01,986 - scripts - INFO - Checking processes
2017-12-01 15:41:25,998 - scripts - INFO - Checking processes
2017-12-01 16:01:33,534 - scripts - INFO - Checking processes
2017-12-01 16:37:37,075 - scripts - INFO - Checking processes
2017-12-01 16:38:37,087 - scripts - INFO - Checking processes
2017-12-01 16:39:37,100 - scripts - INFO - Checking processes
2017-12-01 16:40:37,114 - scripts - INFO - Checking processes
2017-12-01 16:41:37,127 - scripts - INFO - Checking processes
2017-12-01 16:42:37,130 - scripts - INFO - Checking processes
2017-12-01 16:43:37,143 - scripts - INFO - Checking processes
2017-12-01 16:44:37,146 - scripts - INFO - Checking processes
2017-12-01 16:45:37,152 - scripts - INFO - Checking processes
2017-12-01 16:46:37,159 - scripts - INFO - Checking processes
2017-12-01 16:47:37,167 - scripts - INFO - Checking processes
2017-12-01 16:48:37,171 - scripts - INFO - Checking processes
2017-12-01 16:49:37,177 - scripts - INFO - Checking processes
2017-12-01 16:50:37,190 - scripts - INFO - Checking processes
2017-12-01 16:51:37,195 - scripts - INFO - Checking processes
2017-12-01 16:52:37,207 - scripts - INFO - Checking processes
2017-12-01 16:53:37,220 - scripts - INFO - Checking processes
2017-12-01 16:54:37,223 - scripts - INFO - Checking processes
2017-12-01 16:55:37,225 - scripts - INFO - Checking processes
2017-12-01 16:56:37,239 - scripts - INFO - Checking processes
2017-12-01 16:57:37,245 - scripts - INFO - Checking processes
2017-12-01 16:58:37,252 - scripts - INFO - Checking processes
2017-12-01 16:59:37,259 - scripts - INFO - Checking processes
2017-12-01 17:00:37,262 - scripts - INFO - Checking processes
2017-12-01 17:01:37,274 - scripts - INFO - Checking processes
2017-12-01 17:02:37,277 - scripts - INFO - Checking processes
2017-12-01 17:03:37,280 - scripts - INFO - Checking processes
2017-12-01 17:04:37,290 - scripts - INFO - Checking processes
2017-12-01 17:05:37,297 - scripts - INFO - Checking processes
2017-12-01 17:06:37,303 - scripts - INFO - Checking processes
2017-12-01 17:14:46,180 - scripts - INFO - Checking processes
2017-12-01 17:15:46,184 - scripts - INFO - Checking processes
2017-12-01 17:16:46,191 - scripts - INFO - Checking processes
2017-12-01 17:17:46,201 - scripts - INFO - Checking processes
2017-12-01 17:18:46,212 - scripts - INFO - Checking processes
2017-12-01 17:19:46,215 - scripts - INFO - Checking processes
2017-12-01 17:20:46,221 - scripts - INFO - Checking processes
2017-12-01 17:21:46,235 - scripts - INFO - Checking processes
2017-12-01 17:22:46,242 - scripts - INFO - Checking processes
2017-12-01 17:23:46,255 - scripts - INFO - Checking processes
2017-12-01 17:24:46,261 - scripts - INFO - Checking processes
2017-12-01 17:25:46,265 - scripts - INFO - Checking processes
2017-12-01 17:26:46,274 - scripts - INFO - Checking processes
2017-12-01 17:27:46,281 - scripts - INFO - Checking processes
2017-12-01 17:28:46,288 - scripts - INFO - Checking processes
2017-12-01 17:29:46,301 - scripts - INFO - Checking processes
2017-12-01 17:30:46,310 - scripts - INFO - Checking processes
2017-12-01 17:31:46,323 - scripts - INFO - Checking processes
2017-12-01 17:32:46,337 - scripts - INFO - Checking processes
2017-12-01 17:33:46,350 - scripts - INFO - Checking processes
2017-12-01 17:34:46,361 - scripts - INFO - Checking processes
2017-12-01 17:35:46,374 - scripts - INFO - Checking processes
2017-12-01 17:36:46,386 - scripts - INFO - Checking processes
2017-12-01 17:37:46,389 - scripts - INFO - Checking processes
2017-12-01 17:38:46,396 - scripts - INFO - Checking processes
2017-12-01 17:39:46,409 - scripts - INFO - Checking processes
2017-12-01 17:40:46,412 - scripts - INFO - Checking processes
2017-12-01 17:41:46,417 - scripts - INFO - Checking processes
2017-12-01 17:42:46,421 - scripts - INFO - Checking processes
2017-12-01 17:43:46,429 - scripts - INFO - Checking processes
2017-12-01 17:51:22,989 - scripts - INFO - Checking processes
2017-12-01 18:04:55,527 - scripts - INFO - Checking processes
2017-12-01 18:18:40,078 - scripts - INFO - Checking processes
2017-12-01 18:19:40,091 - scripts - INFO - Checking processes
2017-12-01 18:20:40,101 - scripts - INFO - Checking processes
2017-12-01 18:21:40,111 - scripts - INFO - Checking processes
2017-12-01 18:22:40,124 - scripts - INFO - Checking processes
2017-12-01 18:23:40,129 - scripts - INFO - Checking processes
2017-12-01 18:24:40,134 - scripts - INFO - Checking processes
2017-12-01 18:25:40,139 - scripts - INFO - Checking processes
2017-12-01 18:26:40,142 - scripts - INFO - Checking processes
2017-12-01 18:27:40,155 - scripts - INFO - Checking processes
2017-12-01 18:28:40,162 - scripts - INFO - Checking processes
2017-12-01 18:29:40,171 - scripts - INFO - Checking processes
2017-12-01 18:30:40,179 - scripts - INFO - Checking processes
2017-12-01 18:31:40,185 - scripts - INFO - Checking processes
2017-12-01 18:32:40,189 - scripts - INFO - Checking processes
2017-12-01 18:33:40,198 - scripts - INFO - Checking processes
2017-12-01 18:34:40,206 - scripts - INFO - Checking processes
2017-12-01 18:35:40,212 - scripts - INFO - Checking processes
2017-12-01 18:36:40,219 - scripts - INFO - Checking processes
2017-12-01 18:37:40,223 - scripts - INFO - Checking processes
2017-12-01 18:38:40,226 - scripts - INFO - Checking processes
2017-12-01 18:39:40,231 - scripts - INFO - Checking processes
2017-12-01 18:40:40,243 - scripts - INFO - Checking processes
2017-12-01 18:41:40,250 - scripts - INFO - Checking processes
2017-12-01 18:42:40,254 - scripts - INFO - Checking processes
2017-12-01 18:43:40,261 - scripts - INFO - Checking processes
2017-12-01 18:44:40,266 - scripts - INFO - Checking processes
2017-12-01 18:45:40,270 - scripts - INFO - Checking processes
2017-12-01 18:46:40,274 - scripts - INFO - Checking processes
2017-12-01 18:47:40,284 - scripts - INFO - Checking processes
2017-12-01 18:56:08,732 - scripts - INFO - Checking processes
2017-12-01 18:57:08,744 - scripts - INFO - Checking processes
2017-12-01 18:58:08,758 - scripts - INFO - Checking processes
2017-12-01 18:59:08,762 - scripts - INFO - Checking processes
2017-12-01 19:00:08,768 - scripts - INFO - Checking processes
2017-12-01 19:01:08,780 - scripts - INFO - Checking processes
2017-12-01 19:02:08,786 - scripts - INFO - Checking processes
2017-12-01 19:03:08,789 - scripts - INFO - Checking processes
2017-12-01 19:04:08,802 - scripts - INFO - Checking processes
2017-12-01 19:05:08,810 - scripts - INFO - Checking processes
2017-12-01 19:06:08,821 - scripts - INFO - Checking processes
2017-12-01 19:07:08,834 - scripts - INFO - Checking processes
2017-12-01 19:08:08,841 - scripts - INFO - Checking processes
2017-12-01 19:09:08,846 - scripts - INFO - Checking processes
2017-12-01 19:10:08,859 - scripts - INFO - Checking processes
2017-12-01 19:11:08,862 - scripts - INFO - Checking processes
2017-12-01 19:12:08,869 - scripts - INFO - Checking processes
2017-12-01 19:13:08,882 - scripts - INFO - Checking processes
2017-12-01 19:14:08,891 - scripts - INFO - Checking processes
2017-12-01 19:15:08,897 - scripts - INFO - Checking processes
2017-12-01 19:16:08,902 - scripts - INFO - Checking processes
2017-12-01 19:17:08,907 - scripts - INFO - Checking processes
2017-12-01 19:18:08,913 - scripts - INFO - Checking processes
2017-12-01 19:19:08,920 - scripts - INFO - Checking processes
2017-12-01 19:20:08,922 - scripts - INFO - Checking processes
2017-12-01 19:21:08,933 - scripts - INFO - Checking processes
2017-12-01 19:22:08,944 - scripts - INFO - Checking processes
2017-12-01 19:23:08,948 - scripts - INFO - Checking processes
2017-12-01 19:24:08,951 - scripts - INFO - Checking processes
2017-12-01 19:25:08,955 - scripts - INFO - Checking processes
2017-12-01 19:38:57,860 - scripts - INFO - Checking processes
2017-12-01 19:39:57,870 - scripts - INFO - Checking processes
2017-12-01 19:40:57,877 - scripts - INFO - Checking processes
2017-12-01 19:41:57,890 - scripts - INFO - Checking processes
2017-12-01 19:42:57,895 - scripts - INFO - Checking processes
2017-12-01 19:43:57,907 - scripts - INFO - Checking processes
2017-12-01 19:44:57,920 - scripts - INFO - Checking processes
2017-12-01 19:45:57,933 - scripts - INFO - Checking processes
2017-12-01 19:46:57,938 - scripts - INFO - Checking processes
2017-12-01 19:47:57,946 - scripts - INFO - Checking processes
2017-12-01 19:48:57,952 - scripts - INFO - Checking processes
2017-12-01 19:49:57,958 - scripts - INFO - Checking processes
2017-12-01 19:50:57,964 - scripts - INFO - Checking processes
2017-12-01 19:51:57,971 - scripts - INFO - Checking processes
2017-12-01 19:52:57,980 - scripts - INFO - Checking processes
2017-12-01 19:53:57,990 - scripts - INFO - Checking processes
2017-12-01 19:54:58,002 - scripts - INFO - Checking processes
2017-12-01 19:55:58,015 - scripts - INFO - Checking processes
2017-12-01 19:56:58,028 - scripts - INFO - Checking processes
2017-12-01 19:57:58,041 - scripts - INFO - Checking processes
2017-12-01 19:58:58,053 - scripts - INFO - Checking processes
2017-12-01 19:59:58,062 - scripts - INFO - Checking processes
2017-12-01 20:00:58,068 - scripts - INFO - Checking processes
2017-12-01 20:01:58,073 - scripts - INFO - Checking processes
2017-12-01 20:02:58,079 - scripts - INFO - Checking processes
2017-12-01 20:03:58,090 - scripts - INFO - Checking processes
2017-12-01 20:04:58,096 - scripts - INFO - Checking processes
2017-12-01 20:05:58,107 - scripts - INFO - Checking processes
2017-12-01 20:06:58,110 - scripts - INFO - Checking processes
2017-12-01 20:07:58,123 - scripts - INFO - Checking processes
2017-12-01 20:14:11,563 - scripts - INFO - Checking processes
2017-12-01 20:15:11,571 - scripts - INFO - Checking processes
2017-12-01 20:16:11,585 - scripts - INFO - Checking processes
2017-12-01 20:17:11,592 - scripts - INFO - Checking processes
2017-12-01 20:18:11,605 - scripts - INFO - Checking processes
2017-12-01 20:19:11,612 - scripts - INFO - Checking processes
2017-12-01 20:20:11,625 - scripts - INFO - Checking processes
2017-12-01 20:21:11,636 - scripts - INFO - Checking processes
2017-12-01 20:22:11,645 - scripts - INFO - Checking processes
2017-12-01 20:23:11,657 - scripts - INFO - Checking processes
2017-12-01 20:24:11,662 - scripts - INFO - Checking processes
2017-12-01 20:25:11,672 - scripts - INFO - Checking processes
2017-12-01 20:26:11,679 - scripts - INFO - Checking processes
2017-12-01 20:27:11,692 - scripts - INFO - Checking processes
2017-12-01 20:28:11,696 - scripts - INFO - Checking processes
2017-12-01 20:29:11,708 - scripts - INFO - Checking processes
2017-12-01 20:30:11,721 - scripts - INFO - Checking processes
2017-12-01 20:31:11,727 - scripts - INFO - Checking processes
2017-12-01 20:32:11,730 - scripts - INFO - Checking processes
2017-12-01 20:33:11,738 - scripts - INFO - Checking processes
2017-12-01 20:34:11,742 - scripts - INFO - Checking processes
2017-12-01 20:35:11,747 - scripts - INFO - Checking processes
2017-12-01 20:36:11,754 - scripts - INFO - Checking processes
2017-12-01 20:37:11,760 - scripts - INFO - Checking processes
2017-12-01 20:38:11,763 - scripts - INFO - Checking processes
2017-12-01 20:39:11,773 - scripts - INFO - Checking processes
2017-12-01 20:40:11,777 - scripts - INFO - Checking processes
2017-12-01 20:41:11,781 - scripts - INFO - Checking processes
2017-12-01 20:42:11,790 - scripts - INFO - Checking processes
2017-12-01 20:43:11,796 - scripts - INFO - Checking processes
2017-12-01 20:54:19,342 - scripts - INFO - Checking processes
2017-12-01 20:55:19,866 - scripts - INFO - Checking processes
2017-12-01 20:56:19,880 - scripts - INFO - Checking processes
2017-12-01 20:56:19,881 - scripts - ERROR - Stopped process: {'cmdline': ['python', '-m', 'bitcoin.storage.gdax_msgs', 'ETH-BTC'], 'pid': 33470, 'name': 'Gdax Storage: ETH-BTC'}
2017-12-01 20:56:19,890 - scripts - INFO - Starting process: {'cmdline': ['python', '-m', 'bitcoin.storage.gdax_msgs', 'ETH-BTC'], 'pid': 38939, 'name': 'Gdax Storage: ETH-BTC'}
2017-12-01 20:57:19,902 - scripts - INFO - Checking processes
2017-12-01 20:57:19,903 - scripts - ERROR - Stopped process: {'cmdline': ['python', '-m', 'bitcoin.storage.gdax_msgs', 'BTC-USD'], 'pid': 33468, 'name': 'Gdax Storage: BTC-USD'}
2017-12-01 20:57:19,909 - scripts - INFO - Starting process: {'cmdline': ['python', '-m', 'bitcoin.storage.gdax_msgs', 'BTC-USD'], 'pid': 38964, 'name': 'Gdax Storage: BTC-USD'}
2017-12-01 20:57:19,909 - scripts - ERROR - Stopped process: {'cmdline': ['python', '-m', 'bitcoin.storage.gdax_msgs', 'ETH-BTC'], 'pid': 38939, 'name': 'Gdax Storage: ETH-BTC'}
2017-12-01 20:57:19,914 - scripts - INFO - Starting process: {'cmdline': ['python', '-m', 'bitcoin.storage.gdax_msgs', 'ETH-BTC'], 'pid': 38965, 'name': 'Gdax Storage: ETH-BTC'}
2017-12-01 20:58:19,927 - scripts - INFO - Checking processes
2017-12-01 20:59:19,933 - scripts - INFO - Checking processes
2017-12-01 21:00:19,942 - scripts - INFO - Checking processes
2017-12-01 21:01:19,954 - scripts - INFO - Checking processes
2017-12-01 21:02:19,966 - scripts - INFO - Checking processes
2017-12-01 21:03:19,972 - scripts - INFO - Checking processes
2017-12-01 21:04:19,984 - scripts - INFO - Checking processes
2017-12-01 21:05:19,996 - scripts - INFO - Checking processes
2017-12-01 21:06:20,002 - scripts - INFO - Checking processes
2017-12-01 21:07:20,015 - scripts - INFO - Checking processes
2017-12-01 21:08:20,024 - scripts - INFO - Checking processes
2017-12-01 21:09:20,031 - scripts - INFO - Checking processes
2017-12-01 21:10:20,036 - scripts - INFO - Checking processes
2017-12-01 21:11:20,040 - scripts - INFO - Checking processes
2017-12-01 21:12:20,051 - scripts - INFO - Checking processes
2017-12-01 21:13:20,057 - scripts - INFO - Checking processes
2017-12-01 21:14:20,064 - scripts - INFO - Checking processes
2017-12-01 21:15:20,073 - scripts - INFO - Checking processes
2017-12-01 21:16:20,077 - scripts - INFO - Checking processes
2017-12-01 21:17:20,082 - scripts - INFO - Checking processes
2017-12-01 21:18:20,088 - scripts - INFO - Checking processes
2017-12-01 21:19:20,097 - scripts - INFO - Checking processes
2017-12-01 21:20:20,100 - scripts - INFO - Checking processes
2017-12-01 21:21:20,105 - scripts - INFO - Checking processes
2017-12-01 21:22:20,111 - scripts - INFO - Checking processes
2017-12-01 21:23:20,123 - scripts - INFO - Checking processes
2017-12-01 21:24:20,126 - scripts - INFO - Checking processes
2017-12-01 21:38:07,334 - scripts - INFO - Checking processes
2017-12-01 21:39:07,337 - scripts - INFO - Checking processes
2017-12-01 21:40:07,340 - scripts - INFO - Checking processes
2017-12-01 21:41:07,344 - scripts - INFO - Checking processes
2017-12-01 21:42:07,349 - scripts - INFO - Checking processes
2017-12-01 21:43:07,358 - scripts - INFO - Checking processes
2017-12-01 21:44:07,370 - scripts - INFO - Checking processes
2017-12-01 21:45:07,380 - scripts - INFO - Checking processes
2017-12-01 21:46:07,382 - scripts - INFO - Checking processes
2017-12-01 21:47:07,388 - scripts - INFO - Checking processes
2017-12-01 21:48:07,399 - scripts - INFO - Checking processes
2017-12-01 21:49:07,412 - scripts - INFO - Checking processes
2017-12-01 21:50:07,425 - scripts - INFO - Checking processes
2017-12-01 21:51:07,430 - scripts - INFO - Checking processes
2017-12-01 21:52:07,442 - scripts - INFO - Checking processes
2017-12-01 21:53:07,449 - scripts - INFO - Checking processes
2017-12-01 21:54:07,451 - scripts - INFO - Checking processes
2017-12-01 21:55:07,456 - scripts - INFO - Checking processes
2017-12-01 21:56:07,459 - scripts - INFO - Checking processes
2017-12-01 21:57:07,464 - scripts - INFO - Checking processes
2017-12-01 21:58:07,472 - scripts - INFO - Checking processes
2017-12-01 21:59:07,486 - scripts - INFO - Checking processes
2017-12-01 22:00:07,497 - scripts - INFO - Checking processes
2017-12-01 22:01:07,503 - scripts - INFO - Checking processes
2017-12-01 22:02:07,512 - scripts - INFO - Checking processes
2017-12-01 22:03:07,517 - scripts - INFO - Checking processes
2017-12-01 22:04:07,524 - scripts - INFO - Checking processes
2017-12-01 22:05:07,534 - scripts - INFO - Checking processes
2017-12-01 22:06:07,541 - scripts - INFO - Checking processes
2017-12-01 22:07:07,552 - scripts - INFO - Checking processes
2017-12-01 22:10:55,678 - scripts - INFO - Checking processes
2017-12-01 22:11:55,687 - scripts - INFO - Checking processes
2017-12-01 22:12:55,694 - scripts - INFO - Checking processes
2017-12-01 22:13:55,704 - scripts - INFO - Checking processes
2017-12-01 22:14:55,714 - scripts - INFO - Checking processes
2017-12-01 22:15:55,723 - scripts - INFO - Checking processes
2017-12-01 22:16:55,730 - scripts - INFO - Checking processes
2017-12-01 22:17:55,733 - scripts - INFO - Checking processes
2017-12-01 22:18:55,737 - scripts - INFO - Checking processes
2017-12-01 22:19:55,744 - scripts - INFO - Checking processes
2017-12-01 22:20:55,756 - scripts - INFO - Checking processes
2017-12-01 22:21:55,769 - scripts - INFO - Checking processes
2017-12-01 22:22:55,778 - scripts - INFO - Checking processes
2017-12-01 22:23:55,790 - scripts - INFO - Checking processes
2017-12-01 22:24:55,794 - scripts - INFO - Checking processes
2017-12-01 22:25:55,806 - scripts - INFO - Checking processes
2017-12-01 22:26:55,816 - scripts - INFO - Checking processes
2017-12-01 22:27:55,821 - scripts - INFO - Checking processes
2017-12-01 22:28:55,825 - scripts - INFO - Checking processes
2017-12-01 22:29:55,837 - scripts - INFO - Checking processes
2017-12-01 22:30:55,842 - scripts - INFO - Checking processes
2017-12-01 22:31:55,850 - scripts - INFO - Checking processes
2017-12-01 22:32:55,857 - scripts - INFO - Checking processes
2017-12-01 22:33:55,859 - scripts - INFO - Checking processes
2017-12-01 22:34:55,863 - scripts - INFO - Checking processes
2017-12-01 22:35:55,876 - scripts - INFO - Checking processes
2017-12-01 22:36:55,879 - scripts - INFO - Checking processes
2017-12-01 22:37:55,890 - scripts - INFO - Checking processes
2017-12-01 22:38:55,901 - scripts - INFO - Checking processes
2017-12-01 22:39:55,911 - scripts - INFO - Checking processes
2017-12-01 22:40:55,921 - scripts - INFO - Checking processes
2017-12-01 22:38:33,375 - scripts - INFO - Checking processes
2017-12-01 22:39:33,379 - scripts - INFO - Checking processes
2017-12-01 22:40:33,390 - scripts - INFO - Checking processes
2017-12-01 22:41:33,393 - scripts - INFO - Checking processes
2017-12-01 22:42:33,402 - scripts - INFO - Checking processes
2017-12-01 22:43:33,405 - scripts - INFO - Checking processes
2017-12-01 22:44:33,416 - scripts - INFO - Checking processes
2017-12-01 22:45:33,420 - scripts - INFO - Checking processes
2017-12-01 22:46:33,425 - scripts - INFO - Checking processes
2017-12-01 22:47:33,430 - scripts - INFO - Checking processes
2017-12-01 22:48:33,442 - scripts - INFO - Checking processes
2017-12-01 22:49:33,446 - scripts - INFO - Checking processes
2017-12-01 22:50:33,457 - scripts - INFO - Checking processes
2017-12-01 22:51:33,463 - scripts - INFO - Checking processes
2017-12-01 22:52:33,466 - scripts - INFO - Checking processes
2017-12-01 22:53:33,472 - scripts - INFO - Checking processes
2017-12-01 22:54:33,483 - scripts - INFO - Checking processes
2017-12-01 22:55:33,490 - scripts - INFO - Checking processes
2017-12-01 22:56:33,497 - scripts - INFO - Checking processes
2017-12-01 22:57:33,500 - scripts - INFO - Checking processes
2017-12-01 22:58:33,510 - scripts - INFO - Checking processes
2017-12-01 22:59:33,516 - scripts - INFO - Checking processes
2017-12-01 23:00:33,523 - scripts - INFO - Checking processes
2017-12-01 23:01:33,527 - scripts - INFO - Checking processes
2017-12-01 23:02:33,537 - scripts - INFO - Checking processes
2017-12-01 23:03:33,543 - scripts - INFO - Checking processes
2017-12-01 23:04:33,550 - scripts - INFO - Checking processes
2017-12-01 23:05:33,558 - scripts - INFO - Checking processes
2017-12-01 23:06:33,567 - scripts - INFO - Checking processes
2017-12-01 23:07:33,572 - scripts - INFO - Checking processes
2017-12-01 23:08:33,581 - scripts - INFO - Checking processes
2017-12-01 23:09:33,585 - scripts - INFO - Checking processes
2017-12-01 23:10:33,592 - scripts - INFO - Checking processes
2017-12-01 23:11:33,598 - scripts - INFO - Checking processes
2017-12-01 23:12:33,605 - scripts - INFO - Checking processes
2017-12-01 23:13:33,612 - scripts - INFO - Checking processes
2017-12-01 23:14:33,625 - scripts - INFO - Checking processes
2017-12-01 23:15:33,639 - scripts - INFO - Checking processes
2017-12-01 23:16:33,642 - scripts - INFO - Checking processes
2017-12-01 23:17:33,652 - scripts - INFO - Checking processes
2017-12-01 23:18:33,665 - scripts - INFO - Checking processes
2017-12-01 23:19:33,669 - scripts - INFO - Checking processes
2017-12-01 23:20:33,676 - scripts - INFO - Checking processes
2017-12-01 23:21:33,679 - scripts - INFO - Checking processes
2017-12-01 23:22:33,691 - scripts - INFO - Checking processes
2017-12-01 23:22:33,693 - scripts - ERROR - Stopped process: {'cmdline': ['python', '-m', 'bitcoin.storage.gdax_msgs', 'ETH-USD'], 'pid': 33469, 'name': 'Gdax Storage: ETH-USD'}
2017-12-01 23:22:33,701 - scripts - INFO - Starting process: {'cmdline': ['python', '-m', 'bitcoin.storage.gdax_msgs', 'ETH-USD'], 'pid': 40777, 'name': 'Gdax Storage: ETH-USD'}
2017-12-01 23:23:33,714 - scripts - INFO - Checking processes
2017-12-01 23:24:33,717 - scripts - INFO - Checking processes
2017-12-01 23:25:33,726 - scripts - INFO - Checking processes
2017-12-01 23:26:33,734 - scripts - INFO - Checking processes
2017-12-01 23:27:33,738 - scripts - INFO - Checking processes
2017-12-01 23:28:33,741 - scripts - INFO - Checking processes
2017-12-01 23:29:33,745 - scripts - INFO - Checking processes
2017-12-01 23:30:33,753 - scripts - INFO - Checking processes
2017-12-01 23:31:33,764 - scripts - INFO - Checking processes
2017-12-01 23:32:33,767 - scripts - INFO - Checking processes
2017-12-01 23:33:33,769 - scripts - INFO - Checking processes
2017-12-01 23:34:33,775 - scripts - INFO - Checking processes
2017-12-01 23:35:33,788 - scripts - INFO - Checking processes
2017-12-01 23:36:33,801 - scripts - INFO - Checking processes
2017-12-01 23:37:33,805 - scripts - INFO - Checking processes
2017-12-01 23:38:33,808 - scripts - INFO - Checking processes
2017-12-01 23:39:33,819 - scripts - INFO - Checking processes
2017-12-01 23:40:33,826 - scripts - INFO - Checking processes
2017-12-01 23:41:33,833 - scripts - INFO - Checking processes
2017-12-01 23:42:33,836 - scripts - INFO - Checking processes
2017-12-01 23:43:33,849 - scripts - INFO - Checking processes
2017-12-01 23:44:33,857 - scripts - INFO - Checking processes
2017-12-01 23:45:33,865 - scripts - INFO - Checking processes
2017-12-01 23:46:33,869 - scripts - INFO - Checking processes
2017-12-01 23:47:33,873 - scripts - INFO - Checking processes
2017-12-01 23:48:33,877 - scripts - INFO - Checking processes
2017-12-01 23:49:33,884 - scripts - INFO - Checking processes
2017-12-01 23:50:33,892 - scripts - INFO - Checking processes
2017-12-01 23:51:33,903 - scripts - INFO - Checking processes
2017-12-01 23:52:33,909 - scripts - INFO - Checking processes
2017-12-01 23:53:33,921 - scripts - INFO - Checking processes
2017-12-01 23:54:33,932 - scripts - INFO - Checking processes
2017-12-01 23:55:33,943 - scripts - INFO - Checking processes
2017-12-01 23:56:33,951 - scripts - INFO - Checking processes
2017-12-01 23:57:33,960 - scripts - INFO - Checking processes
2017-12-01 23:58:33,971 - scripts - INFO - Checking processes
2017-12-01 23:59:33,975 - scripts - INFO - Checking processes
2017-12-02 00:00:33,979 - scripts - INFO - Checking processes
2017-12-02 00:01:33,988 - scripts - INFO - Checking processes
2017-12-02 00:02:33,993 - scripts - INFO - Checking processes
2017-12-02 00:03:34,007 - scripts - INFO - Checking processes
2017-12-02 00:04:34,010 - scripts - INFO - Checking processes
2017-12-02 00:05:34,018 - scripts - INFO - Checking processes
2017-12-02 00:06:34,022 - scripts - INFO - Checking processes
2017-12-02 00:07:34,035 - scripts - INFO - Checking processes
2017-12-02 00:08:34,049 - scripts - INFO - Checking processes
2017-12-02 00:09:34,052 - scripts - INFO - Checking processes
2017-12-02 00:10:34,060 - scripts - INFO - Checking processes
2017-12-02 00:11:34,066 - scripts - INFO - Checking processes
2017-12-02 00:12:34,071 - scripts - INFO - Checking processes
2017-12-02 00:13:34,085 - scripts - INFO - Checking processes
2017-12-02 00:14:34,089 - scripts - INFO - Checking processes
2017-12-02 00:15:34,096 - scripts - INFO - Checking processes
2017-12-02 00:16:34,109 - scripts - INFO - Checking processes
2017-12-02 00:17:34,122 - scripts - INFO - Checking processes
2017-12-02 00:18:34,125 - scripts - INFO - Checking processes
2017-12-02 00:19:34,130 - scripts - INFO - Checking processes
2017-12-02 00:20:34,141 - scripts - INFO - Checking processes
2017-12-02 00:21:34,154 - scripts - INFO - Checking processes
2017-12-02 00:22:34,167 - scripts - INFO - Checking processes
2017-12-02 00:23:34,171 - scripts - INFO - Checking processes
2017-12-02 00:24:34,185 - scripts - INFO - Checking processes
2017-12-02 00:25:34,195 - scripts - INFO - Checking processes
2017-12-02 00:26:34,202 - scripts - INFO - Checking processes
2017-12-02 00:27:34,213 - scripts - INFO - Checking processes
2017-12-02 00:28:34,223 - scripts - INFO - Checking processes
2017-12-02 00:29:34,237 - scripts - INFO - Checking processes
2017-12-02 00:30:34,244 - scripts - INFO - Checking processes
2017-12-02 00:31:34,251 - scripts - INFO - Checking processes
2017-12-02 00:32:34,264 - scripts - INFO - Checking processes
2017-12-02 00:33:34,271 - scripts - INFO - Checking processes
2017-12-02 00:34:34,280 - scripts - INFO - Checking processes
2017-12-02 00:35:34,283 - scripts - INFO - Checking processes
2017-12-02 00:36:34,290 - scripts - INFO - Checking processes
2017-12-02 00:37:34,301 - scripts - INFO - Checking processes
2017-12-02 00:38:34,305 - scripts - INFO - Checking processes
2017-12-02 00:39:34,310 - scripts - INFO - Checking processes
2017-12-02 00:40:34,315 - scripts - INFO - Checking processes
2017-12-02 00:41:34,318 - scripts - INFO - Checking processes
2017-12-02 00:42:34,331 - scripts - INFO - Checking processes
2017-12-02 00:43:34,342 - scripts - INFO - Checking processes
2017-12-02 00:44:34,347 - scripts - INFO - Checking processes
2017-12-02 00:45:34,350 - scripts - INFO - Checking processes
2017-12-02 00:46:34,357 - scripts - INFO - Checking processes
2017-12-02 00:47:34,361 - scripts - INFO - Checking processes
2017-12-02 00:48:34,371 - scripts - INFO - Checking processes
2017-12-02 00:49:34,376 - scripts - INFO - Checking processes
2017-12-02 00:50:34,389 - scripts - INFO - Checking processes
2017-12-02 00:51:34,399 - scripts - INFO - Checking processes
2017-12-02 00:52:34,405 - scripts - INFO - Checking processes
2017-12-02 00:53:34,411 - scripts - INFO - Checking processes
2017-12-02 00:54:34,415 - scripts - INFO - Checking processes
2017-12-02 00:55:34,421 - scripts - INFO - Checking processes
2017-12-02 00:56:34,428 - scripts - INFO - Checking processes
2017-12-02 00:57:34,442 - scripts - INFO - Checking processes
2017-12-02 00:58:34,449 - scripts - INFO - Checking processes
2017-12-02 00:59:34,456 - scripts - INFO - Checking processes
2017-12-02 01:00:34,464 - scripts - INFO - Checking processes
2017-12-02 01:01:34,467 - scripts - INFO - Checking processes
2017-12-02 01:02:34,473 - scripts - INFO - Checking processes
2017-12-02 01:03:34,478 - scripts - INFO - Checking processes
2017-12-02 01:04:34,492 - scripts - INFO - Checking processes
2017-12-02 01:05:34,496 - scripts - INFO - Checking processes
2017-12-02 01:06:34,503 - scripts - INFO - Checking processes
2017-12-02 01:07:34,508 - scripts - INFO - Checking processes
2017-12-02 01:08:34,518 - scripts - INFO - Checking processes
2017-12-02 01:09:34,531 - scripts - INFO - Checking processes
2017-12-02 01:10:34,543 - scripts - INFO - Checking processes
2017-12-02 01:11:34,549 - scripts - INFO - Checking processes
2017-12-02 01:12:34,559 - scripts - INFO - Checking processes
2017-12-02 01:13:34,563 - scripts - INFO - Checking processes
2017-12-02 01:14:34,567 - scripts - INFO - Checking processes
2017-12-02 01:15:34,575 - scripts - INFO - Checking processes
2017-12-02 01:16:34,581 - scripts - INFO - Checking processes
2017-12-02 01:17:34,586 - scripts - INFO - Checking processes
2017-12-02 01:18:34,593 - scripts - INFO - Checking processes
2017-12-02 01:19:34,600 - scripts - INFO - Checking processes
2017-12-02 01:20:34,608 - scripts - INFO - Checking processes
2017-12-02 01:21:34,615 - scripts - INFO - Checking processes
2017-12-02 01:22:34,622 - scripts - INFO - Checking processes
2017-12-02 01:23:34,625 - scripts - INFO - Checking processes
2017-12-02 01:24:34,634 - scripts - INFO - Checking processes
2017-12-02 01:25:34,643 - scripts - INFO - Checking processes
2017-12-02 01:26:34,651 - scripts - INFO - Checking processes
2017-12-02 01:27:34,658 - scripts - INFO - Checking processes
2017-12-02 01:28:34,665 - scripts - INFO - Checking processes
2017-12-02 01:29:34,672 - scripts - INFO - Checking processes
2017-12-02 01:30:34,679 - scripts - INFO - Checking processes
2017-12-02 01:31:34,686 - scripts - INFO - Checking processes
2017-12-02 01:32:34,691 - scripts - INFO - Checking processes
2017-12-02 01:33:34,700 - scripts - INFO - Checking processes
2017-12-02 01:34:34,706 - scripts - INFO - Checking processes
2017-12-02 01:35:34,713 - scripts - INFO - Checking processes
2017-12-02 01:36:34,721 - scripts - INFO - Checking processes
2017-12-02 01:37:34,730 - scripts - INFO - Checking processes
2017-12-02 01:38:34,733 - scripts - INFO - Checking processes
2017-12-02 01:39:34,744 - scripts - INFO - Checking processes
2017-12-02 01:40:34,751 - scripts - INFO - Checking processes
2017-12-02 01:41:34,758 - scripts - INFO - Checking processes
2017-12-02 01:42:34,765 - scripts - INFO - Checking processes
2017-12-02 01:43:34,773 - scripts - INFO - Checking processes
2017-12-02 01:44:34,784 - scripts - INFO - Checking processes
2017-12-02 02:19:53,484 - scripts - INFO - Checking processes
2017-12-02 02:20:53,498 - scripts - INFO - Checking processes
2017-12-02 02:21:53,509 - scripts - INFO - Checking processes
2017-12-02 02:22:53,522 - scripts - INFO - Checking processes
2017-12-02 02:23:53,536 - scripts - INFO - Checking processes
2017-12-02 02:24:53,542 - scripts - INFO - Checking processes
2017-12-02 02:25:53,551 - scripts - INFO - Checking processes
2017-12-02 02:26:53,565 - scripts - INFO - Checking processes
2017-12-02 02:27:53,578 - scripts - INFO - Checking processes
2017-12-02 02:28:53,592 - scripts - INFO - Checking processes
2017-12-02 02:29:53,603 - scripts - INFO - Checking processes
2017-12-02 02:30:53,617 - scripts - INFO - Checking processes
2017-12-02 02:31:53,623 - scripts - INFO - Checking processes
2017-12-02 02:32:53,627 - scripts - INFO - Checking processes
2017-12-02 02:33:53,634 - scripts - INFO - Checking processes
2017-12-02 02:34:53,639 - scripts - INFO - Checking processes
2017-12-02 02:35:53,653 - scripts - INFO - Checking processes
2017-12-02 02:36:53,666 - scripts - INFO - Checking processes
2017-12-02 02:37:53,679 - scripts - INFO - Checking processes
2017-12-02 02:38:53,683 - scripts - INFO - Checking processes
2017-12-02 02:39:53,689 - scripts - INFO - Checking processes
2017-12-02 02:40:53,693 - scripts - INFO - Checking processes
2017-12-02 02:41:53,698 - scripts - INFO - Checking processes
2017-12-02 02:42:53,705 - scripts - INFO - Checking processes
2017-12-02 02:43:53,711 - scripts - INFO - Checking processes
2017-12-02 02:44:53,716 - scripts - INFO - Checking processes
2017-12-02 02:45:53,722 - scripts - INFO - Checking processes
2017-12-02 02:46:53,728 - scripts - INFO - Checking processes
2017-12-02 02:47:53,734 - scripts - INFO - Checking processes
2017-12-02 02:48:53,738 - scripts - INFO - Checking processes
2017-12-02 02:57:21,103 - scripts - INFO - Checking processes
2017-12-02 02:58:21,117 - scripts - INFO - Checking processes
2017-12-02 02:59:21,125 - scripts - INFO - Checking processes
2017-12-02 03:00:21,132 - scripts - INFO - Checking processes
2017-12-02 03:01:21,136 - scripts - INFO - Checking processes
2017-12-02 03:02:21,143 - scripts - INFO - Checking processes
2017-12-02 03:03:21,150 - scripts - INFO - Checking processes
2017-12-02 03:04:21,155 - scripts - INFO - Checking processes
2017-12-02 03:05:21,158 - scripts - INFO - Checking processes
2017-12-02 03:06:21,167 - scripts - INFO - Checking processes
2017-12-02 03:07:21,174 - scripts - INFO - Checking processes
2017-12-02 03:08:21,179 - scripts - INFO - Checking processes
2017-12-02 03:09:21,185 - scripts - INFO - Checking processes
2017-12-02 03:10:21,191 - scripts - INFO - Checking processes
2017-12-02 03:11:21,197 - scripts - INFO - Checking processes
2017-12-02 03:12:21,203 - scripts - INFO - Checking processes
2017-12-02 03:13:21,207 - scripts - INFO - Checking processes
2017-12-02 03:14:21,215 - scripts - INFO - Checking processes
2017-12-02 03:15:21,221 - scripts - INFO - Checking processes
2017-12-02 03:16:21,233 - scripts - INFO - Checking processes
2017-12-02 03:17:21,247 - scripts - INFO - Checking processes
2017-12-02 03:18:21,260 - scripts - INFO - Checking processes
2017-12-02 03:19:21,275 - scripts - INFO - Checking processes
2017-12-02 03:20:21,289 - scripts - INFO - Checking processes
2017-12-02 03:21:21,303 - scripts - INFO - Checking processes
2017-12-02 03:22:21,316 - scripts - INFO - Checking processes
2017-12-02 03:23:21,330 - scripts - INFO - Checking processes
2017-12-02 03:24:21,341 - scripts - INFO - Checking processes
2017-12-02 03:25:21,355 - scripts - INFO - Checking processes
2017-12-02 03:26:21,369 - scripts - INFO - Checking processes
2017-12-02 03:38:59,593 - scripts - INFO - Checking processes
2017-12-02 03:39:59,602 - scripts - INFO - Checking processes
2017-12-02 03:40:59,615 - scripts - INFO - Checking processes
2017-12-02 03:41:59,624 - scripts - INFO - Checking processes
2017-12-02 03:42:59,632 - scripts - INFO - Checking processes
2017-12-02 03:43:59,646 - scripts - INFO - Checking processes
2017-12-02 03:44:59,659 - scripts - INFO - Checking processes
2017-12-02 03:45:59,673 - scripts - INFO - Checking processes
2017-12-02 03:46:59,686 - scripts - INFO - Checking processes
2017-12-02 03:47:59,700 - scripts - INFO - Checking processes
2017-12-02 03:48:59,708 - scripts - INFO - Checking processes
2017-12-02 03:49:59,722 - scripts - INFO - Checking processes
2017-12-02 03:50:59,735 - scripts - INFO - Checking processes
2017-12-02 03:51:59,740 - scripts - INFO - Checking processes
2017-12-02 03:52:59,753 - scripts - INFO - Checking processes
2017-12-02 03:53:59,757 - scripts - INFO - Checking processes
2017-12-02 03:54:59,770 - scripts - INFO - Checking processes
2017-12-02 03:55:59,776 - scripts - INFO - Checking processes
2017-12-02 03:56:59,783 - scripts - INFO - Checking processes
2017-12-02 03:57:59,790 - scripts - INFO - Checking processes
2017-12-02 03:58:59,802 - scripts - INFO - Checking processes
2017-12-02 03:59:59,810 - scripts - INFO - Checking processes
2017-12-02 04:00:59,819 - scripts - INFO - Checking processes
2017-12-02 04:01:59,832 - scripts - INFO - Checking processes
2017-12-02 04:02:59,838 - scripts - INFO - Checking processes
2017-12-02 04:03:59,852 - scripts - INFO - Checking processes
2017-12-02 04:04:59,862 - scripts - INFO - Checking processes
2017-12-02 04:05:59,875 - scripts - INFO - Checking processes
2017-12-02 04:06:59,882 - scripts - INFO - Checking processes
2017-12-02 04:07:59,888 - scripts - INFO - Checking processes
2017-12-02 04:46:24,056 - scripts - INFO - Checking processes
2017-12-02 04:47:24,060 - scripts - INFO - Checking processes
2017-12-02 04:48:24,074 - scripts - INFO - Checking processes
2017-12-02 04:49:24,087 - scripts - INFO - Checking processes
2017-12-02 04:50:24,098 - scripts - INFO - Checking processes
2017-12-02 04:51:24,102 - scripts - INFO - Checking processes
2017-12-02 04:52:24,105 - scripts - INFO - Checking processes
2017-12-02 04:53:24,119 - scripts - INFO - Checking processes
2017-12-02 04:54:24,132 - scripts - INFO - Checking processes
2017-12-02 04:55:24,135 - scripts - INFO - Checking processes
2017-12-02 04:56:24,144 - scripts - INFO - Checking processes
2017-12-02 04:57:24,158 - scripts - INFO - Checking processes
2017-12-02 04:58:24,166 - scripts - INFO - Checking processes
2017-12-02 04:59:24,170 - scripts - INFO - Checking processes
2017-12-02 05:00:24,173 - scripts - INFO - Checking processes
2017-12-02 05:01:24,187 - scripts - INFO - Checking processes
2017-12-02 05:02:24,194 - scripts - INFO - Checking processes
2017-12-02 05:03:24,198 - scripts - INFO - Checking processes
2017-12-02 05:04:24,211 - scripts - INFO - Checking processes
2017-12-02 05:05:24,216 - scripts - INFO - Checking processes
2017-12-02 05:06:24,222 - scripts - INFO - Checking processes
2017-12-02 05:07:24,232 - scripts - INFO - Checking processes
2017-12-02 05:08:24,245 - scripts - INFO - Checking processes
2017-12-02 05:09:24,259 - scripts - INFO - Checking processes
2017-12-02 05:10:24,272 - scripts - INFO - Checking processes
2017-12-02 05:11:24,286 - scripts - INFO - Checking processes
2017-12-02 05:12:24,300 - scripts - INFO - Checking processes
2017-12-02 05:13:24,311 - scripts - INFO - Checking processes
2017-12-02 05:14:24,325 - scripts - INFO - Checking processes
2017-12-02 05:15:24,333 - scripts - INFO - Checking processes
2017-12-02 05:16:24,344 - scripts - INFO - Checking processes
2017-12-02 05:23:46,074 - scripts - INFO - Checking processes
2017-12-02 05:24:46,082 - scripts - INFO - Checking processes
2017-12-02 05:25:46,093 - scripts - INFO - Checking processes
2017-12-02 05:26:46,098 - scripts - INFO - Checking processes
2017-12-02 05:27:46,105 - scripts - INFO - Checking processes
2017-12-02 05:28:46,117 - scripts - INFO - Checking processes
2017-12-02 05:29:46,122 - scripts - INFO - Checking processes
2017-12-02 05:30:46,135 - scripts - INFO - Checking processes
2017-12-02 05:31:46,148 - scripts - INFO - Checking processes
2017-12-02 05:32:46,152 - scripts - INFO - Checking processes
2017-12-02 05:33:46,158 - scripts - INFO - Checking processes
2017-12-02 05:34:46,165 - scripts - INFO - Checking processes
2017-12-02 05:35:46,177 - scripts - INFO - Checking processes
2017-12-02 05:36:46,187 - scripts - INFO - Checking processes
2017-12-02 05:37:46,194 - scripts - INFO - Checking processes
2017-12-02 05:38:46,208 - scripts - INFO - Checking processes
2017-12-02 05:39:46,220 - scripts - INFO - Checking processes
2017-12-02 05:40:46,223 - scripts - INFO - Checking processes
2017-12-02 05:41:46,237 - scripts - INFO - Checking processes
2017-12-02 05:42:46,251 - scripts - INFO - Checking processes
2017-12-02 05:43:46,257 - scripts - INFO - Checking processes
2017-12-02 05:44:46,271 - scripts - INFO - Checking processes
2017-12-02 05:45:46,275 - scripts - INFO - Checking processes
2017-12-02 05:46:46,279 - scripts - INFO - Checking processes
2017-12-02 05:47:46,290 - scripts - INFO - Checking processes
2017-12-02 05:48:46,297 - scripts - INFO - Checking processes
2017-12-02 05:49:46,302 - scripts - INFO - Checking processes
2017-12-02 05:50:46,309 - scripts - INFO - Checking processes
2017-12-02 05:51:46,317 - scripts - INFO - Checking processes
2017-12-02 05:52:46,326 - scripts - INFO - Checking processes
2017-12-02 06:03:46,909 - scripts - INFO - Checking processes
2017-12-02 06:04:46,920 - scripts - INFO - Checking processes
2017-12-02 06:05:46,933 - scripts - INFO - Checking processes
2017-12-02 06:06:46,948 - scripts - INFO - Checking processes
2017-12-02 06:07:46,956 - scripts - INFO - Checking processes
2017-12-02 06:08:46,965 - scripts - INFO - Checking processes
2017-12-02 06:09:46,971 - scripts - INFO - Checking processes
2017-12-02 06:10:46,975 - scripts - INFO - Checking processes
2017-12-02 06:11:46,988 - scripts - INFO - Checking processes
2017-12-02 06:12:46,994 - scripts - INFO - Checking processes
2017-12-02 06:13:46,998 - scripts - INFO - Checking processes
2017-12-02 06:14:47,011 - scripts - INFO - Checking processes
2017-12-02 06:15:47,020 - scripts - INFO - Checking processes
2017-12-02 06:16:47,025 - scripts - INFO - Checking processes
2017-12-02 06:17:47,037 - scripts - INFO - Checking processes
2017-12-02 06:18:47,041 - scripts - INFO - Checking processes
2017-12-02 06:19:47,047 - scripts - INFO - Checking processes
2017-12-02 06:20:47,059 - scripts - INFO - Checking processes
2017-12-02 06:21:47,063 - scripts - INFO - Checking processes
2017-12-02 06:22:47,076 - scripts - INFO - Checking processes
2017-12-02 06:23:47,081 - scripts - INFO - Checking processes
2017-12-02 06:24:47,088 - scripts - INFO - Checking processes
2017-12-02 06:25:47,096 - scripts - INFO - Checking processes
2017-12-02 06:26:47,103 - scripts - INFO - Checking processes
2017-12-02 06:27:47,115 - scripts - INFO - Checking processes
2017-12-02 06:28:47,124 - scripts - INFO - Checking processes
2017-12-02 06:29:47,138 - scripts - INFO - Checking processes
2017-12-02 06:30:47,152 - scripts - INFO - Checking processes
2017-12-02 06:31:47,159 - scripts - INFO - Checking processes
2017-12-02 06:32:47,163 - scripts - INFO - Checking processes
2017-12-02 06:48:29,354 - scripts - INFO - Checking processes
2017-12-02 06:49:29,358 - scripts - INFO - Checking processes
2017-12-02 06:50:29,363 - scripts - INFO - Checking processes
2017-12-02 06:51:29,374 - scripts - INFO - Checking processes
2017-12-02 06:52:29,384 - scripts - INFO - Checking processes
2017-12-02 06:53:29,392 - scripts - INFO - Checking processes
2017-12-02 06:54:29,396 - scripts - INFO - Checking processes
2017-12-02 06:55:29,410 - scripts - INFO - Checking processes
2017-12-02 06:56:29,421 - scripts - INFO - Checking processes
2017-12-02 06:57:29,426 - scripts - INFO - Checking processes
2017-12-02 06:58:29,431 - scripts - INFO - Checking processes
2017-12-02 06:59:29,442 - scripts - INFO - Checking processes
2017-12-02 07:00:29,450 - scripts - INFO - Checking processes
2017-12-02 07:01:29,456 - scripts - INFO - Checking processes
2017-12-02 07:02:29,464 - scripts - INFO - Checking processes
2017-12-02 07:03:29,472 - scripts - INFO - Checking processes
2017-12-02 07:04:29,479 - scripts - INFO - Checking processes
2017-12-02 07:05:29,485 - scripts - INFO - Checking processes
2017-12-02 07:06:29,491 - scripts - INFO - Checking processes
2017-12-02 07:07:29,499 - scripts - INFO - Checking processes
2017-12-02 07:08:29,505 - scripts - INFO - Checking processes
2017-12-02 07:09:29,511 - scripts - INFO - Checking processes
2017-12-02 07:10:29,524 - scripts - INFO - Checking processes
2017-12-02 07:11:29,534 - scripts - INFO - Checking processes
2017-12-02 07:12:29,547 - scripts - INFO - Checking processes
2017-12-02 07:13:29,560 - scripts - INFO - Checking processes
2017-12-02 07:14:29,572 - scripts - INFO - Checking processes
2017-12-02 07:15:29,585 - scripts - INFO - Checking processes
2017-12-02 07:16:29,599 - scripts - INFO - Checking processes
2017-12-02 07:17:29,612 - scripts - INFO - Checking processes
2017-12-02 07:22:16,205 - scripts - INFO - Checking processes
2017-12-02 07:41:58,766 - scripts - INFO - Checking processes
2017-12-02 08:14:37,140 - scripts - INFO - Checking processes
2017-12-02 08:15:37,147 - scripts - INFO - Checking processes
2017-12-02 08:16:37,159 - scripts - INFO - Checking processes
2017-12-02 08:17:37,167 - scripts - INFO - Checking processes
2017-12-02 08:18:37,181 - scripts - INFO - Checking processes
2017-12-02 08:19:37,194 - scripts - INFO - Checking processes
2017-12-02 08:20:37,203 - scripts - INFO - Checking processes
2017-12-02 08:21:37,206 - scripts - INFO - Checking processes
2017-12-02 08:22:37,219 - scripts - INFO - Checking processes
2017-12-02 08:23:37,223 - scripts - INFO - Checking processes
2017-12-02 08:24:37,236 - scripts - INFO - Checking processes
2017-12-02 08:25:37,250 - scripts - INFO - Checking processes
2017-12-02 08:26:37,263 - scripts - INFO - Checking processes
2017-12-02 08:27:37,273 - scripts - INFO - Checking processes
2017-12-02 08:28:37,281 - scripts - INFO - Checking processes
2017-12-02 08:29:37,294 - scripts - INFO - Checking processes
2017-12-02 08:30:37,299 - scripts - INFO - Checking processes
2017-12-02 08:31:37,310 - scripts - INFO - Checking processes
2017-12-02 08:32:37,314 - scripts - INFO - Checking processes
2017-12-02 08:33:37,320 - scripts - INFO - Checking processes
2017-12-02 08:34:37,334 - scripts - INFO - Checking processes
2017-12-02 08:35:37,343 - scripts - INFO - Checking processes
2017-12-02 08:36:37,357 - scripts - INFO - Checking processes
2017-12-02 08:37:37,365 - scripts - INFO - Checking processes
2017-12-02 08:38:37,371 - scripts - INFO - Checking processes
2017-12-02 08:39:37,378 - scripts - INFO - Checking processes
2017-12-02 08:40:37,389 - scripts - INFO - Checking processes
2017-12-02 08:41:37,392 - scripts - INFO - Checking processes
2017-12-02 08:42:37,406 - scripts - INFO - Checking processes
2017-12-02 08:43:37,419 - scripts - INFO - Checking processes
2017-12-02 08:53:42,864 - scripts - INFO - Checking processes
2017-12-02 08:54:42,876 - scripts - INFO - Checking processes
2017-12-02 08:55:42,879 - scripts - INFO - Checking processes
2017-12-02 08:56:42,885 - scripts - INFO - Checking processes
2017-12-02 08:57:42,899 - scripts - INFO - Checking processes
2017-12-02 08:58:42,903 - scripts - INFO - Checking processes
2017-12-02 08:59:42,916 - scripts - INFO - Checking processes
2017-12-02 09:00:42,930 - scripts - INFO - Checking processes
2017-12-02 09:01:42,943 - scripts - INFO - Checking processes
2017-12-02 09:02:42,957 - scripts - INFO - Checking processes
2017-12-02 09:03:42,970 - scripts - INFO - Checking processes
2017-12-02 09:04:42,975 - scripts - INFO - Checking processes
2017-12-02 09:05:42,988 - scripts - INFO - Checking processes
2017-12-02 09:06:43,002 - scripts - INFO - Checking processes
2017-12-02 09:07:43,010 - scripts - INFO - Checking processes
2017-12-02 09:08:43,023 - scripts - INFO - Checking processes
2017-12-02 09:09:43,032 - scripts - INFO - Checking processes
2017-12-02 09:10:43,045 - scripts - INFO - Checking processes
2017-12-02 09:11:43,050 - scripts - INFO - Checking processes
2017-12-02 09:12:43,063 - scripts - INFO - Checking processes
2017-12-02 09:13:43,078 - scripts - INFO - Checking processes
2017-12-02 09:14:43,085 - scripts - INFO - Checking processes
2017-12-02 09:15:43,099 - scripts - INFO - Checking processes
2017-12-02 09:16:43,112 - scripts - INFO - Checking processes
2017-12-02 09:17:43,119 - scripts - INFO - Checking processes
2017-12-02 09:18:43,130 - scripts - INFO - Checking processes
2017-12-02 09:19:43,137 - scripts - INFO - Checking processes
2017-12-02 09:20:43,144 - scripts - INFO - Checking processes
2017-12-02 09:21:43,152 - scripts - INFO - Checking processes
2017-12-02 09:22:43,159 - scripts - INFO - Checking processes
2017-12-02 09:31:44,237 - scripts - INFO - Checking processes
2017-12-02 10:08:39,435 - scripts - INFO - Checking processes
2017-12-02 10:09:39,448 - scripts - INFO - Checking processes
2017-12-02 10:10:39,454 - scripts - INFO - Checking processes
2017-12-02 10:11:39,466 - scripts - INFO - Checking processes
2017-12-02 10:12:39,479 - scripts - INFO - Checking processes
2017-12-02 10:13:39,492 - scripts - INFO - Checking processes
2017-12-02 10:14:39,506 - scripts - INFO - Checking processes
2017-12-02 10:15:39,519 - scripts - INFO - Checking processes
2017-12-02 10:16:39,532 - scripts - INFO - Checking processes
2017-12-02 10:17:39,540 - scripts - INFO - Checking processes
2017-12-02 10:18:39,549 - scripts - INFO - Checking processes
2017-12-02 10:19:39,555 - scripts - INFO - Checking processes
2017-12-02 10:20:39,561 - scripts - INFO - Checking processes
2017-12-02 10:21:39,567 - scripts - INFO - Checking processes
2017-12-02 10:22:39,574 - scripts - INFO - Checking processes
2017-12-02 10:23:39,578 - scripts - INFO - Checking processes
2017-12-02 10:24:39,583 - scripts - INFO - Checking processes
2017-12-02 10:25:39,589 - scripts - INFO - Checking processes
2017-12-02 10:26:39,599 - scripts - INFO - Checking processes
2017-12-02 10:27:39,603 - scripts - INFO - Checking processes
2017-12-02 10:28:39,613 - scripts - INFO - Checking processes
2017-12-02 10:29:39,622 - scripts - INFO - Checking processes
2017-12-02 10:30:39,629 - scripts - INFO - Checking processes
2017-12-02 10:31:39,636 - scripts - INFO - Checking processes
2017-12-02 10:32:39,642 - scripts - INFO - Checking processes
2017-12-02 10:33:39,648 - scripts - INFO - Checking processes
2017-12-02 10:34:39,655 - scripts - INFO - Checking processes
2017-12-02 10:35:39,657 - scripts - INFO - Checking processes
2017-12-02 10:36:39,668 - scripts - INFO - Checking processes
2017-12-02 10:37:39,671 - scripts - INFO - Checking processes
2017-12-02 10:50:49,292 - scripts - INFO - Checking processes
2017-12-02 10:51:49,295 - scripts - INFO - Checking processes
2017-12-02 10:52:49,305 - scripts - INFO - Checking processes
2017-12-02 10:53:49,314 - scripts - INFO - Checking processes
2017-12-02 10:54:49,327 - scripts - INFO - Checking processes
2017-12-02 10:55:49,339 - scripts - INFO - Checking processes
2017-12-02 10:56:49,346 - scripts - INFO - Checking processes
2017-12-02 10:57:49,353 - scripts - INFO - Checking processes
2017-12-02 10:58:49,360 - scripts - INFO - Checking processes
2017-12-02 10:59:49,366 - scripts - INFO - Checking processes
2017-12-02 11:00:49,371 - scripts - INFO - Checking processes
2017-12-02 11:01:49,378 - scripts - INFO - Checking processes
2017-12-02 11:02:49,384 - scripts - INFO - Checking processes
2017-12-02 11:03:49,388 - scripts - INFO - Checking processes
2017-12-02 11:04:49,395 - scripts - INFO - Checking processes
2017-12-02 11:05:49,398 - scripts - INFO - Checking processes
2017-12-02 11:06:49,408 - scripts - INFO - Checking processes
2017-12-02 11:07:49,414 - scripts - INFO - Checking processes
2017-12-02 11:08:49,424 - scripts - INFO - Checking processes
2017-12-02 11:09:49,431 - scripts - INFO - Checking processes
2017-12-02 11:10:49,434 - scripts - INFO - Checking processes
2017-12-02 11:11:49,437 - scripts - INFO - Checking processes
2017-12-02 11:12:49,445 - scripts - INFO - Checking processes
2017-12-02 11:13:49,448 - scripts - INFO - Checking processes
2017-12-02 11:14:49,461 - scripts - INFO - Checking processes
2017-12-02 11:15:49,466 - scripts - INFO - Checking processes
2017-12-02 11:16:49,469 - scripts - INFO - Checking processes
2017-12-02 11:17:49,477 - scripts - INFO - Checking processes
2017-12-02 11:18:49,486 - scripts - INFO - Checking processes
2017-12-02 11:19:49,492 - scripts - INFO - Checking processes
2017-12-02 11:35:49,168 - scripts - INFO - Checking processes
2017-12-02 11:36:49,178 - scripts - INFO - Checking processes
2017-12-02 11:37:49,186 - scripts - INFO - Checking processes
2017-12-02 11:38:49,191 - scripts - INFO - Checking processes
2017-12-02 11:39:49,202 - scripts - INFO - Checking processes
2017-12-02 11:40:49,209 - scripts - INFO - Checking processes
2017-12-02 11:41:49,212 - scripts - INFO - Checking processes
2017-12-02 11:42:49,217 - scripts - INFO - Checking processes
2017-12-02 11:43:49,228 - scripts - INFO - Checking processes
2017-12-02 11:44:49,239 - scripts - INFO - Checking processes
2017-12-02 11:45:49,247 - scripts - INFO - Checking processes
2017-12-02 11:46:49,257 - scripts - INFO - Checking processes
2017-12-02 11:47:49,263 - scripts - INFO - Checking processes
2017-12-02 11:48:49,272 - scripts - INFO - Checking processes
2017-12-02 11:49:49,279 - scripts - INFO - Checking processes
2017-12-02 11:50:49,282 - scripts - INFO - Checking processes
2017-12-02 11:51:49,295 - scripts - INFO - Checking processes
2017-12-02 11:52:49,300 - scripts - INFO - Checking processes
2017-12-02 11:53:49,312 - scripts - INFO - Checking processes
2017-12-02 11:54:49,325 - scripts - INFO - Checking processes
2017-12-02 11:55:49,332 - scripts - INFO - Checking processes
2017-12-02 11:56:49,345 - scripts - INFO - Checking processes
2017-12-02 11:57:49,348 - scripts - INFO - Checking processes
2017-12-02 11:58:49,352 - scripts - INFO - Checking processes
2017-12-02 11:59:49,356 - scripts - INFO - Checking processes
2017-12-02 12:00:49,369 - scripts - INFO - Checking processes
2017-12-02 12:01:49,381 - scripts - INFO - Checking processes
2017-12-02 12:02:49,393 - scripts - INFO - Checking processes
2017-12-02 12:03:49,406 - scripts - INFO - Checking processes
2017-12-02 12:04:49,410 - scripts - INFO - Checking processes
2017-12-02 12:17:18,925 - scripts - INFO - Checking processes
2017-12-02 12:18:18,937 - scripts - INFO - Checking processes
2017-12-02 12:19:18,940 - scripts - INFO - Checking processes
2017-12-02 12:20:18,953 - scripts - INFO - Checking processes
2017-12-02 12:21:18,966 - scripts - INFO - Checking processes
2017-12-02 12:22:18,979 - scripts - INFO - Checking processes
2017-12-02 12:23:18,991 - scripts - INFO - Checking processes
2017-12-02 12:24:19,003 - scripts - INFO - Checking processes
2017-12-02 12:25:19,009 - scripts - INFO - Checking processes
2017-12-02 12:26:19,016 - scripts - INFO - Checking processes
2017-12-02 12:27:19,020 - scripts - INFO - Checking processes
2017-12-02 12:28:19,027 - scripts - INFO - Checking processes
2017-12-02 12:29:19,031 - scripts - INFO - Checking processes
2017-12-02 12:30:19,045 - scripts - INFO - Checking processes
2017-12-02 12:31:19,049 - scripts - INFO - Checking processes
2017-12-02 12:32:19,054 - scripts - INFO - Checking processes
2017-12-02 12:33:19,066 - scripts - INFO - Checking processes
2017-12-02 12:34:19,079 - scripts - INFO - Checking processes
2017-12-02 12:35:19,092 - scripts - INFO - Checking processes
2017-12-02 12:36:19,098 - scripts - INFO - Checking processes
2017-12-02 12:37:19,107 - scripts - INFO - Checking processes
2017-12-02 12:38:19,114 - scripts - INFO - Checking processes
2017-12-02 12:39:19,127 - scripts - INFO - Checking processes
2017-12-02 12:40:19,132 - scripts - INFO - Checking processes
2017-12-02 12:41:19,141 - scripts - INFO - Checking processes
2017-12-02 12:42:19,152 - scripts - INFO - Checking processes
2017-12-02 12:43:19,155 - scripts - INFO - Checking processes
2017-12-02 12:44:19,158 - scripts - INFO - Checking processes
2017-12-02 12:45:19,171 - scripts - INFO - Checking processes
2017-12-02 12:46:19,177 - scripts - INFO - Checking processes
2017-12-02 13:03:17,264 - scripts - INFO - Checking processes
2017-12-02 13:04:17,272 - scripts - INFO - Checking processes
2017-12-02 13:05:17,285 - scripts - INFO - Checking processes
2017-12-02 13:06:17,290 - scripts - INFO - Checking processes
2017-12-02 13:06:47,321 - scripts - INFO - Keyboard interrupted
2017-12-02 13:06:47,323 - scripts - INFO - Killing process: {'cmdline': ['python', '-m', 'bitcoin.storage.gdax_msgs', 'BTC-USD'], 'pid': 38964, 'name': 'Gdax Storage: BTC-USD'}
2017-12-02 13:06:47,333 - scripts - INFO - Killing process: {'cmdline': ['python', '-m', 'bitcoin.storage.gdax_msgs', 'ETH-USD'], 'pid': 40777, 'name': 'Gdax Storage: ETH-USD'}
2017-12-02 13:06:47,335 - scripts - INFO - Killing process: {'cmdline': ['python', '-m', 'bitcoin.storage.gdax_msgs', 'ETH-BTC'], 'pid': 38965, 'name': 'Gdax Storage: ETH-BTC'}
2017-12-02 13:06:47,337 - scripts - INFO - Killing process: {'cmdline': ['python', '-m', 'bitcoin.storage.snapshots'], 'pid': 33471, 'name': 'Snapshot Storage'}
