2017-12-03 19:41:18,441 - scripts - INFO - Current process: 72988
2017-12-03 19:41:18,444 - scripts - INFO - Starting process: {'cmdline': ['python', '-m', 'bitcoin.storage.gdax_msgs', 'BTC-USD'], 'pid': 72999, 'name': 'Gdax Storage: BTC-USD'}
2017-12-03 19:41:18,448 - scripts - INFO - Starting process: {'cmdline': ['python', '-m', 'bitcoin.storage.gdax_msgs', 'ETH-USD'], 'pid': 73000, 'name': 'Gdax Storage: ETH-USD'}
2017-12-03 19:41:18,455 - scripts - INFO - Starting process: {'cmdline': ['python', '-m', 'bitcoin.storage.gdax_msgs', 'ETH-BTC'], 'pid': 73001, 'name': 'Gdax Storage: ETH-BTC'}
2017-12-03 19:41:18,464 - scripts - INFO - Starting process: {'cmdline': ['python', '-m', 'bitcoin.storage.snapshots'], 'pid': 73002, 'name': 'Snapshot Storage'}
2017-12-03 19:42:18,468 - scripts - INFO - Checking processes
2017-12-03 19:43:18,476 - scripts - INFO - Checking processes
2017-12-03 19:44:18,482 - scripts - INFO - Checking processes
2017-12-03 19:45:18,490 - scripts - INFO - Checking processes
2017-12-03 19:46:18,501 - scripts - INFO - Checking processes
2017-12-03 19:47:18,507 - scripts - INFO - Checking processes
2017-12-03 19:48:18,520 - scripts - INFO - Checking processes
2017-12-03 19:49:18,529 - scripts - INFO - Checking processes
2017-12-03 19:50:18,539 - scripts - INFO - Checking processes
2017-12-03 19:51:18,542 - scripts - INFO - Checking processes
2017-12-03 19:52:18,556 - scripts - INFO - Checking processes
2017-12-03 19:53:18,566 - scripts - INFO - Checking processes
2017-12-03 19:54:18,578 - scripts - INFO - Checking processes
2017-12-03 19:55:18,587 - scripts - INFO - Checking processes
2017-12-03 19:56:18,594 - scripts - INFO - Checking processes
2017-12-03 19:57:18,599 - scripts - INFO - Checking processes
2017-12-03 19:58:18,603 - scripts - INFO - Checking processes
2017-12-03 19:59:18,613 - scripts - INFO - Checking processes
2017-12-03 20:00:18,627 - scripts - INFO - Checking processes
2017-12-03 20:01:18,643 - scripts - INFO - Checking processes
2017-12-03 20:02:18,651 - scripts - INFO - Checking processes
2017-12-03 20:03:18,660 - scripts - INFO - Checking processes
2017-12-03 20:04:18,666 - scripts - INFO - Checking processes
2017-12-03 20:05:18,678 - scripts - INFO - Checking processes
2017-12-03 20:06:18,686 - scripts - INFO - Checking processes
2017-12-03 20:07:18,694 - scripts - INFO - Checking processes
2017-12-03 20:08:18,697 - scripts - INFO - Checking processes
2017-12-03 20:09:18,702 - scripts - INFO - Checking processes
2017-12-03 20:10:18,711 - scripts - INFO - Checking processes
2017-12-03 20:11:18,719 - scripts - INFO - Checking processes
2017-12-03 20:12:18,723 - scripts - INFO - Checking processes
2017-12-03 20:13:18,729 - scripts - INFO - Checking processes
2017-12-03 20:14:18,738 - scripts - INFO - Checking processes
2017-12-03 20:15:18,747 - scripts - INFO - Checking processes
2017-12-03 20:16:18,753 - scripts - INFO - Checking processes
2017-12-03 20:17:18,759 - scripts - INFO - Checking processes
2017-12-03 20:18:18,763 - scripts - INFO - Checking processes
2017-12-03 20:19:18,768 - scripts - INFO - Checking processes
2017-12-03 20:20:18,772 - scripts - INFO - Checking processes
2017-12-03 20:21:18,779 - scripts - INFO - Checking processes
2017-12-03 20:22:18,787 - scripts - INFO - Checking processes
2017-12-03 20:23:18,794 - scripts - INFO - Checking processes
2017-12-03 20:24:18,800 - scripts - INFO - Checking processes
2017-12-03 20:25:18,806 - scripts - INFO - Checking processes
2017-12-03 20:26:18,812 - scripts - INFO - Checking processes
2017-12-03 20:27:18,821 - scripts - INFO - Checking processes
2017-12-03 20:28:18,829 - scripts - INFO - Checking processes
2017-12-03 20:29:18,835 - scripts - INFO - Checking processes
2017-12-03 20:30:18,841 - scripts - INFO - Checking processes
2017-12-03 20:31:18,846 - scripts - INFO - Checking processes
2017-12-03 20:32:18,852 - scripts - INFO - Checking processes
2017-12-03 20:33:18,860 - scripts - INFO - Checking processes
2017-12-03 20:34:18,867 - scripts - INFO - Checking processes
2017-12-03 20:35:18,875 - scripts - INFO - Checking processes
2017-12-03 20:36:18,879 - scripts - INFO - Checking processes
2017-12-03 20:37:18,885 - scripts - INFO - Checking processes
2017-12-03 20:38:18,891 - scripts - INFO - Checking processes
2017-12-03 20:39:18,903 - scripts - INFO - Checking processes
2017-12-03 20:40:18,909 - scripts - INFO - Checking processes
2017-12-03 20:41:18,917 - scripts - INFO - Checking processes
2017-12-03 20:42:18,925 - scripts - INFO - Checking processes
2017-12-03 20:43:18,933 - scripts - INFO - Checking processes
2017-12-03 20:44:18,936 - scripts - INFO - Checking processes
2017-12-03 20:45:18,944 - scripts - INFO - Checking processes
2017-12-03 20:46:18,950 - scripts - INFO - Checking processes
2017-12-03 20:47:18,956 - scripts - INFO - Checking processes
2017-12-03 20:48:18,961 - scripts - INFO - Checking processes
2017-12-03 20:49:18,968 - scripts - INFO - Checking processes
2017-12-03 20:50:18,977 - scripts - INFO - Checking processes
2017-12-03 20:52:55,031 - scripts - INFO - Checking processes
2017-12-03 20:53:55,039 - scripts - INFO - Checking processes
2017-12-03 20:54:55,045 - scripts - INFO - Checking processes
2017-12-03 20:55:55,053 - scripts - INFO - Checking processes
2017-12-03 20:56:55,058 - scripts - INFO - Checking processes
2017-12-03 20:57:55,066 - scripts - INFO - Checking processes
2017-12-03 20:58:55,072 - scripts - INFO - Checking processes
2017-12-03 20:59:55,077 - scripts - INFO - Checking processes
2017-12-03 21:00:55,085 - scripts - INFO - Checking processes
2017-12-03 21:01:55,089 - scripts - INFO - Checking processes
2017-12-03 21:02:55,094 - scripts - INFO - Checking processes
2017-12-03 21:03:55,099 - scripts - INFO - Checking processes
2017-12-03 21:04:55,103 - scripts - INFO - Checking processes
2017-12-03 21:05:55,107 - scripts - INFO - Checking processes
2017-12-03 21:06:55,115 - scripts - INFO - Checking processes
2017-12-03 21:07:55,121 - scripts - INFO - Checking processes
2017-12-03 21:07:35,550 - scripts - INFO - Checking processes
2017-12-03 21:08:35,554 - scripts - INFO - Checking processes
2017-12-03 21:09:35,557 - scripts - INFO - Checking processes
2017-12-03 21:10:35,562 - scripts - INFO - Checking processes
2017-12-03 21:11:35,568 - scripts - INFO - Checking processes
2017-12-03 21:12:35,571 - scripts - INFO - Checking processes
2017-12-03 21:13:35,579 - scripts - INFO - Checking processes
2017-12-03 21:14:35,584 - scripts - INFO - Checking processes
2017-12-03 21:15:35,590 - scripts - INFO - Checking processes
2017-12-03 21:16:35,595 - scripts - INFO - Checking processes
2017-12-03 21:17:35,601 - scripts - INFO - Checking processes
2017-12-03 21:18:35,604 - scripts - INFO - Checking processes
2017-12-03 21:19:35,607 - scripts - INFO - Checking processes
2017-12-03 21:20:35,613 - scripts - INFO - Checking processes
2017-12-03 21:21:35,617 - scripts - INFO - Checking processes
2017-12-03 21:22:35,623 - scripts - INFO - Checking processes
2017-12-03 21:23:35,634 - scripts - INFO - Checking processes
2017-12-03 21:24:35,646 - scripts - INFO - Checking processes
2017-12-03 21:25:35,658 - scripts - INFO - Checking processes
2017-12-03 21:26:35,667 - scripts - INFO - Checking processes
2017-12-03 21:27:35,671 - scripts - INFO - Checking processes
2017-12-03 21:28:35,674 - scripts - INFO - Checking processes
2017-12-03 21:29:35,677 - scripts - INFO - Checking processes
2017-12-03 21:30:35,683 - scripts - INFO - Checking processes
2017-12-03 21:31:35,687 - scripts - INFO - Checking processes
2017-12-03 21:32:35,690 - scripts - INFO - Checking processes
2017-12-03 21:33:35,694 - scripts - INFO - Checking processes
2017-12-03 21:34:35,700 - scripts - INFO - Checking processes
2017-12-03 21:35:35,708 - scripts - INFO - Checking processes
2017-12-03 21:36:35,713 - scripts - INFO - Checking processes
2017-12-03 21:37:35,722 - scripts - INFO - Checking processes
2017-12-03 21:38:35,727 - scripts - INFO - Checking processes
2017-12-03 21:39:35,732 - scripts - INFO - Checking processes
2017-12-03 21:40:35,743 - scripts - INFO - Checking processes
2017-12-03 21:41:35,749 - scripts - INFO - Checking processes
2017-12-03 21:42:35,760 - scripts - INFO - Checking processes
2017-12-03 21:43:35,767 - scripts - INFO - Checking processes
2017-12-03 21:44:35,773 - scripts - INFO - Checking processes
2017-12-03 21:45:35,779 - scripts - INFO - Checking processes
2017-12-03 21:46:35,785 - scripts - INFO - Checking processes
2017-12-03 21:47:35,793 - scripts - INFO - Checking processes
2017-12-03 21:48:35,797 - scripts - INFO - Checking processes
2017-12-03 21:49:35,801 - scripts - INFO - Checking processes
2017-12-03 21:50:35,806 - scripts - INFO - Checking processes
2017-12-03 21:51:35,811 - scripts - INFO - Checking processes
2017-12-03 21:52:35,815 - scripts - INFO - Checking processes
2017-12-03 21:53:35,820 - scripts - INFO - Checking processes
2017-12-03 21:54:35,825 - scripts - INFO - Checking processes
2017-12-03 21:55:35,829 - scripts - INFO - Checking processes
2017-12-03 21:56:35,837 - scripts - INFO - Checking processes
2017-12-03 21:57:35,844 - scripts - INFO - Checking processes
2017-12-03 21:58:35,847 - scripts - INFO - Checking processes
2017-12-03 21:59:35,850 - scripts - INFO - Checking processes
2017-12-03 22:00:35,858 - scripts - INFO - Checking processes
2017-12-03 22:01:35,862 - scripts - INFO - Checking processes
2017-12-03 22:02:35,869 - scripts - INFO - Checking processes
2017-12-03 22:03:35,874 - scripts - INFO - Checking processes
2017-12-03 22:04:35,882 - scripts - INFO - Checking processes
2017-12-03 22:05:35,895 - scripts - INFO - Checking processes
2017-12-03 22:06:35,908 - scripts - INFO - Checking processes
2017-12-03 22:07:35,917 - scripts - INFO - Checking processes
2017-12-03 22:08:35,920 - scripts - INFO - Checking processes
2017-12-03 22:09:35,927 - scripts - INFO - Checking processes
2017-12-03 22:10:35,932 - scripts - INFO - Checking processes
2017-12-03 22:11:35,943 - scripts - INFO - Checking processes
2017-12-03 22:12:35,955 - scripts - INFO - Checking processes
2017-12-03 22:13:35,959 - scripts - INFO - Checking processes
2017-12-03 22:14:35,971 - scripts - INFO - Checking processes
2017-12-03 22:15:35,980 - scripts - INFO - Checking processes
2017-12-03 22:16:35,991 - scripts - INFO - Checking processes
2017-12-03 22:17:35,994 - scripts - INFO - Checking processes
2017-12-03 22:18:36,001 - scripts - INFO - Checking processes
2017-12-03 22:19:36,005 - scripts - INFO - Checking processes
2017-12-03 22:20:36,012 - scripts - INFO - Checking processes
2017-12-03 22:21:36,020 - scripts - INFO - Checking processes
2017-12-03 22:22:36,025 - scripts - INFO - Checking processes
2017-12-03 22:23:36,030 - scripts - INFO - Checking processes
2017-12-03 22:24:36,034 - scripts - INFO - Checking processes
2017-12-03 22:25:36,039 - scripts - INFO - Checking processes
2017-12-03 22:26:36,045 - scripts - INFO - Checking processes
2017-12-03 22:27:36,053 - scripts - INFO - Checking processes
2017-12-03 22:28:36,059 - scripts - INFO - Checking processes
2017-12-03 22:29:36,064 - scripts - INFO - Checking processes
2017-12-03 22:30:36,070 - scripts - INFO - Checking processes
2017-12-03 22:31:36,074 - scripts - INFO - Checking processes
2017-12-03 22:32:36,079 - scripts - INFO - Checking processes
2017-12-03 22:33:36,084 - scripts - INFO - Checking processes
2017-12-03 22:34:36,089 - scripts - INFO - Checking processes
2017-12-03 22:35:36,092 - scripts - INFO - Checking processes
2017-12-03 22:36:36,098 - scripts - INFO - Checking processes
2017-12-03 22:37:36,110 - scripts - INFO - Checking processes
2017-12-03 22:38:36,120 - scripts - INFO - Checking processes
2017-12-03 22:39:36,129 - scripts - INFO - Checking processes
2017-12-03 22:40:36,139 - scripts - INFO - Checking processes
2017-12-03 22:41:36,145 - scripts - INFO - Checking processes
2017-12-03 22:42:36,151 - scripts - INFO - Checking processes
2017-12-03 22:43:36,156 - scripts - INFO - Checking processes
2017-12-03 22:44:36,162 - scripts - INFO - Checking processes
2017-12-03 22:45:36,169 - scripts - INFO - Checking processes
2017-12-03 22:46:36,176 - scripts - INFO - Checking processes
2017-12-03 22:47:36,181 - scripts - INFO - Checking processes
2017-12-03 22:48:36,188 - scripts - INFO - Checking processes
2017-12-03 22:49:36,192 - scripts - INFO - Checking processes
2017-12-03 22:50:36,200 - scripts - INFO - Checking processes
2017-12-03 22:51:36,207 - scripts - INFO - Checking processes
2017-12-03 22:52:36,214 - scripts - INFO - Checking processes
2017-12-03 22:53:36,217 - scripts - INFO - Checking processes
2017-12-03 22:54:36,224 - scripts - INFO - Checking processes
2017-12-03 22:55:36,228 - scripts - INFO - Checking processes
2017-12-03 22:56:36,235 - scripts - INFO - Checking processes
2017-12-03 22:57:36,241 - scripts - INFO - Checking processes
2017-12-03 22:58:36,249 - scripts - INFO - Checking processes
2017-12-03 22:59:36,252 - scripts - INFO - Checking processes
2017-12-03 23:00:36,256 - scripts - INFO - Checking processes
2017-12-03 23:01:36,263 - scripts - INFO - Checking processes
2017-12-03 23:02:36,269 - scripts - INFO - Checking processes
2017-12-03 23:03:36,274 - scripts - INFO - Checking processes
2017-12-03 23:04:36,281 - scripts - INFO - Checking processes
2017-12-03 23:05:36,288 - scripts - INFO - Checking processes
2017-12-03 23:06:36,293 - scripts - INFO - Checking processes
2017-12-03 23:07:36,300 - scripts - INFO - Checking processes
2017-12-03 23:08:36,307 - scripts - INFO - Checking processes
2017-12-03 23:09:36,324 - scripts - INFO - Checking processes
2017-12-03 23:10:36,329 - scripts - INFO - Checking processes
2017-12-03 23:11:36,342 - scripts - INFO - Checking processes
2017-12-03 23:12:36,351 - scripts - INFO - Checking processes
2017-12-03 23:13:36,363 - scripts - INFO - Checking processes
2017-12-03 23:14:36,368 - scripts - INFO - Checking processes
2017-12-03 23:15:36,377 - scripts - INFO - Checking processes
2017-12-03 23:16:36,383 - scripts - INFO - Checking processes
2017-12-03 23:17:36,399 - scripts - INFO - Checking processes
2017-12-03 23:18:36,410 - scripts - INFO - Checking processes
2017-12-03 23:19:36,424 - scripts - INFO - Checking processes
2017-12-03 23:20:36,431 - scripts - INFO - Checking processes
2017-12-03 23:21:36,439 - scripts - INFO - Checking processes
2017-12-03 23:22:36,444 - scripts - INFO - Checking processes
2017-12-03 23:23:36,454 - scripts - INFO - Checking processes
2017-12-03 23:24:36,464 - scripts - INFO - Checking processes
2017-12-03 23:25:36,475 - scripts - INFO - Checking processes
2017-12-03 23:26:36,491 - scripts - INFO - Checking processes
2017-12-03 23:27:36,497 - scripts - INFO - Checking processes
2017-12-03 23:28:36,509 - scripts - INFO - Checking processes
2017-12-03 23:29:36,520 - scripts - INFO - Checking processes
2017-12-03 23:30:36,531 - scripts - INFO - Checking processes
2017-12-03 23:31:36,544 - scripts - INFO - Checking processes
2017-12-03 23:32:36,548 - scripts - INFO - Checking processes
2017-12-03 23:33:36,560 - scripts - INFO - Checking processes
2017-12-03 23:34:36,567 - scripts - INFO - Checking processes
2017-12-03 23:35:36,570 - scripts - INFO - Checking processes
2017-12-03 23:36:36,581 - scripts - INFO - Checking processes
2017-12-03 23:37:36,589 - scripts - INFO - Checking processes
2017-12-03 23:38:36,595 - scripts - INFO - Checking processes
2017-12-03 23:39:36,598 - scripts - INFO - Checking processes
2017-12-03 23:40:36,604 - scripts - INFO - Checking processes
2017-12-03 23:41:36,614 - scripts - INFO - Checking processes
2017-12-03 23:42:36,626 - scripts - INFO - Checking processes
2017-12-03 23:43:36,632 - scripts - INFO - Checking processes
2017-12-03 23:44:36,643 - scripts - INFO - Checking processes
2017-12-03 23:45:36,652 - scripts - INFO - Checking processes
2017-12-03 23:46:36,657 - scripts - INFO - Checking processes
2017-12-03 23:47:36,661 - scripts - INFO - Checking processes
2017-12-03 23:48:36,667 - scripts - INFO - Checking processes
2017-12-03 23:49:36,680 - scripts - INFO - Checking processes
2017-12-03 23:50:36,685 - scripts - INFO - Checking processes
2017-12-03 23:51:36,698 - scripts - INFO - Checking processes
2017-12-03 23:52:36,709 - scripts - INFO - Checking processes
2017-12-03 23:53:36,723 - scripts - INFO - Checking processes
2017-12-03 23:54:36,735 - scripts - INFO - Checking processes
2017-12-03 23:55:36,742 - scripts - INFO - Checking processes
2017-12-03 23:56:36,751 - scripts - INFO - Checking processes
2017-12-03 23:57:36,761 - scripts - INFO - Checking processes
2017-12-03 23:58:36,772 - scripts - INFO - Checking processes
2017-12-03 23:59:36,779 - scripts - INFO - Checking processes
2017-12-04 00:00:36,793 - scripts - INFO - Checking processes
2017-12-04 00:01:36,803 - scripts - INFO - Checking processes
2017-12-04 00:02:36,816 - scripts - INFO - Checking processes
2017-12-04 00:03:36,822 - scripts - INFO - Checking processes
2017-12-04 00:04:36,831 - scripts - INFO - Checking processes
2017-12-04 00:05:36,837 - scripts - INFO - Checking processes
2017-12-04 00:06:36,841 - scripts - INFO - Checking processes
2017-12-04 00:07:36,854 - scripts - INFO - Checking processes
2017-12-04 00:08:36,868 - scripts - INFO - Checking processes
2017-12-04 00:09:36,879 - scripts - INFO - Checking processes
2017-12-04 00:10:36,891 - scripts - INFO - Checking processes
2017-12-04 00:11:36,902 - scripts - INFO - Checking processes
2017-12-04 00:12:36,908 - scripts - INFO - Checking processes
2017-12-04 00:13:36,916 - scripts - INFO - Checking processes
2017-12-04 00:14:36,927 - scripts - INFO - Checking processes
2017-12-04 00:15:36,939 - scripts - INFO - Checking processes
2017-12-04 00:16:36,951 - scripts - INFO - Checking processes
2017-12-04 00:17:36,955 - scripts - INFO - Checking processes
2017-12-04 00:18:36,962 - scripts - INFO - Checking processes
2017-12-04 00:19:36,966 - scripts - INFO - Checking processes
2017-12-04 00:20:36,971 - scripts - INFO - Checking processes
2017-12-04 00:21:36,978 - scripts - INFO - Checking processes
2017-12-04 00:22:36,986 - scripts - INFO - Checking processes
2017-12-04 00:23:36,991 - scripts - INFO - Checking processes
2017-12-04 00:24:37,001 - scripts - INFO - Checking processes
2017-12-04 00:25:37,007 - scripts - INFO - Checking processes
2017-12-04 00:26:37,015 - scripts - INFO - Checking processes
2017-12-04 00:27:37,026 - scripts - INFO - Checking processes
2017-12-04 00:28:37,032 - scripts - INFO - Checking processes
2017-12-04 00:29:37,040 - scripts - INFO - Checking processes
2017-12-04 00:30:37,045 - scripts - INFO - Checking processes
2017-12-04 00:31:37,050 - scripts - INFO - Checking processes
2017-12-04 00:32:37,060 - scripts - INFO - Checking processes
2017-12-04 00:33:37,073 - scripts - INFO - Checking processes
2017-12-04 00:34:37,080 - scripts - INFO - Checking processes
2017-12-04 00:35:37,095 - scripts - INFO - Checking processes
2017-12-04 00:36:37,103 - scripts - INFO - Checking processes
2017-12-04 00:37:37,112 - scripts - INFO - Checking processes
2017-12-04 00:38:37,126 - scripts - INFO - Checking processes
2017-12-04 00:39:37,132 - scripts - INFO - Checking processes
2017-12-04 00:40:37,137 - scripts - INFO - Checking processes
2017-12-04 00:41:37,141 - scripts - INFO - Checking processes
2017-12-04 00:42:37,151 - scripts - INFO - Checking processes
2017-12-04 00:43:37,155 - scripts - INFO - Checking processes
2017-12-04 00:44:37,158 - scripts - INFO - Checking processes
2017-12-04 00:45:37,168 - scripts - INFO - Checking processes
2017-12-04 00:46:37,180 - scripts - INFO - Checking processes
2017-12-04 00:47:37,188 - scripts - INFO - Checking processes
2017-12-04 00:48:37,192 - scripts - INFO - Checking processes
2017-12-04 00:49:37,200 - scripts - INFO - Checking processes
2017-12-04 00:50:37,205 - scripts - INFO - Checking processes
2017-12-04 00:51:37,214 - scripts - INFO - Checking processes
2017-12-04 00:52:37,224 - scripts - INFO - Checking processes
2017-12-04 00:53:37,232 - scripts - INFO - Checking processes
2017-12-04 00:54:37,245 - scripts - INFO - Checking processes
2017-12-04 00:55:37,258 - scripts - INFO - Checking processes
2017-12-04 00:56:37,264 - scripts - INFO - Checking processes
2017-12-04 00:57:37,274 - scripts - INFO - Checking processes
2017-12-04 00:58:37,278 - scripts - INFO - Checking processes
2017-12-04 00:59:37,282 - scripts - INFO - Checking processes
2017-12-04 01:00:37,289 - scripts - INFO - Checking processes
2017-12-04 01:01:37,299 - scripts - INFO - Checking processes
2017-12-04 01:02:37,303 - scripts - INFO - Checking processes
2017-12-04 01:03:37,306 - scripts - INFO - Checking processes
2017-12-04 01:04:37,314 - scripts - INFO - Checking processes
2017-12-04 01:05:37,323 - scripts - INFO - Checking processes
2017-12-04 01:06:37,331 - scripts - INFO - Checking processes
2017-12-04 01:07:37,337 - scripts - INFO - Checking processes
2017-12-04 01:08:37,347 - scripts - INFO - Checking processes
2017-12-04 01:09:37,361 - scripts - INFO - Checking processes
2017-12-04 01:10:37,374 - scripts - INFO - Checking processes
2017-12-04 01:11:37,383 - scripts - INFO - Checking processes
2017-12-04 01:12:37,393 - scripts - INFO - Checking processes
2017-12-04 01:13:37,401 - scripts - INFO - Checking processes
2017-12-04 01:14:37,416 - scripts - INFO - Checking processes
2017-12-04 01:15:37,421 - scripts - INFO - Checking processes
2017-12-04 01:16:37,430 - scripts - INFO - Checking processes
2017-12-04 01:17:37,438 - scripts - INFO - Checking processes
2017-12-04 01:18:37,444 - scripts - INFO - Checking processes
2017-12-04 01:19:37,453 - scripts - INFO - Checking processes
2017-12-04 01:20:37,467 - scripts - INFO - Checking processes
2017-12-04 01:21:37,482 - scripts - INFO - Checking processes
2017-12-04 01:22:37,495 - scripts - INFO - Checking processes
2017-12-04 01:23:37,498 - scripts - INFO - Checking processes
2017-12-04 01:24:37,509 - scripts - INFO - Checking processes
2017-12-04 01:25:37,515 - scripts - INFO - Checking processes
2017-12-04 01:26:37,528 - scripts - INFO - Checking processes
2017-12-04 01:27:37,534 - scripts - INFO - Checking processes
2017-12-04 01:28:37,546 - scripts - INFO - Checking processes
2017-12-04 01:29:37,552 - scripts - INFO - Checking processes
2017-12-04 01:30:37,557 - scripts - INFO - Checking processes
2017-12-04 01:31:37,569 - scripts - INFO - Checking processes
2017-12-04 01:32:37,574 - scripts - INFO - Checking processes
2017-12-04 01:33:37,580 - scripts - INFO - Checking processes
2017-12-04 01:34:37,589 - scripts - INFO - Checking processes
2017-12-04 01:35:37,594 - scripts - INFO - Checking processes
2017-12-04 01:36:37,602 - scripts - INFO - Checking processes
2017-12-04 01:37:37,609 - scripts - INFO - Checking processes
2017-12-04 01:38:37,617 - scripts - INFO - Checking processes
2017-12-04 01:39:37,630 - scripts - INFO - Checking processes
2017-12-04 01:40:37,643 - scripts - INFO - Checking processes
2017-12-04 01:41:37,648 - scripts - INFO - Checking processes
2017-12-04 01:42:37,655 - scripts - INFO - Checking processes
2017-12-04 01:43:37,663 - scripts - INFO - Checking processes
2017-12-04 01:44:37,670 - scripts - INFO - Checking processes
2017-12-04 01:45:37,675 - scripts - INFO - Checking processes
2017-12-04 01:46:37,679 - scripts - INFO - Checking processes
2017-12-04 01:47:37,690 - scripts - INFO - Checking processes
2017-12-04 01:48:37,697 - scripts - INFO - Checking processes
2017-12-04 01:49:37,701 - scripts - INFO - Checking processes
2017-12-04 01:50:37,714 - scripts - INFO - Checking processes
2017-12-04 01:51:37,727 - scripts - INFO - Checking processes
2017-12-04 01:52:37,731 - scripts - INFO - Checking processes
2017-12-04 01:53:37,740 - scripts - INFO - Checking processes
2017-12-04 01:54:37,749 - scripts - INFO - Checking processes
2017-12-04 01:55:37,771 - scripts - INFO - Checking processes
2017-12-04 01:56:37,778 - scripts - INFO - Checking processes
2017-12-04 01:57:37,785 - scripts - INFO - Checking processes
2017-12-04 01:58:37,790 - scripts - INFO - Checking processes
2017-12-04 01:59:37,802 - scripts - INFO - Checking processes
2017-12-04 02:00:37,814 - scripts - INFO - Checking processes
2017-12-04 02:01:37,818 - scripts - INFO - Checking processes
2017-12-04 02:02:37,828 - scripts - INFO - Checking processes
2017-12-04 02:03:37,838 - scripts - INFO - Checking processes
2017-12-04 02:04:37,842 - scripts - INFO - Checking processes
2017-12-04 02:05:37,853 - scripts - INFO - Checking processes
2017-12-04 02:06:37,861 - scripts - INFO - Checking processes
2017-12-04 02:07:37,871 - scripts - INFO - Checking processes
2017-12-04 02:08:37,880 - scripts - INFO - Checking processes
2017-12-04 02:09:37,889 - scripts - INFO - Checking processes
2017-12-04 02:10:37,898 - scripts - INFO - Checking processes
2017-12-04 02:11:37,911 - scripts - INFO - Checking processes
2017-12-04 02:12:37,920 - scripts - INFO - Checking processes
2017-12-04 02:13:37,924 - scripts - INFO - Checking processes
2017-12-04 02:14:37,933 - scripts - INFO - Checking processes
2017-12-04 02:15:37,945 - scripts - INFO - Checking processes
2017-12-04 02:16:37,952 - scripts - INFO - Checking processes
2017-12-04 02:17:37,960 - scripts - INFO - Checking processes
2017-12-04 02:18:37,965 - scripts - INFO - Checking processes
2017-12-04 02:19:37,969 - scripts - INFO - Checking processes
2017-12-04 02:20:37,972 - scripts - INFO - Checking processes
2017-12-04 02:21:37,986 - scripts - INFO - Checking processes
2017-12-04 02:22:37,996 - scripts - INFO - Checking processes
2017-12-04 02:23:38,000 - scripts - INFO - Checking processes
2017-12-04 02:24:38,003 - scripts - INFO - Checking processes
2017-12-04 02:25:38,007 - scripts - INFO - Checking processes
2017-12-04 02:26:38,013 - scripts - INFO - Checking processes
2017-12-04 02:27:38,018 - scripts - INFO - Checking processes
2017-12-04 02:28:38,025 - scripts - INFO - Checking processes
2017-12-04 02:29:38,037 - scripts - INFO - Checking processes
2017-12-04 02:30:38,048 - scripts - INFO - Checking processes
2017-12-04 02:31:38,051 - scripts - INFO - Checking processes
2017-12-04 02:32:38,058 - scripts - INFO - Checking processes
2017-12-04 02:33:38,070 - scripts - INFO - Checking processes
2017-12-04 02:34:38,077 - scripts - INFO - Checking processes
2017-12-04 02:35:38,088 - scripts - INFO - Checking processes
2017-12-04 02:36:38,097 - scripts - INFO - Checking processes
2017-12-04 02:37:38,104 - scripts - INFO - Checking processes
2017-12-04 02:38:38,113 - scripts - INFO - Checking processes
2017-12-04 02:39:38,123 - scripts - INFO - Checking processes
2017-12-04 02:40:38,134 - scripts - INFO - Checking processes
2017-12-04 02:41:38,139 - scripts - INFO - Checking processes
2017-12-04 02:42:38,148 - scripts - INFO - Checking processes
2017-12-04 02:43:38,154 - scripts - INFO - Checking processes
2017-12-04 02:44:38,158 - scripts - INFO - Checking processes
2017-12-04 02:45:38,172 - scripts - INFO - Checking processes
2017-12-04 02:46:38,183 - scripts - INFO - Checking processes
2017-12-04 02:47:38,189 - scripts - INFO - Checking processes
2017-12-04 02:48:38,196 - scripts - INFO - Checking processes
2017-12-04 02:49:38,203 - scripts - INFO - Checking processes
2017-12-04 02:50:38,208 - scripts - INFO - Checking processes
2017-12-04 02:51:38,214 - scripts - INFO - Checking processes
2017-12-04 02:52:38,221 - scripts - INFO - Checking processes
2017-12-04 02:53:38,232 - scripts - INFO - Checking processes
2017-12-04 02:54:38,242 - scripts - INFO - Checking processes
2017-12-04 02:55:38,249 - scripts - INFO - Checking processes
2017-12-04 02:56:38,256 - scripts - INFO - Checking processes
2017-12-04 02:57:38,259 - scripts - INFO - Checking processes
2017-12-04 02:58:38,272 - scripts - INFO - Checking processes
2017-12-04 02:59:38,281 - scripts - INFO - Checking processes
2017-12-04 03:00:38,286 - scripts - INFO - Checking processes
2017-12-04 03:01:38,299 - scripts - INFO - Checking processes
2017-12-04 03:02:38,304 - scripts - INFO - Checking processes
2017-12-04 03:03:38,307 - scripts - INFO - Checking processes
2017-12-04 03:04:38,319 - scripts - INFO - Checking processes
2017-12-04 03:05:38,324 - scripts - INFO - Checking processes
2017-12-04 03:06:38,327 - scripts - INFO - Checking processes
2017-12-04 03:07:38,340 - scripts - INFO - Checking processes
2017-12-04 03:08:38,348 - scripts - INFO - Checking processes
2017-12-04 03:09:38,360 - scripts - INFO - Checking processes
2017-12-04 03:10:38,372 - scripts - INFO - Checking processes
2017-12-04 03:11:38,379 - scripts - INFO - Checking processes
2017-12-04 03:12:38,391 - scripts - INFO - Checking processes
2017-12-04 03:13:38,402 - scripts - INFO - Checking processes
2017-12-04 03:14:38,411 - scripts - INFO - Checking processes
2017-12-04 03:15:38,422 - scripts - INFO - Checking processes
2017-12-04 03:16:38,435 - scripts - INFO - Checking processes
2017-12-04 03:17:38,447 - scripts - INFO - Checking processes
2017-12-04 03:18:38,451 - scripts - INFO - Checking processes
2017-12-04 03:19:38,462 - scripts - INFO - Checking processes
2017-12-04 03:20:38,466 - scripts - INFO - Checking processes
2017-12-04 03:21:38,476 - scripts - INFO - Checking processes
2017-12-04 03:22:38,485 - scripts - INFO - Checking processes
2017-12-04 03:23:38,495 - scripts - INFO - Checking processes
2017-12-04 03:24:38,507 - scripts - INFO - Checking processes
2017-12-04 03:25:38,512 - scripts - INFO - Checking processes
2017-12-04 03:26:38,522 - scripts - INFO - Checking processes
2017-12-04 03:27:38,535 - scripts - INFO - Checking processes
2017-12-04 03:28:38,545 - scripts - INFO - Checking processes
2017-12-04 03:29:38,558 - scripts - INFO - Checking processes
2017-12-04 03:30:38,570 - scripts - INFO - Checking processes
2017-12-04 03:31:38,573 - scripts - INFO - Checking processes
2017-12-04 03:32:38,587 - scripts - INFO - Checking processes
2017-12-04 03:33:38,597 - scripts - INFO - Checking processes
2017-12-04 03:34:38,606 - scripts - INFO - Checking processes
2017-12-04 03:35:38,611 - scripts - INFO - Checking processes
2017-12-04 03:36:38,616 - scripts - INFO - Checking processes
2017-12-04 03:37:38,619 - scripts - INFO - Checking processes
2017-12-04 03:38:38,623 - scripts - INFO - Checking processes
2017-12-04 03:39:38,635 - scripts - INFO - Checking processes
2017-12-04 03:40:38,643 - scripts - INFO - Checking processes
2017-12-04 03:41:38,648 - scripts - INFO - Checking processes
2017-12-04 03:42:38,657 - scripts - INFO - Checking processes
2017-12-04 03:43:38,662 - scripts - INFO - Checking processes
2017-12-04 03:44:38,668 - scripts - INFO - Checking processes
2017-12-04 03:45:38,674 - scripts - INFO - Checking processes
2017-12-04 03:46:38,683 - scripts - INFO - Checking processes
2017-12-04 03:47:38,689 - scripts - INFO - Checking processes
2017-12-04 03:48:38,692 - scripts - INFO - Checking processes
2017-12-04 03:49:38,695 - scripts - INFO - Checking processes
2017-12-04 03:50:38,700 - scripts - INFO - Checking processes
2017-12-04 03:51:38,708 - scripts - INFO - Checking processes
2017-12-04 03:52:38,720 - scripts - INFO - Checking processes
2017-12-04 03:53:38,723 - scripts - INFO - Checking processes
2017-12-04 03:54:38,734 - scripts - INFO - Checking processes
2017-12-04 03:55:38,738 - scripts - INFO - Checking processes
2017-12-04 03:56:38,752 - scripts - INFO - Checking processes
2017-12-04 03:57:38,764 - scripts - INFO - Checking processes
2017-12-04 03:58:38,769 - scripts - INFO - Checking processes
2017-12-04 03:59:38,775 - scripts - INFO - Checking processes
2017-12-04 04:00:38,788 - scripts - INFO - Checking processes
2017-12-04 04:01:38,797 - scripts - INFO - Checking processes
2017-12-04 04:02:38,803 - scripts - INFO - Checking processes
2017-12-04 04:03:38,810 - scripts - INFO - Checking processes
2017-12-04 04:04:38,819 - scripts - INFO - Checking processes
2017-12-04 04:05:38,823 - scripts - INFO - Checking processes
2017-12-04 04:06:38,831 - scripts - INFO - Checking processes
2017-12-04 04:07:38,841 - scripts - INFO - Checking processes
2017-12-04 04:08:38,854 - scripts - INFO - Checking processes
2017-12-04 04:09:38,858 - scripts - INFO - Checking processes
2017-12-04 04:10:38,869 - scripts - INFO - Checking processes
2017-12-04 04:11:38,873 - scripts - INFO - Checking processes
2017-12-04 04:12:38,877 - scripts - INFO - Checking processes
2017-12-04 04:13:38,883 - scripts - INFO - Checking processes
2017-12-04 04:14:38,892 - scripts - INFO - Checking processes
2017-12-04 04:15:38,898 - scripts - INFO - Checking processes
2017-12-04 04:16:38,903 - scripts - INFO - Checking processes
2017-12-04 04:17:38,909 - scripts - INFO - Checking processes
2017-12-04 04:18:38,917 - scripts - INFO - Checking processes
2017-12-04 04:19:38,926 - scripts - INFO - Checking processes
2017-12-04 04:20:38,935 - scripts - INFO - Checking processes
2017-12-04 04:21:38,943 - scripts - INFO - Checking processes
2017-12-04 04:22:38,949 - scripts - INFO - Checking processes
2017-12-04 04:23:38,953 - scripts - INFO - Checking processes
2017-12-04 04:24:38,958 - scripts - INFO - Checking processes
2017-12-04 04:25:38,962 - scripts - INFO - Checking processes
2017-12-04 04:26:38,969 - scripts - INFO - Checking processes
2017-12-04 04:27:38,975 - scripts - INFO - Checking processes
2017-12-04 04:28:38,983 - scripts - INFO - Checking processes
2017-12-04 04:29:38,988 - scripts - INFO - Checking processes
2017-12-04 04:30:38,996 - scripts - INFO - Checking processes
2017-12-04 04:31:39,000 - scripts - INFO - Checking processes
2017-12-04 04:32:39,004 - scripts - INFO - Checking processes
2017-12-04 04:33:39,008 - scripts - INFO - Checking processes
2017-12-04 04:34:39,014 - scripts - INFO - Checking processes
2017-12-04 04:35:39,022 - scripts - INFO - Checking processes
2017-12-04 04:36:39,029 - scripts - INFO - Checking processes
2017-12-04 04:37:39,033 - scripts - INFO - Checking processes
2017-12-04 04:38:39,040 - scripts - INFO - Checking processes
2017-12-04 04:39:39,054 - scripts - INFO - Checking processes
2017-12-04 04:40:39,059 - scripts - INFO - Checking processes
2017-12-04 04:41:39,063 - scripts - INFO - Checking processes
2017-12-04 04:42:39,068 - scripts - INFO - Checking processes
2017-12-04 04:43:39,077 - scripts - INFO - Checking processes
2017-12-04 04:44:39,080 - scripts - INFO - Checking processes
2017-12-04 04:45:39,093 - scripts - INFO - Checking processes
2017-12-04 04:46:39,099 - scripts - INFO - Checking processes
2017-12-04 04:47:39,106 - scripts - INFO - Checking processes
2017-12-04 04:48:39,109 - scripts - INFO - Checking processes
2017-12-04 04:49:39,119 - scripts - INFO - Checking processes
2017-12-04 04:50:39,131 - scripts - INFO - Checking processes
2017-12-04 04:51:39,142 - scripts - INFO - Checking processes
2017-12-04 04:52:39,153 - scripts - INFO - Checking processes
2017-12-04 04:53:39,157 - scripts - INFO - Checking processes
2017-12-04 04:54:39,162 - scripts - INFO - Checking processes
2017-12-04 04:55:39,165 - scripts - INFO - Checking processes
2017-12-04 04:56:39,169 - scripts - INFO - Checking processes
2017-12-04 04:57:39,173 - scripts - INFO - Checking processes
2017-12-04 04:58:39,183 - scripts - INFO - Checking processes
2017-12-04 04:59:39,189 - scripts - INFO - Checking processes
2017-12-04 05:00:39,194 - scripts - INFO - Checking processes
2017-12-04 05:01:39,200 - scripts - INFO - Checking processes
2017-12-04 05:02:39,209 - scripts - INFO - Checking processes
2017-12-04 05:03:39,222 - scripts - INFO - Checking processes
2017-12-04 05:04:39,225 - scripts - INFO - Checking processes
2017-12-04 05:05:39,231 - scripts - INFO - Checking processes
2017-12-04 05:06:39,235 - scripts - INFO - Checking processes
2017-12-04 05:07:39,242 - scripts - INFO - Checking processes
2017-12-04 05:08:39,248 - scripts - INFO - Checking processes
2017-12-04 05:09:39,251 - scripts - INFO - Checking processes
2017-12-04 05:10:39,258 - scripts - INFO - Checking processes
2017-12-04 05:11:39,271 - scripts - INFO - Checking processes
2017-12-04 05:12:39,277 - scripts - INFO - Checking processes
2017-12-04 05:13:39,285 - scripts - INFO - Checking processes
2017-12-04 05:14:39,292 - scripts - INFO - Checking processes
2017-12-04 05:15:39,296 - scripts - INFO - Checking processes
2017-12-04 05:16:39,305 - scripts - INFO - Checking processes
2017-12-04 05:17:39,309 - scripts - INFO - Checking processes
2017-12-04 05:18:39,321 - scripts - INFO - Checking processes
2017-12-04 05:19:39,330 - scripts - INFO - Checking processes
2017-12-04 05:20:39,341 - scripts - INFO - Checking processes
2017-12-04 05:21:39,348 - scripts - INFO - Checking processes
2017-12-04 05:22:39,360 - scripts - INFO - Checking processes
2017-12-04 05:23:39,363 - scripts - INFO - Checking processes
2017-12-04 05:24:39,374 - scripts - INFO - Checking processes
2017-12-04 05:25:39,381 - scripts - INFO - Checking processes
2017-12-04 05:26:39,391 - scripts - INFO - Checking processes
2017-12-04 05:27:39,403 - scripts - INFO - Checking processes
2017-12-04 05:28:39,416 - scripts - INFO - Checking processes
2017-12-04 05:29:39,419 - scripts - INFO - Checking processes
2017-12-04 05:30:39,429 - scripts - INFO - Checking processes
2017-12-04 05:31:39,437 - scripts - INFO - Checking processes
2017-12-04 05:32:39,448 - scripts - INFO - Checking processes
2017-12-04 05:33:39,461 - scripts - INFO - Checking processes
2017-12-04 05:34:39,473 - scripts - INFO - Checking processes
2017-12-04 05:35:39,479 - scripts - INFO - Checking processes
2017-12-04 05:36:39,488 - scripts - INFO - Checking processes
2017-12-04 05:37:39,492 - scripts - INFO - Checking processes
2017-12-04 05:38:39,496 - scripts - INFO - Checking processes
2017-12-04 05:39:39,508 - scripts - INFO - Checking processes
2017-12-04 05:40:39,511 - scripts - INFO - Checking processes
2017-12-04 05:41:39,518 - scripts - INFO - Checking processes
2017-12-04 05:42:39,531 - scripts - INFO - Checking processes
2017-12-04 05:43:39,543 - scripts - INFO - Checking processes
2017-12-04 05:44:39,554 - scripts - INFO - Checking processes
2017-12-04 05:45:39,568 - scripts - INFO - Checking processes
2017-12-04 05:46:39,572 - scripts - INFO - Checking processes
2017-12-04 05:47:39,585 - scripts - INFO - Checking processes
2017-12-04 05:48:39,588 - scripts - INFO - Checking processes
2017-12-04 05:49:39,595 - scripts - INFO - Checking processes
2017-12-04 05:50:39,608 - scripts - INFO - Checking processes
2017-12-04 05:51:39,619 - scripts - INFO - Checking processes
2017-12-04 05:52:39,632 - scripts - INFO - Checking processes
2017-12-04 05:53:39,636 - scripts - INFO - Checking processes
2017-12-04 05:54:39,642 - scripts - INFO - Checking processes
2017-12-04 05:55:39,647 - scripts - INFO - Checking processes
2017-12-04 05:56:39,659 - scripts - INFO - Checking processes
2017-12-04 05:57:39,663 - scripts - INFO - Checking processes
2017-12-04 05:58:39,668 - scripts - INFO - Checking processes
2017-12-04 05:59:39,672 - scripts - INFO - Checking processes
2017-12-04 06:00:39,685 - scripts - INFO - Checking processes
2017-12-04 06:01:39,690 - scripts - INFO - Checking processes
2017-12-04 06:02:39,694 - scripts - INFO - Checking processes
2017-12-04 06:03:39,703 - scripts - INFO - Checking processes
2017-12-04 06:04:39,717 - scripts - INFO - Checking processes
2017-12-04 06:05:39,725 - scripts - INFO - Checking processes
2017-12-04 06:06:39,737 - scripts - INFO - Checking processes
2017-12-04 06:07:39,743 - scripts - INFO - Checking processes
2017-12-04 06:08:39,757 - scripts - INFO - Checking processes
2017-12-04 06:09:39,763 - scripts - INFO - Checking processes
2017-12-04 06:10:39,771 - scripts - INFO - Checking processes
2017-12-04 06:11:39,782 - scripts - INFO - Checking processes
2017-12-04 06:12:39,790 - scripts - INFO - Checking processes
2017-12-04 06:13:39,801 - scripts - INFO - Checking processes
2017-12-04 06:14:39,806 - scripts - INFO - Checking processes
2017-12-04 06:15:39,815 - scripts - INFO - Checking processes
2017-12-04 06:16:39,822 - scripts - INFO - Checking processes
2017-12-04 06:17:39,830 - scripts - INFO - Checking processes
2017-12-04 06:18:39,834 - scripts - INFO - Checking processes
2017-12-04 06:19:39,844 - scripts - INFO - Checking processes
2017-12-04 06:20:39,854 - scripts - INFO - Checking processes
2017-12-04 06:21:39,860 - scripts - INFO - Checking processes
2017-12-04 06:22:39,869 - scripts - INFO - Checking processes
2017-12-04 06:23:39,878 - scripts - INFO - Checking processes
2017-12-04 06:24:39,888 - scripts - INFO - Checking processes
2017-12-04 06:25:39,895 - scripts - INFO - Checking processes
2017-12-04 06:26:39,907 - scripts - INFO - Checking processes
2017-12-04 06:27:39,918 - scripts - INFO - Checking processes
2017-12-04 06:28:39,931 - scripts - INFO - Checking processes
2017-12-04 06:29:39,941 - scripts - INFO - Checking processes
2017-12-04 06:30:39,945 - scripts - INFO - Checking processes
2017-12-04 06:31:39,950 - scripts - INFO - Checking processes
2017-12-04 06:32:39,955 - scripts - INFO - Checking processes
2017-12-04 06:33:39,967 - scripts - INFO - Checking processes
2017-12-04 06:34:39,980 - scripts - INFO - Checking processes
2017-12-04 06:35:39,992 - scripts - INFO - Checking processes
2017-12-04 06:36:40,001 - scripts - INFO - Checking processes
2017-12-04 06:37:40,008 - scripts - INFO - Checking processes
2017-12-04 06:38:40,015 - scripts - INFO - Checking processes
2017-12-04 06:39:40,019 - scripts - INFO - Checking processes
2017-12-04 06:40:40,030 - scripts - INFO - Checking processes
2017-12-04 06:41:40,042 - scripts - INFO - Checking processes
2017-12-04 06:42:40,053 - scripts - INFO - Checking processes
2017-12-04 06:43:40,062 - scripts - INFO - Checking processes
2017-12-04 06:44:40,073 - scripts - INFO - Checking processes
2017-12-04 06:45:40,081 - scripts - INFO - Checking processes
2017-12-04 06:46:40,086 - scripts - INFO - Checking processes
2017-12-04 06:47:40,096 - scripts - INFO - Checking processes
2017-12-04 06:48:40,102 - scripts - INFO - Checking processes
2017-12-04 06:49:40,116 - scripts - INFO - Checking processes
2017-12-04 06:50:40,121 - scripts - INFO - Checking processes
2017-12-04 06:51:40,129 - scripts - INFO - Checking processes
2017-12-04 06:52:40,133 - scripts - INFO - Checking processes
2017-12-04 06:53:40,144 - scripts - INFO - Checking processes
2017-12-04 06:54:40,155 - scripts - INFO - Checking processes
2017-12-04 06:55:40,169 - scripts - INFO - Checking processes
2017-12-04 06:56:40,175 - scripts - INFO - Checking processes
2017-12-04 06:57:40,179 - scripts - INFO - Checking processes
2017-12-04 06:58:40,184 - scripts - INFO - Checking processes
2017-12-04 06:59:40,195 - scripts - INFO - Checking processes
2017-12-04 07:00:40,205 - scripts - INFO - Checking processes
2017-12-04 07:01:40,213 - scripts - INFO - Checking processes
2017-12-04 07:02:40,225 - scripts - INFO - Checking processes
2017-12-04 07:03:40,231 - scripts - INFO - Checking processes
2017-12-04 07:04:40,244 - scripts - INFO - Checking processes
2017-12-04 07:05:40,258 - scripts - INFO - Checking processes
2017-12-04 07:06:40,263 - scripts - INFO - Checking processes
2017-12-04 07:07:40,266 - scripts - INFO - Checking processes
2017-12-04 07:08:40,270 - scripts - INFO - Checking processes
2017-12-04 07:09:40,274 - scripts - INFO - Checking processes
2017-12-04 07:10:40,283 - scripts - INFO - Checking processes
2017-12-04 07:11:40,291 - scripts - INFO - Checking processes
2017-12-04 07:12:40,304 - scripts - INFO - Checking processes
2017-12-04 07:13:40,310 - scripts - INFO - Checking processes
2017-12-04 07:14:40,314 - scripts - INFO - Checking processes
2017-12-04 07:15:40,323 - scripts - INFO - Checking processes
2017-12-04 07:16:40,332 - scripts - INFO - Checking processes
2017-12-04 07:17:40,337 - scripts - INFO - Checking processes
2017-12-04 07:18:40,344 - scripts - INFO - Checking processes
2017-12-04 07:19:40,352 - scripts - INFO - Checking processes
2017-12-04 07:20:40,357 - scripts - INFO - Checking processes
2017-12-04 07:21:40,362 - scripts - INFO - Checking processes
2017-12-04 07:22:40,372 - scripts - INFO - Checking processes
2017-12-04 07:23:40,380 - scripts - INFO - Checking processes
2017-12-04 07:24:40,390 - scripts - INFO - Checking processes
2017-12-04 07:25:40,394 - scripts - INFO - Checking processes
2017-12-04 07:26:40,398 - scripts - INFO - Checking processes
2017-12-04 07:27:40,410 - scripts - INFO - Checking processes
2017-12-04 07:28:40,425 - scripts - INFO - Checking processes
2017-12-04 07:29:40,432 - scripts - INFO - Checking processes
2017-12-04 07:30:40,441 - scripts - INFO - Checking processes
2017-12-04 07:31:40,447 - scripts - INFO - Checking processes
2017-12-04 07:32:40,459 - scripts - INFO - Checking processes
2017-12-04 07:33:40,468 - scripts - INFO - Checking processes
2017-12-04 07:34:40,473 - scripts - INFO - Checking processes
2017-12-04 07:35:40,478 - scripts - INFO - Checking processes
2017-12-04 07:36:40,482 - scripts - INFO - Checking processes
2017-12-04 07:37:40,491 - scripts - INFO - Checking processes
2017-12-04 07:38:40,504 - scripts - INFO - Checking processes
2017-12-04 07:39:40,510 - scripts - INFO - Checking processes
2017-12-04 07:40:40,516 - scripts - INFO - Checking processes
2017-12-04 07:41:40,529 - scripts - INFO - Checking processes
2017-12-04 07:42:40,535 - scripts - INFO - Checking processes
2017-12-04 07:43:40,539 - scripts - INFO - Checking processes
2017-12-04 07:44:40,544 - scripts - INFO - Checking processes
2017-12-04 07:45:40,550 - scripts - INFO - Checking processes
2017-12-04 07:46:40,563 - scripts - INFO - Checking processes
2017-12-04 07:47:40,573 - scripts - INFO - Checking processes
2017-12-04 07:48:40,586 - scripts - INFO - Checking processes
2017-12-04 07:49:40,594 - scripts - INFO - Checking processes
2017-12-04 07:50:40,608 - scripts - INFO - Checking processes
2017-12-04 07:51:40,613 - scripts - INFO - Checking processes
2017-12-04 07:52:40,618 - scripts - INFO - Checking processes
2017-12-04 07:53:40,626 - scripts - INFO - Checking processes
2017-12-04 07:54:40,633 - scripts - INFO - Checking processes
2017-12-04 07:55:40,645 - scripts - INFO - Checking processes
2017-12-04 07:56:40,652 - scripts - INFO - Checking processes
2017-12-04 07:57:40,656 - scripts - INFO - Checking processes
2017-12-04 07:58:40,663 - scripts - INFO - Checking processes
2017-12-04 07:59:40,673 - scripts - INFO - Checking processes
2017-12-04 08:00:40,679 - scripts - INFO - Checking processes
2017-12-04 08:01:40,684 - scripts - INFO - Checking processes
2017-12-04 08:02:40,691 - scripts - INFO - Checking processes
2017-12-04 08:03:40,696 - scripts - INFO - Checking processes
2017-12-04 08:04:40,702 - scripts - INFO - Checking processes
2017-12-04 08:05:40,716 - scripts - INFO - Checking processes
2017-12-04 08:06:40,723 - scripts - INFO - Checking processes
2017-12-04 08:07:40,731 - scripts - INFO - Checking processes
2017-12-04 08:08:40,736 - scripts - INFO - Checking processes
2017-12-04 08:09:40,740 - scripts - INFO - Checking processes
2017-12-04 08:10:40,752 - scripts - INFO - Checking processes
2017-12-04 08:11:40,762 - scripts - INFO - Checking processes
2017-12-04 08:12:40,768 - scripts - INFO - Checking processes
2017-12-04 08:13:40,779 - scripts - INFO - Checking processes
2017-12-04 08:14:40,790 - scripts - INFO - Checking processes
2017-12-04 08:15:40,801 - scripts - INFO - Checking processes
2017-12-04 08:16:40,805 - scripts - INFO - Checking processes
2017-12-04 08:17:40,812 - scripts - INFO - Checking processes
2017-12-04 08:18:40,822 - scripts - INFO - Checking processes
2017-12-04 08:19:40,828 - scripts - INFO - Checking processes
2017-12-04 08:20:40,836 - scripts - INFO - Checking processes
2017-12-04 08:21:40,840 - scripts - INFO - Checking processes
2017-12-04 08:22:40,844 - scripts - INFO - Checking processes
2017-12-04 08:23:40,850 - scripts - INFO - Checking processes
2017-12-04 08:24:40,861 - scripts - INFO - Checking processes
2017-12-04 08:25:40,872 - scripts - INFO - Checking processes
2017-12-04 08:26:40,878 - scripts - INFO - Checking processes
2017-12-04 08:27:40,892 - scripts - INFO - Checking processes
2017-12-04 08:28:40,897 - scripts - INFO - Checking processes
2017-12-04 08:29:40,906 - scripts - INFO - Checking processes
2017-12-04 08:30:40,909 - scripts - INFO - Checking processes
2017-12-04 08:31:40,918 - scripts - INFO - Checking processes
2017-12-04 08:32:40,929 - scripts - INFO - Checking processes
2017-12-04 08:33:40,933 - scripts - INFO - Checking processes
2017-12-04 08:34:40,943 - scripts - INFO - Checking processes
2017-12-04 08:35:40,957 - scripts - INFO - Checking processes
2017-12-04 08:36:40,964 - scripts - INFO - Checking processes
2017-12-04 08:37:40,975 - scripts - INFO - Checking processes
2017-12-04 08:38:40,978 - scripts - INFO - Checking processes
2017-12-04 08:39:40,981 - scripts - INFO - Checking processes
2017-12-04 08:40:40,987 - scripts - INFO - Checking processes
2017-12-04 08:41:40,991 - scripts - INFO - Checking processes
2017-12-04 08:42:41,005 - scripts - INFO - Checking processes
2017-12-04 08:43:41,011 - scripts - INFO - Checking processes
2017-12-04 08:44:41,022 - scripts - INFO - Checking processes
2017-12-04 08:45:41,028 - scripts - INFO - Checking processes
2017-12-04 08:46:41,039 - scripts - INFO - Checking processes
2017-12-04 08:47:41,046 - scripts - INFO - Checking processes
2017-12-04 08:48:41,051 - scripts - INFO - Checking processes
2017-12-04 08:49:41,059 - scripts - INFO - Checking processes
2017-12-04 08:50:41,072 - scripts - INFO - Checking processes
2017-12-04 08:51:41,081 - scripts - INFO - Checking processes
2017-12-04 08:52:41,091 - scripts - INFO - Checking processes
2017-12-04 08:53:41,103 - scripts - INFO - Checking processes
2017-12-04 08:54:41,113 - scripts - INFO - Checking processes
2017-12-04 08:55:41,124 - scripts - INFO - Checking processes
2017-12-04 08:56:41,130 - scripts - INFO - Checking processes
2017-12-04 08:57:41,140 - scripts - INFO - Checking processes
2017-12-04 08:58:41,146 - scripts - INFO - Checking processes
2017-12-04 08:59:41,157 - scripts - INFO - Checking processes
2017-12-04 09:00:41,166 - scripts - INFO - Checking processes
2017-12-04 09:01:41,170 - scripts - INFO - Checking processes
2017-12-04 09:02:41,174 - scripts - INFO - Checking processes
2017-12-04 09:03:41,186 - scripts - INFO - Checking processes
2017-12-04 09:04:41,192 - scripts - INFO - Checking processes
2017-12-04 09:05:41,206 - scripts - INFO - Checking processes
2017-12-04 09:06:41,212 - scripts - INFO - Checking processes
2017-12-04 09:07:41,225 - scripts - INFO - Checking processes
2017-12-04 09:08:41,228 - scripts - INFO - Checking processes
2017-12-04 09:09:41,241 - scripts - INFO - Checking processes
2017-12-04 09:10:41,247 - scripts - INFO - Checking processes
2017-12-04 09:11:41,258 - scripts - INFO - Checking processes
2017-12-04 09:12:41,266 - scripts - INFO - Checking processes
2017-12-04 09:13:41,269 - scripts - INFO - Checking processes
2017-12-04 09:14:41,283 - scripts - INFO - Checking processes
2017-12-04 09:15:41,296 - scripts - INFO - Checking processes
2017-12-04 09:16:41,304 - scripts - INFO - Checking processes
2017-12-04 09:17:41,309 - scripts - INFO - Checking processes
2017-12-04 09:18:41,323 - scripts - INFO - Checking processes
2017-12-04 09:19:41,336 - scripts - INFO - Checking processes
2017-12-04 09:20:41,340 - scripts - INFO - Checking processes
2017-12-04 09:21:41,351 - scripts - INFO - Checking processes
2017-12-04 09:22:41,357 - scripts - INFO - Checking processes
2017-12-04 09:23:41,362 - scripts - INFO - Checking processes
2017-12-04 09:24:41,365 - scripts - INFO - Checking processes
2017-12-04 09:25:41,376 - scripts - INFO - Checking processes
2017-12-04 09:26:41,381 - scripts - INFO - Checking processes
2017-12-04 09:27:41,394 - scripts - INFO - Checking processes
2017-12-04 09:28:41,399 - scripts - INFO - Checking processes
2017-12-04 09:29:41,402 - scripts - INFO - Checking processes
2017-12-04 09:30:41,405 - scripts - INFO - Checking processes
2017-12-04 09:31:41,420 - scripts - INFO - Checking processes
2017-12-04 09:32:41,426 - scripts - INFO - Checking processes
2017-12-04 09:33:41,430 - scripts - INFO - Checking processes
2017-12-04 09:34:41,438 - scripts - INFO - Checking processes
2017-12-04 09:35:41,448 - scripts - INFO - Checking processes
2017-12-04 09:36:41,456 - scripts - INFO - Checking processes
2017-12-04 09:37:41,465 - scripts - INFO - Checking processes
2017-12-04 09:38:41,477 - scripts - INFO - Checking processes
2017-12-04 09:39:41,487 - scripts - INFO - Checking processes
2017-12-04 09:40:41,501 - scripts - INFO - Checking processes
2017-12-04 09:41:41,507 - scripts - INFO - Checking processes
2017-12-04 09:42:41,515 - scripts - INFO - Checking processes
2017-12-04 09:43:41,528 - scripts - INFO - Checking processes
2017-12-04 09:44:41,536 - scripts - INFO - Checking processes
2017-12-04 09:45:41,544 - scripts - INFO - Checking processes
2017-12-04 09:46:41,551 - scripts - INFO - Checking processes
2017-12-04 09:47:41,557 - scripts - INFO - Checking processes
2017-12-04 09:48:41,560 - scripts - INFO - Checking processes
2017-12-04 09:49:41,568 - scripts - INFO - Checking processes
2017-12-04 09:50:41,578 - scripts - INFO - Checking processes
2017-12-04 09:51:41,586 - scripts - INFO - Checking processes
2017-12-04 09:52:41,596 - scripts - INFO - Checking processes
2017-12-04 09:53:41,601 - scripts - INFO - Checking processes
2017-12-04 09:54:41,610 - scripts - INFO - Checking processes
2017-12-04 09:55:41,616 - scripts - INFO - Checking processes
2017-12-04 09:56:41,629 - scripts - INFO - Checking processes
2017-12-04 09:57:41,635 - scripts - INFO - Checking processes
2017-12-04 09:58:41,641 - scripts - INFO - Checking processes
2017-12-04 09:59:41,654 - scripts - INFO - Checking processes
2017-12-04 10:00:41,657 - scripts - INFO - Checking processes
2017-12-04 10:01:41,660 - scripts - INFO - Checking processes
2017-12-04 10:02:41,669 - scripts - INFO - Checking processes
2017-12-04 10:03:41,672 - scripts - INFO - Checking processes
2017-12-04 10:04:41,685 - scripts - INFO - Checking processes
2017-12-04 10:05:41,698 - scripts - INFO - Checking processes
2017-12-04 10:06:41,704 - scripts - INFO - Checking processes
2017-12-04 10:07:41,717 - scripts - INFO - Checking processes
2017-12-04 10:08:41,728 - scripts - INFO - Checking processes
2017-12-04 10:09:41,741 - scripts - INFO - Checking processes
2017-12-04 10:10:41,747 - scripts - INFO - Checking processes
2017-12-04 10:11:41,756 - scripts - INFO - Checking processes
2017-12-04 10:12:41,769 - scripts - INFO - Checking processes
2017-12-04 10:13:41,778 - scripts - INFO - Checking processes
2017-12-04 10:14:41,785 - scripts - INFO - Checking processes
2017-12-04 10:15:41,794 - scripts - INFO - Checking processes
2017-12-04 10:16:41,799 - scripts - INFO - Checking processes
2017-12-04 10:17:41,808 - scripts - INFO - Checking processes
2017-12-04 10:18:41,812 - scripts - INFO - Checking processes
2017-12-04 10:19:41,824 - scripts - INFO - Checking processes
2017-12-04 10:20:41,828 - scripts - INFO - Checking processes
2017-12-04 10:21:41,837 - scripts - INFO - Checking processes
2017-12-04 10:22:41,841 - scripts - INFO - Checking processes
2017-12-04 10:23:41,851 - scripts - INFO - Checking processes
2017-12-04 10:24:41,859 - scripts - INFO - Checking processes
2017-12-04 10:25:41,871 - scripts - INFO - Checking processes
2017-12-04 10:26:41,874 - scripts - INFO - Checking processes
2017-12-04 10:27:41,878 - scripts - INFO - Checking processes
2017-12-04 10:28:41,883 - scripts - INFO - Checking processes
2017-12-04 10:29:41,889 - scripts - INFO - Checking processes
2017-12-04 10:30:41,900 - scripts - INFO - Checking processes
2017-12-04 10:31:41,908 - scripts - INFO - Checking processes
2017-12-04 10:32:41,911 - scripts - INFO - Checking processes
2017-12-04 10:33:41,917 - scripts - INFO - Checking processes
2017-12-04 10:34:41,923 - scripts - INFO - Checking processes
2017-12-04 10:35:41,936 - scripts - INFO - Checking processes
2017-12-04 10:36:41,941 - scripts - INFO - Checking processes
2017-12-04 10:37:41,946 - scripts - INFO - Checking processes
2017-12-04 10:38:41,956 - scripts - INFO - Checking processes
2017-12-04 10:39:41,963 - scripts - INFO - Checking processes
2017-12-04 10:40:41,969 - scripts - INFO - Checking processes
2017-12-04 10:41:41,982 - scripts - INFO - Checking processes
2017-12-04 10:42:41,987 - scripts - INFO - Checking processes
2017-12-04 10:43:41,998 - scripts - INFO - Checking processes
2017-12-04 10:44:42,011 - scripts - INFO - Checking processes
2017-12-04 10:45:42,023 - scripts - INFO - Checking processes
2017-12-04 10:46:42,028 - scripts - INFO - Checking processes
2017-12-04 10:47:42,032 - scripts - INFO - Checking processes
2017-12-04 10:48:42,042 - scripts - INFO - Checking processes
2017-12-04 10:49:42,054 - scripts - INFO - Checking processes
2017-12-04 10:50:42,067 - scripts - INFO - Checking processes
2017-12-04 10:51:42,076 - scripts - INFO - Checking processes
2017-12-04 10:52:42,088 - scripts - INFO - Checking processes
2017-12-04 10:53:42,095 - scripts - INFO - Checking processes
2017-12-04 10:54:42,099 - scripts - INFO - Checking processes
2017-12-04 10:55:42,103 - scripts - INFO - Checking processes
2017-12-04 10:56:42,109 - scripts - INFO - Checking processes
2017-12-04 10:57:42,116 - scripts - INFO - Checking processes
2017-12-04 10:58:42,119 - scripts - INFO - Checking processes
2017-12-04 10:59:42,123 - scripts - INFO - Checking processes
2017-12-04 11:00:42,129 - scripts - INFO - Checking processes
2017-12-04 11:01:42,134 - scripts - INFO - Checking processes
2017-12-04 11:02:42,143 - scripts - INFO - Checking processes
2017-12-04 11:03:42,154 - scripts - INFO - Checking processes
2017-12-04 11:04:42,159 - scripts - INFO - Checking processes
2017-12-04 11:05:42,166 - scripts - INFO - Checking processes
2017-12-04 11:06:42,171 - scripts - INFO - Checking processes
2017-12-04 11:07:42,176 - scripts - INFO - Checking processes
2017-12-04 11:08:42,180 - scripts - INFO - Checking processes
2017-12-04 11:09:42,185 - scripts - INFO - Checking processes
2017-12-04 11:10:42,194 - scripts - INFO - Checking processes
2017-12-04 11:11:42,202 - scripts - INFO - Checking processes
2017-12-04 11:12:42,211 - scripts - INFO - Checking processes
2017-12-04 11:13:42,223 - scripts - INFO - Checking processes
2017-12-04 11:14:42,227 - scripts - INFO - Checking processes
2017-12-04 11:15:42,232 - scripts - INFO - Checking processes
2017-12-04 11:16:42,244 - scripts - INFO - Checking processes
2017-12-04 11:17:42,257 - scripts - INFO - Checking processes
2017-12-04 11:18:42,261 - scripts - INFO - Checking processes
2017-12-04 11:19:42,265 - scripts - INFO - Checking processes
2017-12-04 11:20:42,270 - scripts - INFO - Checking processes
2017-12-04 11:21:42,275 - scripts - INFO - Checking processes
2017-12-04 11:22:42,289 - scripts - INFO - Checking processes
2017-12-04 11:23:42,295 - scripts - INFO - Checking processes
2017-12-04 11:24:42,304 - scripts - INFO - Checking processes
2017-12-04 11:25:42,314 - scripts - INFO - Checking processes
2017-12-04 11:26:42,318 - scripts - INFO - Checking processes
2017-12-04 11:27:42,332 - scripts - INFO - Checking processes
2017-12-04 11:28:42,335 - scripts - INFO - Checking processes
2017-12-04 11:29:42,339 - scripts - INFO - Checking processes
2017-12-04 11:30:42,350 - scripts - INFO - Checking processes
2017-12-04 11:31:42,356 - scripts - INFO - Checking processes
2017-12-04 11:32:42,370 - scripts - INFO - Checking processes
2017-12-04 11:33:42,377 - scripts - INFO - Checking processes
2017-12-04 11:34:42,389 - scripts - INFO - Checking processes
2017-12-04 11:35:42,392 - scripts - INFO - Checking processes
2017-12-04 11:36:42,405 - scripts - INFO - Checking processes
2017-12-04 11:37:42,414 - scripts - INFO - Checking processes
2017-12-04 11:38:42,422 - scripts - INFO - Checking processes
2017-12-04 11:39:42,433 - scripts - INFO - Checking processes
2017-12-04 11:40:42,445 - scripts - INFO - Checking processes
2017-12-04 11:41:42,458 - scripts - INFO - Checking processes
2017-12-04 11:42:42,462 - scripts - INFO - Checking processes
2017-12-04 11:43:42,469 - scripts - INFO - Checking processes
2017-12-04 11:44:42,474 - scripts - INFO - Checking processes
2017-12-04 11:45:42,486 - scripts - INFO - Checking processes
2017-12-04 11:46:42,496 - scripts - INFO - Checking processes
2017-12-04 11:47:42,508 - scripts - INFO - Checking processes
2017-12-04 11:48:42,514 - scripts - INFO - Checking processes
2017-12-04 11:49:42,518 - scripts - INFO - Checking processes
2017-12-04 11:50:42,522 - scripts - INFO - Checking processes
2017-12-04 11:51:42,531 - scripts - INFO - Checking processes
2017-12-04 11:52:42,539 - scripts - INFO - Checking processes
2017-12-04 11:53:42,548 - scripts - INFO - Checking processes
2017-12-04 11:54:42,557 - scripts - INFO - Checking processes
2017-12-04 11:55:42,570 - scripts - INFO - Checking processes
2017-12-04 11:56:42,576 - scripts - INFO - Checking processes
2017-12-04 11:57:42,585 - scripts - INFO - Checking processes
2017-12-04 11:58:42,590 - scripts - INFO - Checking processes
2017-12-04 11:59:42,593 - scripts - INFO - Checking processes
2017-12-04 12:00:42,602 - scripts - INFO - Checking processes
2017-12-04 12:01:42,615 - scripts - INFO - Checking processes
2017-12-04 12:02:42,620 - scripts - INFO - Checking processes
2017-12-04 12:03:42,625 - scripts - INFO - Checking processes
2017-12-04 12:04:42,631 - scripts - INFO - Checking processes
2017-12-04 12:05:42,634 - scripts - INFO - Checking processes
2017-12-04 12:06:42,645 - scripts - INFO - Checking processes
2017-12-04 12:07:42,649 - scripts - INFO - Checking processes
2017-12-04 12:08:42,657 - scripts - INFO - Checking processes
2017-12-04 12:09:42,662 - scripts - INFO - Checking processes
2017-12-04 12:10:42,670 - scripts - INFO - Checking processes
2017-12-04 12:11:42,680 - scripts - INFO - Checking processes
2017-12-04 12:12:42,693 - scripts - INFO - Checking processes
2017-12-04 12:13:42,699 - scripts - INFO - Checking processes
2017-12-04 12:14:42,706 - scripts - INFO - Checking processes
2017-12-04 12:15:42,715 - scripts - INFO - Checking processes
2017-12-04 12:16:42,721 - scripts - INFO - Checking processes
2017-12-04 12:17:42,731 - scripts - INFO - Checking processes
2017-12-04 12:18:42,744 - scripts - INFO - Checking processes
2017-12-04 12:19:42,752 - scripts - INFO - Checking processes
2017-12-04 12:20:42,761 - scripts - INFO - Checking processes
2017-12-04 12:21:42,765 - scripts - INFO - Checking processes
2017-12-04 12:22:42,771 - scripts - INFO - Checking processes
2017-12-04 12:23:42,777 - scripts - INFO - Checking processes
2017-12-04 12:24:42,786 - scripts - INFO - Checking processes
2017-12-04 12:25:42,792 - scripts - INFO - Checking processes
2017-12-04 12:26:42,803 - scripts - INFO - Checking processes
2017-12-04 12:27:42,814 - scripts - INFO - Checking processes
2017-12-04 12:28:42,823 - scripts - INFO - Checking processes
2017-12-04 12:29:42,829 - scripts - INFO - Checking processes
2017-12-04 12:30:42,839 - scripts - INFO - Checking processes
2017-12-04 12:31:42,843 - scripts - INFO - Checking processes
2017-12-04 12:32:42,854 - scripts - INFO - Checking processes
2017-12-04 12:33:42,860 - scripts - INFO - Checking processes
2017-12-04 12:34:42,863 - scripts - INFO - Checking processes
2017-12-04 12:35:42,876 - scripts - INFO - Checking processes
2017-12-04 12:36:42,889 - scripts - INFO - Checking processes
2017-12-04 12:37:42,900 - scripts - INFO - Checking processes
2017-12-04 12:38:42,904 - scripts - INFO - Checking processes
2017-12-04 12:39:42,910 - scripts - INFO - Checking processes
2017-12-04 12:40:42,920 - scripts - INFO - Checking processes
2017-12-04 12:41:42,925 - scripts - INFO - Checking processes
2017-12-04 12:42:42,936 - scripts - INFO - Checking processes
2017-12-04 12:43:42,941 - scripts - INFO - Checking processes
2017-12-04 12:44:42,944 - scripts - INFO - Checking processes
2017-12-04 12:45:42,948 - scripts - INFO - Checking processes
2017-12-04 12:46:42,951 - scripts - INFO - Checking processes
2017-12-04 12:47:42,958 - scripts - INFO - Checking processes
2017-12-04 12:48:42,964 - scripts - INFO - Checking processes
2017-12-04 12:49:42,968 - scripts - INFO - Checking processes
2017-12-04 12:50:42,974 - scripts - INFO - Checking processes
2017-12-04 12:51:42,983 - scripts - INFO - Checking processes
2017-12-04 12:52:42,996 - scripts - INFO - Checking processes
2017-12-04 12:53:43,006 - scripts - INFO - Checking processes
2017-12-04 12:54:43,010 - scripts - INFO - Checking processes
2017-12-04 12:55:43,021 - scripts - INFO - Checking processes
2017-12-04 12:56:43,033 - scripts - INFO - Checking processes
2017-12-04 12:57:43,045 - scripts - INFO - Checking processes
2017-12-04 12:58:43,058 - scripts - INFO - Checking processes
2017-12-04 12:59:43,071 - scripts - INFO - Checking processes
2017-12-04 13:00:43,081 - scripts - INFO - Checking processes
2017-12-04 13:01:43,086 - scripts - INFO - Checking processes
2017-12-04 13:02:43,099 - scripts - INFO - Checking processes
2017-12-04 13:03:43,104 - scripts - INFO - Checking processes
2017-12-04 13:04:43,115 - scripts - INFO - Checking processes
2017-12-04 13:05:43,128 - scripts - INFO - Checking processes
2017-12-04 13:06:43,132 - scripts - INFO - Checking processes
2017-12-04 13:07:43,141 - scripts - INFO - Checking processes
2017-12-04 13:08:43,154 - scripts - INFO - Checking processes
2017-12-04 13:09:43,163 - scripts - INFO - Checking processes
2017-12-04 13:10:43,167 - scripts - INFO - Checking processes
2017-12-04 13:11:43,180 - scripts - INFO - Checking processes
2017-12-04 13:12:43,187 - scripts - INFO - Checking processes
2017-12-04 13:13:43,195 - scripts - INFO - Checking processes
2017-12-04 13:14:43,199 - scripts - INFO - Checking processes
2017-12-04 13:15:43,212 - scripts - INFO - Checking processes
2017-12-04 13:16:43,223 - scripts - INFO - Checking processes
2017-12-04 13:17:43,226 - scripts - INFO - Checking processes
2017-12-04 13:18:43,234 - scripts - INFO - Checking processes
2017-12-04 13:19:43,244 - scripts - INFO - Checking processes
2017-12-04 13:20:43,256 - scripts - INFO - Checking processes
2017-12-04 13:21:43,263 - scripts - INFO - Checking processes
2017-12-04 13:22:43,266 - scripts - INFO - Checking processes
2017-12-04 13:23:43,278 - scripts - INFO - Checking processes
2017-12-04 13:24:43,282 - scripts - INFO - Checking processes
2017-12-04 13:25:43,289 - scripts - INFO - Checking processes
2017-12-04 13:26:43,296 - scripts - INFO - Checking processes
2017-12-04 13:27:43,300 - scripts - INFO - Checking processes
2017-12-04 13:28:43,305 - scripts - INFO - Checking processes
2017-12-04 13:29:43,311 - scripts - INFO - Checking processes
2017-12-04 13:30:43,320 - scripts - INFO - Checking processes
2017-12-04 13:31:43,330 - scripts - INFO - Checking processes
2017-12-04 13:32:43,343 - scripts - INFO - Checking processes
2017-12-04 13:33:43,353 - scripts - INFO - Checking processes
2017-12-04 13:34:43,360 - scripts - INFO - Checking processes
2017-12-04 13:35:43,368 - scripts - INFO - Checking processes
2017-12-04 13:36:43,374 - scripts - INFO - Checking processes
2017-12-04 13:37:43,380 - scripts - INFO - Checking processes
2017-12-04 13:38:43,388 - scripts - INFO - Checking processes
2017-12-04 13:39:43,400 - scripts - INFO - Checking processes
2017-12-04 13:40:43,408 - scripts - INFO - Checking processes
2017-12-04 13:41:43,413 - scripts - INFO - Checking processes
2017-12-04 13:42:43,424 - scripts - INFO - Checking processes
2017-12-04 13:43:43,432 - scripts - INFO - Checking processes
2017-12-04 13:44:43,446 - scripts - INFO - Checking processes
2017-12-04 13:45:43,453 - scripts - INFO - Checking processes
2017-12-04 13:46:43,456 - scripts - INFO - Checking processes
2017-12-04 13:47:43,469 - scripts - INFO - Checking processes
2017-12-04 13:48:43,473 - scripts - INFO - Checking processes
2017-12-04 13:49:43,484 - scripts - INFO - Checking processes
2017-12-04 13:50:43,497 - scripts - INFO - Checking processes
2017-12-04 13:51:43,505 - scripts - INFO - Checking processes
2017-12-04 13:52:43,510 - scripts - INFO - Checking processes
2017-12-04 13:53:43,516 - scripts - INFO - Checking processes
2017-12-04 13:54:43,521 - scripts - INFO - Checking processes
2017-12-04 13:55:43,526 - scripts - INFO - Checking processes
2017-12-04 13:56:43,533 - scripts - INFO - Checking processes
2017-12-04 13:57:43,540 - scripts - INFO - Checking processes
2017-12-04 13:58:43,549 - scripts - INFO - Checking processes
2017-12-04 13:59:43,559 - scripts - INFO - Checking processes
2017-12-04 14:00:43,563 - scripts - INFO - Checking processes
2017-12-04 14:01:43,574 - scripts - INFO - Checking processes
2017-12-04 14:02:43,585 - scripts - INFO - Checking processes
2017-12-04 14:03:43,594 - scripts - INFO - Checking processes
2017-12-04 14:04:43,603 - scripts - INFO - Checking processes
2017-12-04 14:05:43,611 - scripts - INFO - Checking processes
2017-12-04 14:06:43,622 - scripts - INFO - Checking processes
2017-12-04 14:07:43,635 - scripts - INFO - Checking processes
2017-12-04 14:08:43,647 - scripts - INFO - Checking processes
2017-12-04 14:09:43,651 - scripts - INFO - Checking processes
2017-12-04 14:10:43,663 - scripts - INFO - Checking processes
2017-12-04 14:11:43,672 - scripts - INFO - Checking processes
2017-12-04 14:12:43,683 - scripts - INFO - Checking processes
2017-12-04 14:13:43,690 - scripts - INFO - Checking processes
2017-12-04 14:14:43,702 - scripts - INFO - Checking processes
2017-12-04 14:15:43,707 - scripts - INFO - Checking processes
2017-12-04 14:16:43,715 - scripts - INFO - Checking processes
2017-12-04 14:17:43,721 - scripts - INFO - Checking processes
2017-12-04 14:18:43,731 - scripts - INFO - Checking processes
2017-12-04 14:19:43,739 - scripts - INFO - Checking processes
2017-12-04 14:20:43,750 - scripts - INFO - Checking processes
2017-12-04 14:21:43,759 - scripts - INFO - Checking processes
2017-12-04 14:22:43,772 - scripts - INFO - Checking processes
2017-12-04 14:23:43,779 - scripts - INFO - Checking processes
2017-12-04 14:24:43,788 - scripts - INFO - Checking processes
2017-12-04 14:25:43,797 - scripts - INFO - Checking processes
2017-12-04 14:26:43,804 - scripts - INFO - Checking processes
2017-12-04 14:27:43,817 - scripts - INFO - Checking processes
2017-12-04 14:28:43,822 - scripts - INFO - Checking processes
2017-12-04 14:29:43,832 - scripts - INFO - Checking processes
2017-12-04 14:30:43,839 - scripts - INFO - Checking processes
2017-12-04 14:31:43,847 - scripts - INFO - Checking processes
2017-12-04 14:32:43,861 - scripts - INFO - Checking processes
2017-12-04 14:33:43,867 - scripts - INFO - Checking processes
2017-12-04 14:34:43,870 - scripts - INFO - Checking processes
2017-12-04 14:35:43,883 - scripts - INFO - Checking processes
2017-12-04 14:36:43,888 - scripts - INFO - Checking processes
2017-12-04 14:37:43,895 - scripts - INFO - Checking processes
2017-12-04 14:38:43,908 - scripts - INFO - Checking processes
2017-12-04 14:39:43,918 - scripts - INFO - Checking processes
2017-12-04 14:40:43,931 - scripts - INFO - Checking processes
2017-12-04 14:41:43,936 - scripts - INFO - Checking processes
2017-12-04 14:42:43,940 - scripts - INFO - Checking processes
2017-12-04 14:43:43,946 - scripts - INFO - Checking processes
2017-12-04 14:44:43,954 - scripts - INFO - Checking processes
2017-12-04 14:45:43,965 - scripts - INFO - Checking processes
2017-12-04 14:46:43,975 - scripts - INFO - Checking processes
2017-12-04 14:47:43,979 - scripts - INFO - Checking processes
2017-12-04 14:48:43,986 - scripts - INFO - Checking processes
2017-12-04 14:49:43,993 - scripts - INFO - Checking processes
2017-12-04 14:50:44,001 - scripts - INFO - Checking processes
2017-12-04 14:51:44,013 - scripts - INFO - Checking processes
2017-12-04 14:52:44,022 - scripts - INFO - Checking processes
2017-12-04 14:53:44,025 - scripts - INFO - Checking processes
2017-12-04 14:54:44,038 - scripts - INFO - Checking processes
2017-12-04 14:55:44,044 - scripts - INFO - Checking processes
2017-12-04 14:56:44,048 - scripts - INFO - Checking processes
2017-12-04 14:57:44,061 - scripts - INFO - Checking processes
2017-12-04 14:58:44,072 - scripts - INFO - Checking processes
2017-12-04 14:59:44,085 - scripts - INFO - Checking processes
2017-12-04 15:00:44,089 - scripts - INFO - Checking processes
2017-12-04 15:01:44,102 - scripts - INFO - Checking processes
2017-12-04 15:02:44,113 - scripts - INFO - Checking processes
2017-12-04 15:03:44,124 - scripts - INFO - Checking processes
2017-12-04 15:04:44,132 - scripts - INFO - Checking processes
2017-12-04 15:05:44,146 - scripts - INFO - Checking processes
2017-12-04 15:06:44,153 - scripts - INFO - Checking processes
2017-12-04 15:07:44,160 - scripts - INFO - Checking processes
2017-12-04 15:08:44,168 - scripts - INFO - Checking processes
2017-12-04 15:09:44,181 - scripts - INFO - Checking processes
2017-12-04 15:10:44,185 - scripts - INFO - Checking processes
2017-12-04 15:11:44,195 - scripts - INFO - Checking processes
2017-12-04 15:12:44,207 - scripts - INFO - Checking processes
2017-12-04 15:13:44,211 - scripts - INFO - Checking processes
2017-12-04 15:14:44,216 - scripts - INFO - Checking processes
2017-12-04 15:15:44,226 - scripts - INFO - Checking processes
2017-12-04 15:16:44,239 - scripts - INFO - Checking processes
2017-12-04 15:17:44,248 - scripts - INFO - Checking processes
2017-12-04 15:18:44,253 - scripts - INFO - Checking processes
2017-12-04 15:19:44,260 - scripts - INFO - Checking processes
2017-12-04 15:20:44,266 - scripts - INFO - Checking processes
2017-12-04 15:21:44,278 - scripts - INFO - Checking processes
2017-12-04 15:22:44,289 - scripts - INFO - Checking processes
2017-12-04 15:23:44,301 - scripts - INFO - Checking processes
2017-12-04 15:24:44,315 - scripts - INFO - Checking processes
2017-12-04 15:25:44,325 - scripts - INFO - Checking processes
2017-12-04 15:26:44,330 - scripts - INFO - Checking processes
2017-12-04 15:27:44,338 - scripts - INFO - Checking processes
2017-12-04 15:28:44,342 - scripts - INFO - Checking processes
2017-12-04 15:29:44,345 - scripts - INFO - Checking processes
2017-12-04 15:30:44,350 - scripts - INFO - Checking processes
2017-12-04 15:31:44,364 - scripts - INFO - Checking processes
2017-12-04 15:32:44,367 - scripts - INFO - Checking processes
2017-12-04 15:33:44,381 - scripts - INFO - Checking processes
2017-12-04 15:34:44,394 - scripts - INFO - Checking processes
2017-12-04 15:35:44,403 - scripts - INFO - Checking processes
2017-12-04 15:36:44,414 - scripts - INFO - Checking processes
2017-12-04 15:37:44,422 - scripts - INFO - Checking processes
2017-12-04 15:38:44,427 - scripts - INFO - Checking processes
2017-12-04 15:39:44,438 - scripts - INFO - Checking processes
2017-12-04 15:40:44,443 - scripts - INFO - Checking processes
2017-12-04 15:41:44,451 - scripts - INFO - Checking processes
2017-12-04 15:42:44,461 - scripts - INFO - Checking processes
2017-12-04 15:43:44,465 - scripts - INFO - Checking processes
2017-12-04 15:44:44,472 - scripts - INFO - Checking processes
2017-12-04 15:45:44,481 - scripts - INFO - Checking processes
2017-12-04 15:46:44,486 - scripts - INFO - Checking processes
2017-12-04 15:47:44,490 - scripts - INFO - Checking processes
2017-12-04 15:48:44,498 - scripts - INFO - Checking processes
2017-12-04 15:49:44,508 - scripts - INFO - Checking processes
2017-12-04 15:50:44,518 - scripts - INFO - Checking processes
2017-12-04 15:51:44,521 - scripts - INFO - Checking processes
2017-12-04 15:52:44,524 - scripts - INFO - Checking processes
2017-12-04 15:53:44,529 - scripts - INFO - Checking processes
2017-12-04 15:54:44,534 - scripts - INFO - Checking processes
2017-12-04 15:55:44,541 - scripts - INFO - Checking processes
2017-12-04 15:56:44,547 - scripts - INFO - Checking processes
2017-12-04 15:57:44,551 - scripts - INFO - Checking processes
2017-12-04 15:58:44,559 - scripts - INFO - Checking processes
2017-12-04 15:59:44,566 - scripts - INFO - Checking processes
2017-12-04 16:00:44,569 - scripts - INFO - Checking processes
2017-12-04 16:01:44,583 - scripts - INFO - Checking processes
2017-12-04 16:02:44,591 - scripts - INFO - Checking processes
2017-12-04 16:03:44,595 - scripts - INFO - Checking processes
2017-12-04 16:04:44,604 - scripts - INFO - Checking processes
2017-12-04 16:05:44,616 - scripts - INFO - Checking processes
2017-12-04 16:06:44,619 - scripts - INFO - Checking processes
2017-12-04 16:07:44,622 - scripts - INFO - Checking processes
2017-12-04 16:08:44,626 - scripts - INFO - Checking processes
2017-12-04 16:09:44,635 - scripts - INFO - Checking processes
2017-12-04 16:10:44,643 - scripts - INFO - Checking processes
2017-12-04 16:11:44,649 - scripts - INFO - Checking processes
2017-12-04 16:12:44,654 - scripts - INFO - Checking processes
2017-12-04 16:13:44,663 - scripts - INFO - Checking processes
2017-12-04 16:14:44,668 - scripts - INFO - Checking processes
2017-12-04 16:15:44,672 - scripts - INFO - Checking processes
2017-12-04 16:16:44,684 - scripts - INFO - Checking processes
2017-12-04 16:17:44,688 - scripts - INFO - Checking processes
2017-12-04 16:18:44,696 - scripts - INFO - Checking processes
2017-12-04 16:19:44,702 - scripts - INFO - Checking processes
2017-12-04 16:20:44,706 - scripts - INFO - Checking processes
2017-12-04 16:21:44,714 - scripts - INFO - Checking processes
2017-12-04 16:22:44,720 - scripts - INFO - Checking processes
2017-12-04 16:23:44,730 - scripts - INFO - Checking processes
2017-12-04 16:24:44,735 - scripts - INFO - Checking processes
2017-12-04 16:25:44,742 - scripts - INFO - Checking processes
2017-12-04 16:26:44,745 - scripts - INFO - Checking processes
2017-12-04 16:27:44,750 - scripts - INFO - Checking processes
2017-12-04 16:28:44,759 - scripts - INFO - Checking processes
2017-12-04 16:29:44,763 - scripts - INFO - Checking processes
2017-12-04 16:30:44,767 - scripts - INFO - Checking processes
2017-12-04 16:31:44,775 - scripts - INFO - Checking processes
2017-12-04 16:32:44,779 - scripts - INFO - Checking processes
2017-12-04 16:33:44,783 - scripts - INFO - Checking processes
2017-12-04 16:34:44,789 - scripts - INFO - Checking processes
2017-12-04 16:35:44,792 - scripts - INFO - Checking processes
2017-12-04 16:36:44,805 - scripts - INFO - Checking processes
2017-12-04 16:37:44,809 - scripts - INFO - Checking processes
2017-12-04 16:38:44,816 - scripts - INFO - Checking processes
2017-12-04 16:39:44,827 - scripts - INFO - Checking processes
2017-12-04 16:40:44,837 - scripts - INFO - Checking processes
2017-12-04 16:41:44,849 - scripts - INFO - Checking processes
2017-12-04 16:42:44,854 - scripts - INFO - Checking processes
2017-12-04 16:43:44,862 - scripts - INFO - Checking processes
2017-12-04 16:44:44,873 - scripts - INFO - Checking processes
2017-12-04 16:45:44,877 - scripts - INFO - Checking processes
2017-12-04 16:46:44,890 - scripts - INFO - Checking processes
2017-12-04 16:47:44,894 - scripts - INFO - Checking processes
2017-12-04 16:48:44,907 - scripts - INFO - Checking processes
2017-12-04 16:49:44,920 - scripts - INFO - Checking processes
2017-12-04 16:50:44,927 - scripts - INFO - Checking processes
2017-12-04 16:51:44,935 - scripts - INFO - Checking processes
2017-12-04 16:52:44,942 - scripts - INFO - Checking processes
2017-12-04 16:53:44,951 - scripts - INFO - Checking processes
2017-12-04 16:54:44,959 - scripts - INFO - Checking processes
2017-12-04 16:55:44,970 - scripts - INFO - Checking processes
2017-12-04 16:56:44,978 - scripts - INFO - Checking processes
2017-12-04 16:57:44,985 - scripts - INFO - Checking processes
2017-12-04 16:58:44,995 - scripts - INFO - Checking processes
2017-12-04 16:59:45,008 - scripts - INFO - Checking processes
2017-12-04 17:00:45,016 - scripts - INFO - Checking processes
2017-12-04 17:01:45,021 - scripts - INFO - Checking processes
2017-12-04 17:02:45,026 - scripts - INFO - Checking processes
2017-12-04 17:03:45,040 - scripts - INFO - Checking processes
2017-12-04 17:04:45,053 - scripts - INFO - Checking processes
2017-12-04 17:05:45,056 - scripts - INFO - Checking processes
2017-12-04 17:06:45,067 - scripts - INFO - Checking processes
2017-12-04 17:07:45,079 - scripts - INFO - Checking processes
2017-12-04 17:08:45,083 - scripts - INFO - Checking processes
2017-12-04 17:09:45,093 - scripts - INFO - Checking processes
2017-12-04 17:10:45,097 - scripts - INFO - Checking processes
2017-12-04 17:11:45,105 - scripts - INFO - Checking processes
2017-12-04 17:12:45,108 - scripts - INFO - Checking processes
2017-12-04 17:13:45,114 - scripts - INFO - Checking processes
2017-12-04 17:14:45,127 - scripts - INFO - Checking processes
2017-12-04 17:15:45,131 - scripts - INFO - Checking processes
2017-12-04 17:16:45,143 - scripts - INFO - Checking processes
2017-12-04 17:17:45,152 - scripts - INFO - Checking processes
2017-12-04 17:18:45,160 - scripts - INFO - Checking processes
2017-12-04 17:19:45,167 - scripts - INFO - Checking processes
2017-12-04 17:20:45,173 - scripts - INFO - Checking processes
2017-12-04 17:21:45,177 - scripts - INFO - Checking processes
2017-12-04 17:22:45,188 - scripts - INFO - Checking processes
2017-12-04 17:23:45,191 - scripts - INFO - Checking processes
2017-12-04 17:24:45,199 - scripts - INFO - Checking processes
2017-12-04 17:25:45,209 - scripts - INFO - Checking processes
2017-12-04 17:26:45,215 - scripts - INFO - Checking processes
2017-12-04 17:27:45,224 - scripts - INFO - Checking processes
2017-12-04 17:28:45,229 - scripts - INFO - Checking processes
2017-12-04 17:29:45,241 - scripts - INFO - Checking processes
2017-12-04 17:30:45,249 - scripts - INFO - Checking processes
2017-12-04 17:31:45,253 - scripts - INFO - Checking processes
2017-12-04 17:32:45,258 - scripts - INFO - Checking processes
2017-12-04 17:33:45,261 - scripts - INFO - Checking processes
2017-12-04 17:34:45,267 - scripts - INFO - Checking processes
2017-12-04 17:35:45,277 - scripts - INFO - Checking processes
2017-12-04 17:36:45,290 - scripts - INFO - Checking processes
2017-12-04 17:37:45,296 - scripts - INFO - Checking processes
2017-12-04 17:38:45,304 - scripts - INFO - Checking processes
2017-12-04 17:39:45,307 - scripts - INFO - Checking processes
2017-12-04 17:40:45,317 - scripts - INFO - Checking processes
2017-12-04 17:41:45,322 - scripts - INFO - Checking processes
2017-12-04 17:42:45,333 - scripts - INFO - Checking processes
2017-12-04 17:43:45,342 - scripts - INFO - Checking processes
2017-12-04 17:44:45,353 - scripts - INFO - Checking processes
2017-12-04 17:45:45,367 - scripts - INFO - Checking processes
2017-12-04 17:46:45,377 - scripts - INFO - Checking processes
2017-12-04 17:47:45,390 - scripts - INFO - Checking processes
2017-12-04 17:48:45,397 - scripts - INFO - Checking processes
2017-12-04 17:49:45,410 - scripts - INFO - Checking processes
2017-12-04 17:50:45,414 - scripts - INFO - Checking processes
2017-12-04 17:51:45,419 - scripts - INFO - Checking processes
2017-12-04 17:52:45,431 - scripts - INFO - Checking processes
2017-12-04 17:53:45,434 - scripts - INFO - Checking processes
2017-12-04 17:54:45,448 - scripts - INFO - Checking processes
2017-12-04 17:55:45,457 - scripts - INFO - Checking processes
2017-12-04 17:56:45,460 - scripts - INFO - Checking processes
2017-12-04 17:57:45,463 - scripts - INFO - Checking processes
2017-12-04 17:58:45,467 - scripts - INFO - Checking processes
2017-12-04 17:59:45,475 - scripts - INFO - Checking processes
2017-12-04 18:00:45,483 - scripts - INFO - Checking processes
2017-12-04 18:01:45,494 - scripts - INFO - Checking processes
2017-12-04 18:02:45,501 - scripts - INFO - Checking processes
2017-12-04 18:03:45,515 - scripts - INFO - Checking processes
2017-12-04 18:04:45,519 - scripts - INFO - Checking processes
2017-12-04 18:05:45,523 - scripts - INFO - Checking processes
2017-12-04 18:06:45,530 - scripts - INFO - Checking processes
2017-12-04 18:07:45,543 - scripts - INFO - Checking processes
2017-12-04 18:08:45,547 - scripts - INFO - Checking processes
2017-12-04 18:09:45,554 - scripts - INFO - Checking processes
2017-12-04 18:10:45,561 - scripts - INFO - Checking processes
2017-12-04 18:11:45,566 - scripts - INFO - Checking processes
2017-12-04 18:12:45,577 - scripts - INFO - Checking processes
2017-12-04 18:13:45,586 - scripts - INFO - Checking processes
2017-12-04 18:14:45,595 - scripts - INFO - Checking processes
2017-12-04 18:15:45,604 - scripts - INFO - Checking processes
2017-12-04 18:16:45,608 - scripts - INFO - Checking processes
2017-12-04 18:17:45,617 - scripts - INFO - Checking processes
2017-12-04 18:18:45,626 - scripts - INFO - Checking processes
2017-12-04 18:19:45,634 - scripts - INFO - Checking processes
2017-12-04 18:20:45,646 - scripts - INFO - Checking processes
2017-12-04 18:21:45,660 - scripts - INFO - Checking processes
2017-12-04 18:22:45,671 - scripts - INFO - Checking processes
2017-12-04 18:23:45,681 - scripts - INFO - Checking processes
2017-12-04 18:24:45,689 - scripts - INFO - Checking processes
2017-12-04 18:25:45,693 - scripts - INFO - Checking processes
2017-12-04 18:26:45,705 - scripts - INFO - Checking processes
2017-12-04 18:27:45,716 - scripts - INFO - Checking processes
2017-12-04 18:28:45,720 - scripts - INFO - Checking processes
2017-12-04 18:29:45,723 - scripts - INFO - Checking processes
2017-12-04 18:30:45,726 - scripts - INFO - Checking processes
2017-12-04 18:31:45,738 - scripts - INFO - Checking processes
2017-12-04 18:32:45,742 - scripts - INFO - Checking processes
2017-12-04 18:33:45,746 - scripts - INFO - Checking processes
2017-12-04 18:34:45,749 - scripts - INFO - Checking processes
2017-12-04 18:35:45,752 - scripts - INFO - Checking processes
2017-12-04 18:36:45,762 - scripts - INFO - Checking processes
2017-12-04 18:37:45,766 - scripts - INFO - Checking processes
2017-12-04 18:38:45,769 - scripts - INFO - Checking processes
2017-12-04 18:39:45,773 - scripts - INFO - Checking processes
2017-12-04 18:40:45,778 - scripts - INFO - Checking processes
2017-12-04 18:41:45,786 - scripts - INFO - Checking processes
2017-12-04 18:42:45,790 - scripts - INFO - Checking processes
2017-12-04 18:43:45,803 - scripts - INFO - Checking processes
2017-12-04 18:44:45,807 - scripts - INFO - Checking processes
2017-12-04 18:45:45,813 - scripts - INFO - Checking processes
2017-12-04 18:46:45,820 - scripts - INFO - Checking processes
2017-12-04 18:47:45,829 - scripts - INFO - Checking processes
2017-12-04 18:48:45,834 - scripts - INFO - Checking processes
2017-12-04 18:49:45,845 - scripts - INFO - Checking processes
2017-12-04 18:50:45,852 - scripts - INFO - Checking processes
2017-12-04 18:51:45,864 - scripts - INFO - Checking processes
2017-12-04 18:52:45,869 - scripts - INFO - Checking processes
2017-12-04 18:53:45,875 - scripts - INFO - Checking processes
2017-12-04 18:54:45,878 - scripts - INFO - Checking processes
2017-12-04 18:55:45,884 - scripts - INFO - Checking processes
2017-12-04 18:56:45,895 - scripts - INFO - Checking processes
2017-12-04 18:57:45,907 - scripts - INFO - Checking processes
2017-12-04 18:58:45,916 - scripts - INFO - Checking processes
2017-12-04 18:59:45,926 - scripts - INFO - Checking processes
2017-12-04 19:00:45,937 - scripts - INFO - Checking processes
2017-12-04 19:01:45,944 - scripts - INFO - Checking processes
2017-12-04 19:02:45,957 - scripts - INFO - Checking processes
2017-12-04 19:03:45,967 - scripts - INFO - Checking processes
2017-12-04 19:04:45,972 - scripts - INFO - Checking processes
2017-12-04 19:05:45,981 - scripts - INFO - Checking processes
2017-12-04 19:06:45,987 - scripts - INFO - Checking processes
2017-12-04 19:07:46,000 - scripts - INFO - Checking processes
2017-12-04 19:08:46,007 - scripts - INFO - Checking processes
2017-12-04 19:09:46,013 - scripts - INFO - Checking processes
2017-12-04 19:10:46,026 - scripts - INFO - Checking processes
2017-12-04 19:11:46,037 - scripts - INFO - Checking processes
2017-12-04 19:12:46,046 - scripts - INFO - Checking processes
2017-12-04 19:13:46,052 - scripts - INFO - Checking processes
2017-12-04 19:14:46,056 - scripts - INFO - Checking processes
2017-12-04 19:15:46,067 - scripts - INFO - Checking processes
2017-12-04 19:16:46,072 - scripts - INFO - Checking processes
2017-12-04 19:17:46,078 - scripts - INFO - Checking processes
2017-12-04 19:18:46,084 - scripts - INFO - Checking processes
2017-12-04 19:19:46,089 - scripts - INFO - Checking processes
2017-12-04 19:20:46,097 - scripts - INFO - Checking processes
2017-12-04 19:21:46,100 - scripts - INFO - Checking processes
2017-12-04 19:22:46,107 - scripts - INFO - Checking processes
2017-12-04 19:23:46,120 - scripts - INFO - Checking processes
2017-12-04 19:24:46,133 - scripts - INFO - Checking processes
2017-12-04 19:25:46,142 - scripts - INFO - Checking processes
2017-12-04 19:26:46,152 - scripts - INFO - Checking processes
2017-12-04 19:27:46,160 - scripts - INFO - Checking processes
2017-12-04 19:28:46,170 - scripts - INFO - Checking processes
2017-12-04 19:29:46,184 - scripts - INFO - Checking processes
2017-12-04 19:30:46,196 - scripts - INFO - Checking processes
2017-12-04 19:31:46,204 - scripts - INFO - Checking processes
2017-12-04 19:32:46,207 - scripts - INFO - Checking processes
2017-12-04 19:33:46,211 - scripts - INFO - Checking processes
2017-12-04 19:34:46,214 - scripts - INFO - Checking processes
2017-12-04 19:35:46,226 - scripts - INFO - Checking processes
2017-12-04 19:36:46,231 - scripts - INFO - Checking processes
2017-12-04 19:37:46,235 - scripts - INFO - Checking processes
2017-12-04 19:38:46,244 - scripts - INFO - Checking processes
2017-12-04 19:39:46,249 - scripts - INFO - Checking processes
2017-12-04 19:40:46,259 - scripts - INFO - Checking processes
2017-12-04 19:41:46,264 - scripts - INFO - Checking processes
2017-12-04 19:42:46,271 - scripts - INFO - Checking processes
2017-12-04 19:43:46,275 - scripts - INFO - Checking processes
2017-12-04 19:44:46,279 - scripts - INFO - Checking processes
2017-12-04 19:45:46,286 - scripts - INFO - Checking processes
2017-12-04 19:46:46,291 - scripts - INFO - Checking processes
2017-12-04 19:47:46,294 - scripts - INFO - Checking processes
2017-12-04 19:48:46,298 - scripts - INFO - Checking processes
2017-12-04 19:49:46,308 - scripts - INFO - Checking processes
2017-12-04 19:50:46,314 - scripts - INFO - Checking processes
2017-12-04 19:51:46,320 - scripts - INFO - Checking processes
2017-12-04 19:52:46,327 - scripts - INFO - Checking processes
2017-12-04 19:53:46,333 - scripts - INFO - Checking processes
2017-12-04 19:54:46,342 - scripts - INFO - Checking processes
2017-12-04 19:55:46,346 - scripts - INFO - Checking processes
2017-12-04 19:56:46,351 - scripts - INFO - Checking processes
2017-12-04 19:57:46,359 - scripts - INFO - Checking processes
2017-12-04 19:58:46,363 - scripts - INFO - Checking processes
2017-12-04 19:59:46,373 - scripts - INFO - Checking processes
2017-12-04 20:00:46,382 - scripts - INFO - Checking processes
2017-12-04 20:01:46,387 - scripts - INFO - Checking processes
2017-12-04 20:02:46,391 - scripts - INFO - Checking processes
2017-12-04 20:03:46,396 - scripts - INFO - Checking processes
2017-12-04 20:04:46,406 - scripts - INFO - Checking processes
2017-12-04 20:05:46,409 - scripts - INFO - Checking processes
2017-12-04 20:06:46,414 - scripts - INFO - Checking processes
2017-12-04 20:07:46,419 - scripts - INFO - Checking processes
2017-12-04 20:08:46,424 - scripts - INFO - Checking processes
2017-12-04 20:09:46,429 - scripts - INFO - Checking processes
2017-12-04 20:10:46,432 - scripts - INFO - Checking processes
2017-12-04 20:11:46,462 - scripts - INFO - Checking processes
2017-12-04 20:12:46,467 - scripts - INFO - Checking processes
2017-12-04 20:13:46,476 - scripts - INFO - Checking processes
2017-12-04 20:14:46,480 - scripts - INFO - Checking processes
2017-12-04 20:15:46,486 - scripts - INFO - Checking processes
2017-12-04 20:16:46,494 - scripts - INFO - Checking processes
2017-12-04 20:17:46,498 - scripts - INFO - Checking processes
2017-12-04 20:18:46,503 - scripts - INFO - Checking processes
2017-12-04 20:19:46,509 - scripts - INFO - Checking processes
2017-12-04 20:20:46,512 - scripts - INFO - Checking processes
2017-12-04 20:21:46,522 - scripts - INFO - Checking processes
2017-12-04 20:22:46,530 - scripts - INFO - Checking processes
2017-12-04 20:23:46,535 - scripts - INFO - Checking processes
2017-12-04 20:24:46,545 - scripts - INFO - Checking processes
2017-12-04 20:25:46,556 - scripts - INFO - Checking processes
