2017-12-06 04:31:33,897 - scripts - INFO - Current process: 850
2017-12-06 04:31:33,902 - scripts - INFO - Starting process: {'cmdline': ['python', '-m', 'bitcoin.storage.gdax_msgs', 'BTC-USD'], 'pid': 858, 'name': 'Gdax Storage: BTC-USD'}
2017-12-06 04:31:33,910 - scripts - INFO - Starting process: {'cmdline': ['python', '-m', 'bitcoin.storage.gdax_msgs', 'ETH-USD'], 'pid': 859, 'name': 'Gdax Storage: ETH-USD'}
2017-12-06 04:31:33,918 - scripts - INFO - Starting process: {'cmdline': ['python', '-m', 'bitcoin.storage.gdax_msgs', 'ETH-BTC'], 'pid': 860, 'name': 'Gdax Storage: ETH-BTC'}
2017-12-06 04:31:33,925 - scripts - INFO - Starting process: {'cmdline': ['python', '-m', 'bitcoin.storage.snapshots'], 'pid': 861, 'name': 'Snapshot Storage'}
2017-12-06 04:32:33,986 - scripts - INFO - Checking processes
2017-12-06 04:33:34,044 - scripts - INFO - Checking processes
2017-12-06 04:34:34,100 - scripts - INFO - Checking processes
2017-12-06 04:35:34,159 - scripts - INFO - Checking processes
2017-12-06 04:36:34,220 - scripts - INFO - Checking processes
2017-12-06 04:37:34,264 - scripts - INFO - Checking processes
2017-12-06 04:38:34,312 - scripts - INFO - Checking processes
2017-12-06 04:39:34,372 - scripts - INFO - Checking processes
2017-12-06 04:40:34,402 - scripts - INFO - Checking processes
2017-12-06 04:41:34,411 - scripts - INFO - Checking processes
2017-12-06 04:42:34,472 - scripts - INFO - Checking processes
2017-12-06 04:43:34,504 - scripts - INFO - Checking processes
2017-12-06 04:44:34,539 - scripts - INFO - Checking processes
2017-12-06 04:45:34,600 - scripts - INFO - Checking processes
2017-12-06 04:46:34,658 - scripts - INFO - Checking processes
2017-12-06 04:47:34,716 - scripts - INFO - Checking processes
2017-12-06 04:48:34,765 - scripts - INFO - Checking processes
2017-12-06 04:49:34,810 - scripts - INFO - Checking processes
2017-12-06 04:50:34,870 - scripts - INFO - Checking processes
2017-12-06 04:51:34,924 - scripts - INFO - Checking processes
2017-12-06 04:52:34,956 - scripts - INFO - Checking processes
2017-12-06 04:53:35,017 - scripts - INFO - Checking processes
2017-12-06 04:54:35,076 - scripts - INFO - Checking processes
2017-12-06 04:55:35,136 - scripts - INFO - Checking processes
2017-12-06 04:56:35,196 - scripts - INFO - Checking processes
2017-12-06 04:57:35,256 - scripts - INFO - Checking processes
2017-12-06 04:58:35,404 - scripts - INFO - Checking processes
2017-12-06 04:59:35,464 - scripts - INFO - Checking processes
2017-12-06 05:00:35,524 - scripts - INFO - Checking processes
2017-12-06 05:01:35,654 - scripts - INFO - Checking processes
2017-12-06 05:02:35,716 - scripts - INFO - Checking processes
2017-12-06 05:03:35,776 - scripts - INFO - Checking processes
2017-12-06 05:04:35,904 - scripts - INFO - Checking processes
2017-12-06 05:05:35,964 - scripts - INFO - Checking processes
2017-12-06 05:06:36,024 - scripts - INFO - Checking processes
2017-12-06 05:07:36,155 - scripts - INFO - Checking processes
2017-12-06 05:08:36,212 - scripts - INFO - Checking processes
2017-12-06 05:09:36,273 - scripts - INFO - Checking processes
2017-12-06 05:10:36,404 - scripts - INFO - Checking processes
2017-12-06 05:11:36,464 - scripts - INFO - Checking processes
2017-12-06 05:12:36,524 - scripts - INFO - Checking processes
2017-12-06 05:13:36,654 - scripts - INFO - Checking processes
2017-12-06 05:14:36,712 - scripts - INFO - Checking processes
2017-12-06 05:15:36,772 - scripts - INFO - Checking processes
2017-12-06 05:16:36,904 - scripts - INFO - Checking processes
2017-12-06 05:17:36,964 - scripts - INFO - Checking processes
2017-12-06 05:18:37,024 - scripts - INFO - Checking processes
2017-12-06 05:19:37,155 - scripts - INFO - Checking processes
2017-12-06 05:20:37,212 - scripts - INFO - Checking processes
2017-12-06 05:21:37,272 - scripts - INFO - Checking processes
2017-12-06 05:22:37,404 - scripts - INFO - Checking processes
2017-12-06 05:23:37,464 - scripts - INFO - Checking processes
2017-12-06 05:24:37,524 - scripts - INFO - Checking processes
2017-12-06 05:25:37,654 - scripts - INFO - Checking processes
2017-12-06 05:26:37,714 - scripts - INFO - Checking processes
2017-12-06 05:27:37,772 - scripts - INFO - Checking processes
2017-12-06 05:28:37,904 - scripts - INFO - Checking processes
2017-12-06 05:29:37,964 - scripts - INFO - Checking processes
2017-12-06 05:30:38,024 - scripts - INFO - Checking processes
2017-12-06 05:31:38,155 - scripts - INFO - Checking processes
2017-12-06 05:32:38,212 - scripts - INFO - Checking processes
2017-12-06 05:33:38,272 - scripts - INFO - Checking processes
2017-12-06 05:34:38,404 - scripts - INFO - Checking processes
2017-12-06 05:35:38,464 - scripts - INFO - Checking processes
2017-12-06 05:36:38,524 - scripts - INFO - Checking processes
2017-12-06 05:37:38,654 - scripts - INFO - Checking processes
2017-12-06 05:38:38,712 - scripts - INFO - Checking processes
2017-12-06 05:39:38,772 - scripts - INFO - Checking processes
2017-12-06 05:40:38,904 - scripts - INFO - Checking processes
2017-12-06 05:41:38,964 - scripts - INFO - Checking processes
2017-12-06 05:42:39,024 - scripts - INFO - Checking processes
2017-12-06 05:43:39,155 - scripts - INFO - Checking processes
2017-12-06 05:44:39,216 - scripts - INFO - Checking processes
2017-12-06 05:45:39,276 - scripts - INFO - Checking processes
2017-12-06 05:46:39,404 - scripts - INFO - Checking processes
2017-12-06 05:47:39,464 - scripts - INFO - Checking processes
2017-12-06 05:48:39,524 - scripts - INFO - Checking processes
2017-12-06 05:49:39,712 - scripts - INFO - Checking processes
2017-12-06 05:50:39,772 - scripts - INFO - Checking processes
2017-12-06 05:51:39,904 - scripts - INFO - Checking processes
2017-12-06 05:52:39,964 - scripts - INFO - Checking processes
2017-12-06 05:53:40,024 - scripts - INFO - Checking processes
2017-12-06 05:54:40,154 - scripts - INFO - Checking processes
2017-12-06 05:55:40,215 - scripts - INFO - Checking processes
2017-12-06 05:56:40,276 - scripts - INFO - Checking processes
2017-12-06 05:57:40,335 - scripts - INFO - Checking processes
2017-12-06 05:58:40,420 - scripts - INFO - Checking processes
2017-12-06 05:59:40,480 - scripts - INFO - Checking processes
2017-12-06 06:00:40,540 - scripts - INFO - Checking processes
2017-12-06 06:01:40,654 - scripts - INFO - Checking processes
2017-12-06 06:02:40,712 - scripts - INFO - Checking processes
2017-12-06 06:03:40,772 - scripts - INFO - Checking processes
2017-12-06 06:04:40,904 - scripts - INFO - Checking processes
2017-12-06 06:05:40,964 - scripts - INFO - Checking processes
2017-12-06 06:06:41,024 - scripts - INFO - Checking processes
2017-12-06 06:07:41,155 - scripts - INFO - Checking processes
2017-12-06 06:08:41,214 - scripts - INFO - Checking processes
2017-12-06 06:09:41,273 - scripts - INFO - Checking processes
2017-12-06 06:10:41,404 - scripts - INFO - Checking processes
2017-12-06 06:11:41,464 - scripts - INFO - Checking processes
2017-12-06 06:12:41,524 - scripts - INFO - Checking processes
2017-12-06 06:13:41,654 - scripts - INFO - Checking processes
2017-12-06 06:14:41,712 - scripts - INFO - Checking processes
2017-12-06 06:15:41,772 - scripts - INFO - Checking processes
2017-12-06 06:16:41,904 - scripts - INFO - Checking processes
2017-12-06 06:17:41,964 - scripts - INFO - Checking processes
2017-12-06 06:18:42,024 - scripts - INFO - Checking processes
2017-12-06 06:19:42,154 - scripts - INFO - Checking processes
2017-12-06 06:20:42,212 - scripts - INFO - Checking processes
2017-12-06 06:21:42,272 - scripts - INFO - Checking processes
2017-12-06 06:22:42,404 - scripts - INFO - Checking processes
2017-12-06 06:23:42,464 - scripts - INFO - Checking processes
2017-12-06 06:24:42,524 - scripts - INFO - Checking processes
2017-12-06 06:25:42,654 - scripts - INFO - Checking processes
2017-12-06 06:26:42,714 - scripts - INFO - Checking processes
2017-12-06 06:27:42,773 - scripts - INFO - Checking processes
2017-12-06 06:28:42,904 - scripts - INFO - Checking processes
2017-12-06 06:29:42,964 - scripts - INFO - Checking processes
2017-12-06 06:30:43,024 - scripts - INFO - Checking processes
2017-12-06 06:31:45,576 - scripts - INFO - Checking processes
