2017-12-07 14:24:31,318 - scripts - INFO - Current process: 17419
2017-12-07 14:24:31,324 - scripts - INFO - Starting process: {'cmdline': ['python', '-m', 'bitcoin.storage.gdax_msgs', 'BTC-USD'], 'pid': 17720, 'name': 'Gdax Storage: BTC-USD'}
2017-12-07 14:24:31,332 - scripts - INFO - Starting process: {'cmdline': ['python', '-m', 'bitcoin.storage.gdax_msgs', 'ETH-USD'], 'pid': 17722, 'name': 'Gdax Storage: ETH-USD'}
2017-12-07 14:24:31,343 - scripts - INFO - Starting process: {'cmdline': ['python', '-m', 'bitcoin.storage.gdax_msgs', 'ETH-BTC'], 'pid': 17723, 'name': 'Gdax Storage: ETH-BTC'}
2017-12-07 14:24:31,351 - scripts - INFO - Starting process: {'cmdline': ['python', '-m', 'bitcoin.storage.snapshots'], 'pid': 17725, 'name': 'Snapshot Storage'}
2017-12-07 14:25:31,409 - scripts - INFO - Checking processes
2017-12-07 14:26:31,469 - scripts - INFO - Checking processes
2017-12-07 14:27:31,530 - scripts - INFO - Checking processes
2017-12-07 14:28:31,589 - scripts - INFO - Checking processes
2017-12-07 14:29:31,649 - scripts - INFO - Checking processes
2017-12-07 14:30:31,709 - scripts - INFO - Checking processes
2017-12-07 14:31:31,769 - scripts - INFO - Checking processes
2017-12-07 14:32:31,829 - scripts - INFO - Checking processes
2017-12-07 14:33:31,890 - scripts - INFO - Checking processes
2017-12-07 14:34:31,949 - scripts - INFO - Checking processes
2017-12-07 14:35:32,010 - scripts - INFO - Checking processes
2017-12-07 14:36:32,069 - scripts - INFO - Checking processes
2017-12-07 14:37:32,129 - scripts - INFO - Checking processes
2017-12-07 14:38:32,189 - scripts - INFO - Checking processes
2017-12-07 14:39:32,249 - scripts - INFO - Checking processes
2017-12-07 14:40:32,309 - scripts - INFO - Checking processes
2017-12-07 14:41:32,370 - scripts - INFO - Checking processes
2017-12-07 14:42:32,433 - scripts - INFO - Checking processes
2017-12-07 14:43:32,493 - scripts - INFO - Checking processes
2017-12-07 14:44:32,553 - scripts - INFO - Checking processes
2017-12-07 14:45:32,613 - scripts - INFO - Checking processes
2017-12-07 14:46:32,673 - scripts - INFO - Checking processes
2017-12-07 14:47:32,733 - scripts - INFO - Checking processes
2017-12-07 14:48:32,793 - scripts - INFO - Checking processes
2017-12-07 14:49:32,853 - scripts - INFO - Checking processes
2017-12-07 14:50:32,913 - scripts - INFO - Checking processes
2017-12-07 14:51:32,973 - scripts - INFO - Checking processes
2017-12-07 14:52:33,033 - scripts - INFO - Checking processes
2017-12-07 14:53:33,094 - scripts - INFO - Checking processes
2017-12-07 14:54:33,153 - scripts - INFO - Checking processes
2017-12-07 14:55:33,213 - scripts - INFO - Checking processes
2017-12-07 14:56:33,275 - scripts - INFO - Checking processes
2017-12-07 14:57:33,334 - scripts - INFO - Checking processes
2017-12-07 14:58:33,393 - scripts - INFO - Checking processes
2017-12-07 14:59:33,453 - scripts - INFO - Checking processes
2017-12-07 15:00:33,513 - scripts - INFO - Checking processes
2017-12-07 15:01:33,573 - scripts - INFO - Checking processes
2017-12-07 15:02:33,633 - scripts - INFO - Checking processes
2017-12-07 15:03:33,693 - scripts - INFO - Checking processes
2017-12-07 15:04:33,753 - scripts - INFO - Checking processes
2017-12-07 15:05:33,814 - scripts - INFO - Checking processes
2017-12-07 15:06:33,874 - scripts - INFO - Checking processes
2017-12-07 15:07:33,933 - scripts - INFO - Checking processes
2017-12-07 15:08:33,993 - scripts - INFO - Checking processes
2017-12-07 15:09:34,053 - scripts - INFO - Checking processes
2017-12-07 15:10:34,113 - scripts - INFO - Checking processes
2017-12-07 15:11:34,175 - scripts - INFO - Checking processes
2017-12-07 15:12:34,233 - scripts - INFO - Checking processes
2017-12-07 15:13:34,293 - scripts - INFO - Checking processes
2017-12-07 15:14:34,353 - scripts - INFO - Checking processes
2017-12-07 15:15:34,413 - scripts - INFO - Checking processes
2017-12-07 15:16:34,473 - scripts - INFO - Checking processes
2017-12-07 15:17:34,534 - scripts - INFO - Checking processes
2017-12-07 15:18:34,593 - scripts - INFO - Checking processes
2017-12-07 15:19:34,653 - scripts - INFO - Checking processes
2017-12-07 15:20:34,714 - scripts - INFO - Checking processes
2017-12-07 15:21:34,774 - scripts - INFO - Checking processes
2017-12-07 15:22:34,834 - scripts - INFO - Checking processes
2017-12-07 15:23:34,893 - scripts - INFO - Checking processes
2017-12-07 15:24:34,953 - scripts - INFO - Checking processes
2017-12-07 15:25:35,013 - scripts - INFO - Checking processes
2017-12-07 15:26:35,074 - scripts - INFO - Checking processes
2017-12-07 15:27:35,133 - scripts - INFO - Checking processes
2017-12-07 15:28:35,193 - scripts - INFO - Checking processes
2017-12-07 15:29:35,254 - scripts - INFO - Checking processes
2017-12-07 15:30:35,313 - scripts - INFO - Checking processes
2017-12-07 15:31:35,373 - scripts - INFO - Checking processes
2017-12-07 15:32:35,433 - scripts - INFO - Checking processes
2017-12-07 15:33:35,493 - scripts - INFO - Checking processes
2017-12-07 15:34:35,554 - scripts - INFO - Checking processes
2017-12-07 15:35:35,613 - scripts - INFO - Checking processes
2017-12-07 15:36:35,674 - scripts - INFO - Checking processes
2017-12-07 15:37:35,735 - scripts - INFO - Checking processes
2017-12-07 15:38:35,796 - scripts - INFO - Checking processes
2017-12-07 15:39:35,856 - scripts - INFO - Checking processes
2017-12-07 15:40:35,917 - scripts - INFO - Checking processes
2017-12-07 15:41:35,977 - scripts - INFO - Checking processes
2017-12-07 15:42:36,037 - scripts - INFO - Checking processes
2017-12-07 15:43:36,098 - scripts - INFO - Checking processes
2017-12-07 15:44:36,157 - scripts - INFO - Checking processes
2017-12-07 15:45:36,217 - scripts - INFO - Checking processes
2017-12-07 15:46:36,277 - scripts - INFO - Checking processes
2017-12-07 15:47:36,337 - scripts - INFO - Checking processes
2017-12-07 15:48:36,397 - scripts - INFO - Checking processes
2017-12-07 15:49:36,460 - scripts - INFO - Checking processes
2017-12-07 15:50:36,525 - scripts - INFO - Checking processes
2017-12-07 15:51:36,585 - scripts - INFO - Checking processes
2017-12-07 15:52:36,646 - scripts - INFO - Checking processes
2017-12-07 15:53:36,705 - scripts - INFO - Checking processes
2017-12-07 15:54:36,765 - scripts - INFO - Checking processes
2017-12-07 15:55:36,825 - scripts - INFO - Checking processes
2017-12-07 15:56:36,885 - scripts - INFO - Checking processes
2017-12-07 15:57:36,945 - scripts - INFO - Checking processes
2017-12-07 15:58:37,005 - scripts - INFO - Checking processes
2017-12-07 15:59:37,065 - scripts - INFO - Checking processes
2017-12-07 16:00:37,125 - scripts - INFO - Checking processes
2017-12-07 16:01:37,185 - scripts - INFO - Checking processes
2017-12-07 16:02:37,245 - scripts - INFO - Checking processes
2017-12-07 16:03:37,305 - scripts - INFO - Checking processes
2017-12-07 16:04:37,365 - scripts - INFO - Checking processes
2017-12-07 16:05:37,425 - scripts - INFO - Checking processes
2017-12-07 16:06:37,485 - scripts - INFO - Checking processes
2017-12-07 16:07:37,547 - scripts - INFO - Checking processes
2017-12-07 16:08:37,605 - scripts - INFO - Checking processes
2017-12-07 16:09:37,665 - scripts - INFO - Checking processes
2017-12-07 16:10:37,725 - scripts - INFO - Checking processes
2017-12-07 16:11:37,785 - scripts - INFO - Checking processes
2017-12-07 16:12:37,845 - scripts - INFO - Checking processes
2017-12-07 16:13:37,905 - scripts - INFO - Checking processes
2017-12-07 16:14:37,965 - scripts - INFO - Checking processes
2017-12-07 16:15:38,026 - scripts - INFO - Checking processes
2017-12-07 16:16:38,085 - scripts - INFO - Checking processes
2017-12-07 16:17:38,145 - scripts - INFO - Checking processes
2017-12-07 16:18:38,205 - scripts - INFO - Checking processes
2017-12-07 16:19:38,265 - scripts - INFO - Checking processes
2017-12-07 16:20:38,329 - scripts - INFO - Checking processes
2017-12-07 16:21:38,389 - scripts - INFO - Checking processes
2017-12-07 16:22:38,449 - scripts - INFO - Checking processes
2017-12-07 16:23:38,509 - scripts - INFO - Checking processes
2017-12-07 16:24:38,569 - scripts - INFO - Checking processes
2017-12-07 16:25:38,629 - scripts - INFO - Checking processes
2017-12-07 16:26:38,689 - scripts - INFO - Checking processes
2017-12-07 16:27:38,749 - scripts - INFO - Checking processes
2017-12-07 16:28:38,809 - scripts - INFO - Checking processes
2017-12-07 16:29:38,870 - scripts - INFO - Checking processes
2017-12-07 16:30:38,930 - scripts - INFO - Checking processes
2017-12-07 16:31:38,990 - scripts - INFO - Checking processes
2017-12-07 16:32:39,049 - scripts - INFO - Checking processes
2017-12-07 16:33:39,109 - scripts - INFO - Checking processes
2017-12-07 16:34:39,169 - scripts - INFO - Checking processes
2017-12-07 16:35:39,229 - scripts - INFO - Checking processes
2017-12-07 16:36:39,289 - scripts - INFO - Checking processes
2017-12-07 16:37:39,349 - scripts - INFO - Checking processes
2017-12-07 16:38:39,409 - scripts - INFO - Checking processes
2017-12-07 16:39:39,469 - scripts - INFO - Checking processes
2017-12-07 16:40:39,529 - scripts - INFO - Checking processes
2017-12-07 16:41:39,589 - scripts - INFO - Checking processes
2017-12-07 16:42:39,649 - scripts - INFO - Checking processes
2017-12-07 16:43:39,709 - scripts - INFO - Checking processes
2017-12-07 16:44:39,769 - scripts - INFO - Checking processes
2017-12-07 16:45:39,829 - scripts - INFO - Checking processes
2017-12-07 16:46:39,890 - scripts - INFO - Checking processes
2017-12-07 16:47:39,949 - scripts - INFO - Checking processes
2017-12-07 16:48:40,009 - scripts - INFO - Checking processes
2017-12-07 16:49:40,069 - scripts - INFO - Checking processes
2017-12-07 16:50:40,129 - scripts - INFO - Checking processes
2017-12-07 16:51:40,189 - scripts - INFO - Checking processes
2017-12-07 16:52:40,249 - scripts - INFO - Checking processes
2017-12-07 16:53:40,310 - scripts - INFO - Checking processes
2017-12-07 16:54:40,371 - scripts - INFO - Checking processes
2017-12-07 16:55:40,429 - scripts - INFO - Checking processes
2017-12-07 16:56:40,489 - scripts - INFO - Checking processes
2017-12-07 16:57:40,549 - scripts - INFO - Checking processes
2017-12-07 16:58:40,610 - scripts - INFO - Checking processes
2017-12-07 16:59:40,669 - scripts - INFO - Checking processes
2017-12-07 17:00:40,729 - scripts - INFO - Checking processes
2017-12-07 17:01:40,789 - scripts - INFO - Checking processes
2017-12-07 17:02:40,849 - scripts - INFO - Checking processes
2017-12-07 17:03:40,909 - scripts - INFO - Checking processes
2017-12-07 17:04:40,969 - scripts - INFO - Checking processes
2017-12-07 17:05:41,029 - scripts - INFO - Checking processes
2017-12-07 17:06:41,089 - scripts - INFO - Checking processes
2017-12-07 17:07:41,149 - scripts - INFO - Checking processes
2017-12-07 17:08:41,210 - scripts - INFO - Checking processes
2017-12-07 17:09:41,269 - scripts - INFO - Checking processes
2017-12-07 17:10:41,329 - scripts - INFO - Checking processes
2017-12-07 17:11:41,389 - scripts - INFO - Checking processes
2017-12-07 17:12:41,450 - scripts - INFO - Checking processes
2017-12-07 17:13:41,509 - scripts - INFO - Checking processes
2017-12-07 17:14:41,569 - scripts - INFO - Checking processes
2017-12-07 17:15:41,629 - scripts - INFO - Checking processes
2017-12-07 17:16:41,689 - scripts - INFO - Checking processes
2017-12-07 17:17:41,749 - scripts - INFO - Checking processes
2017-12-07 17:18:41,809 - scripts - INFO - Checking processes
2017-12-07 17:19:41,870 - scripts - INFO - Checking processes
2017-12-07 17:20:41,929 - scripts - INFO - Checking processes
2017-12-07 17:21:41,989 - scripts - INFO - Checking processes
2017-12-07 17:22:42,050 - scripts - INFO - Checking processes
2017-12-07 17:23:42,110 - scripts - INFO - Checking processes
2017-12-07 17:24:42,169 - scripts - INFO - Checking processes
2017-12-07 17:25:42,230 - scripts - INFO - Checking processes
2017-12-07 17:26:42,289 - scripts - INFO - Checking processes
2017-12-07 17:27:42,349 - scripts - INFO - Checking processes
2017-12-07 17:28:42,411 - scripts - INFO - Checking processes
2017-12-07 17:29:42,473 - scripts - INFO - Checking processes
2017-12-07 17:30:42,533 - scripts - INFO - Checking processes
2017-12-07 17:31:42,594 - scripts - INFO - Checking processes
2017-12-07 17:32:42,654 - scripts - INFO - Checking processes
2017-12-07 17:33:42,713 - scripts - INFO - Checking processes
2017-12-07 17:34:42,773 - scripts - INFO - Checking processes
2017-12-07 17:35:42,833 - scripts - INFO - Checking processes
2017-12-07 17:36:42,893 - scripts - INFO - Checking processes
2017-12-07 17:37:42,953 - scripts - INFO - Checking processes
2017-12-07 17:38:43,014 - scripts - INFO - Checking processes
2017-12-07 17:39:43,073 - scripts - INFO - Checking processes
2017-12-07 17:40:43,134 - scripts - INFO - Checking processes
2017-12-07 17:41:43,193 - scripts - INFO - Checking processes
2017-12-07 17:42:43,254 - scripts - INFO - Checking processes
2017-12-07 17:43:43,313 - scripts - INFO - Checking processes
2017-12-07 17:44:43,373 - scripts - INFO - Checking processes
2017-12-07 17:45:43,433 - scripts - INFO - Checking processes
2017-12-07 17:46:43,493 - scripts - INFO - Checking processes
2017-12-07 17:47:43,553 - scripts - INFO - Checking processes
2017-12-07 17:48:43,613 - scripts - INFO - Checking processes
2017-12-07 17:49:43,673 - scripts - INFO - Checking processes
2017-12-07 17:50:43,733 - scripts - INFO - Checking processes
2017-12-07 17:51:43,793 - scripts - INFO - Checking processes
2017-12-07 17:52:43,853 - scripts - INFO - Checking processes
2017-12-07 17:53:43,913 - scripts - INFO - Checking processes
2017-12-07 17:54:43,973 - scripts - INFO - Checking processes
2017-12-07 17:55:44,034 - scripts - INFO - Checking processes
2017-12-07 17:56:44,093 - scripts - INFO - Checking processes
2017-12-07 17:57:44,153 - scripts - INFO - Checking processes
2017-12-07 17:58:44,213 - scripts - INFO - Checking processes
2017-12-07 17:59:44,273 - scripts - INFO - Checking processes
2017-12-07 18:00:44,334 - scripts - INFO - Checking processes
2017-12-07 18:01:44,394 - scripts - INFO - Checking processes
2017-12-07 18:02:44,453 - scripts - INFO - Checking processes
2017-12-07 18:03:44,513 - scripts - INFO - Checking processes
2017-12-07 18:04:44,574 - scripts - INFO - Checking processes
2017-12-07 18:05:44,633 - scripts - INFO - Checking processes
2017-12-07 18:06:44,693 - scripts - INFO - Checking processes
2017-12-07 18:07:44,753 - scripts - INFO - Checking processes
2017-12-07 18:08:44,813 - scripts - INFO - Checking processes
2017-12-07 18:09:44,873 - scripts - INFO - Checking processes
2017-12-07 18:10:44,933 - scripts - INFO - Checking processes
2017-12-07 18:11:44,993 - scripts - INFO - Checking processes
2017-12-07 18:12:45,053 - scripts - INFO - Checking processes
2017-12-07 18:13:45,113 - scripts - INFO - Checking processes
2017-12-07 18:14:45,174 - scripts - INFO - Checking processes
2017-12-07 18:15:45,233 - scripts - INFO - Checking processes
2017-12-07 18:16:45,294 - scripts - INFO - Checking processes
2017-12-07 18:17:45,353 - scripts - INFO - Checking processes
2017-12-07 18:18:45,413 - scripts - INFO - Checking processes
2017-12-07 18:19:45,473 - scripts - INFO - Checking processes
2017-12-07 18:20:45,534 - scripts - INFO - Checking processes
2017-12-07 18:21:45,594 - scripts - INFO - Checking processes
2017-12-07 18:22:45,654 - scripts - INFO - Checking processes
2017-12-07 18:23:45,714 - scripts - INFO - Checking processes
2017-12-07 18:24:45,773 - scripts - INFO - Checking processes
2017-12-07 18:25:45,833 - scripts - INFO - Checking processes
2017-12-07 18:26:45,893 - scripts - INFO - Checking processes
2017-12-07 18:27:45,953 - scripts - INFO - Checking processes
2017-12-07 18:28:46,013 - scripts - INFO - Checking processes
2017-12-07 18:29:46,073 - scripts - INFO - Checking processes
2017-12-07 18:30:46,133 - scripts - INFO - Checking processes
2017-12-07 18:31:46,193 - scripts - INFO - Checking processes
2017-12-07 18:32:46,253 - scripts - INFO - Checking processes
2017-12-07 18:33:46,313 - scripts - INFO - Checking processes
2017-12-07 18:34:46,373 - scripts - INFO - Checking processes
2017-12-07 18:35:46,433 - scripts - INFO - Checking processes
2017-12-07 18:36:46,493 - scripts - INFO - Checking processes
2017-12-07 18:37:46,553 - scripts - INFO - Checking processes
2017-12-07 18:38:46,613 - scripts - INFO - Checking processes
2017-12-07 18:39:46,674 - scripts - INFO - Checking processes
2017-12-07 18:40:46,733 - scripts - INFO - Checking processes
2017-12-07 18:41:46,793 - scripts - INFO - Checking processes
2017-12-07 18:42:46,854 - scripts - INFO - Checking processes
2017-12-07 18:43:46,914 - scripts - INFO - Checking processes
2017-12-07 18:44:46,973 - scripts - INFO - Checking processes
2017-12-07 18:45:47,033 - scripts - INFO - Checking processes
2017-12-07 18:46:47,093 - scripts - INFO - Checking processes
2017-12-07 18:47:47,153 - scripts - INFO - Checking processes
2017-12-07 18:48:47,215 - scripts - INFO - Checking processes
2017-12-07 18:49:47,273 - scripts - INFO - Checking processes
2017-12-07 18:50:47,333 - scripts - INFO - Checking processes
2017-12-07 18:51:47,393 - scripts - INFO - Checking processes
2017-12-07 18:52:47,453 - scripts - INFO - Checking processes
2017-12-07 18:53:47,514 - scripts - INFO - Checking processes
2017-12-07 18:54:47,573 - scripts - INFO - Checking processes
2017-12-07 18:55:47,633 - scripts - INFO - Checking processes
2017-12-07 18:56:47,693 - scripts - INFO - Checking processes
2017-12-07 18:57:47,753 - scripts - INFO - Checking processes
2017-12-07 18:58:47,813 - scripts - INFO - Checking processes
2017-12-07 18:59:47,873 - scripts - INFO - Checking processes
2017-12-07 19:00:47,933 - scripts - INFO - Checking processes
2017-12-07 19:01:47,993 - scripts - INFO - Checking processes
2017-12-07 19:02:48,053 - scripts - INFO - Checking processes
2017-12-07 19:03:48,113 - scripts - INFO - Checking processes
2017-12-07 19:04:48,173 - scripts - INFO - Checking processes
2017-12-07 19:05:48,233 - scripts - INFO - Checking processes
2017-12-07 19:06:48,294 - scripts - INFO - Checking processes
2017-12-07 19:07:48,353 - scripts - INFO - Checking processes
2017-12-07 19:08:48,413 - scripts - INFO - Checking processes
2017-12-07 19:09:48,473 - scripts - INFO - Checking processes
2017-12-07 19:10:48,533 - scripts - INFO - Checking processes
2017-12-07 19:11:48,594 - scripts - INFO - Checking processes
2017-12-07 19:12:48,654 - scripts - INFO - Checking processes
2017-12-07 19:13:48,713 - scripts - INFO - Checking processes
2017-12-07 19:14:48,773 - scripts - INFO - Checking processes
2017-12-07 19:15:48,833 - scripts - INFO - Checking processes
2017-12-07 19:16:48,894 - scripts - INFO - Checking processes
2017-12-07 19:17:48,953 - scripts - INFO - Checking processes
2017-12-07 19:18:49,013 - scripts - INFO - Checking processes
2017-12-07 19:19:49,073 - scripts - INFO - Checking processes
2017-12-07 19:20:49,133 - scripts - INFO - Checking processes
2017-12-07 19:21:49,193 - scripts - INFO - Checking processes
2017-12-07 19:22:49,253 - scripts - INFO - Checking processes
2017-12-07 19:23:49,313 - scripts - INFO - Checking processes
2017-12-07 19:24:49,373 - scripts - INFO - Checking processes
2017-12-07 19:25:49,433 - scripts - INFO - Checking processes
2017-12-07 19:26:49,493 - scripts - INFO - Checking processes
2017-12-07 19:27:49,553 - scripts - INFO - Checking processes
2017-12-07 19:28:49,613 - scripts - INFO - Checking processes
2017-12-07 19:29:49,673 - scripts - INFO - Checking processes
2017-12-07 19:30:49,733 - scripts - INFO - Checking processes
2017-12-07 19:31:49,793 - scripts - INFO - Checking processes
2017-12-07 19:32:49,853 - scripts - INFO - Checking processes
2017-12-07 19:33:49,913 - scripts - INFO - Checking processes
2017-12-07 19:34:49,974 - scripts - INFO - Checking processes
2017-12-07 19:35:50,033 - scripts - INFO - Checking processes
2017-12-07 19:36:50,093 - scripts - INFO - Checking processes
2017-12-07 19:37:50,153 - scripts - INFO - Checking processes
2017-12-07 19:38:50,213 - scripts - INFO - Checking processes
2017-12-07 19:39:50,273 - scripts - INFO - Checking processes
2017-12-07 19:40:50,333 - scripts - INFO - Checking processes
2017-12-07 19:41:50,393 - scripts - INFO - Checking processes
2017-12-07 19:42:50,453 - scripts - INFO - Checking processes
2017-12-07 19:43:50,513 - scripts - INFO - Checking processes
2017-12-07 19:44:50,573 - scripts - INFO - Checking processes
2017-12-07 19:45:50,633 - scripts - INFO - Checking processes
2017-12-07 19:46:50,693 - scripts - INFO - Checking processes
2017-12-07 19:47:50,753 - scripts - INFO - Checking processes
2017-12-07 19:48:50,813 - scripts - INFO - Checking processes
2017-12-07 19:49:50,873 - scripts - INFO - Checking processes
2017-12-07 19:50:50,933 - scripts - INFO - Checking processes
2017-12-07 19:51:50,994 - scripts - INFO - Checking processes
2017-12-07 19:52:51,053 - scripts - INFO - Checking processes
2017-12-07 19:53:51,113 - scripts - INFO - Checking processes
2017-12-07 19:54:51,173 - scripts - INFO - Checking processes
2017-12-07 19:55:51,233 - scripts - INFO - Checking processes
2017-12-07 19:56:51,293 - scripts - INFO - Checking processes
2017-12-07 19:57:51,353 - scripts - INFO - Checking processes
2017-12-07 19:58:51,413 - scripts - INFO - Checking processes
2017-12-07 19:59:51,475 - scripts - INFO - Checking processes
2017-12-07 20:00:51,536 - scripts - INFO - Checking processes
2017-12-07 20:01:51,593 - scripts - INFO - Checking processes
2017-12-07 20:02:51,653 - scripts - INFO - Checking processes
2017-12-07 20:03:51,713 - scripts - INFO - Checking processes
2017-12-07 20:04:51,774 - scripts - INFO - Checking processes
2017-12-07 20:05:51,834 - scripts - INFO - Checking processes
2017-12-07 20:06:51,895 - scripts - INFO - Checking processes
2017-12-07 20:07:51,953 - scripts - INFO - Checking processes
2017-12-07 20:08:52,014 - scripts - INFO - Checking processes
2017-12-07 20:09:52,073 - scripts - INFO - Checking processes
2017-12-07 20:10:52,133 - scripts - INFO - Checking processes
2017-12-07 20:11:52,193 - scripts - INFO - Checking processes
2017-12-07 20:12:52,253 - scripts - INFO - Checking processes
2017-12-07 20:13:52,313 - scripts - INFO - Checking processes
2017-12-07 20:14:52,373 - scripts - INFO - Checking processes
2017-12-07 20:15:52,433 - scripts - INFO - Checking processes
2017-12-07 20:16:52,493 - scripts - INFO - Checking processes
2017-12-07 20:17:52,553 - scripts - INFO - Checking processes
2017-12-07 20:18:52,613 - scripts - INFO - Checking processes
2017-12-07 20:19:52,673 - scripts - INFO - Checking processes
2017-12-07 20:20:52,733 - scripts - INFO - Checking processes
2017-12-07 20:21:52,793 - scripts - INFO - Checking processes
2017-12-07 20:22:52,853 - scripts - INFO - Checking processes
2017-12-07 20:23:52,913 - scripts - INFO - Checking processes
2017-12-07 20:24:52,973 - scripts - INFO - Checking processes
2017-12-07 20:25:53,033 - scripts - INFO - Checking processes
2017-12-07 20:26:53,093 - scripts - INFO - Checking processes
2017-12-07 20:27:53,153 - scripts - INFO - Checking processes
2017-12-07 20:28:53,213 - scripts - INFO - Checking processes
2017-12-07 20:29:53,273 - scripts - INFO - Checking processes
2017-12-07 20:30:53,333 - scripts - INFO - Checking processes
2017-12-07 20:31:53,393 - scripts - INFO - Checking processes
2017-12-07 20:32:53,453 - scripts - INFO - Checking processes
2017-12-07 20:33:53,513 - scripts - INFO - Checking processes
2017-12-07 20:34:53,575 - scripts - INFO - Checking processes
2017-12-07 20:35:53,633 - scripts - INFO - Checking processes
2017-12-07 20:36:53,695 - scripts - INFO - Checking processes
2017-12-07 20:37:53,753 - scripts - INFO - Checking processes
2017-12-07 20:38:53,813 - scripts - INFO - Checking processes
2017-12-07 20:39:53,874 - scripts - INFO - Checking processes
2017-12-07 20:40:53,937 - scripts - INFO - Checking processes
2017-12-07 20:41:53,997 - scripts - INFO - Checking processes
2017-12-07 20:42:54,057 - scripts - INFO - Checking processes
2017-12-07 20:43:54,117 - scripts - INFO - Checking processes
2017-12-07 20:44:54,177 - scripts - INFO - Checking processes
2017-12-07 20:45:54,237 - scripts - INFO - Checking processes
2017-12-07 20:46:54,297 - scripts - INFO - Checking processes
2017-12-07 20:47:54,357 - scripts - INFO - Checking processes
2017-12-07 20:48:54,417 - scripts - INFO - Checking processes
2017-12-07 20:49:54,477 - scripts - INFO - Checking processes
2017-12-07 20:50:54,537 - scripts - INFO - Checking processes
2017-12-07 20:51:54,597 - scripts - INFO - Checking processes
2017-12-07 20:52:54,657 - scripts - INFO - Checking processes
2017-12-07 20:53:54,717 - scripts - INFO - Checking processes
2017-12-07 20:54:54,777 - scripts - INFO - Checking processes
2017-12-07 20:55:54,837 - scripts - INFO - Checking processes
2017-12-07 20:56:54,897 - scripts - INFO - Checking processes
2017-12-07 20:57:54,957 - scripts - INFO - Checking processes
2017-12-07 20:58:55,017 - scripts - INFO - Checking processes
2017-12-07 20:59:55,077 - scripts - INFO - Checking processes
2017-12-07 21:00:55,137 - scripts - INFO - Checking processes
2017-12-07 21:01:55,198 - scripts - INFO - Checking processes
2017-12-07 21:02:55,258 - scripts - INFO - Checking processes
2017-12-07 21:03:55,318 - scripts - INFO - Checking processes
2017-12-07 21:04:55,377 - scripts - INFO - Checking processes
2017-12-07 21:05:55,437 - scripts - INFO - Checking processes
2017-12-07 21:06:55,497 - scripts - INFO - Checking processes
2017-12-07 21:07:55,558 - scripts - INFO - Checking processes
2017-12-07 21:08:55,617 - scripts - INFO - Checking processes
2017-12-07 21:09:55,677 - scripts - INFO - Checking processes
2017-12-07 21:10:55,737 - scripts - INFO - Checking processes
2017-12-07 21:11:55,797 - scripts - INFO - Checking processes
2017-12-07 21:12:55,857 - scripts - INFO - Checking processes
2017-12-07 21:13:55,917 - scripts - INFO - Checking processes
2017-12-07 21:14:55,977 - scripts - INFO - Checking processes
2017-12-07 21:15:56,037 - scripts - INFO - Checking processes
2017-12-07 21:16:56,097 - scripts - INFO - Checking processes
2017-12-07 21:17:56,157 - scripts - INFO - Checking processes
2017-12-07 21:18:56,217 - scripts - INFO - Checking processes
2017-12-07 21:19:56,277 - scripts - INFO - Checking processes
2017-12-07 21:20:56,337 - scripts - INFO - Checking processes
2017-12-07 21:21:56,397 - scripts - INFO - Checking processes
2017-12-07 21:22:56,458 - scripts - INFO - Checking processes
2017-12-07 21:23:56,518 - scripts - INFO - Checking processes
2017-12-07 21:24:56,577 - scripts - INFO - Checking processes
2017-12-07 21:25:56,637 - scripts - INFO - Checking processes
2017-12-07 21:26:56,697 - scripts - INFO - Checking processes
2017-12-07 21:27:56,757 - scripts - INFO - Checking processes
2017-12-07 21:28:56,818 - scripts - INFO - Checking processes
2017-12-07 21:29:56,877 - scripts - INFO - Checking processes
2017-12-07 21:30:56,937 - scripts - INFO - Checking processes
2017-12-07 21:31:56,999 - scripts - INFO - Checking processes
2017-12-07 21:32:57,057 - scripts - INFO - Checking processes
2017-12-07 21:33:57,117 - scripts - INFO - Checking processes
2017-12-07 21:34:57,177 - scripts - INFO - Checking processes
2017-12-07 21:35:57,237 - scripts - INFO - Checking processes
2017-12-07 21:36:57,298 - scripts - INFO - Checking processes
2017-12-07 21:37:57,357 - scripts - INFO - Checking processes
2017-12-07 21:38:57,417 - scripts - INFO - Checking processes
2017-12-07 21:39:57,477 - scripts - INFO - Checking processes
2017-12-07 21:40:57,537 - scripts - INFO - Checking processes
2017-12-07 21:41:57,597 - scripts - INFO - Checking processes
2017-12-07 21:42:57,657 - scripts - INFO - Checking processes
2017-12-07 21:43:57,717 - scripts - INFO - Checking processes
2017-12-07 21:44:57,777 - scripts - INFO - Checking processes
2017-12-07 21:45:57,837 - scripts - INFO - Checking processes
2017-12-07 21:46:57,897 - scripts - INFO - Checking processes
2017-12-07 21:47:57,957 - scripts - INFO - Checking processes
2017-12-07 21:48:58,017 - scripts - INFO - Checking processes
2017-12-07 21:49:58,077 - scripts - INFO - Checking processes
2017-12-07 21:50:58,137 - scripts - INFO - Checking processes
2017-12-07 21:51:58,197 - scripts - INFO - Checking processes
2017-12-07 21:52:58,257 - scripts - INFO - Checking processes
2017-12-07 21:53:58,317 - scripts - INFO - Checking processes
2017-12-07 21:54:58,377 - scripts - INFO - Checking processes
2017-12-07 21:55:58,437 - scripts - INFO - Checking processes
2017-12-07 21:56:58,498 - scripts - INFO - Checking processes
2017-12-07 21:57:58,557 - scripts - INFO - Checking processes
2017-12-07 21:58:58,617 - scripts - INFO - Checking processes
2017-12-07 21:59:58,677 - scripts - INFO - Checking processes
2017-12-07 22:00:58,737 - scripts - INFO - Checking processes
2017-12-07 22:01:58,797 - scripts - INFO - Checking processes
2017-12-07 22:02:58,857 - scripts - INFO - Checking processes
2017-12-07 22:03:58,917 - scripts - INFO - Checking processes
2017-12-07 22:04:58,977 - scripts - INFO - Checking processes
2017-12-07 22:05:59,037 - scripts - INFO - Checking processes
2017-12-07 22:06:59,097 - scripts - INFO - Checking processes
2017-12-07 22:07:59,157 - scripts - INFO - Checking processes
2017-12-07 22:08:59,217 - scripts - INFO - Checking processes
2017-12-07 22:09:59,277 - scripts - INFO - Checking processes
2017-12-07 22:10:59,337 - scripts - INFO - Checking processes
2017-12-07 22:11:59,397 - scripts - INFO - Checking processes
2017-12-07 22:12:59,458 - scripts - INFO - Checking processes
2017-12-07 22:13:59,517 - scripts - INFO - Checking processes
2017-12-07 22:14:59,577 - scripts - INFO - Checking processes
2017-12-07 22:15:59,637 - scripts - INFO - Checking processes
2017-12-07 22:16:59,697 - scripts - INFO - Checking processes
2017-12-07 22:17:59,757 - scripts - INFO - Checking processes
2017-12-07 22:18:59,817 - scripts - INFO - Checking processes
2017-12-07 22:19:59,877 - scripts - INFO - Checking processes
2017-12-07 22:20:59,937 - scripts - INFO - Checking processes
2017-12-07 22:21:59,998 - scripts - INFO - Checking processes
2017-12-07 22:23:00,057 - scripts - INFO - Checking processes
2017-12-07 22:24:00,117 - scripts - INFO - Checking processes
2017-12-07 22:25:00,177 - scripts - INFO - Checking processes
2017-12-07 22:26:00,237 - scripts - INFO - Checking processes
2017-12-07 22:27:00,297 - scripts - INFO - Checking processes
2017-12-07 22:28:00,357 - scripts - INFO - Checking processes
2017-12-07 22:29:00,417 - scripts - INFO - Checking processes
2017-12-07 22:30:00,477 - scripts - INFO - Checking processes
2017-12-07 22:31:00,537 - scripts - INFO - Checking processes
2017-12-07 22:32:00,597 - scripts - INFO - Checking processes
2017-12-07 22:33:00,658 - scripts - INFO - Checking processes
2017-12-07 22:34:00,717 - scripts - INFO - Checking processes
2017-12-07 22:35:00,777 - scripts - INFO - Checking processes
2017-12-07 22:36:00,838 - scripts - INFO - Checking processes
2017-12-07 22:37:00,897 - scripts - INFO - Checking processes
2017-12-07 22:38:00,957 - scripts - INFO - Checking processes
2017-12-07 22:39:01,018 - scripts - INFO - Checking processes
2017-12-07 22:40:01,077 - scripts - INFO - Checking processes
2017-12-07 22:41:01,137 - scripts - INFO - Checking processes
2017-12-07 22:42:01,197 - scripts - INFO - Checking processes
2017-12-07 22:43:01,258 - scripts - INFO - Checking processes
2017-12-07 22:44:01,317 - scripts - INFO - Checking processes
2017-12-07 22:45:01,377 - scripts - INFO - Checking processes
2017-12-07 22:46:01,437 - scripts - INFO - Checking processes
2017-12-07 22:47:01,497 - scripts - INFO - Checking processes
2017-12-07 22:48:01,558 - scripts - INFO - Checking processes
2017-12-07 22:49:01,617 - scripts - INFO - Checking processes
2017-12-07 22:50:01,677 - scripts - INFO - Checking processes
2017-12-07 22:51:01,737 - scripts - INFO - Checking processes
2017-12-07 22:52:01,797 - scripts - INFO - Checking processes
2017-12-07 22:53:01,857 - scripts - INFO - Checking processes
2017-12-07 22:54:01,917 - scripts - INFO - Checking processes
2017-12-07 22:55:01,977 - scripts - INFO - Checking processes
2017-12-07 22:56:02,037 - scripts - INFO - Checking processes
2017-12-07 22:57:02,097 - scripts - INFO - Checking processes
2017-12-07 22:58:02,157 - scripts - INFO - Checking processes
2017-12-07 22:59:02,217 - scripts - INFO - Checking processes
2017-12-07 23:00:02,277 - scripts - INFO - Checking processes
2017-12-07 23:01:02,337 - scripts - INFO - Checking processes
2017-12-07 23:02:02,397 - scripts - INFO - Checking processes
2017-12-07 23:03:02,457 - scripts - INFO - Checking processes
2017-12-07 23:04:02,520 - scripts - INFO - Checking processes
2017-12-07 23:05:02,581 - scripts - INFO - Checking processes
2017-12-07 23:06:02,641 - scripts - INFO - Checking processes
2017-12-07 23:07:02,701 - scripts - INFO - Checking processes
2017-12-07 23:08:02,761 - scripts - INFO - Checking processes
2017-12-07 23:09:02,821 - scripts - INFO - Checking processes
2017-12-07 23:10:02,881 - scripts - INFO - Checking processes
2017-12-07 23:11:02,941 - scripts - INFO - Checking processes
2017-12-07 23:12:03,001 - scripts - INFO - Checking processes
2017-12-07 23:13:03,061 - scripts - INFO - Checking processes
2017-12-07 23:14:03,121 - scripts - INFO - Checking processes
2017-12-07 23:15:03,181 - scripts - INFO - Checking processes
2017-12-07 23:16:03,243 - scripts - INFO - Checking processes
2017-12-07 23:17:03,303 - scripts - INFO - Checking processes
2017-12-07 23:18:03,361 - scripts - INFO - Checking processes
2017-12-07 23:19:03,421 - scripts - INFO - Checking processes
2017-12-07 23:20:03,481 - scripts - INFO - Checking processes
2017-12-07 23:21:03,541 - scripts - INFO - Checking processes
2017-12-07 23:22:03,601 - scripts - INFO - Checking processes
2017-12-07 23:23:03,661 - scripts - INFO - Checking processes
2017-12-07 23:24:03,721 - scripts - INFO - Checking processes
2017-12-07 23:25:03,781 - scripts - INFO - Checking processes
2017-12-07 23:26:03,841 - scripts - INFO - Checking processes
2017-12-07 23:27:03,901 - scripts - INFO - Checking processes
2017-12-07 23:28:03,961 - scripts - INFO - Checking processes
2017-12-07 23:29:04,021 - scripts - INFO - Checking processes
2017-12-07 23:30:04,081 - scripts - INFO - Checking processes
2017-12-07 23:31:04,141 - scripts - INFO - Checking processes
2017-12-07 23:32:04,201 - scripts - INFO - Checking processes
2017-12-07 23:33:04,261 - scripts - INFO - Checking processes
2017-12-07 23:34:04,321 - scripts - INFO - Checking processes
2017-12-07 23:35:04,381 - scripts - INFO - Checking processes
2017-12-07 23:36:04,441 - scripts - INFO - Checking processes
2017-12-07 23:37:04,501 - scripts - INFO - Checking processes
2017-12-07 23:38:04,562 - scripts - INFO - Checking processes
2017-12-07 23:39:04,622 - scripts - INFO - Checking processes
2017-12-07 23:40:04,681 - scripts - INFO - Checking processes
2017-12-07 23:41:04,741 - scripts - INFO - Checking processes
2017-12-07 23:42:04,801 - scripts - INFO - Checking processes
2017-12-07 23:43:04,861 - scripts - INFO - Checking processes
2017-12-07 23:44:04,921 - scripts - INFO - Checking processes
2017-12-07 23:45:04,981 - scripts - INFO - Checking processes
2017-12-07 23:46:05,041 - scripts - INFO - Checking processes
2017-12-07 23:47:05,101 - scripts - INFO - Checking processes
2017-12-07 23:48:05,161 - scripts - INFO - Checking processes
2017-12-07 23:49:05,221 - scripts - INFO - Checking processes
2017-12-07 23:50:05,281 - scripts - INFO - Checking processes
2017-12-07 23:51:05,343 - scripts - INFO - Checking processes
2017-12-07 23:52:05,401 - scripts - INFO - Checking processes
2017-12-07 23:53:05,461 - scripts - INFO - Checking processes
2017-12-07 23:54:05,521 - scripts - INFO - Checking processes
2017-12-07 23:55:05,581 - scripts - INFO - Checking processes
2017-12-07 23:56:05,641 - scripts - INFO - Checking processes
2017-12-07 23:57:05,701 - scripts - INFO - Checking processes
2017-12-07 23:58:05,761 - scripts - INFO - Checking processes
2017-12-07 23:59:05,821 - scripts - INFO - Checking processes
2017-12-08 00:00:05,881 - scripts - INFO - Checking processes
2017-12-08 00:01:05,941 - scripts - INFO - Checking processes
2017-12-08 00:02:06,001 - scripts - INFO - Checking processes
2017-12-08 00:03:06,061 - scripts - INFO - Checking processes
2017-12-08 00:04:06,121 - scripts - INFO - Checking processes
2017-12-08 00:05:06,181 - scripts - INFO - Checking processes
2017-12-08 00:06:06,241 - scripts - INFO - Checking processes
2017-12-08 00:07:06,302 - scripts - INFO - Checking processes
2017-12-08 00:08:06,362 - scripts - INFO - Checking processes
2017-12-08 00:09:06,421 - scripts - INFO - Checking processes
2017-12-08 00:10:06,481 - scripts - INFO - Checking processes
2017-12-08 00:11:06,541 - scripts - INFO - Checking processes
2017-12-08 00:12:06,601 - scripts - INFO - Checking processes
2017-12-08 00:13:06,661 - scripts - INFO - Checking processes
2017-12-08 00:14:06,721 - scripts - INFO - Checking processes
2017-12-08 00:15:06,781 - scripts - INFO - Checking processes
2017-12-08 00:16:06,841 - scripts - INFO - Checking processes
2017-12-08 00:17:06,901 - scripts - INFO - Checking processes
2017-12-08 00:18:06,961 - scripts - INFO - Checking processes
2017-12-08 00:19:07,021 - scripts - INFO - Checking processes
2017-12-08 00:20:07,081 - scripts - INFO - Checking processes
2017-12-08 00:21:07,141 - scripts - INFO - Checking processes
2017-12-08 00:22:07,201 - scripts - INFO - Checking processes
2017-12-08 00:23:07,261 - scripts - INFO - Checking processes
2017-12-08 00:24:07,321 - scripts - INFO - Checking processes
2017-12-08 00:25:07,381 - scripts - INFO - Checking processes
2017-12-08 00:26:07,442 - scripts - INFO - Checking processes
2017-12-08 00:27:07,501 - scripts - INFO - Checking processes
2017-12-08 00:28:07,561 - scripts - INFO - Checking processes
2017-12-08 00:29:07,621 - scripts - INFO - Checking processes
2017-12-08 00:30:07,681 - scripts - INFO - Checking processes
2017-12-08 00:31:07,742 - scripts - INFO - Checking processes
2017-12-08 00:32:07,802 - scripts - INFO - Checking processes
2017-12-08 00:33:07,861 - scripts - INFO - Checking processes
2017-12-08 00:34:07,921 - scripts - INFO - Checking processes
2017-12-08 00:35:07,981 - scripts - INFO - Checking processes
2017-12-08 00:36:08,041 - scripts - INFO - Checking processes
2017-12-08 00:37:08,101 - scripts - INFO - Checking processes
2017-12-08 00:38:08,161 - scripts - INFO - Checking processes
2017-12-08 00:39:08,221 - scripts - INFO - Checking processes
2017-12-08 00:40:08,281 - scripts - INFO - Checking processes
2017-12-08 00:41:08,341 - scripts - INFO - Checking processes
2017-12-08 00:42:08,401 - scripts - INFO - Checking processes
2017-12-08 00:43:08,461 - scripts - INFO - Checking processes
2017-12-08 00:44:08,521 - scripts - INFO - Checking processes
2017-12-08 00:45:08,581 - scripts - INFO - Checking processes
2017-12-08 00:46:08,641 - scripts - INFO - Checking processes
2017-12-08 00:47:08,701 - scripts - INFO - Checking processes
2017-12-08 00:48:08,761 - scripts - INFO - Checking processes
2017-12-08 00:49:08,821 - scripts - INFO - Checking processes
2017-12-08 00:50:08,882 - scripts - INFO - Checking processes
2017-12-08 00:51:08,941 - scripts - INFO - Checking processes
2017-12-08 00:52:09,001 - scripts - INFO - Checking processes
2017-12-08 00:53:09,061 - scripts - INFO - Checking processes
2017-12-08 00:54:09,121 - scripts - INFO - Checking processes
2017-12-08 00:55:09,181 - scripts - INFO - Checking processes
2017-12-08 00:56:09,241 - scripts - INFO - Checking processes
2017-12-08 00:57:09,301 - scripts - INFO - Checking processes
2017-12-08 00:58:09,361 - scripts - INFO - Checking processes
2017-12-08 00:59:09,421 - scripts - INFO - Checking processes
2017-12-08 01:00:09,481 - scripts - INFO - Checking processes
2017-12-08 01:01:09,541 - scripts - INFO - Checking processes
2017-12-08 01:02:09,601 - scripts - INFO - Checking processes
2017-12-08 01:03:09,661 - scripts - INFO - Checking processes
2017-12-08 01:04:09,721 - scripts - INFO - Checking processes
2017-12-08 01:05:09,781 - scripts - INFO - Checking processes
2017-12-08 01:06:09,841 - scripts - INFO - Checking processes
2017-12-08 01:07:09,901 - scripts - INFO - Checking processes
2017-12-08 01:08:09,961 - scripts - INFO - Checking processes
2017-12-08 01:09:10,021 - scripts - INFO - Checking processes
2017-12-08 01:10:10,081 - scripts - INFO - Checking processes
2017-12-08 01:11:10,141 - scripts - INFO - Checking processes
2017-12-08 01:12:10,201 - scripts - INFO - Checking processes
2017-12-08 01:13:10,261 - scripts - INFO - Checking processes
2017-12-08 01:14:10,321 - scripts - INFO - Checking processes
2017-12-08 01:15:10,381 - scripts - INFO - Checking processes
2017-12-08 01:16:10,441 - scripts - INFO - Checking processes
2017-12-08 01:17:10,501 - scripts - INFO - Checking processes
2017-12-08 01:18:10,561 - scripts - INFO - Checking processes
2017-12-08 01:19:10,621 - scripts - INFO - Checking processes
2017-12-08 01:20:10,681 - scripts - INFO - Checking processes
2017-12-08 01:21:10,741 - scripts - INFO - Checking processes
2017-12-08 01:22:10,801 - scripts - INFO - Checking processes
2017-12-08 01:23:10,861 - scripts - INFO - Checking processes
2017-12-08 01:24:10,921 - scripts - INFO - Checking processes
2017-12-08 01:25:10,981 - scripts - INFO - Checking processes
2017-12-08 01:26:11,041 - scripts - INFO - Checking processes
2017-12-08 01:27:11,101 - scripts - INFO - Checking processes
2017-12-08 01:28:11,161 - scripts - INFO - Checking processes
2017-12-08 01:29:11,221 - scripts - INFO - Checking processes
2017-12-08 01:30:11,281 - scripts - INFO - Checking processes
2017-12-08 01:31:11,346 - scripts - INFO - Checking processes
2017-12-08 01:32:11,405 - scripts - INFO - Checking processes
2017-12-08 01:33:11,465 - scripts - INFO - Checking processes
2017-12-08 01:34:11,525 - scripts - INFO - Checking processes
2017-12-08 01:35:11,586 - scripts - INFO - Checking processes
2017-12-08 01:36:11,645 - scripts - INFO - Checking processes
2017-12-08 01:37:11,705 - scripts - INFO - Checking processes
2017-12-08 01:38:11,765 - scripts - INFO - Checking processes
2017-12-08 01:39:11,825 - scripts - INFO - Checking processes
2017-12-08 01:40:11,885 - scripts - INFO - Checking processes
2017-12-08 01:41:11,945 - scripts - INFO - Checking processes
2017-12-08 01:42:12,005 - scripts - INFO - Checking processes
2017-12-08 01:43:12,066 - scripts - INFO - Checking processes
2017-12-08 01:44:12,125 - scripts - INFO - Checking processes
2017-12-08 01:45:12,185 - scripts - INFO - Checking processes
2017-12-08 01:46:12,245 - scripts - INFO - Checking processes
2017-12-08 01:47:12,306 - scripts - INFO - Checking processes
2017-12-08 01:48:12,365 - scripts - INFO - Checking processes
2017-12-08 01:49:12,425 - scripts - INFO - Checking processes
2017-12-08 01:50:12,485 - scripts - INFO - Checking processes
2017-12-08 01:51:12,546 - scripts - INFO - Checking processes
2017-12-08 01:52:12,605 - scripts - INFO - Checking processes
2017-12-08 01:53:12,665 - scripts - INFO - Checking processes
2017-12-08 01:54:12,725 - scripts - INFO - Checking processes
2017-12-08 01:55:12,785 - scripts - INFO - Checking processes
2017-12-08 01:56:12,845 - scripts - INFO - Checking processes
2017-12-08 01:57:12,905 - scripts - INFO - Checking processes
2017-12-08 01:58:12,965 - scripts - INFO - Checking processes
2017-12-08 01:59:13,025 - scripts - INFO - Checking processes
2017-12-08 02:00:13,086 - scripts - INFO - Checking processes
2017-12-08 02:01:13,146 - scripts - INFO - Checking processes
2017-12-08 02:02:13,205 - scripts - INFO - Checking processes
2017-12-08 02:03:13,266 - scripts - INFO - Checking processes
2017-12-08 02:04:13,325 - scripts - INFO - Checking processes
2017-12-08 02:05:13,385 - scripts - INFO - Checking processes
2017-12-08 02:06:13,445 - scripts - INFO - Checking processes
2017-12-08 02:07:13,505 - scripts - INFO - Checking processes
2017-12-08 02:08:13,565 - scripts - INFO - Checking processes
2017-12-08 02:09:13,625 - scripts - INFO - Checking processes
2017-12-08 02:10:13,685 - scripts - INFO - Checking processes
2017-12-08 02:11:13,745 - scripts - INFO - Checking processes
2017-12-08 02:12:13,805 - scripts - INFO - Checking processes
2017-12-08 02:13:13,865 - scripts - INFO - Checking processes
2017-12-08 02:14:13,927 - scripts - INFO - Checking processes
2017-12-08 02:15:13,987 - scripts - INFO - Checking processes
2017-12-08 02:16:14,045 - scripts - INFO - Checking processes
2017-12-08 02:17:14,105 - scripts - INFO - Checking processes
2017-12-08 02:18:14,165 - scripts - INFO - Checking processes
2017-12-08 02:19:14,225 - scripts - INFO - Checking processes
2017-12-08 02:20:14,285 - scripts - INFO - Checking processes
2017-12-08 02:21:14,345 - scripts - INFO - Checking processes
2017-12-08 02:22:14,405 - scripts - INFO - Checking processes
2017-12-08 02:23:14,465 - scripts - INFO - Checking processes
2017-12-08 02:24:14,525 - scripts - INFO - Checking processes
2017-12-08 02:25:14,585 - scripts - INFO - Checking processes
2017-12-08 02:26:14,645 - scripts - INFO - Checking processes
2017-12-08 02:27:14,705 - scripts - INFO - Checking processes
2017-12-08 02:28:14,765 - scripts - INFO - Checking processes
2017-12-08 02:29:14,825 - scripts - INFO - Checking processes
2017-12-08 02:30:14,885 - scripts - INFO - Checking processes
2017-12-08 02:31:14,945 - scripts - INFO - Checking processes
2017-12-08 02:32:15,005 - scripts - INFO - Checking processes
2017-12-08 02:33:15,065 - scripts - INFO - Checking processes
2017-12-08 02:34:15,125 - scripts - INFO - Checking processes
2017-12-08 02:35:15,185 - scripts - INFO - Checking processes
2017-12-08 02:36:15,245 - scripts - INFO - Checking processes
2017-12-08 02:37:15,306 - scripts - INFO - Checking processes
2017-12-08 02:38:15,366 - scripts - INFO - Checking processes
2017-12-08 02:39:15,425 - scripts - INFO - Checking processes
2017-12-08 02:40:15,485 - scripts - INFO - Checking processes
2017-12-08 02:41:15,545 - scripts - INFO - Checking processes
2017-12-08 02:42:15,605 - scripts - INFO - Checking processes
2017-12-08 02:43:15,666 - scripts - INFO - Checking processes
2017-12-08 02:44:15,725 - scripts - INFO - Checking processes
2017-12-08 02:45:15,785 - scripts - INFO - Checking processes
2017-12-08 02:46:15,846 - scripts - INFO - Checking processes
2017-12-08 02:47:15,905 - scripts - INFO - Checking processes
2017-12-08 02:48:15,965 - scripts - INFO - Checking processes
2017-12-08 02:49:16,025 - scripts - INFO - Checking processes
2017-12-08 02:50:16,085 - scripts - INFO - Checking processes
2017-12-08 02:51:16,145 - scripts - INFO - Checking processes
2017-12-08 02:52:16,205 - scripts - INFO - Checking processes
2017-12-08 02:53:16,265 - scripts - INFO - Checking processes
2017-12-08 02:54:16,325 - scripts - INFO - Checking processes
2017-12-08 02:55:16,385 - scripts - INFO - Checking processes
2017-12-08 02:56:16,445 - scripts - INFO - Checking processes
2017-12-08 02:57:16,505 - scripts - INFO - Checking processes
2017-12-08 02:58:16,565 - scripts - INFO - Checking processes
2017-12-08 02:59:16,625 - scripts - INFO - Checking processes
2017-12-08 03:00:16,685 - scripts - INFO - Checking processes
2017-12-08 03:01:16,746 - scripts - INFO - Checking processes
2017-12-08 03:02:16,805 - scripts - INFO - Checking processes
2017-12-08 03:03:16,865 - scripts - INFO - Checking processes
2017-12-08 03:04:16,925 - scripts - INFO - Checking processes
2017-12-08 03:05:16,985 - scripts - INFO - Checking processes
2017-12-08 03:06:17,046 - scripts - INFO - Checking processes
2017-12-08 03:07:17,105 - scripts - INFO - Checking processes
2017-12-08 03:08:17,165 - scripts - INFO - Checking processes
2017-12-08 03:09:17,225 - scripts - INFO - Checking processes
2017-12-08 03:10:17,285 - scripts - INFO - Checking processes
2017-12-08 03:11:17,345 - scripts - INFO - Checking processes
2017-12-08 03:12:17,405 - scripts - INFO - Checking processes
2017-12-08 03:13:17,465 - scripts - INFO - Checking processes
2017-12-08 03:14:17,525 - scripts - INFO - Checking processes
                                                              