2017-12-06 07:21:24,261 - snapshots - ERROR - ====================
2017-12-06 07:21:19.135765
Get request failed for: https://www.bitstamp.net/api/order_book/


2017-12-06 07:21:24,267 - snapshots - ERROR - HTTPSConnectionPool(host='www.bitstamp.net', port=443): Read timed out.
2017-12-06 08:44:11,325 - snapshots - ERROR - ====================
2017-12-06 08:44:06.195251
Get request failed for: https://www.bitstamp.net/api/order_book/


2017-12-06 08:44:11,328 - snapshots - ERROR - HTTPSConnectionPool(host='www.bitstamp.net', port=443): Read timed out.
2017-12-06 09:06:12,012 - snapshots - ERROR - ====================
2017-12-06 09:06:06.865718
Get request failed for: https://www.bitstamp.net/api/order_book/


2017-12-06 09:06:12,017 - snapshots - ERROR - HTTPSConnectionPool(host='www.bitstamp.net', port=443): Read timed out.
2017-12-06 09:28:55,310 - snapshots - ERROR - ====================
2017-12-06 09:28:50.173521
Get request failed for: https://www.bitstamp.net/api/order_book/


2017-12-06 09:28:55,311 - snapshots - ERROR - HTTPSConnectionPool(host='www.bitstamp.net', port=443): Read timed out.
2017-12-06 09:38:59,861 - snapshots - ERROR - ====================
2017-12-06 09:38:54.781114
Get request failed for: https://api.gdax.com/products/BTC-USD/book?level=2


2017-12-06 09:38:59,867 - snapshots - ERROR - HTTPSConnectionPool(host='api.gdax.com', port=443): Read timed out. (read timeout=5)
2017-12-06 10:11:52,274 - snapshots - ERROR - ====================
2017-12-06 10:11:47.223033
Get request failed for: https://api.gdax.com/products/BTC-USD/book?level=2


2017-12-06 10:11:52,278 - snapshots - ERROR - HTTPSConnectionPool(host='api.gdax.com', port=443): Read timed out. (read timeout=5)
2017-12-06 10:14:45,405 - snapshots - ERROR - ====================
2017-12-06 10:14:40.346658
Get request failed for: https://api.gdax.com/products/BTC-USD/book?level=2


2017-12-06 10:14:45,410 - snapshots - ERROR - HTTPSConnectionPool(host='api.gdax.com', port=443): Read timed out. (read timeout=5)
2017-12-06 10:26:07,914 - snapshots - ERROR - ====================
2017-12-06 10:26:02.858882
Get request failed for: https://api.gdax.com/products/BTC-USD/book?level=2


2017-12-06 10:26:07,915 - snapshots - ERROR - HTTPSConnectionPool(host='api.gdax.com', port=443): Read timed out. (read timeout=5)
2017-12-06 10:57:12,305 - snapshots - ERROR - ====================
2017-12-06 10:57:07.183462
Get request failed for: https://www.bitstamp.net/api/order_book/


2017-12-06 10:57:12,312 - snapshots - ERROR - HTTPSConnectionPool(host='www.bitstamp.net', port=443): Read timed out.
2017-12-06 11:07:44,095 - snapshots - ERROR - ====================
2017-12-06 11:07:39.038329
Get request failed for: https://api.gdax.com/products/BTC-USD/book?level=2


2017-12-06 11:07:44,096 - snapshots - ERROR - HTTPSConnectionPool(host='api.gdax.com', port=443): Read timed out. (read timeout=5)
2017-12-06 11:07:51,617 - snapshots - ERROR - ====================
2017-12-06 11:07:46.566322
Get request failed for: https://api.gdax.com/products/BTC-USD/book?level=2


2017-12-06 11:07:51,619 - snapshots - ERROR - HTTPSConnectionPool(host='api.gdax.com', port=443): Read timed out. (read timeout=5)
2017-12-06 11:07:58,901 - snapshots - ERROR - ====================
2017-12-06 11:07:53.833380
Get request failed for: https://api.gdax.com/products/BTC-USD/book?level=2


2017-12-06 11:07:58,903 - snapshots - ERROR - HTTPSConnectionPool(host='api.gdax.com', port=443): Read timed out. (read timeout=5)
2017-12-06 11:08:07,099 - snapshots - ERROR - ====================
2017-12-06 11:08:02.032233
Get request failed for: https://api.gdax.com/products/BTC-USD/book?level=2


2017-12-06 11:08:07,101 - snapshots - ERROR - HTTPSConnectionPool(host='api.gdax.com', port=443): Read timed out. (read timeout=5)
2017-12-06 11:08:15,127 - snapshots - ERROR - ====================
2017-12-06 11:08:10.068371
Get request failed for: https://api.gdax.com/products/BTC-USD/book?level=2


2017-12-06 11:08:15,129 - snapshots - ERROR - HTTPSConnectionPool(host='api.gdax.com', port=443): Read timed out. (read timeout=5)
2017-12-06 11:08:24,493 - snapshots - ERROR - ====================
2017-12-06 11:08:19.444682
Get request failed for: https://api.gdax.com/products/BTC-USD/book?level=2


2017-12-06 11:08:24,498 - snapshots - ERROR - HTTPSConnectionPool(host='api.gdax.com', port=443): Read timed out. (read timeout=5)
2017-12-06 11:08:32,691 - snapshots - ERROR - ====================
2017-12-06 11:08:27.638412
Get request failed for: https://api.gdax.com/products/BTC-USD/book?level=2


2017-12-06 11:08:32,694 - snapshots - ERROR - HTTPSConnectionPool(host='api.gdax.com', port=443): Read timed out. (read timeout=5)
2017-12-06 11:08:39,137 - snapshots - ERROR - ====================
2017-12-06 11:08:34.089315
Get request failed for: https://api.gdax.com/products/BTC-USD/book?level=2


2017-12-06 11:08:39,142 - snapshots - ERROR - HTTPSConnectionPool(host='api.gdax.com', port=443): Read timed out. (read timeout=5)
2017-12-06 11:08:42,249 - snapshots - ERROR - ====================
2017-12-06 11:08:42.187983
Get request failed for: https://api.gdax.com/products/BTC-USD/book?level=2


2017-12-06 11:08:42,255 - snapshots - ERROR - No JSON object could be decoded
2017-12-06 11:08:42,255 - snapshots - ERROR - Content: 
2017-12-06 11:08:43,764 - snapshots - ERROR - ====================
2017-12-06 11:08:43.662931
Get request failed for: https://api.gdax.com/products/BTC-USD/book?level=2


2017-12-06 11:08:43,771 - snapshots - ERROR - No JSON object could be decoded
2017-12-06 11:08:43,773 - snapshots - ERROR - Content: 
2017-12-06 11:08:45,244 - snapshots - ERROR - ====================
2017-12-06 11:08:45.158908
Get request failed for: https://api.gdax.com/products/BTC-USD/book?level=2


2017-12-06 11:08:45,247 - snapshots - ERROR - No JSON object could be decoded
2017-12-06 11:08:45,247 - snapshots - ERROR - Content: 
2017-12-06 11:08:46,766 - snapshots - ERROR - ====================
2017-12-06 11:08:46.698916
Get request failed for: https://api.gdax.com/products/BTC-USD/book?level=2


2017-12-06 11:08:46,771 - snapshots - ERROR - No JSON object could be decoded
2017-12-06 11:08:46,771 - snapshots - ERROR - Content: 
2017-12-06 11:08:48,322 - snapshots - ERROR - ====================
2017-12-06 11:08:48.166162
Get request failed for: https://api.gdax.com/products/BTC-USD/book?level=2


2017-12-06 11:08:48,323 - snapshots - ERROR - No JSON object could be decoded
2017-12-06 11:08:48,323 - snapshots - ERROR - Content: 
2017-12-06 11:08:49,829 - snapshots - ERROR - ====================
2017-12-06 11:08:49.686321
Get request failed for: https://api.gdax.com/products/BTC-USD/book?level=2


2017-12-06 11:08:49,833 - snapshots - ERROR - No JSON object could be decoded
2017-12-06 11:08:49,833 - snapshots - ERROR - Content: 
2017-12-06 11:08:51,280 - snapshots - ERROR - ====================
2017-12-06 11:08:51.201987
Get request failed for: https://api.gdax.com/products/BTC-USD/book?level=2


2017-12-06 11:08:51,281 - snapshots - ERROR - No JSON object could be decoded
2017-12-06 11:08:51,282 - snapshots - ERROR - Content: 
2017-12-06 11:08:52,837 - snapshots - ERROR - ====================
2017-12-06 11:08:52.782903
Get request failed for: https://api.gdax.com/products/BTC-USD/book?level=2


2017-12-06 11:08:52,840 - snapshots - ERROR - No JSON object could be decoded
2017-12-06 11:08:52,840 - snapshots - ERROR - Content: 
2017-12-06 11:08:54,277 - snapshots - ERROR - ====================
2017-12-06 11:08:54.222006
Get request failed for: https://api.gdax.com/products/BTC-USD/book?level=2


2017-12-06 11:08:54,279 - snapshots - ERROR - No JSON object could be decoded
2017-12-06 11:08:54,280 - snapshots - ERROR - Content: 
2017-12-06 11:08:55,713 - snapshots - ERROR - ====================
2017-12-06 11:08:55.651054
Get request failed for: https://api.gdax.com/products/BTC-USD/book?level=2


2017-12-06 11:08:55,716 - snapshots - ERROR - No JSON object could be decoded
2017-12-06 11:08:55,716 - snapshots - ERROR - Content: 
2017-12-06 11:08:57,186 - snapshots - ERROR - ====================
2017-12-06 11:08:57.092114
Get request failed for: https://api.gdax.com/products/BTC-USD/book?level=2


2017-12-06 11:08:57,194 - snapshots - ERROR - No JSON object could be decoded
2017-12-06 11:08:57,194 - snapshots - ERROR - Content: 
2017-12-06 11:08:59,881 - snapshots - ERROR - ====================
2017-12-06 11:08:59.800697
Get request failed for: https://api.gdax.com/products/BTC-USD/book?level=2


2017-12-06 11:08:59,884 - snapshots - ERROR - No JSON object could be decoded
2017-12-06 11:08:59,884 - snapshots - ERROR - Content: 
2017-12-06 11:09:01,345 - snapshots - ERROR - ====================
2017-12-06 11:09:01.289286
Get request failed for: https://api.gdax.com/products/BTC-USD/book?level=2


2017-12-06 11:09:01,346 - snapshots - ERROR - No JSON object could be decoded
2017-12-06 11:09:01,351 - snapshots - ERROR - Content: 
2017-12-06 11:09:02,775 - snapshots - ERROR - ====================
2017-12-06 11:09:02.716348
Get request failed for: https://api.gdax.com/products/BTC-USD/book?level=2


2017-12-06 11:09:02,775 - snapshots - ERROR - No JSON object could be decoded
2017-12-06 11:09:02,775 - snapshots - ERROR - Content: 
2017-12-06 11:09:04,281 - snapshots - ERROR - ====================
2017-12-06 11:09:04.221108
Get request failed for: https://api.gdax.com/products/BTC-USD/book?level=2


2017-12-06 11:09:04,283 - snapshots - ERROR - No JSON object could be decoded
2017-12-06 11:09:04,287 - snapshots - ERROR - Content: 
2017-12-06 11:09:07,192 - snapshots - ERROR - ====================
2017-12-06 11:09:07.118553
Get request failed for: https://api.gdax.com/products/BTC-USD/book?level=2


2017-12-06 11:09:07,195 - snapshots - ERROR - No JSON object could be decoded
2017-12-06 11:09:07,195 - snapshots - ERROR - Content: 
2017-12-06 11:09:08,672 - snapshots - ERROR - ====================
2017-12-06 11:09:08.590007
Get request failed for: https://api.gdax.com/products/BTC-USD/book?level=2


2017-12-06 11:09:08,673 - snapshots - ERROR - No JSON object could be decoded
2017-12-06 11:09:08,673 - snapshots - ERROR - Content: 
2017-12-06 11:09:10,144 - snapshots - ERROR - ====================
2017-12-06 11:09:10.086883
Get request failed for: https://api.gdax.com/products/BTC-USD/book?level=2


2017-12-06 11:09:10,144 - snapshots - ERROR - No JSON object could be decoded
2017-12-06 11:09:10,144 - snapshots - ERROR - Content: 
2017-12-06 11:09:11,621 - snapshots - ERROR - ====================
2017-12-06 11:09:11.558007
Get request failed for: https://api.gdax.com/products/BTC-USD/book?level=2


2017-12-06 11:09:11,623 - snapshots - ERROR - No JSON object could be decoded
2017-12-06 11:09:11,626 - snapshots - ERROR - Content: 
2017-12-06 11:09:13,063 - snapshots - ERROR - ====================
2017-12-06 11:09:13.013879
Get request failed for: https://api.gdax.com/products/BTC-USD/book?level=2


2017-12-06 11:09:13,063 - snapshots - ERROR - No JSON object could be decoded
2017-12-06 11:09:13,063 - snapshots - ERROR - Content: 
2017-12-06 11:09:14,501 - snapshots - ERROR - ====================
2017-12-06 11:09:14.449056
Get request failed for: https://api.gdax.com/products/BTC-USD/book?level=2


2017-12-06 11:09:14,506 - snapshots - ERROR - No JSON object could be decoded
2017-12-06 11:09:14,506 - snapshots - ERROR - Content: 
2017-12-06 11:09:15,944 - snapshots - ERROR - ====================
2017-12-06 11:09:15.885854
Get request failed for: https://api.gdax.com/products/BTC-USD/book?level=2


2017-12-06 11:09:15,945 - snapshots - ERROR - No JSON object could be decoded
2017-12-06 11:09:15,945 - snapshots - ERROR - Content: 
2017-12-06 11:09:17,394 - snapshots - ERROR - ====================
2017-12-06 11:09:17.318653
Get request failed for: https://api.gdax.com/products/BTC-USD/book?level=2


2017-12-06 11:09:17,403 - snapshots - ERROR - No JSON object could be decoded
2017-12-06 11:09:17,404 - snapshots - ERROR - Content: 
2017-12-06 11:09:18,907 - snapshots - ERROR - ====================
2017-12-06 11:09:18.831472
Get request failed for: https://api.gdax.com/products/BTC-USD/book?level=2


2017-12-06 11:09:18,908 - snapshots - ERROR - No JSON object could be decoded
2017-12-06 11:09:18,908 - snapshots - ERROR - Content: 
2017-12-06 11:09:20,352 - snapshots - ERROR - ====================
2017-12-06 11:09:20.265360
Get request failed for: https://api.gdax.com/products/BTC-USD/book?level=2


2017-12-06 11:09:20,354 - snapshots - ERROR - No JSON object could be decoded
2017-12-06 11:09:20,354 - snapshots - ERROR - Content: 
2017-12-06 11:09:21,760 - snapshots - ERROR - ====================
2017-12-06 11:09:21.709360
Get request failed for: https://api.gdax.com/products/BTC-USD/book?level=2


2017-12-06 11:09:21,763 - snapshots - ERROR - No JSON object could be decoded
2017-12-06 11:09:21,763 - snapshots - ERROR - Content: 
2017-12-06 11:09:25,466 - snapshots - ERROR - ====================
2017-12-06 11:09:25.378977
Get request failed for: https://api.gdax.com/products/BTC-USD/book?level=2


2017-12-06 11:09:25,471 - snapshots - ERROR - No JSON object could be decoded
2017-12-06 11:09:25,471 - snapshots - ERROR - Content: 
2017-12-06 11:09:26,916 - snapshots - ERROR - ====================
2017-12-06 11:09:26.857157
Get request failed for: https://api.gdax.com/products/BTC-USD/book?level=2


2017-12-06 11:09:26,917 - snapshots - ERROR - No JSON object could be decoded
2017-12-06 11:09:26,918 - snapshots - ERROR - Content: 
2017-12-06 11:09:28,333 - snapshots - ERROR - ====================
2017-12-06 11:09:28.279037
Get request failed for: https://api.gdax.com/products/BTC-USD/book?level=2


2017-12-06 11:09:28,343 - snapshots - ERROR - No JSON object could be decoded
2017-12-06 11:09:28,343 - snapshots - ERROR - Content: 
2017-12-06 11:09:29,822 - snapshots - ERROR - ====================
2017-12-06 11:09:29.762890
Get request failed for: https://api.gdax.com/products/BTC-USD/book?level=2


2017-12-06 11:09:29,822 - snapshots - ERROR - No JSON object could be decoded
2017-12-06 11:09:29,822 - snapshots - ERROR - Content: 
2017-12-06 11:09:32,018 - snapshots - ERROR - ====================
2017-12-06 11:09:31.962895
Get request failed for: https://api.gdax.com/products/BTC-USD/book?level=2


2017-12-06 11:09:32,020 - snapshots - ERROR - No JSON object could be decoded
2017-12-06 11:09:32,020 - snapshots - ERROR - Content: 
2017-12-06 11:09:33,464 - snapshots - ERROR - ====================
2017-12-06 11:09:33.379717
Get request failed for: https://api.gdax.com/products/BTC-USD/book?level=2


2017-12-06 11:09:33,469 - snapshots - ERROR - No JSON object could be decoded
2017-12-06 11:09:33,469 - snapshots - ERROR - Content: 
2017-12-06 11:10:13,093 - snapshots - ERROR - ====================
2017-12-06 11:10:07.958865
Get request failed for: https://www.bitstamp.net/api/order_book/


2017-12-06 11:10:13,096 - snapshots - ERROR - HTTPSConnectionPool(host='www.bitstamp.net', port=443): Read timed out.
2017-12-06 12:01:15,345 - snapshots - ERROR - ====================
2017-12-06 12:01:10.210453
Get request failed for: https://www.bitstamp.net/api/order_book/


2017-12-06 12:01:15,351 - snapshots - ERROR - HTTPSConnectionPool(host='www.bitstamp.net', port=443): Read timed out.
2017-12-06 12:15:14,281 - snapshots - ERROR - ====================
2017-12-06 12:15:09.150016
Get request failed for: https://www.bitstamp.net/api/order_book/


2017-12-06 12:15:14,283 - snapshots - ERROR - HTTPSConnectionPool(host='www.bitstamp.net', port=443): Read timed out.
2017-12-06 13:38:22,909 - snapshots - ERROR - ====================
2017-12-06 13:38:17.771177
Get request failed for: https://www.bitstamp.net/api/order_book/


2017-12-06 13:38:22,910 - snapshots - ERROR - HTTPSConnectionPool(host='www.bitstamp.net', port=443): Read timed out.
2017-12-06 13:59:13,221 - snapshots - ERROR - ====================
2017-12-06 13:59:08.097494
Get request failed for: https://www.bitstamp.net/api/order_book/


2017-12-06 13:59:13,246 - snapshots - ERROR - HTTPSConnectionPool(host='www.bitstamp.net', port=443): Read timed out.
2017-12-06 14:07:05,296 - snapshots - ERROR - ====================
2017-12-06 14:07:00.214969
Get request failed for: https://api.gdax.com/products/BTC-USD/book?level=2


2017-12-06 14:07:05,302 - snapshots - ERROR - HTTPSConnectionPool(host='api.gdax.com', port=443): Read timed out. (read timeout=5)
2017-12-06 15:17:33,641 - snapshots - ERROR - ====================
2017-12-06 15:17:28.601763
Get request failed for: https://www.bitstamp.net/api/order_book/


2017-12-06 15:17:33,641 - snapshots - ERROR - HTTPSConnectionPool(host='www.bitstamp.net', port=443): Max retries exceeded with url: /api/order_book/ (Caused by ConnectTimeoutError(<urllib3.connection.VerifiedHTTPSConnection object at 0x7f5123bcf590>, 'Connection to www.bitstamp.net timed out. (connect timeout=5)'))
2017-12-06 15:47:00,361 - snapshots - ERROR - ====================
2017-12-06 15:46:55.305688
Get request failed for: https://api.gdax.com/products/BTC-USD/book?level=2


2017-12-06 15:47:00,365 - snapshots - ERROR - HTTPSConnectionPool(host='api.gdax.com', port=443): Read timed out. (read timeout=5)
2017-12-06 15:47:06,942 - snapshots - ERROR - ====================
2017-12-06 15:47:01.873942
Get request failed for: https://api.gdax.com/products/BTC-USD/book?level=2


2017-12-06 15:47:06,952 - snapshots - ERROR - HTTPSConnectionPool(host='api.gdax.com', port=443): Read timed out. (read timeout=5)
2017-12-06 15:47:19,333 - snapshots - ERROR - ====================
2017-12-06 15:47:14.258901
Get request failed for: https://api.gdax.com/products/BTC-USD/book?level=2


2017-12-06 15:47:19,336 - snapshots - ERROR - HTTPSConnectionPool(host='api.gdax.com', port=443): Read timed out. (read timeout=5)
2017-12-06 15:47:26,279 - snapshots - ERROR - ====================
2017-12-06 15:47:21.212772
Get request failed for: https://api.gdax.com/products/BTC-USD/book?level=2


2017-12-06 15:47:26,280 - snapshots - ERROR - HTTPSConnectionPool(host='api.gdax.com', port=443): Read timed out. (read timeout=5)
2017-12-06 15:47:33,845 - snapshots - ERROR - ====================
2017-12-06 15:47:28.794267
Get request failed for: https://api.gdax.com/products/BTC-USD/book?level=2


2017-12-06 15:47:33,851 - snapshots - ERROR - HTTPSConnectionPool(host='api.gdax.com', port=443): Read timed out. (read timeout=5)
2017-12-06 15:47:53,481 - snapshots - ERROR - ====================
2017-12-06 15:47:48.406362
Get request failed for: https://api.gdax.com/products/BTC-USD/book?level=2


2017-12-06 15:47:53,483 - snapshots - ERROR - HTTPSConnectionPool(host='api.gdax.com', port=443): Read timed out. (read timeout=5)
2017-12-06 15:48:00,005 - snapshots - ERROR - ====================
2017-12-06 15:47:54.952310
Get request failed for: https://api.gdax.com/products/BTC-USD/book?level=2


2017-12-06 15:48:00,007 - snapshots - ERROR - HTTPSConnectionPool(host='api.gdax.com', port=443): Read timed out. (read timeout=5)
2017-12-06 15:48:11,809 - snapshots - ERROR - ====================
2017-12-06 15:48:06.753976
Get request failed for: https://api.gdax.com/products/BTC-USD/book?level=2


2017-12-06 15:48:11,810 - snapshots - ERROR - HTTPSConnectionPool(host='api.gdax.com', port=443): Read timed out. (read timeout=5)
2017-12-06 15:48:31,637 - snapshots - ERROR - ====================
2017-12-06 15:48:26.594911
Get request failed for: https://api.gdax.com/products/BTC-USD/book?level=2


2017-12-06 15:48:31,643 - snapshots - ERROR - HTTPSConnectionPool(host='api.gdax.com', port=443): Read timed out. (read timeout=5)
2017-12-06 15:56:16,050 - snapshots - ERROR - ====================
2017-12-06 15:56:10.989382
Get request failed for: https://api.gdax.com/products/BTC-USD/book?level=2


2017-12-06 15:56:16,074 - snapshots - ERROR - HTTPSConnectionPool(host='api.gdax.com', port=443): Read timed out. (read timeout=5)
2017-12-06 15:56:24,344 - snapshots - ERROR - ====================
2017-12-06 15:56:19.289791
Get request failed for: https://api.gdax.com/products/BTC-USD/book?level=2


2017-12-06 15:56:24,352 - snapshots - ERROR - HTTPSConnectionPool(host='api.gdax.com', port=443): Read timed out. (read timeout=5)
2017-12-06 15:56:37,836 - snapshots - ERROR - ====================
2017-12-06 15:56:32.777577
Get request failed for: https://api.gdax.com/products/BTC-USD/book?level=2


2017-12-06 15:56:37,837 - snapshots - ERROR - HTTPSConnectionPool(host='api.gdax.com', port=443): Read timed out. (read timeout=5)
2017-12-06 15:56:47,746 - snapshots - ERROR - ====================
2017-12-06 15:56:42.650902
Get request failed for: https://api.gdax.com/products/BTC-USD/book?level=2


2017-12-06 15:56:47,753 - snapshots - ERROR - HTTPSConnectionPool(host='api.gdax.com', port=443): Read timed out. (read timeout=5)
2017-12-06 15:59:07,357 - snapshots - ERROR - ====================
2017-12-06 15:59:02.296569
Get request failed for: https://api.gdax.com/products/BTC-USD/book?level=2


2017-12-06 15:59:07,371 - snapshots - ERROR - HTTPSConnectionPool(host='api.gdax.com', port=443): Read timed out. (read timeout=5)
2017-12-06 16:04:25,699 - snapshots - ERROR - ====================
2017-12-06 16:04:20.645325
Get request failed for: https://api.gdax.com/products/BTC-USD/book?level=2


2017-12-06 16:04:25,703 - snapshots - ERROR - HTTPSConnectionPool(host='api.gdax.com', port=443): Read timed out. (read timeout=5)
2017-12-06 16:08:13,313 - snapshots - ERROR - ====================
2017-12-06 16:08:08.180115
Get request failed for: https://www.bitstamp.net/api/order_book/


2017-12-06 16:08:13,318 - snapshots - ERROR - HTTPSConnectionPool(host='www.bitstamp.net', port=443): Read timed out.
2017-12-06 16:28:09,136 - snapshots - ERROR - ====================
2017-12-06 16:28:04.084397
Get request failed for: https://api.gdax.com/products/BTC-USD/book?level=2


2017-12-06 16:28:09,137 - snapshots - ERROR - HTTPSConnectionPool(host='api.gdax.com', port=443): Read timed out. (read timeout=5)
2017-12-06 16:28:33,270 - snapshots - ERROR - ====================
2017-12-06 16:28:28.216160
Get request failed for: https://api.gdax.com/products/BTC-USD/book?level=2


2017-12-06 16:28:33,272 - snapshots - ERROR - HTTPSConnectionPool(host='api.gdax.com', port=443): Read timed out. (read timeout=5)
2017-12-06 16:28:48,118 - snapshots - ERROR - ====================
2017-12-06 16:28:43.049408
Get request failed for: https://api.gdax.com/products/BTC-USD/book?level=2


2017-12-06 16:28:48,123 - snapshots - ERROR - HTTPSConnectionPool(host='api.gdax.com', port=443): Read timed out. (read timeout=5)
2017-12-06 16:29:06,183 - snapshots - ERROR - ====================
2017-12-06 16:29:01.090905
Get request failed for: https://api.gdax.com/products/BTC-USD/book?level=2


2017-12-06 16:29:06,183 - snapshots - ERROR - HTTPSConnectionPool(host='api.gdax.com', port=443): Read timed out. (read timeout=5)
2017-12-06 16:32:56,125 - snapshots - ERROR - ====================
2017-12-06 16:32:51.065991
Get request failed for: https://api.gdax.com/products/BTC-USD/book?level=2


2017-12-06 16:32:56,126 - snapshots - ERROR - HTTPSConnectionPool(host='api.gdax.com', port=443): Read timed out. (read timeout=5)
2017-12-06 18:02:13,345 - snapshots - ERROR - ====================
2017-12-06 18:02:08.205716
Get request failed for: https://www.bitstamp.net/api/order_book/


2017-12-06 18:02:13,346 - snapshots - ERROR - HTTPSConnectionPool(host='www.bitstamp.net', port=443): Read timed out.
2017-12-06 18:47:37,401 - snapshots - ERROR - ====================
2017-12-06 18:47:32.346052
Get request failed for: https://api.gdax.com/products/BTC-USD/book?level=2


2017-12-06 18:47:37,404 - snapshots - ERROR - HTTPSConnectionPool(host='api.gdax.com', port=443): Read timed out. (read timeout=5)
2017-12-06 19:18:12,407 - snapshots - ERROR - ====================
2017-12-06 19:18:07.282751
Get request failed for: https://www.bitstamp.net/api/order_book/


2017-12-06 19:18:12,409 - snapshots - ERROR - HTTPSConnectionPool(host='www.bitstamp.net', port=443): Read timed out.
2017-12-06 19:27:16,389 - snapshots - ERROR - ====================
2017-12-06 19:27:11.344295
Get request failed for: https://api.gdax.com/products/BTC-USD/book?level=2


2017-12-06 19:27:16,391 - snapshots - ERROR - HTTPSConnectionPool(host='api.gdax.com', port=443): Read timed out. (read timeout=5)
2017-12-06 19:27:25,465 - snapshots - ERROR - ====================
2017-12-06 19:27:20.414887
Get request failed for: https://api.gdax.com/products/BTC-USD/book?level=2


2017-12-06 19:27:25,469 - snapshots - ERROR - HTTPSConnectionPool(host='api.gdax.com', port=443): Read timed out. (read timeout=5)
2017-12-06 19:27:38,434 - snapshots - ERROR - ====================
2017-12-06 19:27:33.385170
Get request failed for: https://api.gdax.com/products/BTC-USD/book?level=2


2017-12-06 19:27:38,436 - snapshots - ERROR - HTTPSConnectionPool(host='api.gdax.com', port=443): Read timed out. (read timeout=5)
2017-12-06 19:33:50,169 - snapshots - ERROR - ====================
2017-12-06 19:33:49.963955
Get request failed for: https://api.gdax.com/products/BTC-USD/book?level=2


2017-12-06 19:33:50,170 - snapshots - ERROR - No JSON object could be decoded
2017-12-06 19:33:50,170 - snapshots - ERROR - Content: <!DOCTYPE html>
<!--[if lt IE 7]> <html class="no-js ie6 oldie" lang="en-US"> <![endif]-->
<!--[if IE 7]>    <html class="no-js ie7 oldie" lang="en-US"> <![endif]-->
<!--[if IE 8]>    <html class="no-js ie8 oldie" lang="en-US"> <![endif]-->
<!--[if gt IE 8]><!--> <html class="no-js" lang="en-US"> <!--<![endif]-->
<head>
<title>Origin DNS error | api.gdax.com | Cloudflare</title></title>
<meta charset="UTF-8" />
<meta http-equiv="Content-Type" content="text/html; charset=UTF-8" />
<meta http-equiv="X-UA-Compatible" content="IE=Edge,chrome=1" />
<meta name="robots" content="noindex, nofollow" />
<meta name="viewport" content="width=device-width,initial-scale=1,maximum-scale=1" />
<link rel="stylesheet" id="cf_styles-css" href="/cdn-cgi/styles/cf.errors.css" type="text/css" media="screen,projection" />
<!--[if lt IE 9]><link rel="stylesheet" id='cf_styles-ie-css' href="/cdn-cgi/styles/cf.errors.ie.css" type="text/css" media="screen,projection" /><![endif]-->
<style type="text/css">body{margin:0;padding:0}</style>
<!--[if lte IE 9]><script type="text/javascript" src="/cdn-cgi/scripts/jquery.min.js"></script><![endif]-->
<!--[if gte IE 10]><!--><script type="text/javascript" src="/cdn-cgi/scripts/zepto.min.js"></script><!--<![endif]-->
<script type="text/javascript" src="/cdn-cgi/scripts/cf.common.js"></script>

</head>
<body>
  <div id="cf-wrapper">
    <div class="cf-alert cf-alert-error cf-cookie-error" id="cookie-alert" data-translate="enable_cookies">Please enable cookies.</div>
    <div id="cf-error-details" class="cf-error-details-wrapper">
      <div class="cf-wrapper cf-header cf-error-overview">
        <h1>
          <span class="cf-error-type" data-translate="error">Error</span>
          <span class="cf-error-code">1016</span>
          <small class="heading-ray-id">Ray ID: 3c91addbeda656b7 &bull; 2017-12-06 19:33:50 UTC</small>
        </h1>
        <h2 class="cf-subheadline" data-translate="error_desc">Origin DNS error</h2>
      </div><!-- /.header -->

      <section></section><!-- spacer -->

      <div class="cf-section cf-wrapper">
        <div class="cf-columns two">
          <div class="cf-column">
            <h2 data-translate="what_happened">What happened?</h2>
            <p>You've requested a page on a website (api.gdax.com) that is on the <a data-orig-proto="https" data-orig-ref="www.cloudflare.com/5xx-error-landing?utm_source=error_100x" target="_blank">Cloudflare</a> network. Cloudflare is currently unable to resolve your requested domain (api.gdax.com).
          </div>

          
          <div class="cf-column">
            <h2 data-translate="what_can_i_do">What can I do?</h2>
            <p><strong>If you are a visitor of this website:</strong><br />Please try again in a few minutes.</p><p><strong>If you are the owner of this website:</strong><br />Check your DNS settings. If you are using a CNAME origin record, make sure it is valid and resolvable. <a href="https://support.cloudflare.com/hc/en-us/articles/234979888-Error-1016-Origin-DNS-error">Additional troubleshooting information here.</a></p>
          </div>
          
        </div>
      </div><!-- /.section -->

      <div class="cf-error-footer cf-wrapper">
  <p>
    <span class="cf-footer-item">Cloudflare Ray ID: <strong>3c91addbeda656b7</strong></span>
    <span class="cf-footer-separator">&bull;</span>
    <span class="cf-footer-item"><span data-translate="your_ip">Your IP</span>: 35.199.12.227</span>
    <span class="cf-footer-separator">&bull;</span>
    <span class="cf-footer-item"><span data-translate="performance_security_by">Performance &amp; security by</span> <a data-orig-proto="https" data-orig-ref="www.cloudflare.com/5xx-error-landing?utm_source=error_footer" id="brand_link" target="_blank">Cloudflare</a></span>
    
  </p>
</div><!-- /.error-footer -->


    </div><!-- /#cf-error-details -->
  </div><!-- /#cf-wrapper -->

  <script type="text/javascript">
  window._cf_translation = {};
  
  
</script>

</body>
</html>

2017-12-06 19:34:02,938 - snapshots - ERROR - ====================
2017-12-06 19:34:02.876042
Get request failed for: https://api.gdax.com/products/BTC-USD/book?level=2


2017-12-06 19:34:02,940 - snapshots - ERROR - No JSON object could be decoded
2017-12-06 19:34:02,941 - snapshots - ERROR - Content: <!DOCTYPE html>
<!--[if lt IE 7]> <html class="no-js ie6 oldie" lang="en-US"> <![endif]-->
<!--[if IE 7]>    <html class="no-js ie7 oldie" lang="en-US"> <![endif]-->
<!--[if IE 8]>    <html class="no-js ie8 oldie" lang="en-US"> <![endif]-->
<!--[if gt IE 8]><!--> <html class="no-js" lang="en-US"> <!--<![endif]-->
<head>
<title>Origin DNS error | api.gdax.com | Cloudflare</title></title>
<meta charset="UTF-8" />
<meta http-equiv="Content-Type" content="text/html; charset=UTF-8" />
<meta http-equiv="X-UA-Compatible" content="IE=Edge,chrome=1" />
<meta name="robots" content="noindex, nofollow" />
<meta name="viewport" content="width=device-width,initial-scale=1,maximum-scale=1" />
<link rel="stylesheet" id="cf_styles-css" href="/cdn-cgi/styles/cf.errors.css" type="text/css" media="screen,projection" />
<!--[if lt IE 9]><link rel="stylesheet" id='cf_styles-ie-css' href="/cdn-cgi/styles/cf.errors.ie.css" type="text/css" media="screen,projection" /><![endif]-->
<style type="text/css">body{margin:0;padding:0}</style>
<!--[if lte IE 9]><script type="text/javascript" src="/cdn-cgi/scripts/jquery.min.js"></script><![endif]-->
<!--[if gte IE 10]><!--><script type="text/javascript" src="/cdn-cgi/scripts/zepto.min.js"></script><!--<![endif]-->
<script type="text/javascript" src="/cdn-cgi/scripts/cf.common.js"></script>

</head>
<body>
  <div id="cf-wrapper">
    <div class="cf-alert cf-alert-error cf-cookie-error" id="cookie-alert" data-translate="enable_cookies">Please enable cookies.</div>
    <div id="cf-error-details" class="cf-error-details-wrapper">
      <div class="cf-wrapper cf-header cf-error-overview">
        <h1>
          <span class="cf-error-type" data-translate="error">Error</span>
          <span class="cf-error-code">1016</span>
          <small class="heading-ray-id">Ray ID: 3c91ae2c4fb456b7 &bull; 2017-12-06 19:34:02 UTC</small>
        </h1>
        <h2 class="cf-subheadline" data-translate="error_desc">Origin DNS error</h2>
      </div><!-- /.header -->

      <section></section><!-- spacer -->

      <div class="cf-section cf-wrapper">
        <div class="cf-columns two">
          <div class="cf-column">
            <h2 data-translate="what_happened">What happened?</h2>
            <p>You've requested a page on a website (api.gdax.com) that is on the <a data-orig-proto="https" data-orig-ref="www.cloudflare.com/5xx-error-landing?utm_source=error_100x" target="_blank">Cloudflare</a> network. Cloudflare is currently unable to resolve your requested domain (api.gdax.com).
          </div>

          
          <div class="cf-column">
            <h2 data-translate="what_can_i_do">What can I do?</h2>
            <p><strong>If you are a visitor of this website:</strong><br />Please try again in a few minutes.</p><p><strong>If you are the owner of this website:</strong><br />Check your DNS settings. If you are using a CNAME origin record, make sure it is valid and resolvable. <a href="https://support.cloudflare.com/hc/en-us/articles/234979888-Error-1016-Origin-DNS-error">Additional troubleshooting information here.</a></p>
          </div>
          
        </div>
      </div><!-- /.section -->

      <div class="cf-error-footer cf-wrapper">
  <p>
    <span class="cf-footer-item">Cloudflare Ray ID: <strong>3c91ae2c4fb456b7</strong></span>
    <span class="cf-footer-separator">&bull;</span>
    <span class="cf-footer-item"><span data-translate="your_ip">Your IP</span>: 35.199.12.227</span>
    <span class="cf-footer-separator">&bull;</span>
    <span class="cf-footer-item"><span data-translate="performance_security_by">Performance &amp; security by</span> <a data-orig-proto="https" data-orig-ref="www.cloudflare.com/5xx-error-landing?utm_source=error_footer" id="brand_link" target="_blank">Cloudflare</a></span>
    
  </p>
</div><!-- /.error-footer -->


    </div><!-- /#cf-error-details -->
  </div><!-- /#cf-wrapper -->

  <script type="text/javascript">
  window._cf_translation = {};
  
  
</script>

</body>
</html>

2017-12-06 20:02:44,009 - snapshots - ERROR - ====================
2017-12-06 20:02:38.954505
Get request failed for: https://api.gdax.com/products/BTC-USD/book?level=2


2017-12-06 20:02:44,012 - snapshots - ERROR - HTTPSConnectionPool(host='api.gdax.com', port=443): Read timed out. (read timeout=5)
2017-12-06 20:02:52,157 - snapshots - ERROR - ====================
2017-12-06 20:02:47.102894
Get request failed for: https://api.gdax.com/products/BTC-USD/book?level=2


2017-12-06 20:02:52,159 - snapshots - ERROR - HTTPSConnectionPool(host='api.gdax.com', port=443): Read timed out. (read timeout=5)
2017-12-06 20:13:17,616 - snapshots - ERROR - ====================
2017-12-06 20:13:12.549323
Get request failed for: https://api.gdax.com/products/BTC-USD/book?level=2


2017-12-06 20:13:17,627 - snapshots - ERROR - HTTPSConnectionPool(host='api.gdax.com', port=443): Read timed out. (read timeout=5)
2017-12-06 20:40:14,706 - snapshots - ERROR - ====================
2017-12-06 20:40:09.638051
Get request failed for: https://api.gdax.com/products/BTC-USD/book?level=2


2017-12-06 20:40:14,727 - snapshots - ERROR - HTTPSConnectionPool(host='api.gdax.com', port=443): Read timed out. (read timeout=5)
2017-12-06 20:40:21,461 - snapshots - ERROR - ====================
2017-12-06 20:40:16.396243
Get request failed for: https://api.gdax.com/products/BTC-USD/book?level=2


2017-12-06 20:40:21,472 - snapshots - ERROR - HTTPSConnectionPool(host='api.gdax.com', port=443): Read timed out. (read timeout=5)
2017-12-06 20:40:28,442 - snapshots - ERROR - ====================
2017-12-06 20:40:23.378545
Get request failed for: https://api.gdax.com/products/BTC-USD/book?level=2


2017-12-06 20:40:28,447 - snapshots - ERROR - HTTPSConnectionPool(host='api.gdax.com', port=443): Read timed out. (read timeout=5)
2017-12-06 20:40:34,841 - snapshots - ERROR - ====================
2017-12-06 20:40:29.798234
Get request failed for: https://api.gdax.com/products/BTC-USD/book?level=2


2017-12-06 20:40:34,842 - snapshots - ERROR - HTTPSConnectionPool(host='api.gdax.com', port=443): Read timed out. (read timeout=5)
2017-12-06 20:40:41,253 - snapshots - ERROR - ====================
2017-12-06 20:40:36.198927
Get request failed for: https://api.gdax.com/products/BTC-USD/book?level=2


2017-12-06 20:40:41,262 - snapshots - ERROR - HTTPSConnectionPool(host='api.gdax.com', port=443): Read timed out. (read timeout=5)
2017-12-06 20:40:47,685 - snapshots - ERROR - ====================
2017-12-06 20:40:42.618778
Get request failed for: https://api.gdax.com/products/BTC-USD/book?level=2


2017-12-06 20:40:47,688 - snapshots - ERROR - HTTPSConnectionPool(host='api.gdax.com', port=443): Read timed out. (read timeout=5)
2017-12-06 20:41:01,685 - snapshots - ERROR - ====================
2017-12-06 20:40:56.636642
Get request failed for: https://api.gdax.com/products/BTC-USD/book?level=2


2017-12-06 20:41:01,687 - snapshots - ERROR - HTTPSConnectionPool(host='api.gdax.com', port=443): Read timed out. (read timeout=5)
2017-12-06 20:41:15,106 - snapshots - ERROR - ====================
2017-12-06 20:41:10.062343
Get request failed for: https://api.gdax.com/products/BTC-USD/book?level=2


2017-12-06 20:41:15,114 - snapshots - ERROR - HTTPSConnectionPool(host='api.gdax.com', port=443): Read timed out. (read timeout=5)
2017-12-06 20:41:18,445 - snapshots - ERROR - ====================
2017-12-06 20:41:18.377357
Get request failed for: https://api.gdax.com/products/BTC-USD/book?level=2


2017-12-06 20:41:18,449 - snapshots - ERROR - No JSON object could be decoded
2017-12-06 20:41:18,449 - snapshots - ERROR - Content: 
2017-12-06 20:41:19,896 - snapshots - ERROR - ====================
2017-12-06 20:41:19.810920
Get request failed for: https://api.gdax.com/products/BTC-USD/book?level=2


2017-12-06 20:41:19,897 - snapshots - ERROR - No JSON object could be decoded
2017-12-06 20:41:19,897 - snapshots - ERROR - Content: 
2017-12-06 20:41:21,356 - snapshots - ERROR - ====================
2017-12-06 20:41:21.270947
Get request failed for: https://api.gdax.com/products/BTC-USD/book?level=2


2017-12-06 20:41:21,357 - snapshots - ERROR - No JSON object could be decoded
2017-12-06 20:41:21,357 - snapshots - ERROR - Content: 
2017-12-06 20:41:22,799 - snapshots - ERROR - ====================
2017-12-06 20:41:22.734803
Get request failed for: https://api.gdax.com/products/BTC-USD/book?level=2


2017-12-06 20:41:22,800 - snapshots - ERROR - No JSON object could be decoded
2017-12-06 20:41:22,800 - snapshots - ERROR - Content: 
2017-12-06 20:41:26,381 - snapshots - ERROR - ====================
2017-12-06 20:41:26.322627
Get request failed for: https://api.gdax.com/products/BTC-USD/book?level=2


2017-12-06 20:41:26,384 - snapshots - ERROR - No JSON object could be decoded
2017-12-06 20:41:26,386 - snapshots - ERROR - Content: 
2017-12-06 20:41:27,896 - snapshots - ERROR - ====================
2017-12-06 20:41:27.834005
Get request failed for: https://api.gdax.com/products/BTC-USD/book?level=2


2017-12-06 20:41:27,899 - snapshots - ERROR - No JSON object could be decoded
2017-12-06 20:41:27,903 - snapshots - ERROR - Content: 
2017-12-06 20:41:29,369 - snapshots - ERROR - ====================
2017-12-06 20:41:29.266501
Get request failed for: https://api.gdax.com/products/BTC-USD/book?level=2


2017-12-06 20:41:29,373 - snapshots - ERROR - No JSON object could be decoded
2017-12-06 20:41:29,373 - snapshots - ERROR - Content: 
2017-12-06 20:41:30,836 - snapshots - ERROR - ====================
2017-12-06 20:41:30.788535
Get request failed for: https://api.gdax.com/products/BTC-USD/book?level=2


2017-12-06 20:41:30,837 - snapshots - ERROR - No JSON object could be decoded
2017-12-06 20:41:30,837 - snapshots - ERROR - Content: 
2017-12-06 20:41:32,274 - snapshots - ERROR - ====================
2017-12-06 20:41:32.202356
Get request failed for: https://api.gdax.com/products/BTC-USD/book?level=2


2017-12-06 20:41:32,275 - snapshots - ERROR - No JSON object could be decoded
2017-12-06 20:41:32,275 - snapshots - ERROR - Content: 
2017-12-06 20:41:33,678 - snapshots - ERROR - ====================
2017-12-06 20:41:33.622379
Get request failed for: https://api.gdax.com/products/BTC-USD/book?level=2


2017-12-06 20:41:33,683 - snapshots - ERROR - No JSON object could be decoded
2017-12-06 20:41:33,683 - snapshots - ERROR - Content: 
2017-12-06 20:41:35,177 - snapshots - ERROR - ====================
2017-12-06 20:41:35.058439
Get request failed for: https://api.gdax.com/products/BTC-USD/book?level=2


2017-12-06 20:41:35,183 - snapshots - ERROR - No JSON object could be decoded
2017-12-06 20:41:35,183 - snapshots - ERROR - Content: 
2017-12-06 20:41:36,605 - snapshots - ERROR - ====================
2017-12-06 20:41:36.550895
Get request failed for: https://api.gdax.com/products/BTC-USD/book?level=2


2017-12-06 20:41:36,617 - snapshots - ERROR - No JSON object could be decoded
2017-12-06 20:41:36,618 - snapshots - ERROR - Content: 
2017-12-06 20:41:40,690 - snapshots - ERROR - ====================
2017-12-06 20:41:40.629494
Get request failed for: https://api.gdax.com/products/BTC-USD/book?level=2


2017-12-06 20:41:40,691 - snapshots - ERROR - No JSON object could be decoded
2017-12-06 20:41:40,691 - snapshots - ERROR - Content: 
2017-12-06 20:41:42,158 - snapshots - ERROR - ====================
2017-12-06 20:41:42.049415
Get request failed for: https://api.gdax.com/products/BTC-USD/book?level=2


2017-12-06 20:41:42,164 - snapshots - ERROR - No JSON object could be decoded
2017-12-06 20:41:42,164 - snapshots - ERROR - Content: 
2017-12-06 20:41:43,589 - snapshots - ERROR - ====================
2017-12-06 20:41:43.529610
Get request failed for: https://api.gdax.com/products/BTC-USD/book?level=2


2017-12-06 20:41:43,593 - snapshots - ERROR - No JSON object could be decoded
2017-12-06 20:41:43,593 - snapshots - ERROR - Content: 
2017-12-06 20:41:45,105 - snapshots - ERROR - ====================
2017-12-06 20:41:45.042038
Get request failed for: https://api.gdax.com/products/BTC-USD/book?level=2


2017-12-06 20:41:45,109 - snapshots - ERROR - No JSON object could be decoded
2017-12-06 20:41:45,109 - snapshots - ERROR - Content: 
2017-12-06 20:41:56,333 - snapshots - ERROR - ====================
2017-12-06 20:41:51.270891
Get request failed for: https://api.gdax.com/products/BTC-USD/book?level=2


2017-12-06 20:41:56,335 - snapshots - ERROR - HTTPSConnectionPool(host='api.gdax.com', port=443): Read timed out. (read timeout=5)
2017-12-06 20:42:02,754 - snapshots - ERROR - ====================
2017-12-06 20:41:57.698600
Get request failed for: https://api.gdax.com/products/BTC-USD/book?level=2


2017-12-06 20:42:02,759 - snapshots - ERROR - HTTPSConnectionPool(host='api.gdax.com', port=443): Read timed out. (read timeout=5)
2017-12-06 20:42:12,125 - snapshots - ERROR - ====================
2017-12-06 20:42:06.996472
Get request failed for: https://www.bitstamp.net/api/order_book/


2017-12-06 20:42:12,131 - snapshots - ERROR - HTTPSConnectionPool(host='www.bitstamp.net', port=443): Read timed out.
2017-12-06 23:02:22,765 - snapshots - ERROR - ====================
2017-12-06 23:02:15.930532
Get request failed for: https://www.bitstamp.net/api/order_book/


2017-12-06 23:02:22,767 - snapshots - ERROR - HTTPSConnectionPool(host='www.bitstamp.net', port=443): Read timed out.
2017-12-06 23:11:11,544 - snapshots - ERROR - ====================
2017-12-06 23:11:11.465068
Get request failed for: https://api.gdax.com/products/BTC-USD/book?level=2


2017-12-06 23:11:11,544 - snapshots - ERROR - No JSON object could be decoded
2017-12-06 23:11:11,544 - snapshots - ERROR - Content: <!DOCTYPE html>
<!--[if lt IE 7]> <html class="no-js ie6 oldie" lang="en-US"> <![endif]-->
<!--[if IE 7]>    <html class="no-js ie7 oldie" lang="en-US"> <![endif]-->
<!--[if IE 8]>    <html class="no-js ie8 oldie" lang="en-US"> <![endif]-->
<!--[if gt IE 8]><!--> <html class="no-js" lang="en-US"> <!--<![endif]-->
<head>
<title>Origin DNS error | api.gdax.com | Cloudflare</title></title>
<meta charset="UTF-8" />
<meta http-equiv="Content-Type" content="text/html; charset=UTF-8" />
<meta http-equiv="X-UA-Compatible" content="IE=Edge,chrome=1" />
<meta name="robots" content="noindex, nofollow" />
<meta name="viewport" content="width=device-width,initial-scale=1,maximum-scale=1" />
<link rel="stylesheet" id="cf_styles-css" href="/cdn-cgi/styles/cf.errors.css" type="text/css" media="screen,projection" />
<!--[if lt IE 9]><link rel="stylesheet" id='cf_styles-ie-css' href="/cdn-cgi/styles/cf.errors.ie.css" type="text/css" media="screen,projection" /><![endif]-->
<style type="text/css">body{margin:0;padding:0}</style>
<!--[if lte IE 9]><script type="text/javascript" src="/cdn-cgi/scripts/jquery.min.js"></script><![endif]-->
<!--[if gte IE 10]><!--><script type="text/javascript" src="/cdn-cgi/scripts/zepto.min.js"></script><!--<![endif]-->
<script type="text/javascript" src="/cdn-cgi/scripts/cf.common.js"></script>

</head>
<body>
  <div id="cf-wrapper">
    <div class="cf-alert cf-alert-error cf-cookie-error" id="cookie-alert" data-translate="enable_cookies">Please enable cookies.</div>
    <div id="cf-error-details" class="cf-error-details-wrapper">
      <div class="cf-wrapper cf-header cf-error-overview">
        <h1>
          <span class="cf-error-type" data-translate="error">Error</span>
          <span class="cf-error-code">1016</span>
          <small class="heading-ray-id">Ray ID: 3c92ec411ef956e7 &bull; 2017-12-06 23:11:11 UTC</small>
        </h1>
        <h2 class="cf-subheadline" data-translate="error_desc">Origin DNS error</h2>
      </div><!-- /.header -->

      <section></section><!-- spacer -->

      <div class="cf-section cf-wrapper">
        <div class="cf-columns two">
          <div class="cf-column">
            <h2 data-translate="what_happened">What happened?</h2>
            <p>You've requested a page on a website (api.gdax.com) that is on the <a data-orig-proto="https" data-orig-ref="www.cloudflare.com/5xx-error-landing?utm_source=error_100x" target="_blank">Cloudflare</a> network. Cloudflare is currently unable to resolve your requested domain (api.gdax.com).
          </div>

          
          <div class="cf-column">
            <h2 data-translate="what_can_i_do">What can I do?</h2>
            <p><strong>If you are a visitor of this website:</strong><br />Please try again in a few minutes.</p><p><strong>If you are the owner of this website:</strong><br />Check your DNS settings. If you are using a CNAME origin record, make sure it is valid and resolvable. <a href="https://support.cloudflare.com/hc/en-us/articles/234979888-Error-1016-Origin-DNS-error">Additional troubleshooting information here.</a></p>
          </div>
          
        </div>
      </div><!-- /.section -->

      <div class="cf-error-footer cf-wrapper">
  <p>
    <span class="cf-footer-item">Cloudflare Ray ID: <strong>3c92ec411ef956e7</strong></span>
    <span class="cf-footer-separator">&bull;</span>
    <span class="cf-footer-item"><span data-translate="your_ip">Your IP</span>: 35.199.12.227</span>
    <span class="cf-footer-separator">&bull;</span>
    <span class="cf-footer-item"><span data-translate="performance_security_by">Performance &amp; security by</span> <a data-orig-proto="https" data-orig-ref="www.cloudflare.com/5xx-error-landing?utm_source=error_footer" id="brand_link" target="_blank">Cloudflare</a></span>
    
  </p>
</div><!-- /.error-footer -->


    </div><!-- /#cf-error-details -->
  </div><!-- /#cf-wrapper -->

  <script type="text/javascript">
  window._cf_translation = {};
  
  
</script>

</body>
</html>

2017-12-06 23:16:40,531 - snapshots - ERROR - ====================
2017-12-06 23:16:35.465899
Get request failed for: https://api.gdax.com/products/BTC-USD/book?level=2


2017-12-06 23:16:40,532 - snapshots - ERROR - HTTPSConnectionPool(host='api.gdax.com', port=443): Read timed out. (read timeout=5)
2017-12-06 23:47:23,093 - snapshots - ERROR - ====================
2017-12-06 23:47:17.958994
Get request failed for: https://www.bitstamp.net/api/order_book/


2017-12-06 23:47:23,098 - snapshots - ERROR - HTTPSConnectionPool(host='www.bitstamp.net', port=443): Read timed out.
2017-12-07 00:34:53,186 - snapshots - ERROR - ====================
2017-12-07 00:34:48.121094
Get request failed for: https://api.gdax.com/products/BTC-USD/book?level=2


2017-12-07 00:34:53,203 - snapshots - ERROR - HTTPSConnectionPool(host='api.gdax.com', port=443): Read timed out. (read timeout=5)
2017-12-07 01:02:03,281 - snapshots - ERROR - ====================
2017-12-07 01:01:58.228485
Get request failed for: https://api.gdax.com/products/BTC-USD/book?level=2


2017-12-07 01:02:03,284 - snapshots - ERROR - HTTPSConnectionPool(host='api.gdax.com', port=443): Read timed out. (read timeout=5)
2017-12-07 01:02:09,729 - snapshots - ERROR - ====================
2017-12-07 01:02:04.674893
Get request failed for: https://api.gdax.com/products/BTC-USD/book?level=2


2017-12-07 01:02:09,735 - snapshots - ERROR - HTTPSConnectionPool(host='api.gdax.com', port=443): Read timed out. (read timeout=5)
2017-12-07 01:02:16,161 - snapshots - ERROR - ====================
2017-12-07 01:02:11.114863
Get request failed for: https://api.gdax.com/products/BTC-USD/book?level=2


2017-12-07 01:02:16,163 - snapshots - ERROR - HTTPSConnectionPool(host='api.gdax.com', port=443): Read timed out. (read timeout=5)
2017-12-07 01:02:22,565 - snapshots - ERROR - ====================
2017-12-07 01:02:17.518888
Get request failed for: https://api.gdax.com/products/BTC-USD/book?level=2


2017-12-07 01:02:22,566 - snapshots - ERROR - HTTPSConnectionPool(host='api.gdax.com', port=443): Read timed out. (read timeout=5)
2017-12-07 01:02:28,993 - snapshots - ERROR - ====================
2017-12-07 01:02:23.926895
Get request failed for: https://api.gdax.com/products/BTC-USD/book?level=2


2017-12-07 01:02:28,995 - snapshots - ERROR - HTTPSConnectionPool(host='api.gdax.com', port=443): Read timed out. (read timeout=5)
2017-12-07 01:02:37,041 - snapshots - ERROR - ====================
2017-12-07 01:02:31.973055
Get request failed for: https://api.gdax.com/products/BTC-USD/book?level=2


2017-12-07 01:02:37,045 - snapshots - ERROR - HTTPSConnectionPool(host='api.gdax.com', port=443): Read timed out. (read timeout=5)
2017-12-07 01:02:44,613 - snapshots - ERROR - ====================
2017-12-07 01:02:39.562324
Get request failed for: https://api.gdax.com/products/BTC-USD/book?level=2


2017-12-07 01:02:44,615 - snapshots - ERROR - HTTPSConnectionPool(host='api.gdax.com', port=443): Read timed out. (read timeout=5)
2017-12-07 01:02:49,133 - snapshots - ERROR - ====================
2017-12-07 01:02:49.043601
Get request failed for: https://api.gdax.com/products/BTC-USD/book?level=2


2017-12-07 01:02:49,134 - snapshots - ERROR - No JSON object could be decoded
2017-12-07 01:02:49,134 - snapshots - ERROR - Content: 
2017-12-07 01:02:50,569 - snapshots - ERROR - ====================
2017-12-07 01:02:50.509954
Get request failed for: https://api.gdax.com/products/BTC-USD/book?level=2


2017-12-07 01:02:50,570 - snapshots - ERROR - No JSON object could be decoded
2017-12-07 01:02:50,570 - snapshots - ERROR - Content: 
2017-12-07 01:02:52,162 - snapshots - ERROR - ====================
2017-12-07 01:02:51.992949
Get request failed for: https://api.gdax.com/products/BTC-USD/book?level=2


2017-12-07 01:02:52,167 - snapshots - ERROR - No JSON object could be decoded
2017-12-07 01:02:52,168 - snapshots - ERROR - Content: 
2017-12-07 01:02:53,706 - snapshots - ERROR - ====================
2017-12-07 01:02:53.612723
Get request failed for: https://api.gdax.com/products/BTC-USD/book?level=2


2017-12-07 01:02:53,715 - snapshots - ERROR - No JSON object could be decoded
2017-12-07 01:02:53,715 - snapshots - ERROR - Content: 
2017-12-07 01:02:55,193 - snapshots - ERROR - ====================
2017-12-07 01:02:55.110593
Get request failed for: https://api.gdax.com/products/BTC-USD/book?level=2


2017-12-07 01:02:55,194 - snapshots - ERROR - No JSON object could be decoded
2017-12-07 01:02:55,194 - snapshots - ERROR - Content: 
2017-12-07 01:02:56,681 - snapshots - ERROR - ====================
2017-12-07 01:02:56.586318
Get request failed for: https://api.gdax.com/products/BTC-USD/book?level=2


2017-12-07 01:02:56,682 - snapshots - ERROR - No JSON object could be decoded
2017-12-07 01:02:56,682 - snapshots - ERROR - Content: 
2017-12-07 01:02:58,171 - snapshots - ERROR - ====================
2017-12-07 01:02:58.093045
Get request failed for: https://api.gdax.com/products/BTC-USD/book?level=2


2017-12-07 01:02:58,171 - snapshots - ERROR - No JSON object could be decoded
2017-12-07 01:02:58,171 - snapshots - ERROR - Content: 
2017-12-07 01:02:59,590 - snapshots - ERROR - ====================
2017-12-07 01:02:59.535110
Get request failed for: https://api.gdax.com/products/BTC-USD/book?level=2


2017-12-07 01:02:59,595 - snapshots - ERROR - No JSON object could be decoded
2017-12-07 01:02:59,595 - snapshots - ERROR - Content: 
2017-12-07 01:03:01,245 - snapshots - ERROR - ====================
2017-12-07 01:03:01.177354
Get request failed for: https://api.gdax.com/products/BTC-USD/book?level=2


2017-12-07 01:03:01,246 - snapshots - ERROR - No JSON object could be decoded
2017-12-07 01:03:01,246 - snapshots - ERROR - Content: 
2017-12-07 01:03:02,814 - snapshots - ERROR - ====================
2017-12-07 01:03:02.742087
Get request failed for: https://api.gdax.com/products/BTC-USD/book?level=2


2017-12-07 01:03:02,818 - snapshots - ERROR - No JSON object could be decoded
2017-12-07 01:03:02,818 - snapshots - ERROR - Content: 
2017-12-07 01:03:04,296 - snapshots - ERROR - ====================
2017-12-07 01:03:04.216008
Get request failed for: https://api.gdax.com/products/BTC-USD/book?level=2


2017-12-07 01:03:04,299 - snapshots - ERROR - No JSON object could be decoded
2017-12-07 01:03:04,299 - snapshots - ERROR - Content: 
2017-12-07 01:03:06,347 - snapshots - ERROR - ====================
2017-12-07 01:03:06.270000
Get request failed for: https://api.gdax.com/products/BTC-USD/book?level=2


2017-12-07 01:03:06,348 - snapshots - ERROR - No JSON object could be decoded
2017-12-07 01:03:06,348 - snapshots - ERROR - Content: 
2017-12-07 01:03:07,778 - snapshots - ERROR - ====================
2017-12-07 01:03:07.718893
Get request failed for: https://api.gdax.com/products/BTC-USD/book?level=2


2017-12-07 01:03:07,787 - snapshots - ERROR - No JSON object could be decoded
2017-12-07 01:03:07,788 - snapshots - ERROR - Content: 
2017-12-07 01:03:09,286 - snapshots - ERROR - ====================
2017-12-07 01:03:09.202917
Get request failed for: https://api.gdax.com/products/BTC-USD/book?level=2


2017-12-07 01:03:09,287 - snapshots - ERROR - No JSON object could be decoded
2017-12-07 01:03:09,287 - snapshots - ERROR - Content: 
2017-12-07 01:03:10,885 - snapshots - ERROR - ====================
2017-12-07 01:03:10.817437
Get request failed for: https://api.gdax.com/products/BTC-USD/book?level=2


2017-12-07 01:03:10,891 - snapshots - ERROR - No JSON object could be decoded
2017-12-07 01:03:10,891 - snapshots - ERROR - Content: 
2017-12-07 01:03:12,431 - snapshots - ERROR - ====================
2017-12-07 01:03:12.308186
Get request failed for: https://api.gdax.com/products/BTC-USD/book?level=2


2017-12-07 01:03:12,434 - snapshots - ERROR - No JSON object could be decoded
2017-12-07 01:03:12,434 - snapshots - ERROR - Content: 
2017-12-07 01:03:14,035 - snapshots - ERROR - ====================
2017-12-07 01:03:13.942899
Get request failed for: https://api.gdax.com/products/BTC-USD/book?level=2


2017-12-07 01:03:14,036 - snapshots - ERROR - No JSON object could be decoded
2017-12-07 01:03:14,036 - snapshots - ERROR - Content: 
2017-12-07 01:03:15,475 - snapshots - ERROR - ====================
2017-12-07 01:03:15.409324
Get request failed for: https://api.gdax.com/products/BTC-USD/book?level=2


2017-12-07 01:03:15,475 - snapshots - ERROR - No JSON object could be decoded
2017-12-07 01:03:15,475 - snapshots - ERROR - Content: 
2017-12-07 01:03:16,894 - snapshots - ERROR - ====================
2017-12-07 01:03:16.836693
Get request failed for: https://api.gdax.com/products/BTC-USD/book?level=2


2017-12-07 01:03:16,894 - snapshots - ERROR - No JSON object could be decoded
2017-12-07 01:03:16,894 - snapshots - ERROR - Content: 
2017-12-07 01:03:18,296 - snapshots - ERROR - ====================
2017-12-07 01:03:18.234061
Get request failed for: https://api.gdax.com/products/BTC-USD/book?level=2


2017-12-07 01:03:18,298 - snapshots - ERROR - No JSON object could be decoded
2017-12-07 01:03:18,298 - snapshots - ERROR - Content: 
2017-12-07 01:03:19,771 - snapshots - ERROR - ====================
2017-12-07 01:03:19.698086
Get request failed for: https://api.gdax.com/products/BTC-USD/book?level=2


2017-12-07 01:03:19,771 - snapshots - ERROR - No JSON object could be decoded
2017-12-07 01:03:19,772 - snapshots - ERROR - Content: 
2017-12-07 01:03:21,222 - snapshots - ERROR - ====================
2017-12-07 01:03:21.141725
Get request failed for: https://api.gdax.com/products/BTC-USD/book?level=2


2017-12-07 01:03:21,225 - snapshots - ERROR - No JSON object could be decoded
2017-12-07 01:03:21,231 - snapshots - ERROR - Content: 
2017-12-07 01:03:24,240 - snapshots - ERROR - ====================
2017-12-07 01:03:24.168708
Get request failed for: https://api.gdax.com/products/BTC-USD/book?level=2


2017-12-07 01:03:24,243 - snapshots - ERROR - No JSON object could be decoded
2017-12-07 01:03:24,243 - snapshots - ERROR - Content: 
2017-12-07 01:03:25,701 - snapshots - ERROR - ====================
2017-12-07 01:03:25.624044
Get request failed for: https://api.gdax.com/products/BTC-USD/book?level=2


2017-12-07 01:03:25,706 - snapshots - ERROR - No JSON object could be decoded
2017-12-07 01:03:25,706 - snapshots - ERROR - Content: 
2017-12-07 01:03:27,176 - snapshots - ERROR - ====================
2017-12-07 01:03:27.077161
Get request failed for: https://api.gdax.com/products/BTC-USD/book?level=2


2017-12-07 01:03:27,177 - snapshots - ERROR - No JSON object could be decoded
2017-12-07 01:03:27,177 - snapshots - ERROR - Content: 
2017-12-07 01:03:28,664 - snapshots - ERROR - ====================
2017-12-07 01:03:28.617796
Get request failed for: https://api.gdax.com/products/BTC-USD/book?level=2


2017-12-07 01:03:28,667 - snapshots - ERROR - No JSON object could be decoded
2017-12-07 01:03:28,667 - snapshots - ERROR - Content: 
2017-12-07 01:03:31,265 - snapshots - ERROR - ====================
2017-12-07 01:03:31.178898
Get request failed for: https://api.gdax.com/products/BTC-USD/book?level=2


2017-12-07 01:03:31,271 - snapshots - ERROR - No JSON object could be decoded
2017-12-07 01:03:31,271 - snapshots - ERROR - Content: 
2017-12-07 01:03:32,718 - snapshots - ERROR - ====================
2017-12-07 01:03:32.650899
Get request failed for: https://api.gdax.com/products/BTC-USD/book?level=2


2017-12-07 01:03:32,718 - snapshots - ERROR - No JSON object could be decoded
2017-12-07 01:03:32,719 - snapshots - ERROR - Content: 
2017-12-07 01:03:34,164 - snapshots - ERROR - ====================
2017-12-07 01:03:34.106086
Get request failed for: https://api.gdax.com/products/BTC-USD/book?level=2


2017-12-07 01:03:34,167 - snapshots - ERROR - No JSON object could be decoded
2017-12-07 01:03:34,171 - snapshots - ERROR - Content: 
2017-12-07 01:03:35,640 - snapshots - ERROR - ====================
2017-12-07 01:03:35.574892
Get request failed for: https://api.gdax.com/products/BTC-USD/book?level=2


2017-12-07 01:03:35,643 - snapshots - ERROR - No JSON object could be decoded
2017-12-07 01:03:35,643 - snapshots - ERROR - Content: 
2017-12-07 01:03:37,134 - snapshots - ERROR - ====================
2017-12-07 01:03:37.008477
Get request failed for: https://api.gdax.com/products/BTC-USD/book?level=2


2017-12-07 01:03:37,135 - snapshots - ERROR - No JSON object could be decoded
2017-12-07 01:03:37,135 - snapshots - ERROR - Content: 
2017-12-07 01:03:38,570 - snapshots - ERROR - ====================
2017-12-07 01:03:38.493955
Get request failed for: https://api.gdax.com/products/BTC-USD/book?level=2


2017-12-07 01:03:38,571 - snapshots - ERROR - No JSON object could be decoded
2017-12-07 01:03:38,571 - snapshots - ERROR - Content: 
2017-12-07 01:03:40,145 - snapshots - ERROR - ====================
2017-12-07 01:03:40.032814
Get request failed for: https://api.gdax.com/products/BTC-USD/book?level=2


2017-12-07 01:03:40,155 - snapshots - ERROR - No JSON object could be decoded
2017-12-07 01:03:40,155 - snapshots - ERROR - Content: 
2017-12-07 01:03:41,676 - snapshots - ERROR - ====================
2017-12-07 01:03:41.616852
Get request failed for: https://api.gdax.com/products/BTC-USD/book?level=2


2017-12-07 01:03:41,683 - snapshots - ERROR - No JSON object could be decoded
2017-12-07 01:03:41,687 - snapshots - ERROR - Content: 
2017-12-07 01:10:41,419 - snapshots - ERROR - ====================
2017-12-07 01:10:36.285882
Get request failed for: https://www.bitstamp.net/api/order_book/


2017-12-07 01:10:41,423 - snapshots - ERROR - HTTPSConnectionPool(host='www.bitstamp.net', port=443): Read timed out.
2017-12-07 01:26:54,477 - snapshots - ERROR - ====================
2017-12-07 01:26:49.341289
Get request failed for: https://www.bitstamp.net/api/order_book/


2017-12-07 01:26:54,479 - snapshots - ERROR - HTTPSConnectionPool(host='www.bitstamp.net', port=443): Read timed out.
2017-12-07 01:39:24,318 - snapshots - ERROR - ====================
2017-12-07 01:39:19.252002
Get request failed for: https://api.gdax.com/products/BTC-USD/book?level=2


2017-12-07 01:39:24,320 - snapshots - ERROR - HTTPSConnectionPool(host='api.gdax.com', port=443): Read timed out. (read timeout=5)
2017-12-07 01:43:13,745 - snapshots - ERROR - ====================
2017-12-07 01:43:08.618704
Get request failed for: https://www.bitstamp.net/api/order_book/


2017-12-07 01:43:13,747 - snapshots - ERROR - HTTPSConnectionPool(host='www.bitstamp.net', port=443): Read timed out.
2017-12-07 02:14:38,221 - snapshots - ERROR - ====================
2017-12-07 02:14:33.161010
Get request failed for: https://api.gdax.com/products/BTC-USD/book?level=2


2017-12-07 02:14:38,224 - snapshots - ERROR - HTTPSConnectionPool(host='api.gdax.com', port=443): Read timed out. (read timeout=5)
2017-12-07 02:14:44,632 - snapshots - ERROR - ====================
2017-12-07 02:14:39.580383
Get request failed for: https://api.gdax.com/products/BTC-USD/book?level=2


2017-12-07 02:14:44,635 - snapshots - ERROR - HTTPSConnectionPool(host='api.gdax.com', port=443): Read timed out. (read timeout=5)
2017-12-07 02:14:51,109 - snapshots - ERROR - ====================
2017-12-07 02:14:46.050554
Get request failed for: https://api.gdax.com/products/BTC-USD/book?level=2


2017-12-07 02:14:51,115 - snapshots - ERROR - HTTPSConnectionPool(host='api.gdax.com', port=443): Read timed out. (read timeout=5)
2017-12-07 02:14:57,545 - snapshots - ERROR - ====================
2017-12-07 02:14:52.495760
Get request failed for: https://api.gdax.com/products/BTC-USD/book?level=2


2017-12-07 02:14:57,551 - snapshots - ERROR - HTTPSConnectionPool(host='api.gdax.com', port=443): Read timed out. (read timeout=5)
2017-12-07 02:15:03,953 - snapshots - ERROR - ====================
2017-12-07 02:14:58.893611
Get request failed for: https://api.gdax.com/products/BTC-USD/book?level=2


2017-12-07 02:15:03,957 - snapshots - ERROR - HTTPSConnectionPool(host='api.gdax.com', port=443): Read timed out. (read timeout=5)
2017-12-07 02:15:10,458 - snapshots - ERROR - ====================
2017-12-07 02:15:05.361910
Get request failed for: https://api.gdax.com/products/BTC-USD/book?level=2


2017-12-07 02:15:10,465 - snapshots - ERROR - HTTPSConnectionPool(host='api.gdax.com', port=443): Read timed out. (read timeout=5)
2017-12-07 02:15:16,962 - snapshots - ERROR - ====================
2017-12-07 02:15:11.906901
Get request failed for: https://api.gdax.com/products/BTC-USD/book?level=2


2017-12-07 02:15:16,964 - snapshots - ERROR - HTTPSConnectionPool(host='api.gdax.com', port=443): Read timed out. (read timeout=5)
2017-12-07 02:15:32,106 - snapshots - ERROR - ====================
2017-12-07 02:15:32.013849
Get request failed for: https://api.gdax.com/products/BTC-USD/book?level=2


2017-12-07 02:15:32,106 - snapshots - ERROR - No JSON object could be decoded
2017-12-07 02:15:32,108 - snapshots - ERROR - Content: 
2017-12-07 02:15:33,545 - snapshots - ERROR - ====================
2017-12-07 02:15:33.483793
Get request failed for: https://api.gdax.com/products/BTC-USD/book?level=2


2017-12-07 02:15:33,546 - snapshots - ERROR - No JSON object could be decoded
2017-12-07 02:15:33,546 - snapshots - ERROR - Content: 
2017-12-07 02:15:35,075 - snapshots - ERROR - ====================
2017-12-07 02:15:34.974897
Get request failed for: https://api.gdax.com/products/BTC-USD/book?level=2


2017-12-07 02:15:35,077 - snapshots - ERROR - No JSON object could be decoded
2017-12-07 02:15:35,078 - snapshots - ERROR - Content: 
2017-12-07 02:15:36,561 - snapshots - ERROR - ====================
2017-12-07 02:15:36.512827
Get request failed for: https://api.gdax.com/products/BTC-USD/book?level=2


2017-12-07 02:15:36,562 - snapshots - ERROR - No JSON object could be decoded
2017-12-07 02:15:36,562 - snapshots - ERROR - Content: 
2017-12-07 02:15:38,011 - snapshots - ERROR - ====================
2017-12-07 02:15:37.918010
Get request failed for: https://api.gdax.com/products/BTC-USD/book?level=2


2017-12-07 02:15:38,013 - snapshots - ERROR - No JSON object could be decoded
2017-12-07 02:15:38,014 - snapshots - ERROR - Content: 
2017-12-07 02:15:39,472 - snapshots - ERROR - ====================
2017-12-07 02:15:39.382939
Get request failed for: https://api.gdax.com/products/BTC-USD/book?level=2


2017-12-07 02:15:39,477 - snapshots - ERROR - No JSON object could be decoded
2017-12-07 02:15:39,483 - snapshots - ERROR - Content: 
2017-12-07 02:15:40,925 - snapshots - ERROR - ====================
2017-12-07 02:15:40.837608
Get request failed for: https://api.gdax.com/products/BTC-USD/book?level=2


2017-12-07 02:15:40,927 - snapshots - ERROR - No JSON object could be decoded
2017-12-07 02:15:40,927 - snapshots - ERROR - Content: 
2017-12-07 02:15:42,368 - snapshots - ERROR - ====================
2017-12-07 02:15:42.294893
Get request failed for: https://api.gdax.com/products/BTC-USD/book?level=2


2017-12-07 02:15:42,374 - snapshots - ERROR - No JSON object could be decoded
2017-12-07 02:15:42,374 - snapshots - ERROR - Content: 
2017-12-07 02:15:43,889 - snapshots - ERROR - ====================
2017-12-07 02:15:43.810545
Get request failed for: https://api.gdax.com/products/BTC-USD/book?level=2


2017-12-07 02:15:43,892 - snapshots - ERROR - No JSON object could be decoded
2017-12-07 02:15:43,892 - snapshots - ERROR - Content: 
2017-12-07 02:15:45,423 - snapshots - ERROR - ====================
2017-12-07 02:15:45.364734
Get request failed for: https://api.gdax.com/products/BTC-USD/book?level=2


2017-12-07 02:15:45,425 - snapshots - ERROR - No JSON object could be decoded
2017-12-07 02:15:45,425 - snapshots - ERROR - Content: 
2017-12-07 02:15:47,306 - snapshots - ERROR - ====================
2017-12-07 02:15:46.801195
Get request failed for: https://api.gdax.com/products/BTC-USD/book?level=2


2017-12-07 02:15:47,308 - snapshots - ERROR - No JSON object could be decoded
2017-12-07 02:15:47,308 - snapshots - ERROR - Content: 
2017-12-07 02:15:48,741 - snapshots - ERROR - ====================
2017-12-07 02:15:48.667961
Get request failed for: https://api.gdax.com/products/BTC-USD/book?level=2


2017-12-07 02:15:48,746 - snapshots - ERROR - No JSON object could be decoded
2017-12-07 02:15:48,747 - snapshots - ERROR - Content: 
2017-12-07 02:15:50,261 - snapshots - ERROR - ====================
2017-12-07 02:15:50.190868
Get request failed for: https://api.gdax.com/products/BTC-USD/book?level=2


2017-12-07 02:15:50,263 - snapshots - ERROR - No JSON object could be decoded
2017-12-07 02:15:50,265 - snapshots - ERROR - Content: 
2017-12-07 02:15:51,681 - snapshots - ERROR - ====================
2017-12-07 02:15:51.618890
Get request failed for: https://api.gdax.com/products/BTC-USD/book?level=2


2017-12-07 02:15:51,687 - snapshots - ERROR - No JSON object could be decoded
2017-12-07 02:15:51,687 - snapshots - ERROR - Content: 
2017-12-07 02:15:53,130 - snapshots - ERROR - ====================
2017-12-07 02:15:53.040354
Get request failed for: https://api.gdax.com/products/BTC-USD/book?level=2


2017-12-07 02:15:53,131 - snapshots - ERROR - No JSON object could be decoded
2017-12-07 02:15:53,139 - snapshots - ERROR - Content: 
2017-12-07 02:15:54,713 - snapshots - ERROR - ====================
2017-12-07 02:15:54.600292
Get request failed for: https://api.gdax.com/products/BTC-USD/book?level=2


2017-12-07 02:15:54,718 - snapshots - ERROR - No JSON object could be decoded
2017-12-07 02:15:54,721 - snapshots - ERROR - Content: 
2017-12-07 02:15:56,729 - snapshots - ERROR - ====================
2017-12-07 02:15:56.154222
Get request failed for: https://api.gdax.com/products/BTC-USD/book?level=2


2017-12-07 02:15:56,733 - snapshots - ERROR - No JSON object could be decoded
2017-12-07 02:15:56,733 - snapshots - ERROR - Content: 
2017-12-07 02:15:58,202 - snapshots - ERROR - ====================
2017-12-07 02:15:58.130959
Get request failed for: https://api.gdax.com/products/BTC-USD/book?level=2


2017-12-07 02:15:58,207 - snapshots - ERROR - No JSON object could be decoded
2017-12-07 02:15:58,207 - snapshots - ERROR - Content: 
2017-12-07 02:15:59,658 - snapshots - ERROR - ====================
2017-12-07 02:15:59.593804
Get request failed for: https://api.gdax.com/products/BTC-USD/book?level=2


2017-12-07 02:15:59,660 - snapshots - ERROR - No JSON object could be decoded
2017-12-07 02:15:59,663 - snapshots - ERROR - Content: 
2017-12-07 02:16:01,173 - snapshots - ERROR - ====================
2017-12-07 02:16:01.096553
Get request failed for: https://api.gdax.com/products/BTC-USD/book?level=2


2017-12-07 02:16:01,177 - snapshots - ERROR - No JSON object could be decoded
2017-12-07 02:16:01,177 - snapshots - ERROR - Content: 
2017-12-07 02:16:02,678 - snapshots - ERROR - ====================
2017-12-07 02:16:02.590892
Get request failed for: https://api.gdax.com/products/BTC-USD/book?level=2


2017-12-07 02:16:02,682 - snapshots - ERROR - No JSON object could be decoded
2017-12-07 02:16:02,683 - snapshots - ERROR - Content: 
2017-12-07 02:16:04,192 - snapshots - ERROR - ====================
2017-12-07 02:16:04.084586
Get request failed for: https://api.gdax.com/products/BTC-USD/book?level=2


2017-12-07 02:16:04,194 - snapshots - ERROR - No JSON object could be decoded
2017-12-07 02:16:04,195 - snapshots - ERROR - Content: 
2017-12-07 02:16:05,661 - snapshots - ERROR - ====================
2017-12-07 02:16:05.566949
Get request failed for: https://api.gdax.com/products/BTC-USD/book?level=2


2017-12-07 02:16:05,662 - snapshots - ERROR - No JSON object could be decoded
2017-12-07 02:16:05,662 - snapshots - ERROR - Content: 
2017-12-07 02:16:07,158 - snapshots - ERROR - ====================
2017-12-07 02:16:07.074424
Get request failed for: https://api.gdax.com/products/BTC-USD/book?level=2


2017-12-07 02:16:07,159 - snapshots - ERROR - No JSON object could be decoded
2017-12-07 02:16:07,159 - snapshots - ERROR - Content: 
2017-12-07 02:16:08,817 - snapshots - ERROR - ====================
2017-12-07 02:16:08.566898
Get request failed for: https://api.gdax.com/products/BTC-USD/book?level=2


2017-12-07 02:16:08,818 - snapshots - ERROR - No JSON object could be decoded
2017-12-07 02:16:08,818 - snapshots - ERROR - Content: 
2017-12-07 02:16:10,244 - snapshots - ERROR - ====================
2017-12-07 02:16:10.172465
Get request failed for: https://api.gdax.com/products/BTC-USD/book?level=2


2017-12-07 02:16:10,244 - snapshots - ERROR - No JSON object could be decoded
2017-12-07 02:16:10,244 - snapshots - ERROR - Content: 
2017-12-07 02:16:11,680 - snapshots - ERROR - ====================
2017-12-07 02:16:11.620120
Get request failed for: https://api.gdax.com/products/BTC-USD/book?level=2


2017-12-07 02:16:11,680 - snapshots - ERROR - No JSON object could be decoded
2017-12-07 02:16:11,681 - snapshots - ERROR - Content: 
2017-12-07 02:16:13,181 - snapshots - ERROR - ====================
2017-12-07 02:16:13.093284
Get request failed for: https://api.gdax.com/products/BTC-USD/book?level=2


2017-12-07 02:16:13,185 - snapshots - ERROR - No JSON object could be decoded
2017-12-07 02:16:13,186 - snapshots - ERROR - Content: 
2017-12-07 02:16:14,646 - snapshots - ERROR - ====================
2017-12-07 02:16:14.549631
Get request failed for: https://api.gdax.com/products/BTC-USD/book?level=2


2017-12-07 02:16:14,646 - snapshots - ERROR - No JSON object could be decoded
2017-12-07 02:16:14,646 - snapshots - ERROR - Content: 
2017-12-07 02:16:16,218 - snapshots - ERROR - ====================
2017-12-07 02:16:16.138914
Get request failed for: https://api.gdax.com/products/BTC-USD/book?level=2


2017-12-07 02:16:16,223 - snapshots - ERROR - No JSON object could be decoded
2017-12-07 02:16:16,223 - snapshots - ERROR - Content: 
2017-12-07 02:16:18,420 - snapshots - ERROR - ====================
2017-12-07 02:16:18.283273
Get request failed for: https://api.gdax.com/products/BTC-USD/book?level=2


2017-12-07 02:16:18,425 - snapshots - ERROR - No JSON object could be decoded
2017-12-07 02:16:18,426 - snapshots - ERROR - Content: 
2017-12-07 02:16:20,153 - snapshots - ERROR - ====================
2017-12-07 02:16:19.974890
Get request failed for: https://api.gdax.com/products/BTC-USD/book?level=2


2017-12-07 02:16:20,156 - snapshots - ERROR - No JSON object could be decoded
2017-12-07 02:16:20,157 - snapshots - ERROR - Content: 
2017-12-07 02:16:21,710 - snapshots - ERROR - ====================
2017-12-07 02:16:21.630912
Get request failed for: https://api.gdax.com/products/BTC-USD/book?level=2


2017-12-07 02:16:21,713 - snapshots - ERROR - No JSON object could be decoded
2017-12-07 02:16:21,713 - snapshots - ERROR - Content: 
2017-12-07 02:16:23,134 - snapshots - ERROR - ====================
2017-12-07 02:16:23.072515
Get request failed for: https://api.gdax.com/products/BTC-USD/book?level=2


2017-12-07 02:16:23,139 - snapshots - ERROR - No JSON object could be decoded
2017-12-07 02:16:23,140 - snapshots - ERROR - Content: 
2017-12-07 02:17:12,052 - snapshots - ERROR - ====================
2017-12-07 02:17:06.907023
Get request failed for: https://www.bitstamp.net/api/order_book/


2017-12-07 02:17:12,053 - snapshots - ERROR - HTTPSConnectionPool(host='www.bitstamp.net', port=443): Read timed out.
2017-12-07 02:18:48,322 - snapshots - ERROR - ====================
2017-12-07 02:18:43.270893
Get request failed for: https://api.gdax.com/products/BTC-USD/book?level=2


2017-12-07 02:18:48,326 - snapshots - ERROR - HTTPSConnectionPool(host='api.gdax.com', port=443): Read timed out. (read timeout=5)
2017-12-07 02:26:48,702 - snapshots - ERROR - ====================
2017-12-07 02:26:43.644507
Get request failed for: https://api.gdax.com/products/BTC-USD/book?level=2


2017-12-07 02:26:48,706 - snapshots - ERROR - HTTPSConnectionPool(host='api.gdax.com', port=443): Read timed out. (read timeout=5)
2017-12-07 02:26:55,179 - snapshots - ERROR - ====================
2017-12-07 02:26:50.118334
Get request failed for: https://api.gdax.com/products/BTC-USD/book?level=2


2017-12-07 02:26:55,180 - snapshots - ERROR - HTTPSConnectionPool(host='api.gdax.com', port=443): Read timed out. (read timeout=5)
2017-12-07 02:27:03,874 - snapshots - ERROR - ====================
2017-12-07 02:26:58.788061
Get request failed for: https://api.gdax.com/products/BTC-USD/book?level=2


2017-12-07 02:27:03,881 - snapshots - ERROR - HTTPSConnectionPool(host='api.gdax.com', port=443): Read timed out. (read timeout=5)
2017-12-07 02:27:11,492 - snapshots - ERROR - ====================
2017-12-07 02:27:06.437081
Get request failed for: https://api.gdax.com/products/BTC-USD/book?level=2


2017-12-07 02:27:11,499 - snapshots - ERROR - HTTPSConnectionPool(host='api.gdax.com', port=443): Read timed out. (read timeout=5)
2017-12-07 02:27:20,765 - snapshots - ERROR - ====================
2017-12-07 02:27:15.700046
Get request failed for: https://api.gdax.com/products/BTC-USD/book?level=2


2017-12-07 02:27:20,767 - snapshots - ERROR - HTTPSConnectionPool(host='api.gdax.com', port=443): Read timed out. (read timeout=5)
2017-12-07 02:27:32,065 - snapshots - ERROR - ====================
2017-12-07 02:27:31.996695
Get request failed for: https://api.gdax.com/products/BTC-USD/book?level=2


2017-12-07 02:27:32,066 - snapshots - ERROR - No JSON object could be decoded
2017-12-07 02:27:32,066 - snapshots - ERROR - Content: 
2017-12-07 02:27:33,537 - snapshots - ERROR - ====================
2017-12-07 02:27:33.484267
Get request failed for: https://api.gdax.com/products/BTC-USD/book?level=2


2017-12-07 02:27:33,542 - snapshots - ERROR - No JSON object could be decoded
2017-12-07 02:27:33,542 - snapshots - ERROR - Content: 
2017-12-07 02:27:35,012 - snapshots - ERROR - ====================
2017-12-07 02:27:34.928095
Get request failed for: https://api.gdax.com/products/BTC-USD/book?level=2


2017-12-07 02:27:35,013 - snapshots - ERROR - No JSON object could be decoded
2017-12-07 02:27:35,013 - snapshots - ERROR - Content: 
2017-12-07 02:27:36,558 - snapshots - ERROR - ====================
2017-12-07 02:27:36.464431
Get request failed for: https://api.gdax.com/products/BTC-USD/book?level=2


2017-12-07 02:27:36,562 - snapshots - ERROR - No JSON object could be decoded
2017-12-07 02:27:36,566 - snapshots - ERROR - Content: 
2017-12-07 02:27:38,089 - snapshots - ERROR - ====================
2017-12-07 02:27:38.002123
Get request failed for: https://api.gdax.com/products/BTC-USD/book?level=2


2017-12-07 02:27:38,092 - snapshots - ERROR - No JSON object could be decoded
2017-12-07 02:27:38,095 - snapshots - ERROR - Content: 
2017-12-07 02:27:39,636 - snapshots - ERROR - ====================
2017-12-07 02:27:39.521284
Get request failed for: https://api.gdax.com/products/BTC-USD/book?level=2


2017-12-07 02:27:39,639 - snapshots - ERROR - No JSON object could be decoded
2017-12-07 02:27:39,639 - snapshots - ERROR - Content: 
2017-12-07 02:27:41,089 - snapshots - ERROR - ====================
2017-12-07 02:27:41.000186
Get request failed for: https://api.gdax.com/products/BTC-USD/book?level=2


2017-12-07 02:27:41,092 - snapshots - ERROR - No JSON object could be decoded
2017-12-07 02:27:41,094 - snapshots - ERROR - Content: 
2017-12-07 02:27:42,591 - snapshots - ERROR - ====================
2017-12-07 02:27:42.506915
Get request failed for: https://api.gdax.com/products/BTC-USD/book?level=2


2017-12-07 02:27:42,596 - snapshots - ERROR - No JSON object could be decoded
2017-12-07 02:27:42,597 - snapshots - ERROR - Content: 
2017-12-07 02:27:44,088 - snapshots - ERROR - ====================
2017-12-07 02:27:44.005624
Get request failed for: https://api.gdax.com/products/BTC-USD/book?level=2


2017-12-07 02:27:44,088 - snapshots - ERROR - No JSON object could be decoded
2017-12-07 02:27:44,088 - snapshots - ERROR - Content: 
2017-12-07 02:27:45,529 - snapshots - ERROR - ====================
2017-12-07 02:27:45.458436
Get request failed for: https://api.gdax.com/products/BTC-USD/book?level=2


2017-12-07 02:27:45,536 - snapshots - ERROR - No JSON object could be decoded
2017-12-07 02:27:45,536 - snapshots - ERROR - Content: 
2017-12-07 02:27:47,008 - snapshots - ERROR - ====================
2017-12-07 02:27:46.917127
Get request failed for: https://api.gdax.com/products/BTC-USD/book?level=2


2017-12-07 02:27:47,010 - snapshots - ERROR - No JSON object could be decoded
2017-12-07 02:27:47,010 - snapshots - ERROR - Content: 
2017-12-07 02:27:48,554 - snapshots - ERROR - ====================
2017-12-07 02:27:48.478950
Get request failed for: https://api.gdax.com/products/BTC-USD/book?level=2


2017-12-07 02:27:48,563 - snapshots - ERROR - No JSON object could be decoded
2017-12-07 02:27:48,563 - snapshots - ERROR - Content: 
2017-12-07 02:27:50,021 - snapshots - ERROR - ====================
2017-12-07 02:27:49.926959
Get request failed for: https://api.gdax.com/products/BTC-USD/book?level=2


2017-12-07 02:27:50,026 - snapshots - ERROR - No JSON object could be decoded
2017-12-07 02:27:50,027 - snapshots - ERROR - Content: 
2017-12-07 02:27:51,565 - snapshots - ERROR - ====================
2017-12-07 02:27:51.404136
Get request failed for: https://api.gdax.com/products/BTC-USD/book?level=2


2017-12-07 02:27:51,571 - snapshots - ERROR - No JSON object could be decoded
2017-12-07 02:27:51,571 - snapshots - ERROR - Content: 
2017-12-07 02:27:53,010 - snapshots - ERROR - ====================
2017-12-07 02:27:52.939952
Get request failed for: https://api.gdax.com/products/BTC-USD/book?level=2


2017-12-07 02:27:53,010 - snapshots - ERROR - No JSON object could be decoded
2017-12-07 02:27:53,011 - snapshots - ERROR - Content: 
2017-12-07 02:27:54,435 - snapshots - ERROR - ====================
2017-12-07 02:27:54.364548
Get request failed for: https://api.gdax.com/products/BTC-USD/book?level=2


2017-12-07 02:27:54,438 - snapshots - ERROR - No JSON object could be decoded
2017-12-07 02:27:54,438 - snapshots - ERROR - Content: 
2017-12-07 02:27:55,839 - snapshots - ERROR - ====================
2017-12-07 02:27:55.777582
Get request failed for: https://api.gdax.com/products/BTC-USD/book?level=2


2017-12-07 02:27:55,843 - snapshots - ERROR - No JSON object could be decoded
2017-12-07 02:27:55,843 - snapshots - ERROR - Content: 
2017-12-07 02:27:57,308 - snapshots - ERROR - ====================
2017-12-07 02:27:57.222898
Get request failed for: https://api.gdax.com/products/BTC-USD/book?level=2


2017-12-07 02:27:57,310 - snapshots - ERROR - No JSON object could be decoded
2017-12-07 02:27:57,310 - snapshots - ERROR - Content: 
2017-12-07 02:27:58,743 - snapshots - ERROR - ====================
2017-12-07 02:27:58.684085
Get request failed for: https://api.gdax.com/products/BTC-USD/book?level=2


2017-12-07 02:27:58,745 - snapshots - ERROR - No JSON object could be decoded
2017-12-07 02:27:58,745 - snapshots - ERROR - Content: 
2017-12-07 02:28:00,184 - snapshots - ERROR - ====================
2017-12-07 02:28:00.106895
Get request failed for: https://api.gdax.com/products/BTC-USD/book?level=2


2017-12-07 02:28:00,187 - snapshots - ERROR - No JSON object could be decoded
2017-12-07 02:28:00,187 - snapshots - ERROR - Content: 
2017-12-07 02:28:01,593 - snapshots - ERROR - ====================
2017-12-07 02:28:01.533197
Get request failed for: https://api.gdax.com/products/BTC-USD/book?level=2


2017-12-07 02:28:01,596 - snapshots - ERROR - No JSON object could be decoded
2017-12-07 02:28:01,596 - snapshots - ERROR - Content: 
2017-12-07 02:28:03,028 - snapshots - ERROR - ====================
2017-12-07 02:28:02.954284
Get request failed for: https://api.gdax.com/products/BTC-USD/book?level=2


2017-12-07 02:28:03,029 - snapshots - ERROR - No JSON object could be decoded
2017-12-07 02:28:03,029 - snapshots - ERROR - Content: 
2017-12-07 02:28:04,513 - snapshots - ERROR - ====================
2017-12-07 02:28:04.454609
Get request failed for: https://api.gdax.com/products/BTC-USD/book?level=2


2017-12-07 02:28:04,515 - snapshots - ERROR - No JSON object could be decoded
2017-12-07 02:28:04,515 - snapshots - ERROR - Content: 
2017-12-07 02:28:06,383 - snapshots - ERROR - ====================
2017-12-07 02:28:05.911865
Get request failed for: https://api.gdax.com/products/BTC-USD/book?level=2


2017-12-07 02:28:06,387 - snapshots - ERROR - No JSON object could be decoded
2017-12-07 02:28:06,387 - snapshots - ERROR - Content: 
2017-12-07 02:28:07,808 - snapshots - ERROR - ====================
2017-12-07 02:28:07.748865
Get request failed for: https://api.gdax.com/products/BTC-USD/book?level=2


2017-12-07 02:28:07,811 - snapshots - ERROR - No JSON object could be decoded
2017-12-07 02:28:07,811 - snapshots - ERROR - Content: 
2017-12-07 02:28:09,611 - snapshots - ERROR - ====================
2017-12-07 02:28:09.168602
Get request failed for: https://api.gdax.com/products/BTC-USD/book?level=2


2017-12-07 02:28:09,614 - snapshots - ERROR - No JSON object could be decoded
2017-12-07 02:28:09,615 - snapshots - ERROR - Content: 
2017-12-07 02:28:11,064 - snapshots - ERROR - ====================
2017-12-07 02:28:10.995134
Get request failed for: https://api.gdax.com/products/BTC-USD/book?level=2


2017-12-07 02:28:11,067 - snapshots - ERROR - No JSON object could be decoded
2017-12-07 02:28:11,070 - snapshots - ERROR - Content: 
2017-12-07 02:28:14,665 - snapshots - ERROR - ====================
2017-12-07 02:28:12.569799
Get request failed for: https://api.gdax.com/products/BTC-USD/book?level=2


2017-12-07 02:28:14,665 - snapshots - ERROR - No JSON object could be decoded
2017-12-07 02:28:14,665 - snapshots - ERROR - Content: 
2017-12-07 02:28:16,225 - snapshots - ERROR - ====================
2017-12-07 02:28:16.116029
Get request failed for: https://api.gdax.com/products/BTC-USD/book?level=2


2017-12-07 02:28:16,231 - snapshots - ERROR - No JSON object could be decoded
2017-12-07 02:28:16,231 - snapshots - ERROR - Content: 
2017-12-07 02:28:17,820 - snapshots - ERROR - ====================
2017-12-07 02:28:17.742460
Get request failed for: https://api.gdax.com/products/BTC-USD/book?level=2


2017-12-07 02:28:17,823 - snapshots - ERROR - No JSON object could be decoded
2017-12-07 02:28:17,823 - snapshots - ERROR - Content: 
2017-12-07 02:28:19,440 - snapshots - ERROR - ====================
2017-12-07 02:28:19.366915
Get request failed for: https://api.gdax.com/products/BTC-USD/book?level=2


2017-12-07 02:28:19,443 - snapshots - ERROR - No JSON object could be decoded
2017-12-07 02:28:19,444 - snapshots - ERROR - Content: 
2017-12-07 02:28:20,892 - snapshots - ERROR - ====================
2017-12-07 02:28:20.820565
Get request failed for: https://api.gdax.com/products/BTC-USD/book?level=2


2017-12-07 02:28:20,895 - snapshots - ERROR - No JSON object could be decoded
2017-12-07 02:28:20,895 - snapshots - ERROR - Content: 
2017-12-07 02:28:24,684 - snapshots - ERROR - ====================
2017-12-07 02:28:24.620082
Get request failed for: https://api.gdax.com/products/BTC-USD/book?level=2


2017-12-07 02:28:24,691 - snapshots - ERROR - No JSON object could be decoded
2017-12-07 02:28:24,691 - snapshots - ERROR - Content: 
2017-12-07 02:28:26,096 - snapshots - ERROR - ====================
2017-12-07 02:28:26.042892
Get request failed for: https://api.gdax.com/products/BTC-USD/book?level=2


2017-12-07 02:28:26,099 - snapshots - ERROR - No JSON object could be decoded
2017-12-07 02:28:26,099 - snapshots - ERROR - Content: 
2017-12-07 02:50:21,743 - snapshots - ERROR - ====================
2017-12-07 02:50:16.682276
Get request failed for: https://api.gdax.com/products/BTC-USD/book?level=2


2017-12-07 02:50:21,746 - snapshots - ERROR - HTTPSConnectionPool(host='api.gdax.com', port=443): Read timed out. (read timeout=5)
2017-12-07 02:54:02,093 - snapshots - ERROR - ====================
2017-12-07 02:53:56.951651
Get request failed for: https://www.bitstamp.net/api/order_book/


2017-12-07 02:54:02,095 - snapshots - ERROR - HTTPSConnectionPool(host='www.bitstamp.net', port=443): Read timed out.
2017-12-07 05:18:26,069 - snapshots - ERROR - ====================
2017-12-07 05:18:21.026981
Get request failed for: https://api.gdax.com/products/BTC-USD/book?level=2


2017-12-07 05:18:26,070 - snapshots - ERROR - HTTPSConnectionPool(host='api.gdax.com', port=443): Read timed out. (read timeout=5)
2017-12-07 05:18:34,597 - snapshots - ERROR - ====================
2017-12-07 05:18:29.550574
Get request failed for: https://api.gdax.com/products/BTC-USD/book?level=2


2017-12-07 05:18:34,599 - snapshots - ERROR - HTTPSConnectionPool(host='api.gdax.com', port=443): Read timed out. (read timeout=5)
2017-12-07 05:18:48,430 - snapshots - ERROR - ====================
2017-12-07 05:18:43.361826
Get request failed for: https://api.gdax.com/products/BTC-USD/book?level=2


2017-12-07 05:18:48,434 - snapshots - ERROR - HTTPSConnectionPool(host='api.gdax.com', port=443): Read timed out. (read timeout=5)
2017-12-07 05:18:55,481 - snapshots - ERROR - ====================
2017-12-07 05:18:50.416036
Get request failed for: https://api.gdax.com/products/BTC-USD/book?level=2


2017-12-07 05:18:55,484 - snapshots - ERROR - HTTPSConnectionPool(host='api.gdax.com', port=443): Read timed out. (read timeout=5)
2017-12-07 05:28:54,749 - snapshots - ERROR - ====================
2017-12-07 05:28:49.686709
Get request failed for: https://api.gdax.com/products/BTC-USD/book?level=2


2017-12-07 05:28:54,780 - snapshots - ERROR - HTTPSConnectionPool(host='api.gdax.com', port=443): Read timed out. (read timeout=5)
2017-12-07 06:16:47,369 - snapshots - ERROR - ====================
2017-12-07 06:16:42.244993
Get request failed for: https://www.bitstamp.net/api/order_book/


2017-12-07 06:16:47,370 - snapshots - ERROR - HTTPSConnectionPool(host='www.bitstamp.net', port=443): Read timed out.
2017-12-07 06:35:50,409 - snapshots - ERROR - ====================
2017-12-07 06:35:45.358882
Get request failed for: https://api.gdax.com/products/BTC-USD/book?level=2


2017-12-07 06:35:50,410 - snapshots - ERROR - HTTPSConnectionPool(host='api.gdax.com', port=443): Read timed out. (read timeout=5)
2017-12-07 07:19:11,317 - snapshots - ERROR - ====================
2017-12-07 07:19:06.188910
Get request failed for: https://www.bitstamp.net/api/order_book/


2017-12-07 07:19:11,319 - snapshots - ERROR - HTTPSConnectionPool(host='www.bitstamp.net', port=443): Read timed out.
